{
    "dQMin": {
        "mean": 0.0001,
        "stdev": 0.0,
        "units": "dQMin",
        "values": [
            0.0001,
            0.0001,
            0.0001,
            0.0001,
            0.0001,
            0.0001,
            0.0001,
            0.0001,
            0.0001,
            0.0001,
            0.0001,
            0.0001,
            0.0001,
            0.0001,
            0.0001,
            0.0001,
            0.0001,
            0.0001,
            0.0001,
            0.0001
        ]
    },
    "dQRel": {
        "mean": 0.001,
        "stdev": 0.0,
        "units": "dQRel",
        "values": [
            0.001,
            0.001,
            0.001,
            0.001,
            0.001,
            0.001,
            0.001,
            0.001,
            0.001,
            0.001,
            0.001,
            0.001,
            0.001,
            0.001,
            0.001,
            0.001,
            0.001,
            0.001,
            0.001,
            0.001
        ]
    },
    "integrationTime": {
        "mean": 15.51971,
        "stdev": 0.4096934192655208,
        "units": "seconds",
        "values": [
            14.9115,
            15.7197,
            15.8467,
            15.3431,
            16.2835,
            14.613,
            15.6271,
            15.7686,
            15.5821,
            15.411,
            15.4683,
            15.2756,
            15.4388,
            14.982,
            15.4319,
            15.902,
            15.9165,
            16.1334,
            15.203,
            15.5364
        ]
    },
    "integrationTimeAvgStep": {
        "mean": 5.9105755e-06,
        "stdev": 1.560307262748018e-07,
        "units": "seconds",
        "values": [
            5.67895e-06,
            5.98672e-06,
            6.03511e-06,
            5.84331e-06,
            6.20147e-06,
            5.56526e-06,
            5.95148e-06,
            6.00536e-06,
            5.93434e-06,
            5.86918e-06,
            5.89099e-06,
            5.81762e-06,
            5.87976e-06,
            5.70577e-06,
            5.87712e-06,
            6.05618e-06,
            6.0617e-06,
            6.14429e-06,
            5.78997e-06,
            5.91693e-06
        ]
    },
    "integrationTimeAvgSubstep": {
        "mean": 6.495759e-07,
        "stdev": 1.714781773410557e-08,
        "units": "seconds",
        "values": [
            6.2412e-07,
            6.57944e-07,
            6.63263e-07,
            6.42183e-07,
            6.81545e-07,
            6.11626e-07,
            6.54071e-07,
            6.59993e-07,
            6.52188e-07,
            6.45026e-07,
            6.47423e-07,
            6.3936e-07,
            6.46189e-07,
            6.27068e-07,
            6.45899e-07,
            6.65578e-07,
            6.66184e-07,
            6.75262e-07,
            6.36322e-07,
            6.50274e-07
        ]
    },
    "intersections": {
        "mean": 2608781,
        "stdev": 0.0,
        "units": "intersections",
        "values": [
            2608781,
            2608781,
            2608781,
            2608781,
            2608781,
            2608781,
            2608781,
            2608781,
            2608781,
            2608781,
            2608781,
            2608781,
            2608781,
            2608781,
            2608781,
            2608781,
            2608781,
            2608781,
            2608781,
            2608781
        ]
    },
    "numberOfThreads": {
        "mean": 1,
        "stdev": 0.0,
        "units": "threads",
        "values": [
            1,
            1,
            1,
            1,
            1,
            1,
            1,
            1,
            1,
            1,
            1,
            1,
            1,
            1,
            1,
            1,
            1,
            1,
            1,
            1
        ]
    },
    "numberOfTracks": {
        "mean": 1,
        "stdev": 0.0,
        "units": "tracks",
        "values": [
            1,
            1,
            1,
            1,
            1,
            1,
            1,
            1,
            1,
            1,
            1,
            1,
            1,
            1,
            1,
            1,
            1,
            1,
            1,
            1
        ]
    },
    "realTime": {
        "mean": 237.17295000000001,
        "stdev": 7.026621404757014,
        "units": "seconds",
        "values": [
            230.808,
            234.708,
            239.277,
            228.276,
            247.268,
            231.361,
            239.428,
            233.859,
            248.285,
            244.795,
            241.352,
            226.592,
            231.483,
            229.165,
            238.526,
            229.032,
            247.615,
            243.951,
            235.674,
            242.004
        ]
    },
    "resetTime": {
        "mean": 6.128293,
        "stdev": 0.2626199906228329,
        "units": "seconds",
        "values": [
            5.86162,
            6.16952,
            6.72494,
            6.03105,
            6.32911,
            6.20348,
            6.06945,
            6.19108,
            6.27609,
            6.57853,
            6.25595,
            5.84057,
            5.96537,
            5.63693,
            5.90693,
            5.83725,
            6.36781,
            6.07801,
            6.2504,
            5.99177
        ]
    },
    "resetTimeAvg": {
        "mean": 2.333916e-06,
        "stdev": 1.0001555923165683e-07,
        "units": "seconds",
        "values": [
            2.23236e-06,
            2.34962e-06,
            2.56114e-06,
            2.29688e-06,
            2.41039e-06,
            2.36255e-06,
            2.31151e-06,
            2.35783e-06,
            2.3902e-06,
            2.50539e-06,
            2.38253e-06,
            2.22434e-06,
            2.27187e-06,
            2.14679e-06,
            2.24961e-06,
            2.22307e-06,
            2.42513e-06,
            2.31477e-06,
            2.38042e-06,
            2.28192e-06
        ]
    },
    "substepAveragePerStep": {
        "mean": 9.09913,
        "stdev": 0.0,
        "units": "substeps",
        "values": [
            9.09913,
            9.09913,
            9.09913,
            9.09913,
            9.09913,
            9.09913,
            9.09913,
            9.09913,
            9.09913,
            9.09913,
            9.09913,
            9.09913,
            9.09913,
            9.09913,
            9.09913,
            9.09913,
            9.09913,
            9.09913,
            9.09913,
            9.09913
        ]
    },
    "systemTime": {
        "mean": 0.026,
        "stdev": 0.006805570473787205,
        "units": "seconds",
        "values": [
            0.02,
            0.02,
            0.04,
            0.02,
            0.02,
            0.04,
            0.03,
            0.03,
            0.02,
            0.03,
            0.03,
            0.02,
            0.02,
            0.02,
            0.02,
            0.03,
            0.02,
            0.03,
            0.03,
            0.03
        ]
    },
    "totalSteps": {
        "mean": 2625755,
        "stdev": 0.0,
        "units": "steps",
        "values": [
            2625755,
            2625755,
            2625755,
            2625755,
            2625755,
            2625755,
            2625755,
            2625755,
            2625755,
            2625755,
            2625755,
            2625755,
            2625755,
            2625755,
            2625755,
            2625755,
            2625755,
            2625755,
            2625755,
            2625755
        ]
    },
    "totalSubsteps": {
        "mean": 23892084,
        "stdev": 0.0,
        "units": "substeps",
        "values": [
            23892084,
            23892084,
            23892084,
            23892084,
            23892084,
            23892084,
            23892084,
            23892084,
            23892084,
            23892084,
            23892084,
            23892084,
            23892084,
            23892084,
            23892084,
            23892084,
            23892084,
            23892084,
            23892084,
            23892084
        ]
    },
    "track_1_stepCount": {
        "mean": 290,
        "stdev": 0.0,
        "units": "steps",
        "values": [
            290,
            290,
            290,
            290,
            290,
            290,
            290,
            290,
            290,
            290,
            290,
            290,
            290,
            290,
            290,
            290,
            290,
            290,
            290,
            290
        ]
    },
    "track_1_substepCount": {
        "mean": 2323,
        "stdev": 0.0,
        "units": "substeps",
        "values": [
            2323,
            2323,
            2323,
            2323,
            2323,
            2323,
            2323,
            2323,
            2323,
            2323,
            2323,
            2323,
            2323,
            2323,
            2323,
            2323,
            2323,
            2323,
            2323,
            2323
        ]
    },
    "userTime": {
        "mean": 237.157,
        "stdev": 7.026244111599701,
        "units": "seconds",
        "values": [
            230.8,
            234.69,
            239.25,
            228.26,
            247.25,
            231.33,
            239.41,
            233.84,
            248.27,
            244.78,
            241.34,
            226.58,
            231.48,
            229.16,
            238.51,
            229.01,
            247.6,
            243.94,
            235.65,
            241.99
        ]
    },
    "varVX_dQMinChanges": {
        "mean": 35104.0,
        "stdev": 0.0,
        "units": "changes",
        "values": [
            35104.0,
            35104.0,
            35104.0,
            35104.0,
            35104.0,
            35104.0,
            35104.0,
            35104.0,
            35104.0,
            35104.0,
            35104.0,
            35104.0,
            35104.0,
            35104.0,
            35104.0,
            35104.0,
            35104.0,
            35104.0,
            35104.0,
            35104.0
        ]
    },
    "varVX_dQRelChanges": {
        "mean": 5220378.0,
        "stdev": 0.0,
        "units": "changes",
        "values": [
            5220378.0,
            5220378.0,
            5220378.0,
            5220378.0,
            5220378.0,
            5220378.0,
            5220378.0,
            5220378.0,
            5220378.0,
            5220378.0,
            5220378.0,
            5220378.0,
            5220378.0,
            5220378.0,
            5220378.0,
            5220378.0,
            5220378.0,
            5220378.0,
            5220378.0,
            5220378.0
        ]
    },
    "varVX_maxError": {
        "mean": 17.2351,
        "stdev": 0.0,
        "units": "mm?",
        "values": [
            17.2351,
            17.2351,
            17.2351,
            17.2351,
            17.2351,
            17.2351,
            17.2351,
            17.2351,
            17.2351,
            17.2351,
            17.2351,
            17.2351,
            17.2351,
            17.2351,
            17.2351,
            17.2351,
            17.2351,
            17.2351,
            17.2351,
            17.2351
        ]
    },
    "varVY_dQMinChanges": {
        "mean": 35104.0,
        "stdev": 0.0,
        "units": "changes",
        "values": [
            35104.0,
            35104.0,
            35104.0,
            35104.0,
            35104.0,
            35104.0,
            35104.0,
            35104.0,
            35104.0,
            35104.0,
            35104.0,
            35104.0,
            35104.0,
            35104.0,
            35104.0,
            35104.0,
            35104.0,
            35104.0,
            35104.0,
            35104.0
        ]
    },
    "varVY_dQRelChanges": {
        "mean": 5220378.0,
        "stdev": 0.0,
        "units": "changes",
        "values": [
            5220378.0,
            5220378.0,
            5220378.0,
            5220378.0,
            5220378.0,
            5220378.0,
            5220378.0,
            5220378.0,
            5220378.0,
            5220378.0,
            5220378.0,
            5220378.0,
            5220378.0,
            5220378.0,
            5220378.0,
            5220378.0,
            5220378.0,
            5220378.0,
            5220378.0,
            5220378.0
        ]
    },
    "varVY_maxError": {
        "mean": 17.2351,
        "stdev": 0.0,
        "units": "mm?",
        "values": [
            17.2351,
            17.2351,
            17.2351,
            17.2351,
            17.2351,
            17.2351,
            17.2351,
            17.2351,
            17.2351,
            17.2351,
            17.2351,
            17.2351,
            17.2351,
            17.2351,
            17.2351,
            17.2351,
            17.2351,
            17.2351,
            17.2351,
            17.2351
        ]
    },
    "varVZ_dQMinChanges": {
        "mean": 35104.0,
        "stdev": 0.0,
        "units": "changes",
        "values": [
            35104.0,
            35104.0,
            35104.0,
            35104.0,
            35104.0,
            35104.0,
            35104.0,
            35104.0,
            35104.0,
            35104.0,
            35104.0,
            35104.0,
            35104.0,
            35104.0,
            35104.0,
            35104.0,
            35104.0,
            35104.0,
            35104.0,
            35104.0
        ]
    },
    "varVZ_dQRelChanges": {
        "mean": 5220378.0,
        "stdev": 0.0,
        "units": "changes",
        "values": [
            5220378.0,
            5220378.0,
            5220378.0,
            5220378.0,
            5220378.0,
            5220378.0,
            5220378.0,
            5220378.0,
            5220378.0,
            5220378.0,
            5220378.0,
            5220378.0,
            5220378.0,
            5220378.0,
            5220378.0,
            5220378.0,
            5220378.0,
            5220378.0,
            5220378.0,
            5220378.0
        ]
    },
    "varVZ_maxError": {
        "mean": 17.2351,
        "stdev": 0.0,
        "units": "mm?",
        "values": [
            17.2351,
            17.2351,
            17.2351,
            17.2351,
            17.2351,
            17.2351,
            17.2351,
            17.2351,
            17.2351,
            17.2351,
            17.2351,
            17.2351,
            17.2351,
            17.2351,
            17.2351,
            17.2351,
            17.2351,
            17.2351,
            17.2351,
            17.2351
        ]
    },
    "varX_dQMinChanges": {
        "mean": 35104.0,
        "stdev": 0.0,
        "units": "changes",
        "values": [
            35104.0,
            35104.0,
            35104.0,
            35104.0,
            35104.0,
            35104.0,
            35104.0,
            35104.0,
            35104.0,
            35104.0,
            35104.0,
            35104.0,
            35104.0,
            35104.0,
            35104.0,
            35104.0,
            35104.0,
            35104.0,
            35104.0,
            35104.0
        ]
    },
    "varX_dQRelChanges": {
        "mean": 5220378.0,
        "stdev": 0.0,
        "units": "changes",
        "values": [
            5220378.0,
            5220378.0,
            5220378.0,
            5220378.0,
            5220378.0,
            5220378.0,
            5220378.0,
            5220378.0,
            5220378.0,
            5220378.0,
            5220378.0,
            5220378.0,
            5220378.0,
            5220378.0,
            5220378.0,
            5220378.0,
            5220378.0,
            5220378.0,
            5220378.0,
            5220378.0
        ]
    },
    "varX_maxError": {
        "mean": 17.2351,
        "stdev": 0.0,
        "units": "mm?",
        "values": [
            17.2351,
            17.2351,
            17.2351,
            17.2351,
            17.2351,
            17.2351,
            17.2351,
            17.2351,
            17.2351,
            17.2351,
            17.2351,
            17.2351,
            17.2351,
            17.2351,
            17.2351,
            17.2351,
            17.2351,
            17.2351,
            17.2351,
            17.2351
        ]
    },
    "varY_dQMinChanges": {
        "mean": 35104.0,
        "stdev": 0.0,
        "units": "changes",
        "values": [
            35104.0,
            35104.0,
            35104.0,
            35104.0,
            35104.0,
            35104.0,
            35104.0,
            35104.0,
            35104.0,
            35104.0,
            35104.0,
            35104.0,
            35104.0,
            35104.0,
            35104.0,
            35104.0,
            35104.0,
            35104.0,
            35104.0,
            35104.0
        ]
    },
    "varY_dQRelChanges": {
        "mean": 5220378.0,
        "stdev": 0.0,
        "units": "changes",
        "values": [
            5220378.0,
            5220378.0,
            5220378.0,
            5220378.0,
            5220378.0,
            5220378.0,
            5220378.0,
            5220378.0,
            5220378.0,
            5220378.0,
            5220378.0,
            5220378.0,
            5220378.0,
            5220378.0,
            5220378.0,
            5220378.0,
            5220378.0,
            5220378.0,
            5220378.0,
            5220378.0
        ]
    },
    "varY_maxError": {
        "mean": 17.2351,
        "stdev": 0.0,
        "units": "mm?",
        "values": [
            17.2351,
            17.2351,
            17.2351,
            17.2351,
            17.2351,
            17.2351,
            17.2351,
            17.2351,
            17.2351,
            17.2351,
            17.2351,
            17.2351,
            17.2351,
            17.2351,
            17.2351,
            17.2351,
            17.2351,
            17.2351,
            17.2351,
            17.2351
        ]
    },
    "varZ_dQMinChanges": {
        "mean": 35104.0,
        "stdev": 0.0,
        "units": "changes",
        "values": [
            35104.0,
            35104.0,
            35104.0,
            35104.0,
            35104.0,
            35104.0,
            35104.0,
            35104.0,
            35104.0,
            35104.0,
            35104.0,
            35104.0,
            35104.0,
            35104.0,
            35104.0,
            35104.0,
            35104.0,
            35104.0,
            35104.0,
            35104.0
        ]
    },
    "varZ_dQRelChanges": {
        "mean": 5220378.0,
        "stdev": 0.0,
        "units": "changes",
        "values": [
            5220378.0,
            5220378.0,
            5220378.0,
            5220378.0,
            5220378.0,
            5220378.0,
            5220378.0,
            5220378.0,
            5220378.0,
            5220378.0,
            5220378.0,
            5220378.0,
            5220378.0,
            5220378.0,
            5220378.0,
            5220378.0,
            5220378.0,
            5220378.0,
            5220378.0,
            5220378.0
        ]
    },
    "varZ_maxError": {
        "mean": 17.2351,
        "stdev": 0.0,
        "units": "mm?",
        "values": [
            17.2351,
            17.2351,
            17.2351,
            17.2351,
            17.2351,
            17.2351,
            17.2351,
            17.2351,
            17.2351,
            17.2351,
            17.2351,
            17.2351,
            17.2351,
            17.2351,
            17.2351,
            17.2351,
            17.2351,
            17.2351,
            17.2351,
            17.2351
        ]
    }
}