{
    "intersections": {
        "mean": 0,
        "stdev": 0.0,
        "units": "intersections",
        "values": [
            0,
            0,
            0,
            0,
            0,
            0,
            0,
            0,
            0,
            0,
            0,
            0,
            0,
            0,
            0,
            0,
            0,
            0,
            0,
            0
        ]
    },
    "numberOfThreads": {
        "mean": 0,
        "stdev": 0.0,
        "units": "threads",
        "values": [
            0,
            0,
            0,
            0,
            0,
            0,
            0,
            0,
            0,
            0,
            0,
            0,
            0,
            0,
            0,
            0,
            0,
            0,
            0,
            0
        ]
    },
    "realTime": {
        "mean": 6.9611415,
        "stdev": 0.08838969154440919,
        "units": "seconds",
        "values": [
            6.87803,
            7.08065,
            7.13588,
            6.96758,
            7.05981,
            6.93157,
            6.85764,
            6.9852,
            6.87193,
            6.95579,
            6.92289,
            6.86248,
            6.96366,
            6.90163,
            6.8543,
            7.10482,
            7.04811,
            6.90387,
            7.0357,
            6.90129
        ]
    },
    "systemTime": {
        "mean": 0.4005,
        "stdev": 0.016050905860647495,
        "units": "seconds",
        "values": [
            0.41,
            0.41,
            0.39,
            0.4,
            0.41,
            0.39,
            0.42,
            0.42,
            0.41,
            0.39,
            0.4,
            0.38,
            0.38,
            0.4,
            0.39,
            0.42,
            0.37,
            0.38,
            0.42,
            0.42
        ]
    },
    "totalSteps": {
        "mean": 15250,
        "stdev": 0.0,
        "units": "steps",
        "values": [
            15250,
            15250,
            15250,
            15250,
            15250,
            15250,
            15250,
            15250,
            15250,
            15250,
            15250,
            15250,
            15250,
            15250,
            15250,
            15250,
            15250,
            15250,
            15250,
            15250
        ]
    },
    "userTime": {
        "mean": 6.3525,
        "stdev": 0.09541460773079277,
        "units": "seconds",
        "values": [
            6.26,
            6.47,
            6.59,
            6.36,
            6.45,
            6.34,
            6.24,
            6.28,
            6.25,
            6.36,
            6.32,
            6.27,
            6.39,
            6.3,
            6.26,
            6.43,
            6.48,
            6.31,
            6.42,
            6.27
        ]
    }
}