{
    "intersections": {
        "mean": 1,
        "stdev": 0.0,
        "units": "intersections",
        "values": [
            1,
            1,
            1,
            1,
            1,
            1,
            1,
            1,
            1,
            1,
            1,
            1,
            1,
            1,
            1,
            1,
            1,
            1,
            1,
            1
        ]
    },
    "numberOfThreads": {
        "mean": 0,
        "stdev": 0.0,
        "units": "threads",
        "values": [
            0,
            0,
            0,
            0,
            0,
            0,
            0,
            0,
            0,
            0,
            0,
            0,
            0,
            0,
            0,
            0,
            0,
            0,
            0,
            0
        ]
    },
    "realTime": {
        "mean": 4.4755575,
        "stdev": 0.06346855067669328,
        "units": "seconds",
        "values": [
            4.48816,
            4.43347,
            4.50033,
            4.48011,
            4.50738,
            4.47807,
            4.52925,
            4.43958,
            4.42658,
            4.30782,
            4.41776,
            4.56119,
            4.54859,
            4.56529,
            4.41483,
            4.54057,
            4.41537,
            4.50231,
            4.50826,
            4.44623
        ]
    },
    "systemTime": {
        "mean": 0.10200000000000001,
        "stdev": 0.011964860832322375,
        "units": "seconds",
        "values": [
            0.11,
            0.11,
            0.12,
            0.08,
            0.1,
            0.11,
            0.12,
            0.1,
            0.1,
            0.09,
            0.09,
            0.1,
            0.12,
            0.09,
            0.1,
            0.11,
            0.08,
            0.1,
            0.11,
            0.1
        ]
    },
    "totalSteps": {
        "mean": 2047,
        "stdev": 0.0,
        "units": "steps",
        "values": [
            2047,
            2047,
            2047,
            2047,
            2047,
            2047,
            2047,
            2047,
            2047,
            2047,
            2047,
            2047,
            2047,
            2047,
            2047,
            2047,
            2047,
            2047,
            2047,
            2047
        ]
    },
    "userTime": {
        "mean": 4.1725,
        "stdev": 0.05339771333562594,
        "units": "seconds",
        "values": [
            4.16,
            4.12,
            4.17,
            4.19,
            4.2,
            4.2,
            4.21,
            4.18,
            4.13,
            4.05,
            4.13,
            4.26,
            4.13,
            4.27,
            4.12,
            4.24,
            4.14,
            4.2,
            4.2,
            4.15
        ]
    }
}