{
    "intersections": {
        "mean": 11221,
        "stdev": 0.0,
        "units": "intersections",
        "values": [
            11221,
            11221,
            11221,
            11221,
            11221,
            11221,
            11221,
            11221,
            11221,
            11221,
            11221,
            11221,
            11221,
            11221,
            11221,
            11221,
            11221,
            11221,
            11221,
            11221
        ]
    },
    "numberOfThreads": {
        "mean": 1,
        "stdev": 0.0,
        "units": "threads",
        "values": [
            1,
            1,
            1,
            1,
            1,
            1,
            1,
            1,
            1,
            1,
            1,
            1,
            1,
            1,
            1,
            1,
            1,
            1,
            1,
            1
        ]
    },
    "realTime": {
        "mean": 33.919235,
        "stdev": 1.4624979007722234,
        "units": "seconds",
        "values": [
            34.1168,
            34.055,
            34.959,
            34.997,
            33.5376,
            33.1516,
            33.6332,
            34.0794,
            33.2127,
            33.835,
            33.608,
            32.4612,
            33.4062,
            34.5103,
            32.674,
            32.8842,
            33.3558,
            39.35,
            32.6072,
            33.9505
        ]
    },
    "systemTime": {
        "mean": 0.2245,
        "stdev": 0.02187885304412267,
        "units": "seconds",
        "values": [
            0.2,
            0.23,
            0.23,
            0.24,
            0.22,
            0.22,
            0.23,
            0.22,
            0.2,
            0.2,
            0.23,
            0.22,
            0.23,
            0.23,
            0.19,
            0.24,
            0.19,
            0.27,
            0.23,
            0.27
        ]
    },
    "totalSteps": {
        "mean": 381093,
        "stdev": 0.0,
        "units": "steps",
        "values": [
            381093,
            381093,
            381093,
            381093,
            381093,
            381093,
            381093,
            381093,
            381093,
            381093,
            381093,
            381093,
            381093,
            381093,
            381093,
            381093,
            381093,
            381093,
            381093,
            381093
        ]
    },
    "userTime": {
        "mean": 33.29,
        "stdev": 1.4240860411616916,
        "units": "seconds",
        "values": [
            33.56,
            33.36,
            34.37,
            34.28,
            32.95,
            32.47,
            33.06,
            33.39,
            32.65,
            33.15,
            33.03,
            31.77,
            32.81,
            33.79,
            32.15,
            32.24,
            32.82,
            38.6,
            32.13,
            33.22
        ]
    }
}