{
    "dQMin": {
        "mean": 1e-07,
        "stdev": 0.0,
        "units": "dQMin",
        "values": [
            1e-07,
            1e-07,
            1e-07,
            1e-07,
            1e-07,
            1e-07,
            1e-07,
            1e-07,
            1e-07,
            1e-07,
            1e-07,
            1e-07,
            1e-07,
            1e-07,
            1e-07,
            1e-07,
            1e-07,
            1e-07,
            1e-07,
            1e-07
        ]
    },
    "dQRel": {
        "mean": 1e-06,
        "stdev": 0.0,
        "units": "dQRel",
        "values": [
            1e-06,
            1e-06,
            1e-06,
            1e-06,
            1e-06,
            1e-06,
            1e-06,
            1e-06,
            1e-06,
            1e-06,
            1e-06,
            1e-06,
            1e-06,
            1e-06,
            1e-06,
            1e-06,
            1e-06,
            1e-06,
            1e-06,
            1e-06
        ]
    },
    "integrationTime": {
        "mean": 85.676945,
        "stdev": 0.5067704810858646,
        "units": "seconds",
        "values": [
            85.6485,
            85.2025,
            85.3593,
            85.9636,
            84.9275,
            86.207,
            85.9408,
            85.4862,
            85.8039,
            85.7969,
            85.9124,
            85.4727,
            85.9059,
            87.1274,
            85.6653,
            85.2076,
            85.5977,
            86.1692,
            85.2095,
            84.935
        ]
    },
    "integrationTimeAvgStep": {
        "mean": 3.262497e-05,
        "stdev": 1.929753245747676e-07,
        "units": "seconds",
        "values": [
            3.26141e-05,
            3.24443e-05,
            3.2504e-05,
            3.27341e-05,
            3.23396e-05,
            3.28268e-05,
            3.27255e-05,
            3.25523e-05,
            3.26733e-05,
            3.26707e-05,
            3.27146e-05,
            3.25472e-05,
            3.27122e-05,
            3.31773e-05,
            3.26205e-05,
            3.24463e-05,
            3.25948e-05,
            3.28124e-05,
            3.2447e-05,
            3.23424e-05
        ]
    },
    "integrationTimeAvgSubstep": {
        "mean": 4.633814e-07,
        "stdev": 2.740871344356718e-09,
        "units": "seconds",
        "values": [
            4.63227e-07,
            4.60815e-07,
            4.61663e-07,
            4.64932e-07,
            4.59328e-07,
            4.66248e-07,
            4.64809e-07,
            4.6235e-07,
            4.64068e-07,
            4.6403e-07,
            4.64655e-07,
            4.62277e-07,
            4.6462e-07,
            4.71226e-07,
            4.63318e-07,
            4.60843e-07,
            4.62953e-07,
            4.66044e-07,
            4.60853e-07,
            4.59369e-07
        ]
    },
    "intersections": {
        "mean": 2609141,
        "stdev": 0.0,
        "units": "intersections",
        "values": [
            2609141,
            2609141,
            2609141,
            2609141,
            2609141,
            2609141,
            2609141,
            2609141,
            2609141,
            2609141,
            2609141,
            2609141,
            2609141,
            2609141,
            2609141,
            2609141,
            2609141,
            2609141,
            2609141,
            2609141
        ]
    },
    "numberOfThreads": {
        "mean": 1,
        "stdev": 0.0,
        "units": "threads",
        "values": [
            1,
            1,
            1,
            1,
            1,
            1,
            1,
            1,
            1,
            1,
            1,
            1,
            1,
            1,
            1,
            1,
            1,
            1,
            1,
            1
        ]
    },
    "numberOfTracks": {
        "mean": 1,
        "stdev": 0.0,
        "units": "tracks",
        "values": [
            1,
            1,
            1,
            1,
            1,
            1,
            1,
            1,
            1,
            1,
            1,
            1,
            1,
            1,
            1,
            1,
            1,
            1,
            1,
            1
        ]
    },
    "realTime": {
        "mean": 314.47365,
        "stdev": 6.677651267474216,
        "units": "seconds",
        "values": [
            312.459,
            302.427,
            314.616,
            311.239,
            306.044,
            318.852,
            308.513,
            317.949,
            319.503,
            324.24,
            317.869,
            313.871,
            315.436,
            323.947,
            322.943,
            308.674,
            310.838,
            323.919,
            312.345,
            303.789
        ]
    },
    "resetTime": {
        "mean": 6.165469,
        "stdev": 0.23810453891427383,
        "units": "seconds",
        "values": [
            6.10593,
            5.74559,
            6.18205,
            6.1684,
            6.14866,
            6.07449,
            6.34284,
            6.21884,
            6.26859,
            6.1999,
            6.57883,
            6.66157,
            6.04842,
            6.10503,
            6.42781,
            6.12535,
            5.8535,
            6.35843,
            5.82606,
            5.86909
        ]
    },
    "resetTimeAvg": {
        "mean": 2.347753e-06,
        "stdev": 9.066751023149887e-08,
        "units": "seconds",
        "values": [
            2.32508e-06,
            2.18787e-06,
            2.35407e-06,
            2.34887e-06,
            2.34135e-06,
            2.31311e-06,
            2.41529e-06,
            2.36808e-06,
            2.38702e-06,
            2.36086e-06,
            2.50516e-06,
            2.53666e-06,
            2.30318e-06,
            2.32474e-06,
            2.44765e-06,
            2.33248e-06,
            2.22896e-06,
            2.42123e-06,
            2.21851e-06,
            2.23489e-06
        ]
    },
    "substepAveragePerStep": {
        "mean": 70.4063,
        "stdev": 0.0,
        "units": "substeps",
        "values": [
            70.4063,
            70.4063,
            70.4063,
            70.4063,
            70.4063,
            70.4063,
            70.4063,
            70.4063,
            70.4063,
            70.4063,
            70.4063,
            70.4063,
            70.4063,
            70.4063,
            70.4063,
            70.4063,
            70.4063,
            70.4063,
            70.4063,
            70.4063
        ]
    },
    "systemTime": {
        "mean": 0.1,
        "stdev": 0.015894388284780528,
        "units": "seconds",
        "values": [
            0.08,
            0.13,
            0.1,
            0.1,
            0.1,
            0.08,
            0.1,
            0.09,
            0.1,
            0.09,
            0.09,
            0.1,
            0.1,
            0.11,
            0.1,
            0.08,
            0.08,
            0.11,
            0.13,
            0.13
        ]
    },
    "totalSteps": {
        "mean": 2626115,
        "stdev": 0.0,
        "units": "steps",
        "values": [
            2626115,
            2626115,
            2626115,
            2626115,
            2626115,
            2626115,
            2626115,
            2626115,
            2626115,
            2626115,
            2626115,
            2626115,
            2626115,
            2626115,
            2626115,
            2626115,
            2626115,
            2626115,
            2626115,
            2626115
        ]
    },
    "totalSubsteps": {
        "mean": 184895076,
        "stdev": 0.0,
        "units": "substeps",
        "values": [
            184895076,
            184895076,
            184895076,
            184895076,
            184895076,
            184895076,
            184895076,
            184895076,
            184895076,
            184895076,
            184895076,
            184895076,
            184895076,
            184895076,
            184895076,
            184895076,
            184895076,
            184895076,
            184895076,
            184895076
        ]
    },
    "track_1_stepCount": {
        "mean": 290,
        "stdev": 0.0,
        "units": "steps",
        "values": [
            290,
            290,
            290,
            290,
            290,
            290,
            290,
            290,
            290,
            290,
            290,
            290,
            290,
            290,
            290,
            290,
            290,
            290,
            290,
            290
        ]
    },
    "track_1_substepCount": {
        "mean": 9580,
        "stdev": 0.0,
        "units": "substeps",
        "values": [
            9580,
            9580,
            9580,
            9580,
            9580,
            9580,
            9580,
            9580,
            9580,
            9580,
            9580,
            9580,
            9580,
            9580,
            9580,
            9580,
            9580,
            9580,
            9580,
            9580
        ]
    },
    "userTime": {
        "mean": 314.3815,
        "stdev": 6.682323323515555,
        "units": "seconds",
        "values": [
            312.39,
            302.3,
            314.53,
            311.15,
            305.95,
            318.78,
            308.43,
            317.86,
            319.4,
            324.16,
            317.79,
            313.77,
            315.34,
            323.85,
            322.84,
            308.6,
            310.77,
            323.83,
            312.22,
            303.67
        ]
    },
    "varVX_dQMinChanges": {
        "mean": 319252.0,
        "stdev": 0.0,
        "units": "changes",
        "values": [
            319252.0,
            319252.0,
            319252.0,
            319252.0,
            319252.0,
            319252.0,
            319252.0,
            319252.0,
            319252.0,
            319252.0,
            319252.0,
            319252.0,
            319252.0,
            319252.0,
            319252.0,
            319252.0,
            319252.0,
            319252.0,
            319252.0,
            319252.0
        ]
    },
    "varVX_dQRelChanges": {
        "mean": 71846585.0,
        "stdev": 0.0,
        "units": "changes",
        "values": [
            71846585.0,
            71846585.0,
            71846585.0,
            71846585.0,
            71846585.0,
            71846585.0,
            71846585.0,
            71846585.0,
            71846585.0,
            71846585.0,
            71846585.0,
            71846585.0,
            71846585.0,
            71846585.0,
            71846585.0,
            71846585.0,
            71846585.0,
            71846585.0,
            71846585.0,
            71846585.0
        ]
    },
    "varVX_maxError": {
        "mean": 2.23196,
        "stdev": 0.0,
        "units": "mm?",
        "values": [
            2.23196,
            2.23196,
            2.23196,
            2.23196,
            2.23196,
            2.23196,
            2.23196,
            2.23196,
            2.23196,
            2.23196,
            2.23196,
            2.23196,
            2.23196,
            2.23196,
            2.23196,
            2.23196,
            2.23196,
            2.23196,
            2.23196,
            2.23196
        ]
    },
    "varVY_dQMinChanges": {
        "mean": 319252.0,
        "stdev": 0.0,
        "units": "changes",
        "values": [
            319252.0,
            319252.0,
            319252.0,
            319252.0,
            319252.0,
            319252.0,
            319252.0,
            319252.0,
            319252.0,
            319252.0,
            319252.0,
            319252.0,
            319252.0,
            319252.0,
            319252.0,
            319252.0,
            319252.0,
            319252.0,
            319252.0,
            319252.0
        ]
    },
    "varVY_dQRelChanges": {
        "mean": 71846585.0,
        "stdev": 0.0,
        "units": "changes",
        "values": [
            71846585.0,
            71846585.0,
            71846585.0,
            71846585.0,
            71846585.0,
            71846585.0,
            71846585.0,
            71846585.0,
            71846585.0,
            71846585.0,
            71846585.0,
            71846585.0,
            71846585.0,
            71846585.0,
            71846585.0,
            71846585.0,
            71846585.0,
            71846585.0,
            71846585.0,
            71846585.0
        ]
    },
    "varVY_maxError": {
        "mean": 2.23196,
        "stdev": 0.0,
        "units": "mm?",
        "values": [
            2.23196,
            2.23196,
            2.23196,
            2.23196,
            2.23196,
            2.23196,
            2.23196,
            2.23196,
            2.23196,
            2.23196,
            2.23196,
            2.23196,
            2.23196,
            2.23196,
            2.23196,
            2.23196,
            2.23196,
            2.23196,
            2.23196,
            2.23196
        ]
    },
    "varVZ_dQMinChanges": {
        "mean": 319252.0,
        "stdev": 0.0,
        "units": "changes",
        "values": [
            319252.0,
            319252.0,
            319252.0,
            319252.0,
            319252.0,
            319252.0,
            319252.0,
            319252.0,
            319252.0,
            319252.0,
            319252.0,
            319252.0,
            319252.0,
            319252.0,
            319252.0,
            319252.0,
            319252.0,
            319252.0,
            319252.0,
            319252.0
        ]
    },
    "varVZ_dQRelChanges": {
        "mean": 71846585.0,
        "stdev": 0.0,
        "units": "changes",
        "values": [
            71846585.0,
            71846585.0,
            71846585.0,
            71846585.0,
            71846585.0,
            71846585.0,
            71846585.0,
            71846585.0,
            71846585.0,
            71846585.0,
            71846585.0,
            71846585.0,
            71846585.0,
            71846585.0,
            71846585.0,
            71846585.0,
            71846585.0,
            71846585.0,
            71846585.0,
            71846585.0
        ]
    },
    "varVZ_maxError": {
        "mean": 2.23196,
        "stdev": 0.0,
        "units": "mm?",
        "values": [
            2.23196,
            2.23196,
            2.23196,
            2.23196,
            2.23196,
            2.23196,
            2.23196,
            2.23196,
            2.23196,
            2.23196,
            2.23196,
            2.23196,
            2.23196,
            2.23196,
            2.23196,
            2.23196,
            2.23196,
            2.23196,
            2.23196,
            2.23196
        ]
    },
    "varX_dQMinChanges": {
        "mean": 319252.0,
        "stdev": 0.0,
        "units": "changes",
        "values": [
            319252.0,
            319252.0,
            319252.0,
            319252.0,
            319252.0,
            319252.0,
            319252.0,
            319252.0,
            319252.0,
            319252.0,
            319252.0,
            319252.0,
            319252.0,
            319252.0,
            319252.0,
            319252.0,
            319252.0,
            319252.0,
            319252.0,
            319252.0
        ]
    },
    "varX_dQRelChanges": {
        "mean": 71846585.0,
        "stdev": 0.0,
        "units": "changes",
        "values": [
            71846585.0,
            71846585.0,
            71846585.0,
            71846585.0,
            71846585.0,
            71846585.0,
            71846585.0,
            71846585.0,
            71846585.0,
            71846585.0,
            71846585.0,
            71846585.0,
            71846585.0,
            71846585.0,
            71846585.0,
            71846585.0,
            71846585.0,
            71846585.0,
            71846585.0,
            71846585.0
        ]
    },
    "varX_maxError": {
        "mean": 2.23196,
        "stdev": 0.0,
        "units": "mm?",
        "values": [
            2.23196,
            2.23196,
            2.23196,
            2.23196,
            2.23196,
            2.23196,
            2.23196,
            2.23196,
            2.23196,
            2.23196,
            2.23196,
            2.23196,
            2.23196,
            2.23196,
            2.23196,
            2.23196,
            2.23196,
            2.23196,
            2.23196,
            2.23196
        ]
    },
    "varY_dQMinChanges": {
        "mean": 319252.0,
        "stdev": 0.0,
        "units": "changes",
        "values": [
            319252.0,
            319252.0,
            319252.0,
            319252.0,
            319252.0,
            319252.0,
            319252.0,
            319252.0,
            319252.0,
            319252.0,
            319252.0,
            319252.0,
            319252.0,
            319252.0,
            319252.0,
            319252.0,
            319252.0,
            319252.0,
            319252.0,
            319252.0
        ]
    },
    "varY_dQRelChanges": {
        "mean": 71846585.0,
        "stdev": 0.0,
        "units": "changes",
        "values": [
            71846585.0,
            71846585.0,
            71846585.0,
            71846585.0,
            71846585.0,
            71846585.0,
            71846585.0,
            71846585.0,
            71846585.0,
            71846585.0,
            71846585.0,
            71846585.0,
            71846585.0,
            71846585.0,
            71846585.0,
            71846585.0,
            71846585.0,
            71846585.0,
            71846585.0,
            71846585.0
        ]
    },
    "varY_maxError": {
        "mean": 2.23196,
        "stdev": 0.0,
        "units": "mm?",
        "values": [
            2.23196,
            2.23196,
            2.23196,
            2.23196,
            2.23196,
            2.23196,
            2.23196,
            2.23196,
            2.23196,
            2.23196,
            2.23196,
            2.23196,
            2.23196,
            2.23196,
            2.23196,
            2.23196,
            2.23196,
            2.23196,
            2.23196,
            2.23196
        ]
    },
    "varZ_dQMinChanges": {
        "mean": 319252.0,
        "stdev": 0.0,
        "units": "changes",
        "values": [
            319252.0,
            319252.0,
            319252.0,
            319252.0,
            319252.0,
            319252.0,
            319252.0,
            319252.0,
            319252.0,
            319252.0,
            319252.0,
            319252.0,
            319252.0,
            319252.0,
            319252.0,
            319252.0,
            319252.0,
            319252.0,
            319252.0,
            319252.0
        ]
    },
    "varZ_dQRelChanges": {
        "mean": 71846585.0,
        "stdev": 0.0,
        "units": "changes",
        "values": [
            71846585.0,
            71846585.0,
            71846585.0,
            71846585.0,
            71846585.0,
            71846585.0,
            71846585.0,
            71846585.0,
            71846585.0,
            71846585.0,
            71846585.0,
            71846585.0,
            71846585.0,
            71846585.0,
            71846585.0,
            71846585.0,
            71846585.0,
            71846585.0,
            71846585.0,
            71846585.0
        ]
    },
    "varZ_maxError": {
        "mean": 2.23196,
        "stdev": 0.0,
        "units": "mm?",
        "values": [
            2.23196,
            2.23196,
            2.23196,
            2.23196,
            2.23196,
            2.23196,
            2.23196,
            2.23196,
            2.23196,
            2.23196,
            2.23196,
            2.23196,
            2.23196,
            2.23196,
            2.23196,
            2.23196,
            2.23196,
            2.23196,
            2.23196,
            2.23196
        ]
    }
}