{
    "dotfile": {},
    "runId": 10,
    "stdout": {
        "dQMin": 0.0,
        "dQRel": 0.0,
        "integrationTime": 0.0,
        "integrationTimeAvgStep": 0.0,
        "integrationTimeAvgSubstep": NaN,
        "intersections": 159231,
        "numberOfThreads": 0,
        "numberOfTracks": 0,
        "realTime": 3748.49,
        "resetTime": 0.0,
        "resetTimeAvg": 0.0,
        "substepAveragePerStep": 0.0,
        "systemTime": 7.04,
        "totalSteps": 972334,
        "totalSubsteps": 0,
        "trackData": {},
        "userTime": 3740.48,
        "varVX_dQMinChanges": 0.0,
        "varVX_dQRelChanges": 0.0,
        "varVX_maxError": 0.0,
        "varVY_dQMinChanges": 0.0,
        "varVY_dQRelChanges": 0.0,
        "varVY_maxError": 0.0,
        "varVZ_dQMinChanges": 0.0,
        "varVZ_dQRelChanges": 0.0,
        "varVZ_maxError": 0.0,
        "varX_dQMinChanges": 0.0,
        "varX_dQRelChanges": 0.0,
        "varX_maxError": 0.0,
        "varY_dQMinChanges": 0.0,
        "varY_dQRelChanges": 0.0,
        "varY_maxError": 0.0,
        "varZ_dQMinChanges": 0.0,
        "varZ_dQRelChanges": 0.0,
        "varZ_maxError": 0.0
    }
}