{
    "dQMin": {
        "mean": 1e-06,
        "stdev": 0.0,
        "units": "dQMin",
        "values": [
            1e-06,
            1e-06,
            1e-06,
            1e-06,
            1e-06,
            1e-06,
            1e-06,
            1e-06,
            1e-06,
            1e-06,
            1e-06,
            1e-06,
            1e-06,
            1e-06,
            1e-06,
            1e-06,
            1e-06,
            1e-06,
            1e-06,
            1e-06
        ]
    },
    "dQRel": {
        "mean": 1e-05,
        "stdev": 0.0,
        "units": "dQRel",
        "values": [
            1e-05,
            1e-05,
            1e-05,
            1e-05,
            1e-05,
            1e-05,
            1e-05,
            1e-05,
            1e-05,
            1e-05,
            1e-05,
            1e-05,
            1e-05,
            1e-05,
            1e-05,
            1e-05,
            1e-05,
            1e-05,
            1e-05,
            1e-05
        ]
    },
    "integrationTime": {
        "mean": 35.6035,
        "stdev": 0.21990324666711106,
        "units": "seconds",
        "values": [
            35.5949,
            35.6446,
            35.4617,
            35.3207,
            35.7953,
            35.8472,
            35.5891,
            35.5863,
            35.5729,
            35.6887,
            35.35,
            35.2441,
            36.1292,
            35.5797,
            35.937,
            35.4005,
            35.6762,
            35.4075,
            35.4724,
            35.772
        ]
    },
    "integrationTimeAvgStep": {
        "mean": 1.355769e-05,
        "stdev": 8.374018025699277e-08,
        "units": "seconds",
        "values": [
            1.35544e-05,
            1.35733e-05,
            1.35037e-05,
            1.345e-05,
            1.36307e-05,
            1.36505e-05,
            1.35522e-05,
            1.35511e-05,
            1.3546e-05,
            1.35901e-05,
            1.34612e-05,
            1.34208e-05,
            1.37579e-05,
            1.35486e-05,
            1.36847e-05,
            1.34804e-05,
            1.35854e-05,
            1.34831e-05,
            1.35078e-05,
            1.36219e-05
        ]
    },
    "integrationTimeAvgSubstep": {
        "mean": 5.057319e-07,
        "stdev": 3.123871449272347e-09,
        "units": "seconds",
        "values": [
            5.0561e-07,
            5.06316e-07,
            5.03718e-07,
            5.01715e-07,
            5.08457e-07,
            5.09194e-07,
            5.05527e-07,
            5.05487e-07,
            5.05297e-07,
            5.06942e-07,
            5.02131e-07,
            5.00626e-07,
            5.132e-07,
            5.05394e-07,
            5.10469e-07,
            5.02848e-07,
            5.06764e-07,
            5.02948e-07,
            5.03869e-07,
            5.08126e-07
        ]
    },
    "intersections": {
        "mean": 2609101,
        "stdev": 0.0,
        "units": "intersections",
        "values": [
            2609101,
            2609101,
            2609101,
            2609101,
            2609101,
            2609101,
            2609101,
            2609101,
            2609101,
            2609101,
            2609101,
            2609101,
            2609101,
            2609101,
            2609101,
            2609101,
            2609101,
            2609101,
            2609101,
            2609101
        ]
    },
    "numberOfThreads": {
        "mean": 1,
        "stdev": 0.0,
        "units": "threads",
        "values": [
            1,
            1,
            1,
            1,
            1,
            1,
            1,
            1,
            1,
            1,
            1,
            1,
            1,
            1,
            1,
            1,
            1,
            1,
            1,
            1
        ]
    },
    "numberOfTracks": {
        "mean": 1,
        "stdev": 0.0,
        "units": "tracks",
        "values": [
            1,
            1,
            1,
            1,
            1,
            1,
            1,
            1,
            1,
            1,
            1,
            1,
            1,
            1,
            1,
            1,
            1,
            1,
            1,
            1
        ]
    },
    "realTime": {
        "mean": 263.22285,
        "stdev": 6.2715326866304135,
        "units": "seconds",
        "values": [
            264.412,
            272.641,
            256.259,
            255.589,
            264.007,
            261.732,
            262.739,
            273.969,
            260.308,
            261.308,
            260.23,
            258.374,
            277.93,
            266.926,
            257.183,
            268.492,
            255.585,
            264.206,
            257.667,
            264.9
        ]
    },
    "resetTime": {
        "mean": 6.1389625,
        "stdev": 0.269529841798152,
        "units": "seconds",
        "values": [
            6.40731,
            6.47448,
            5.88321,
            5.77013,
            6.07379,
            6.27078,
            6.07961,
            6.41803,
            5.98978,
            6.00265,
            6.18188,
            5.85018,
            6.76293,
            6.41645,
            5.87056,
            6.40235,
            5.81187,
            6.07251,
            5.92584,
            6.11491
        ]
    },
    "resetTimeAvg": {
        "mean": 2.3376955e-06,
        "stdev": 1.0263518061433345e-07,
        "units": "seconds",
        "values": [
            2.43988e-06,
            2.46546e-06,
            2.2403e-06,
            2.19725e-06,
            2.31288e-06,
            2.38789e-06,
            2.31509e-06,
            2.44396e-06,
            2.28089e-06,
            2.28579e-06,
            2.35404e-06,
            2.22773e-06,
            2.5753e-06,
            2.44336e-06,
            2.23549e-06,
            2.43799e-06,
            2.21314e-06,
            2.31239e-06,
            2.25654e-06,
            2.32854e-06
        ]
    },
    "substepAveragePerStep": {
        "mean": 26.808,
        "stdev": 0.0,
        "units": "substeps",
        "values": [
            26.808,
            26.808,
            26.808,
            26.808,
            26.808,
            26.808,
            26.808,
            26.808,
            26.808,
            26.808,
            26.808,
            26.808,
            26.808,
            26.808,
            26.808,
            26.808,
            26.808,
            26.808,
            26.808,
            26.808
        ]
    },
    "systemTime": {
        "mean": 0.048,
        "stdev": 0.008335087534664906,
        "units": "seconds",
        "values": [
            0.05,
            0.04,
            0.06,
            0.06,
            0.05,
            0.04,
            0.05,
            0.05,
            0.04,
            0.05,
            0.05,
            0.05,
            0.04,
            0.06,
            0.03,
            0.04,
            0.06,
            0.05,
            0.05,
            0.04
        ]
    },
    "totalSteps": {
        "mean": 2626075,
        "stdev": 0.0,
        "units": "steps",
        "values": [
            2626075,
            2626075,
            2626075,
            2626075,
            2626075,
            2626075,
            2626075,
            2626075,
            2626075,
            2626075,
            2626075,
            2626075,
            2626075,
            2626075,
            2626075,
            2626075,
            2626075,
            2626075,
            2626075,
            2626075
        ]
    },
    "totalSubsteps": {
        "mean": 70399941,
        "stdev": 0.0,
        "units": "substeps",
        "values": [
            70399941,
            70399941,
            70399941,
            70399941,
            70399941,
            70399941,
            70399941,
            70399941,
            70399941,
            70399941,
            70399941,
            70399941,
            70399941,
            70399941,
            70399941,
            70399941,
            70399941,
            70399941,
            70399941,
            70399941
        ]
    },
    "track_1_stepCount": {
        "mean": 290,
        "stdev": 0.0,
        "units": "steps",
        "values": [
            290,
            290,
            290,
            290,
            290,
            290,
            290,
            290,
            290,
            290,
            290,
            290,
            290,
            290,
            290,
            290,
            290,
            290,
            290,
            290
        ]
    },
    "track_1_substepCount": {
        "mean": 4347,
        "stdev": 0.0,
        "units": "substeps",
        "values": [
            4347,
            4347,
            4347,
            4347,
            4347,
            4347,
            4347,
            4347,
            4347,
            4347,
            4347,
            4347,
            4347,
            4347,
            4347,
            4347,
            4347,
            4347,
            4347,
            4347
        ]
    },
    "userTime": {
        "mean": 263.185,
        "stdev": 6.273115149924362,
        "units": "seconds",
        "values": [
            264.38,
            272.61,
            256.21,
            255.54,
            263.96,
            261.7,
            262.71,
            273.93,
            260.27,
            261.27,
            260.2,
            258.34,
            277.9,
            266.87,
            257.16,
            268.46,
            255.54,
            264.16,
            257.63,
            264.86
        ]
    },
    "varVX_dQMinChanges": {
        "mean": 108748.0,
        "stdev": 0.0,
        "units": "changes",
        "values": [
            108748.0,
            108748.0,
            108748.0,
            108748.0,
            108748.0,
            108748.0,
            108748.0,
            108748.0,
            108748.0,
            108748.0,
            108748.0,
            108748.0,
            108748.0,
            108748.0,
            108748.0,
            108748.0,
            108748.0,
            108748.0,
            108748.0,
            108748.0
        ]
    },
    "varVX_dQRelChanges": {
        "mean": 24242615.0,
        "stdev": 0.0,
        "units": "changes",
        "values": [
            24242615.0,
            24242615.0,
            24242615.0,
            24242615.0,
            24242615.0,
            24242615.0,
            24242615.0,
            24242615.0,
            24242615.0,
            24242615.0,
            24242615.0,
            24242615.0,
            24242615.0,
            24242615.0,
            24242615.0,
            24242615.0,
            24242615.0,
            24242615.0,
            24242615.0,
            24242615.0
        ]
    },
    "varVX_maxError": {
        "mean": 1.22037,
        "stdev": 0.0,
        "units": "mm?",
        "values": [
            1.22037,
            1.22037,
            1.22037,
            1.22037,
            1.22037,
            1.22037,
            1.22037,
            1.22037,
            1.22037,
            1.22037,
            1.22037,
            1.22037,
            1.22037,
            1.22037,
            1.22037,
            1.22037,
            1.22037,
            1.22037,
            1.22037,
            1.22037
        ]
    },
    "varVY_dQMinChanges": {
        "mean": 108748.0,
        "stdev": 0.0,
        "units": "changes",
        "values": [
            108748.0,
            108748.0,
            108748.0,
            108748.0,
            108748.0,
            108748.0,
            108748.0,
            108748.0,
            108748.0,
            108748.0,
            108748.0,
            108748.0,
            108748.0,
            108748.0,
            108748.0,
            108748.0,
            108748.0,
            108748.0,
            108748.0,
            108748.0
        ]
    },
    "varVY_dQRelChanges": {
        "mean": 24242615.0,
        "stdev": 0.0,
        "units": "changes",
        "values": [
            24242615.0,
            24242615.0,
            24242615.0,
            24242615.0,
            24242615.0,
            24242615.0,
            24242615.0,
            24242615.0,
            24242615.0,
            24242615.0,
            24242615.0,
            24242615.0,
            24242615.0,
            24242615.0,
            24242615.0,
            24242615.0,
            24242615.0,
            24242615.0,
            24242615.0,
            24242615.0
        ]
    },
    "varVY_maxError": {
        "mean": 1.22037,
        "stdev": 0.0,
        "units": "mm?",
        "values": [
            1.22037,
            1.22037,
            1.22037,
            1.22037,
            1.22037,
            1.22037,
            1.22037,
            1.22037,
            1.22037,
            1.22037,
            1.22037,
            1.22037,
            1.22037,
            1.22037,
            1.22037,
            1.22037,
            1.22037,
            1.22037,
            1.22037,
            1.22037
        ]
    },
    "varVZ_dQMinChanges": {
        "mean": 108748.0,
        "stdev": 0.0,
        "units": "changes",
        "values": [
            108748.0,
            108748.0,
            108748.0,
            108748.0,
            108748.0,
            108748.0,
            108748.0,
            108748.0,
            108748.0,
            108748.0,
            108748.0,
            108748.0,
            108748.0,
            108748.0,
            108748.0,
            108748.0,
            108748.0,
            108748.0,
            108748.0,
            108748.0
        ]
    },
    "varVZ_dQRelChanges": {
        "mean": 24242615.0,
        "stdev": 0.0,
        "units": "changes",
        "values": [
            24242615.0,
            24242615.0,
            24242615.0,
            24242615.0,
            24242615.0,
            24242615.0,
            24242615.0,
            24242615.0,
            24242615.0,
            24242615.0,
            24242615.0,
            24242615.0,
            24242615.0,
            24242615.0,
            24242615.0,
            24242615.0,
            24242615.0,
            24242615.0,
            24242615.0,
            24242615.0
        ]
    },
    "varVZ_maxError": {
        "mean": 1.22037,
        "stdev": 0.0,
        "units": "mm?",
        "values": [
            1.22037,
            1.22037,
            1.22037,
            1.22037,
            1.22037,
            1.22037,
            1.22037,
            1.22037,
            1.22037,
            1.22037,
            1.22037,
            1.22037,
            1.22037,
            1.22037,
            1.22037,
            1.22037,
            1.22037,
            1.22037,
            1.22037,
            1.22037
        ]
    },
    "varX_dQMinChanges": {
        "mean": 108748.0,
        "stdev": 0.0,
        "units": "changes",
        "values": [
            108748.0,
            108748.0,
            108748.0,
            108748.0,
            108748.0,
            108748.0,
            108748.0,
            108748.0,
            108748.0,
            108748.0,
            108748.0,
            108748.0,
            108748.0,
            108748.0,
            108748.0,
            108748.0,
            108748.0,
            108748.0,
            108748.0,
            108748.0
        ]
    },
    "varX_dQRelChanges": {
        "mean": 24242615.0,
        "stdev": 0.0,
        "units": "changes",
        "values": [
            24242615.0,
            24242615.0,
            24242615.0,
            24242615.0,
            24242615.0,
            24242615.0,
            24242615.0,
            24242615.0,
            24242615.0,
            24242615.0,
            24242615.0,
            24242615.0,
            24242615.0,
            24242615.0,
            24242615.0,
            24242615.0,
            24242615.0,
            24242615.0,
            24242615.0,
            24242615.0
        ]
    },
    "varX_maxError": {
        "mean": 1.22037,
        "stdev": 0.0,
        "units": "mm?",
        "values": [
            1.22037,
            1.22037,
            1.22037,
            1.22037,
            1.22037,
            1.22037,
            1.22037,
            1.22037,
            1.22037,
            1.22037,
            1.22037,
            1.22037,
            1.22037,
            1.22037,
            1.22037,
            1.22037,
            1.22037,
            1.22037,
            1.22037,
            1.22037
        ]
    },
    "varY_dQMinChanges": {
        "mean": 108748.0,
        "stdev": 0.0,
        "units": "changes",
        "values": [
            108748.0,
            108748.0,
            108748.0,
            108748.0,
            108748.0,
            108748.0,
            108748.0,
            108748.0,
            108748.0,
            108748.0,
            108748.0,
            108748.0,
            108748.0,
            108748.0,
            108748.0,
            108748.0,
            108748.0,
            108748.0,
            108748.0,
            108748.0
        ]
    },
    "varY_dQRelChanges": {
        "mean": 24242615.0,
        "stdev": 0.0,
        "units": "changes",
        "values": [
            24242615.0,
            24242615.0,
            24242615.0,
            24242615.0,
            24242615.0,
            24242615.0,
            24242615.0,
            24242615.0,
            24242615.0,
            24242615.0,
            24242615.0,
            24242615.0,
            24242615.0,
            24242615.0,
            24242615.0,
            24242615.0,
            24242615.0,
            24242615.0,
            24242615.0,
            24242615.0
        ]
    },
    "varY_maxError": {
        "mean": 1.22037,
        "stdev": 0.0,
        "units": "mm?",
        "values": [
            1.22037,
            1.22037,
            1.22037,
            1.22037,
            1.22037,
            1.22037,
            1.22037,
            1.22037,
            1.22037,
            1.22037,
            1.22037,
            1.22037,
            1.22037,
            1.22037,
            1.22037,
            1.22037,
            1.22037,
            1.22037,
            1.22037,
            1.22037
        ]
    },
    "varZ_dQMinChanges": {
        "mean": 108748.0,
        "stdev": 0.0,
        "units": "changes",
        "values": [
            108748.0,
            108748.0,
            108748.0,
            108748.0,
            108748.0,
            108748.0,
            108748.0,
            108748.0,
            108748.0,
            108748.0,
            108748.0,
            108748.0,
            108748.0,
            108748.0,
            108748.0,
            108748.0,
            108748.0,
            108748.0,
            108748.0,
            108748.0
        ]
    },
    "varZ_dQRelChanges": {
        "mean": 24242615.0,
        "stdev": 0.0,
        "units": "changes",
        "values": [
            24242615.0,
            24242615.0,
            24242615.0,
            24242615.0,
            24242615.0,
            24242615.0,
            24242615.0,
            24242615.0,
            24242615.0,
            24242615.0,
            24242615.0,
            24242615.0,
            24242615.0,
            24242615.0,
            24242615.0,
            24242615.0,
            24242615.0,
            24242615.0,
            24242615.0,
            24242615.0
        ]
    },
    "varZ_maxError": {
        "mean": 1.22037,
        "stdev": 0.0,
        "units": "mm?",
        "values": [
            1.22037,
            1.22037,
            1.22037,
            1.22037,
            1.22037,
            1.22037,
            1.22037,
            1.22037,
            1.22037,
            1.22037,
            1.22037,
            1.22037,
            1.22037,
            1.22037,
            1.22037,
            1.22037,
            1.22037,
            1.22037,
            1.22037,
            1.22037
        ]
    }
}