{
    "intersections": {
        "mean": 21,
        "stdev": 0.0,
        "units": "intersections",
        "values": [
            21,
            21,
            21,
            21,
            21,
            21,
            21,
            21,
            21,
            21,
            21,
            21,
            21,
            21,
            21,
            21,
            21,
            21,
            21,
            21
        ]
    },
    "numberOfThreads": {
        "mean": 1,
        "stdev": 0.0,
        "units": "threads",
        "values": [
            1,
            1,
            1,
            1,
            1,
            1,
            1,
            1,
            1,
            1,
            1,
            1,
            1,
            1,
            1,
            1,
            1,
            1,
            1,
            1
        ]
    },
    "realTime": {
        "mean": 5.259313,
        "stdev": 0.09305675365631783,
        "units": "seconds",
        "values": [
            5.1799,
            5.29395,
            5.27262,
            5.3362,
            5.20102,
            5.27384,
            5.21071,
            5.17797,
            5.31577,
            5.18029,
            5.48342,
            5.35874,
            5.03646,
            5.32422,
            5.21579,
            5.24454,
            5.2035,
            5.26925,
            5.35697,
            5.2511
        ]
    },
    "systemTime": {
        "mean": 0.1865,
        "stdev": 0.015312533566021217,
        "units": "seconds",
        "values": [
            0.2,
            0.18,
            0.2,
            0.18,
            0.15,
            0.2,
            0.15,
            0.21,
            0.18,
            0.18,
            0.19,
            0.2,
            0.19,
            0.2,
            0.19,
            0.19,
            0.19,
            0.18,
            0.19,
            0.18
        ]
    },
    "totalSteps": {
        "mean": 661,
        "stdev": 0.0,
        "units": "steps",
        "values": [
            661,
            661,
            661,
            661,
            661,
            661,
            661,
            661,
            661,
            661,
            661,
            661,
            661,
            661,
            661,
            661,
            661,
            661,
            661,
            661
        ]
    },
    "userTime": {
        "mean": 4.6735,
        "stdev": 0.0765214108324557,
        "units": "seconds",
        "values": [
            4.58,
            4.7,
            4.68,
            4.77,
            4.65,
            4.75,
            4.66,
            4.64,
            4.74,
            4.6,
            4.74,
            4.76,
            4.46,
            4.72,
            4.63,
            4.64,
            4.62,
            4.68,
            4.77,
            4.68
        ]
    }
}