{
    "intersections": {
        "mean": 1,
        "stdev": 0.0,
        "units": "intersections",
        "values": [
            1,
            1,
            1,
            1,
            1,
            1,
            1,
            1,
            1,
            1,
            1,
            1,
            1,
            1,
            1,
            1,
            1,
            1,
            1,
            1
        ]
    },
    "numberOfThreads": {
        "mean": 1,
        "stdev": 0.0,
        "units": "threads",
        "values": [
            1,
            1,
            1,
            1,
            1,
            1,
            1,
            1,
            1,
            1,
            1,
            1,
            1,
            1,
            1,
            1,
            1,
            1,
            1,
            1
        ]
    },
    "realTime": {
        "mean": 53.419765,
        "stdev": 1.1968003607316342,
        "units": "seconds",
        "values": [
            55.1861,
            53.4554,
            54.0779,
            51.7826,
            53.3829,
            52.9311,
            55.7334,
            53.0845,
            53.5208,
            53.3927,
            52.4174,
            53.7834,
            50.2369,
            53.4581,
            53.2909,
            52.8053,
            55.1672,
            53.8428,
            53.8516,
            52.9943
        ]
    },
    "systemTime": {
        "mean": 6.319,
        "stdev": 0.2511216941308693,
        "units": "seconds",
        "values": [
            6.84,
            6.07,
            5.84,
            6.49,
            6.25,
            6.4,
            6.78,
            6.07,
            6.38,
            6.45,
            6.23,
            6.28,
            5.96,
            6.5,
            6.16,
            6.48,
            6.45,
            6.23,
            6.11,
            6.41
        ]
    },
    "totalSteps": {
        "mean": 42,
        "stdev": 0.0,
        "units": "steps",
        "values": [
            42,
            42,
            42,
            42,
            42,
            42,
            42,
            42,
            42,
            42,
            42,
            42,
            42,
            42,
            42,
            42,
            42,
            42,
            42,
            42
        ]
    },
    "userTime": {
        "mean": 50.32,
        "stdev": 1.223627050164688,
        "units": "seconds",
        "values": [
            51.69,
            50.5,
            51.55,
            48.35,
            50.68,
            49.57,
            52.35,
            50.09,
            50.49,
            50.03,
            49.53,
            50.61,
            47.27,
            50.12,
            50.5,
            49.33,
            52.17,
            50.75,
            51.27,
            49.55
        ]
    }
}