{
    "dQMin": {
        "mean": 0.001,
        "stdev": 0.0,
        "units": "dQMin",
        "values": [
            0.001,
            0.001,
            0.001,
            0.001,
            0.001,
            0.001,
            0.001,
            0.001,
            0.001,
            0.001,
            0.001,
            0.001,
            0.001,
            0.001,
            0.001,
            0.001,
            0.001,
            0.001,
            0.001,
            0.001
        ]
    },
    "dQRel": {
        "mean": 0.01,
        "stdev": 0.0,
        "units": "dQRel",
        "values": [
            0.01,
            0.01,
            0.01,
            0.01,
            0.01,
            0.01,
            0.01,
            0.01,
            0.01,
            0.01,
            0.01,
            0.01,
            0.01,
            0.01,
            0.01,
            0.01,
            0.01,
            0.01,
            0.01,
            0.01
        ]
    },
    "integrationTime": {
        "mean": 0.013504155,
        "stdev": 0.0006015821486319484,
        "units": "seconds",
        "values": [
            0.0133218,
            0.0132122,
            0.0133033,
            0.013253,
            0.0133857,
            0.014827,
            0.0132312,
            0.0155741,
            0.0131585,
            0.0135127,
            0.0132929,
            0.0132604,
            0.0133529,
            0.0134153,
            0.0133465,
            0.0133804,
            0.0135696,
            0.0131781,
            0.0132702,
            0.0132373
        ]
    },
    "integrationTimeAvgStep": {
        "mean": 0.0003376038,
        "stdev": 1.5039331188236845e-05,
        "units": "seconds",
        "values": [
            0.000333045,
            0.000330306,
            0.000332583,
            0.000331326,
            0.000334644,
            0.000370674,
            0.000330779,
            0.000389352,
            0.000328962,
            0.000337817,
            0.000332323,
            0.00033151,
            0.000333823,
            0.000335382,
            0.000333661,
            0.000334509,
            0.00033924,
            0.000329453,
            0.000331755,
            0.000330932
        ]
    },
    "integrationTimeAvgSubstep": {
        "mean": 3.664428e-07,
        "stdev": 1.6324161897080818e-08,
        "units": "seconds",
        "values": [
            3.61495e-07,
            3.58521e-07,
            3.60993e-07,
            3.59628e-07,
            3.6323e-07,
            4.02338e-07,
            3.59035e-07,
            4.22612e-07,
            3.57063e-07,
            3.66674e-07,
            3.60711e-07,
            3.59828e-07,
            3.62339e-07,
            3.64031e-07,
            3.62164e-07,
            3.63084e-07,
            3.68219e-07,
            3.57595e-07,
            3.60095e-07,
            3.59201e-07
        ]
    },
    "intersections": {
        "mean": 1,
        "stdev": 0.0,
        "units": "intersections",
        "values": [
            1,
            1,
            1,
            1,
            1,
            1,
            1,
            1,
            1,
            1,
            1,
            1,
            1,
            1,
            1,
            1,
            1,
            1,
            1,
            1
        ]
    },
    "numberOfThreads": {
        "mean": 1,
        "stdev": 0.0,
        "units": "threads",
        "values": [
            1,
            1,
            1,
            1,
            1,
            1,
            1,
            1,
            1,
            1,
            1,
            1,
            1,
            1,
            1,
            1,
            1,
            1,
            1,
            1
        ]
    },
    "numberOfTracks": {
        "mean": 19,
        "stdev": 0.0,
        "units": "tracks",
        "values": [
            19,
            19,
            19,
            19,
            19,
            19,
            19,
            19,
            19,
            19,
            19,
            19,
            19,
            19,
            19,
            19,
            19,
            19,
            19,
            19
        ]
    },
    "realTime": {
        "mean": 52.513675,
        "stdev": 0.974652103586873,
        "units": "seconds",
        "values": [
            53.0917,
            52.9,
            53.2883,
            51.6782,
            52.3969,
            52.4001,
            53.6115,
            53.8484,
            49.9984,
            51.9071,
            51.6821,
            52.2726,
            53.9966,
            52.0106,
            53.5405,
            53.0482,
            52.0476,
            52.06,
            53.0997,
            51.395
        ]
    },
    "resetTime": {
        "mean": 0.0002310006,
        "stdev": 1.870476734165018e-05,
        "units": "seconds",
        "values": [
            0.000238757,
            0.000230429,
            0.000238708,
            0.000206288,
            0.000245914,
            0.000244673,
            0.000233668,
            0.000245053,
            0.000212255,
            0.000198428,
            0.000236658,
            0.000241758,
            0.000242745,
            0.00021778,
            0.000253589,
            0.000211955,
            0.000244641,
            0.000196189,
            0.000262485,
            0.000218039
        ]
    },
    "resetTimeAvg": {
        "mean": 5.775016e-06,
        "stdev": 4.676212506809555e-07,
        "units": "seconds",
        "values": [
            5.96892e-06,
            5.76073e-06,
            5.9677e-06,
            5.1572e-06,
            6.14785e-06,
            6.11683e-06,
            5.8417e-06,
            6.12633e-06,
            5.30638e-06,
            4.9607e-06,
            5.91645e-06,
            6.04395e-06,
            6.06863e-06,
            5.4445e-06,
            6.33973e-06,
            5.29887e-06,
            6.11603e-06,
            4.90472e-06,
            6.56213e-06,
            5.45097e-06
        ]
    },
    "substepAveragePerStep": {
        "mean": 921.3,
        "stdev": 0.0,
        "units": "substeps",
        "values": [
            921.3,
            921.3,
            921.3,
            921.3,
            921.3,
            921.3,
            921.3,
            921.3,
            921.3,
            921.3,
            921.3,
            921.3,
            921.3,
            921.3,
            921.3,
            921.3,
            921.3,
            921.3,
            921.3,
            921.3
        ]
    },
    "systemTime": {
        "mean": 6.313,
        "stdev": 0.37229162310153974,
        "units": "seconds",
        "values": [
            6.33,
            6.51,
            6.5,
            6.28,
            6.28,
            6.26,
            6.72,
            6.35,
            6.5,
            5.97,
            5.74,
            6.04,
            6.37,
            6.54,
            7.5,
            6.18,
            5.93,
            6.05,
            6.26,
            5.95
        ]
    },
    "totalSteps": {
        "mean": 40,
        "stdev": 0.0,
        "units": "steps",
        "values": [
            40,
            40,
            40,
            40,
            40,
            40,
            40,
            40,
            40,
            40,
            40,
            40,
            40,
            40,
            40,
            40,
            40,
            40,
            40,
            40
        ]
    },
    "totalSubsteps": {
        "mean": 36852,
        "stdev": 0.0,
        "units": "substeps",
        "values": [
            36852,
            36852,
            36852,
            36852,
            36852,
            36852,
            36852,
            36852,
            36852,
            36852,
            36852,
            36852,
            36852,
            36852,
            36852,
            36852,
            36852,
            36852,
            36852,
            36852
        ]
    },
    "track_1_stepCount": {
        "mean": 18,
        "stdev": 0.0,
        "units": "steps",
        "values": [
            18,
            18,
            18,
            18,
            18,
            18,
            18,
            18,
            18,
            18,
            18,
            18,
            18,
            18,
            18,
            18,
            18,
            18,
            18,
            18
        ]
    },
    "track_1_substepCount": {
        "mean": 125,
        "stdev": 0.0,
        "units": "substeps",
        "values": [
            125,
            125,
            125,
            125,
            125,
            125,
            125,
            125,
            125,
            125,
            125,
            125,
            125,
            125,
            125,
            125,
            125,
            125,
            125,
            125
        ]
    },
    "track_51_stepCount": {
        "mean": 1,
        "stdev": 0.0,
        "units": "steps",
        "values": [
            1,
            1,
            1,
            1,
            1,
            1,
            1,
            1,
            1,
            1,
            1,
            1,
            1,
            1,
            1,
            1,
            1,
            1,
            1,
            1
        ]
    },
    "track_51_substepCount": {
        "mean": 874,
        "stdev": 0.0,
        "units": "substeps",
        "values": [
            874,
            874,
            874,
            874,
            874,
            874,
            874,
            874,
            874,
            874,
            874,
            874,
            874,
            874,
            874,
            874,
            874,
            874,
            874,
            874
        ]
    },
    "track_52_stepCount": {
        "mean": 1,
        "stdev": 0.0,
        "units": "steps",
        "values": [
            1,
            1,
            1,
            1,
            1,
            1,
            1,
            1,
            1,
            1,
            1,
            1,
            1,
            1,
            1,
            1,
            1,
            1,
            1,
            1
        ]
    },
    "track_52_substepCount": {
        "mean": 1917,
        "stdev": 0.0,
        "units": "substeps",
        "values": [
            1917,
            1917,
            1917,
            1917,
            1917,
            1917,
            1917,
            1917,
            1917,
            1917,
            1917,
            1917,
            1917,
            1917,
            1917,
            1917,
            1917,
            1917,
            1917,
            1917
        ]
    },
    "track_53_stepCount": {
        "mean": 1,
        "stdev": 0.0,
        "units": "steps",
        "values": [
            1,
            1,
            1,
            1,
            1,
            1,
            1,
            1,
            1,
            1,
            1,
            1,
            1,
            1,
            1,
            1,
            1,
            1,
            1,
            1
        ]
    },
    "track_53_substepCount": {
        "mean": 571,
        "stdev": 0.0,
        "units": "substeps",
        "values": [
            571,
            571,
            571,
            571,
            571,
            571,
            571,
            571,
            571,
            571,
            571,
            571,
            571,
            571,
            571,
            571,
            571,
            571,
            571,
            571
        ]
    },
    "track_54_stepCount": {
        "mean": 1,
        "stdev": 0.0,
        "units": "steps",
        "values": [
            1,
            1,
            1,
            1,
            1,
            1,
            1,
            1,
            1,
            1,
            1,
            1,
            1,
            1,
            1,
            1,
            1,
            1,
            1,
            1
        ]
    },
    "track_54_substepCount": {
        "mean": 711,
        "stdev": 0.0,
        "units": "substeps",
        "values": [
            711,
            711,
            711,
            711,
            711,
            711,
            711,
            711,
            711,
            711,
            711,
            711,
            711,
            711,
            711,
            711,
            711,
            711,
            711,
            711
        ]
    },
    "track_55_stepCount": {
        "mean": 1,
        "stdev": 0.0,
        "units": "steps",
        "values": [
            1,
            1,
            1,
            1,
            1,
            1,
            1,
            1,
            1,
            1,
            1,
            1,
            1,
            1,
            1,
            1,
            1,
            1,
            1,
            1
        ]
    },
    "track_55_substepCount": {
        "mean": 359,
        "stdev": 0.0,
        "units": "substeps",
        "values": [
            359,
            359,
            359,
            359,
            359,
            359,
            359,
            359,
            359,
            359,
            359,
            359,
            359,
            359,
            359,
            359,
            359,
            359,
            359,
            359
        ]
    },
    "track_56_stepCount": {
        "mean": 1,
        "stdev": 0.0,
        "units": "steps",
        "values": [
            1,
            1,
            1,
            1,
            1,
            1,
            1,
            1,
            1,
            1,
            1,
            1,
            1,
            1,
            1,
            1,
            1,
            1,
            1,
            1
        ]
    },
    "track_56_substepCount": {
        "mean": 837,
        "stdev": 0.0,
        "units": "substeps",
        "values": [
            837,
            837,
            837,
            837,
            837,
            837,
            837,
            837,
            837,
            837,
            837,
            837,
            837,
            837,
            837,
            837,
            837,
            837,
            837,
            837
        ]
    },
    "track_57_stepCount": {
        "mean": 1,
        "stdev": 0.0,
        "units": "steps",
        "values": [
            1,
            1,
            1,
            1,
            1,
            1,
            1,
            1,
            1,
            1,
            1,
            1,
            1,
            1,
            1,
            1,
            1,
            1,
            1,
            1
        ]
    },
    "track_57_substepCount": {
        "mean": 481,
        "stdev": 0.0,
        "units": "substeps",
        "values": [
            481,
            481,
            481,
            481,
            481,
            481,
            481,
            481,
            481,
            481,
            481,
            481,
            481,
            481,
            481,
            481,
            481,
            481,
            481,
            481
        ]
    },
    "track_58_stepCount": {
        "mean": 1,
        "stdev": 0.0,
        "units": "steps",
        "values": [
            1,
            1,
            1,
            1,
            1,
            1,
            1,
            1,
            1,
            1,
            1,
            1,
            1,
            1,
            1,
            1,
            1,
            1,
            1,
            1
        ]
    },
    "track_58_substepCount": {
        "mean": 748,
        "stdev": 0.0,
        "units": "substeps",
        "values": [
            748,
            748,
            748,
            748,
            748,
            748,
            748,
            748,
            748,
            748,
            748,
            748,
            748,
            748,
            748,
            748,
            748,
            748,
            748,
            748
        ]
    },
    "track_59_stepCount": {
        "mean": 1,
        "stdev": 0.0,
        "units": "steps",
        "values": [
            1,
            1,
            1,
            1,
            1,
            1,
            1,
            1,
            1,
            1,
            1,
            1,
            1,
            1,
            1,
            1,
            1,
            1,
            1,
            1
        ]
    },
    "track_59_substepCount": {
        "mean": 496,
        "stdev": 0.0,
        "units": "substeps",
        "values": [
            496,
            496,
            496,
            496,
            496,
            496,
            496,
            496,
            496,
            496,
            496,
            496,
            496,
            496,
            496,
            496,
            496,
            496,
            496,
            496
        ]
    },
    "track_60_stepCount": {
        "mean": 1,
        "stdev": 0.0,
        "units": "steps",
        "values": [
            1,
            1,
            1,
            1,
            1,
            1,
            1,
            1,
            1,
            1,
            1,
            1,
            1,
            1,
            1,
            1,
            1,
            1,
            1,
            1
        ]
    },
    "track_60_substepCount": {
        "mean": 2109,
        "stdev": 0.0,
        "units": "substeps",
        "values": [
            2109,
            2109,
            2109,
            2109,
            2109,
            2109,
            2109,
            2109,
            2109,
            2109,
            2109,
            2109,
            2109,
            2109,
            2109,
            2109,
            2109,
            2109,
            2109,
            2109
        ]
    },
    "track_61_stepCount": {
        "mean": 1,
        "stdev": 0.0,
        "units": "steps",
        "values": [
            1,
            1,
            1,
            1,
            1,
            1,
            1,
            1,
            1,
            1,
            1,
            1,
            1,
            1,
            1,
            1,
            1,
            1,
            1,
            1
        ]
    },
    "track_61_substepCount": {
        "mean": 311,
        "stdev": 0.0,
        "units": "substeps",
        "values": [
            311,
            311,
            311,
            311,
            311,
            311,
            311,
            311,
            311,
            311,
            311,
            311,
            311,
            311,
            311,
            311,
            311,
            311,
            311,
            311
        ]
    },
    "track_62_stepCount": {
        "mean": 3,
        "stdev": 0.0,
        "units": "steps",
        "values": [
            3,
            3,
            3,
            3,
            3,
            3,
            3,
            3,
            3,
            3,
            3,
            3,
            3,
            3,
            3,
            3,
            3,
            3,
            3,
            3
        ]
    },
    "track_62_substepCount": {
        "mean": 9079,
        "stdev": 0.0,
        "units": "substeps",
        "values": [
            9079,
            9079,
            9079,
            9079,
            9079,
            9079,
            9079,
            9079,
            9079,
            9079,
            9079,
            9079,
            9079,
            9079,
            9079,
            9079,
            9079,
            9079,
            9079,
            9079
        ]
    },
    "track_63_stepCount": {
        "mean": 1,
        "stdev": 0.0,
        "units": "steps",
        "values": [
            1,
            1,
            1,
            1,
            1,
            1,
            1,
            1,
            1,
            1,
            1,
            1,
            1,
            1,
            1,
            1,
            1,
            1,
            1,
            1
        ]
    },
    "track_63_substepCount": {
        "mean": 481,
        "stdev": 0.0,
        "units": "substeps",
        "values": [
            481,
            481,
            481,
            481,
            481,
            481,
            481,
            481,
            481,
            481,
            481,
            481,
            481,
            481,
            481,
            481,
            481,
            481,
            481,
            481
        ]
    },
    "track_64_stepCount": {
        "mean": 1,
        "stdev": 0.0,
        "units": "steps",
        "values": [
            1,
            1,
            1,
            1,
            1,
            1,
            1,
            1,
            1,
            1,
            1,
            1,
            1,
            1,
            1,
            1,
            1,
            1,
            1,
            1
        ]
    },
    "track_64_substepCount": {
        "mean": 331,
        "stdev": 0.0,
        "units": "substeps",
        "values": [
            331,
            331,
            331,
            331,
            331,
            331,
            331,
            331,
            331,
            331,
            331,
            331,
            331,
            331,
            331,
            331,
            331,
            331,
            331,
            331
        ]
    },
    "track_65_stepCount": {
        "mean": 1,
        "stdev": 0.0,
        "units": "steps",
        "values": [
            1,
            1,
            1,
            1,
            1,
            1,
            1,
            1,
            1,
            1,
            1,
            1,
            1,
            1,
            1,
            1,
            1,
            1,
            1,
            1
        ]
    },
    "track_65_substepCount": {
        "mean": 2607,
        "stdev": 0.0,
        "units": "substeps",
        "values": [
            2607,
            2607,
            2607,
            2607,
            2607,
            2607,
            2607,
            2607,
            2607,
            2607,
            2607,
            2607,
            2607,
            2607,
            2607,
            2607,
            2607,
            2607,
            2607,
            2607
        ]
    },
    "track_66_stepCount": {
        "mean": 1,
        "stdev": 0.0,
        "units": "steps",
        "values": [
            1,
            1,
            1,
            1,
            1,
            1,
            1,
            1,
            1,
            1,
            1,
            1,
            1,
            1,
            1,
            1,
            1,
            1,
            1,
            1
        ]
    },
    "track_66_substepCount": {
        "mean": 478,
        "stdev": 0.0,
        "units": "substeps",
        "values": [
            478,
            478,
            478,
            478,
            478,
            478,
            478,
            478,
            478,
            478,
            478,
            478,
            478,
            478,
            478,
            478,
            478,
            478,
            478,
            478
        ]
    },
    "track_67_stepCount": {
        "mean": 3,
        "stdev": 0.0,
        "units": "steps",
        "values": [
            3,
            3,
            3,
            3,
            3,
            3,
            3,
            3,
            3,
            3,
            3,
            3,
            3,
            3,
            3,
            3,
            3,
            3,
            3,
            3
        ]
    },
    "track_67_substepCount": {
        "mean": 13880,
        "stdev": 0.0,
        "units": "substeps",
        "values": [
            13880,
            13880,
            13880,
            13880,
            13880,
            13880,
            13880,
            13880,
            13880,
            13880,
            13880,
            13880,
            13880,
            13880,
            13880,
            13880,
            13880,
            13880,
            13880,
            13880
        ]
    },
    "track_79403_stepCount": {
        "mean": 1,
        "stdev": 0.0,
        "units": "steps",
        "values": [
            1,
            1,
            1,
            1,
            1,
            1,
            1,
            1,
            1,
            1,
            1,
            1,
            1,
            1,
            1,
            1,
            1,
            1,
            1,
            1
        ]
    },
    "track_79403_substepCount": {
        "mean": 457,
        "stdev": 0.0,
        "units": "substeps",
        "values": [
            457,
            457,
            457,
            457,
            457,
            457,
            457,
            457,
            457,
            457,
            457,
            457,
            457,
            457,
            457,
            457,
            457,
            457,
            457,
            457
        ]
    },
    "userTime": {
        "mean": 49.5145,
        "stdev": 0.856667195712855,
        "units": "seconds",
        "values": [
            49.84,
            49.72,
            50.25,
            48.74,
            49.16,
            49.58,
            50.33,
            50.96,
            47.01,
            49.39,
            49.04,
            49.55,
            50.82,
            49.12,
            49.62,
            50.11,
            49.15,
            49.4,
            49.86,
            48.64
        ]
    },
    "varVX_dQMinChanges": {
        "mean": 46.0,
        "stdev": 0.0,
        "units": "changes",
        "values": [
            46.0,
            46.0,
            46.0,
            46.0,
            46.0,
            46.0,
            46.0,
            46.0,
            46.0,
            46.0,
            46.0,
            46.0,
            46.0,
            46.0,
            46.0,
            46.0,
            46.0,
            46.0,
            46.0,
            46.0
        ]
    },
    "varVX_dQRelChanges": {
        "mean": 18311.0,
        "stdev": 0.0,
        "units": "changes",
        "values": [
            18311.0,
            18311.0,
            18311.0,
            18311.0,
            18311.0,
            18311.0,
            18311.0,
            18311.0,
            18311.0,
            18311.0,
            18311.0,
            18311.0,
            18311.0,
            18311.0,
            18311.0,
            18311.0,
            18311.0,
            18311.0,
            18311.0,
            18311.0
        ]
    },
    "varVX_maxError": {
        "mean": 10.4606,
        "stdev": 0.0,
        "units": "mm?",
        "values": [
            10.4606,
            10.4606,
            10.4606,
            10.4606,
            10.4606,
            10.4606,
            10.4606,
            10.4606,
            10.4606,
            10.4606,
            10.4606,
            10.4606,
            10.4606,
            10.4606,
            10.4606,
            10.4606,
            10.4606,
            10.4606,
            10.4606,
            10.4606
        ]
    },
    "varVY_dQMinChanges": {
        "mean": 46.0,
        "stdev": 0.0,
        "units": "changes",
        "values": [
            46.0,
            46.0,
            46.0,
            46.0,
            46.0,
            46.0,
            46.0,
            46.0,
            46.0,
            46.0,
            46.0,
            46.0,
            46.0,
            46.0,
            46.0,
            46.0,
            46.0,
            46.0,
            46.0,
            46.0
        ]
    },
    "varVY_dQRelChanges": {
        "mean": 18311.0,
        "stdev": 0.0,
        "units": "changes",
        "values": [
            18311.0,
            18311.0,
            18311.0,
            18311.0,
            18311.0,
            18311.0,
            18311.0,
            18311.0,
            18311.0,
            18311.0,
            18311.0,
            18311.0,
            18311.0,
            18311.0,
            18311.0,
            18311.0,
            18311.0,
            18311.0,
            18311.0,
            18311.0
        ]
    },
    "varVY_maxError": {
        "mean": 10.4606,
        "stdev": 0.0,
        "units": "mm?",
        "values": [
            10.4606,
            10.4606,
            10.4606,
            10.4606,
            10.4606,
            10.4606,
            10.4606,
            10.4606,
            10.4606,
            10.4606,
            10.4606,
            10.4606,
            10.4606,
            10.4606,
            10.4606,
            10.4606,
            10.4606,
            10.4606,
            10.4606,
            10.4606
        ]
    },
    "varVZ_dQMinChanges": {
        "mean": 46.0,
        "stdev": 0.0,
        "units": "changes",
        "values": [
            46.0,
            46.0,
            46.0,
            46.0,
            46.0,
            46.0,
            46.0,
            46.0,
            46.0,
            46.0,
            46.0,
            46.0,
            46.0,
            46.0,
            46.0,
            46.0,
            46.0,
            46.0,
            46.0,
            46.0
        ]
    },
    "varVZ_dQRelChanges": {
        "mean": 18311.0,
        "stdev": 0.0,
        "units": "changes",
        "values": [
            18311.0,
            18311.0,
            18311.0,
            18311.0,
            18311.0,
            18311.0,
            18311.0,
            18311.0,
            18311.0,
            18311.0,
            18311.0,
            18311.0,
            18311.0,
            18311.0,
            18311.0,
            18311.0,
            18311.0,
            18311.0,
            18311.0,
            18311.0
        ]
    },
    "varVZ_maxError": {
        "mean": 10.4606,
        "stdev": 0.0,
        "units": "mm?",
        "values": [
            10.4606,
            10.4606,
            10.4606,
            10.4606,
            10.4606,
            10.4606,
            10.4606,
            10.4606,
            10.4606,
            10.4606,
            10.4606,
            10.4606,
            10.4606,
            10.4606,
            10.4606,
            10.4606,
            10.4606,
            10.4606,
            10.4606,
            10.4606
        ]
    },
    "varX_dQMinChanges": {
        "mean": 46.0,
        "stdev": 0.0,
        "units": "changes",
        "values": [
            46.0,
            46.0,
            46.0,
            46.0,
            46.0,
            46.0,
            46.0,
            46.0,
            46.0,
            46.0,
            46.0,
            46.0,
            46.0,
            46.0,
            46.0,
            46.0,
            46.0,
            46.0,
            46.0,
            46.0
        ]
    },
    "varX_dQRelChanges": {
        "mean": 18311.0,
        "stdev": 0.0,
        "units": "changes",
        "values": [
            18311.0,
            18311.0,
            18311.0,
            18311.0,
            18311.0,
            18311.0,
            18311.0,
            18311.0,
            18311.0,
            18311.0,
            18311.0,
            18311.0,
            18311.0,
            18311.0,
            18311.0,
            18311.0,
            18311.0,
            18311.0,
            18311.0,
            18311.0
        ]
    },
    "varX_maxError": {
        "mean": 10.4606,
        "stdev": 0.0,
        "units": "mm?",
        "values": [
            10.4606,
            10.4606,
            10.4606,
            10.4606,
            10.4606,
            10.4606,
            10.4606,
            10.4606,
            10.4606,
            10.4606,
            10.4606,
            10.4606,
            10.4606,
            10.4606,
            10.4606,
            10.4606,
            10.4606,
            10.4606,
            10.4606,
            10.4606
        ]
    },
    "varY_dQMinChanges": {
        "mean": 46.0,
        "stdev": 0.0,
        "units": "changes",
        "values": [
            46.0,
            46.0,
            46.0,
            46.0,
            46.0,
            46.0,
            46.0,
            46.0,
            46.0,
            46.0,
            46.0,
            46.0,
            46.0,
            46.0,
            46.0,
            46.0,
            46.0,
            46.0,
            46.0,
            46.0
        ]
    },
    "varY_dQRelChanges": {
        "mean": 18311.0,
        "stdev": 0.0,
        "units": "changes",
        "values": [
            18311.0,
            18311.0,
            18311.0,
            18311.0,
            18311.0,
            18311.0,
            18311.0,
            18311.0,
            18311.0,
            18311.0,
            18311.0,
            18311.0,
            18311.0,
            18311.0,
            18311.0,
            18311.0,
            18311.0,
            18311.0,
            18311.0,
            18311.0
        ]
    },
    "varY_maxError": {
        "mean": 10.4606,
        "stdev": 0.0,
        "units": "mm?",
        "values": [
            10.4606,
            10.4606,
            10.4606,
            10.4606,
            10.4606,
            10.4606,
            10.4606,
            10.4606,
            10.4606,
            10.4606,
            10.4606,
            10.4606,
            10.4606,
            10.4606,
            10.4606,
            10.4606,
            10.4606,
            10.4606,
            10.4606,
            10.4606
        ]
    },
    "varZ_dQMinChanges": {
        "mean": 46.0,
        "stdev": 0.0,
        "units": "changes",
        "values": [
            46.0,
            46.0,
            46.0,
            46.0,
            46.0,
            46.0,
            46.0,
            46.0,
            46.0,
            46.0,
            46.0,
            46.0,
            46.0,
            46.0,
            46.0,
            46.0,
            46.0,
            46.0,
            46.0,
            46.0
        ]
    },
    "varZ_dQRelChanges": {
        "mean": 18311.0,
        "stdev": 0.0,
        "units": "changes",
        "values": [
            18311.0,
            18311.0,
            18311.0,
            18311.0,
            18311.0,
            18311.0,
            18311.0,
            18311.0,
            18311.0,
            18311.0,
            18311.0,
            18311.0,
            18311.0,
            18311.0,
            18311.0,
            18311.0,
            18311.0,
            18311.0,
            18311.0,
            18311.0
        ]
    },
    "varZ_maxError": {
        "mean": 10.4606,
        "stdev": 0.0,
        "units": "mm?",
        "values": [
            10.4606,
            10.4606,
            10.4606,
            10.4606,
            10.4606,
            10.4606,
            10.4606,
            10.4606,
            10.4606,
            10.4606,
            10.4606,
            10.4606,
            10.4606,
            10.4606,
            10.4606,
            10.4606,
            10.4606,
            10.4606,
            10.4606,
            10.4606
        ]
    }
}