{
    "intersections": {
        "mean": 2609133,
        "stdev": 0.0,
        "units": "intersections",
        "values": [
            2609133,
            2609133,
            2609133,
            2609133,
            2609133,
            2609133,
            2609133,
            2609133,
            2609133,
            2609133,
            2609133,
            2609133,
            2609133,
            2609133,
            2609133,
            2609133,
            2609133,
            2609133,
            2609133,
            2609133
        ]
    },
    "numberOfThreads": {
        "mean": 1,
        "stdev": 0.0,
        "units": "threads",
        "values": [
            1,
            1,
            1,
            1,
            1,
            1,
            1,
            1,
            1,
            1,
            1,
            1,
            1,
            1,
            1,
            1,
            1,
            1,
            1,
            1
        ]
    },
    "realTime": {
        "mean": 157.52015,
        "stdev": 8.58643021391434,
        "units": "seconds",
        "values": [
            157.327,
            154.066,
            162.649,
            176.747,
            144.115,
            150.536,
            159.968,
            157.446,
            175.27,
            152.269,
            154.183,
            147.146,
            155.716,
            162.0,
            163.668,
            161.88,
            144.61,
            157.117,
            151.889,
            161.801
        ]
    },
    "systemTime": {
        "mean": 0.022,
        "stdev": 0.006155870112510924,
        "units": "seconds",
        "values": [
            0.02,
            0.03,
            0.03,
            0.02,
            0.02,
            0.02,
            0.02,
            0.01,
            0.02,
            0.02,
            0.03,
            0.02,
            0.02,
            0.03,
            0.01,
            0.02,
            0.02,
            0.03,
            0.03,
            0.02
        ]
    },
    "totalSteps": {
        "mean": 2609133,
        "stdev": 0.0,
        "units": "steps",
        "values": [
            2609133,
            2609133,
            2609133,
            2609133,
            2609133,
            2609133,
            2609133,
            2609133,
            2609133,
            2609133,
            2609133,
            2609133,
            2609133,
            2609133,
            2609133,
            2609133,
            2609133,
            2609133,
            2609133,
            2609133
        ]
    },
    "userTime": {
        "mean": 157.507,
        "stdev": 8.589616804148207,
        "units": "seconds",
        "values": [
            157.32,
            154.04,
            162.63,
            176.74,
            144.1,
            150.52,
            159.96,
            157.43,
            175.26,
            152.25,
            154.17,
            147.12,
            155.71,
            161.99,
            163.67,
            161.87,
            144.6,
            157.1,
            151.87,
            161.79
        ]
    }
}