{
    "intersections": {
        "mean": 11292,
        "stdev": 0.0,
        "units": "intersections",
        "values": [
            11292,
            11292,
            11292,
            11292,
            11292,
            11292,
            11292,
            11292,
            11292,
            11292,
            11292,
            11292,
            11292,
            11292,
            11292,
            11292,
            11292,
            11292,
            11292,
            11292
        ]
    },
    "numberOfThreads": {
        "mean": 1,
        "stdev": 0.0,
        "units": "threads",
        "values": [
            1,
            1,
            1,
            1,
            1,
            1,
            1,
            1,
            1,
            1,
            1,
            1,
            1,
            1,
            1,
            1,
            1,
            1,
            1,
            1
        ]
    },
    "realTime": {
        "mean": 33.953555,
        "stdev": 0.7864344858282856,
        "units": "seconds",
        "values": [
            33.145,
            34.4732,
            33.6804,
            35.9932,
            33.2338,
            33.0233,
            33.0744,
            34.7793,
            33.2834,
            34.0177,
            34.6511,
            33.0934,
            34.5506,
            34.244,
            34.4447,
            34.6371,
            33.9239,
            33.5724,
            33.0943,
            34.1559
        ]
    },
    "systemTime": {
        "mean": 0.2215,
        "stdev": 0.02084403234046921,
        "units": "seconds",
        "values": [
            0.21,
            0.22,
            0.18,
            0.25,
            0.18,
            0.25,
            0.24,
            0.24,
            0.22,
            0.24,
            0.24,
            0.23,
            0.2,
            0.24,
            0.21,
            0.22,
            0.21,
            0.2,
            0.23,
            0.22
        ]
    },
    "totalSteps": {
        "mean": 380125,
        "stdev": 0.0,
        "units": "steps",
        "values": [
            380125,
            380125,
            380125,
            380125,
            380125,
            380125,
            380125,
            380125,
            380125,
            380125,
            380125,
            380125,
            380125,
            380125,
            380125,
            380125,
            380125,
            380125,
            380125,
            380125
        ]
    },
    "userTime": {
        "mean": 33.338,
        "stdev": 0.7826379145321025,
        "units": "seconds",
        "values": [
            32.58,
            33.91,
            33.17,
            35.38,
            32.63,
            32.36,
            32.5,
            34.07,
            32.72,
            33.32,
            34.06,
            32.4,
            34.0,
            33.55,
            33.89,
            33.96,
            33.35,
            32.9,
            32.52,
            33.49
        ]
    }
}