{
    "intersections": {
        "mean": 0,
        "stdev": 0.0,
        "units": "intersections",
        "values": [
            0,
            0,
            0,
            0,
            0,
            0,
            0,
            0,
            0,
            0,
            0,
            0,
            0,
            0,
            0,
            0,
            0,
            0,
            0,
            0
        ]
    },
    "numberOfThreads": {
        "mean": 1,
        "stdev": 0.0,
        "units": "threads",
        "values": [
            1,
            1,
            1,
            1,
            1,
            1,
            1,
            1,
            1,
            1,
            1,
            1,
            1,
            1,
            1,
            1,
            1,
            1,
            1,
            1
        ]
    },
    "realTime": {
        "mean": 6.8949225,
        "stdev": 0.10182199384348715,
        "units": "seconds",
        "values": [
            6.88019,
            6.88044,
            6.90632,
            6.93322,
            6.84862,
            6.82873,
            6.75262,
            6.85059,
            7.06421,
            6.68504,
            6.94713,
            6.99746,
            7.05739,
            6.88317,
            6.78448,
            7.05167,
            6.85637,
            6.81221,
            6.89078,
            6.98781
        ]
    },
    "systemTime": {
        "mean": 0.39,
        "stdev": 0.021026299321513873,
        "units": "seconds",
        "values": [
            0.38,
            0.38,
            0.42,
            0.38,
            0.38,
            0.4,
            0.36,
            0.4,
            0.39,
            0.37,
            0.43,
            0.4,
            0.38,
            0.4,
            0.36,
            0.41,
            0.35,
            0.41,
            0.39,
            0.41
        ]
    },
    "totalSteps": {
        "mean": 15250,
        "stdev": 0.0,
        "units": "steps",
        "values": [
            15250,
            15250,
            15250,
            15250,
            15250,
            15250,
            15250,
            15250,
            15250,
            15250,
            15250,
            15250,
            15250,
            15250,
            15250,
            15250,
            15250,
            15250,
            15250,
            15250
        ]
    },
    "userTime": {
        "mean": 6.2924999999999995,
        "stdev": 0.08943536331075257,
        "units": "seconds",
        "values": [
            6.29,
            6.3,
            6.29,
            6.35,
            6.27,
            6.24,
            6.18,
            6.18,
            6.43,
            6.08,
            6.28,
            6.39,
            6.47,
            6.28,
            6.22,
            6.35,
            6.29,
            6.29,
            6.3,
            6.37
        ]
    }
}