

          ################################
          !!! G4Backtrace is activated !!!
          ################################


**************************************************************
 Geant4 version Name: geant4-11-00-ref-02 [MT]   (28-February-2022)
                       Copyright : Geant4 Collaboration
                      References : NIM A 506 (2003), 250-303
                                 : IEEE-TNS 53 (2006), 270-278
                                 : NIM A 835 (2016), 186-225
                             WWW : http://geant4.org/
**************************************************************


***** Table : Nb of materials = 11 *****

 Material:    Mylar    density:  1.390 g/cm3   RadL:  28.743 cm   Nucl.Int.Length:  56.319 cm 
                       Imean:  75.967 eV   temperature: 293.15 K  pressure:   1.00 atm

   --->  Element: Oxygen (O)   Z =  8.0   N =    16   A = 16.000 g/mole
         --->  Isotope:   O16   Z =  8   N =  16   A =  15.99 g/mole   abundance: 99.757 %
         --->  Isotope:   O17   Z =  8   N =  17   A =  17.00 g/mole   abundance:  0.038 %
         --->  Isotope:   O18   Z =  8   N =  18   A =  18.00 g/mole   abundance:  0.205 %
          ElmMassFraction:  33.30 %  ElmAbundance  18.18 % 

   --->  Element: Carbon (C)   Z =  6.0   N =    12   A = 12.010 g/mole
         --->  Isotope:   C12   Z =  6   N =  12   A =  12.00 g/mole   abundance: 98.930 %
         --->  Isotope:   C13   Z =  6   N =  13   A =  13.00 g/mole   abundance:  1.070 %
          ElmMassFraction:  62.49 %  ElmAbundance  45.45 % 

   --->  Element: Hydrogen (H)   Z =  1.0   N =     1   A =  1.010 g/mole
         --->  Isotope:    H1   Z =  1   N =   1   A =   1.01 g/mole   abundance: 99.989 %
         --->  Isotope:    H2   Z =  1   N =   2   A =   2.01 g/mole   abundance:  0.011 %
          ElmMassFraction:   4.20 %  ElmAbundance  36.36 % 


 Material: Polypropelene    density: 910.000 mg/cm3  RadL:  49.214 cm   Nucl.Int.Length:  74.282 cm 
                       Imean:  56.518 eV   temperature: 293.15 K  pressure:   1.00 atm

   --->  Element: Hydrogen (H)   Z =  1.0   N =     1   A =  1.010 g/mole
         --->  Isotope:    H1   Z =  1   N =   1   A =   1.01 g/mole   abundance: 99.989 %
         --->  Isotope:    H2   Z =  1   N =   2   A =   2.01 g/mole   abundance:  0.011 %
          ElmMassFraction:  14.40 %  ElmAbundance  66.67 % 

   --->  Element: Carbon (C)   Z =  6.0   N =    12   A = 12.010 g/mole
         --->  Isotope:   C12   Z =  6   N =  12   A =  12.00 g/mole   abundance: 98.930 %
         --->  Isotope:   C13   Z =  6   N =  13   A =  13.00 g/mole   abundance:  1.070 %
          ElmMassFraction:  85.60 %  ElmAbundance  33.33 % 


 Material:       Kr    density:  3.700 mg/cm3  RadL:  30.736 m    Nucl.Int.Length: 413.949 m  
                       Imean: 352.000 eV   temperature: 293.15 K  pressure:   1.00 atm

   --->  Element: Kr (Kr)   Z = 36.0   N =    84   A = 83.799 g/mole
         --->  Isotope:  Kr78   Z = 36   N =  78   A =  77.92 g/mole   abundance:  0.350 %
         --->  Isotope:  Kr80   Z = 36   N =  80   A =  79.92 g/mole   abundance:  2.280 %
         --->  Isotope:  Kr82   Z = 36   N =  82   A =  81.91 g/mole   abundance: 11.580 %
         --->  Isotope:  Kr83   Z = 36   N =  83   A =  82.91 g/mole   abundance: 11.490 %
         --->  Isotope:  Kr84   Z = 36   N =  84   A =  83.91 g/mole   abundance: 57.000 %
         --->  Isotope:  Kr86   Z = 36   N =  86   A =  85.91 g/mole   abundance: 17.300 %
          ElmMassFraction: 100.00 %  ElmAbundance 100.00 % 


 Material:    Argon    density:  1.784 mg/cm3  RadL: 109.604 m    Nucl.Int.Length: 670.814 m  
                       Imean: 188.000 eV   temperature: 293.15 K  pressure:   1.00 atm

   --->  Element: Argon (Ar)   Z = 18.0   N =    40   A = 39.948 g/mole
         --->  Isotope:  Ar36   Z = 18   N =  36   A =  35.97 g/mole   abundance:  0.337 %
         --->  Isotope:  Ar38   Z = 18   N =  38   A =  37.96 g/mole   abundance:  0.063 %
         --->  Isotope:  Ar40   Z = 18   N =  40   A =  39.96 g/mole   abundance: 99.600 %
          ElmMassFraction: 100.00 %  ElmAbundance 100.00 % 


 Material:       N2    density:  1.251 mg/cm3  RadL: 303.846 m    Nucl.Int.Length: 674.714 m  
                       Imean:  82.000 eV   temperature: 293.15 K  pressure:   1.00 atm

   --->  Element: Nitrogen (N)   Z =  7.0   N =    14   A = 14.010 g/mole
         --->  Isotope:   N14   Z =  7   N =  14   A =  14.00 g/mole   abundance: 99.632 %
         --->  Isotope:   N15   Z =  7   N =  15   A =  15.00 g/mole   abundance:  0.368 %
          ElmMassFraction: 100.00 %  ElmAbundance 100.00 % 


 Material:       O2    density:  1.429 mg/cm3  RadL: 239.621 m    Nucl.Int.Length: 617.219 m  
                       Imean:  95.000 eV   temperature: 293.15 K  pressure:   1.00 atm

   --->  Element: Oxygen (O)   Z =  8.0   N =    16   A = 16.000 g/mole
         --->  Isotope:   O16   Z =  8   N =  16   A =  15.99 g/mole   abundance: 99.757 %
         --->  Isotope:   O17   Z =  8   N =  17   A =  17.00 g/mole   abundance:  0.038 %
         --->  Isotope:   O18   Z =  8   N =  18   A =  18.00 g/mole   abundance:  0.205 %
          ElmMassFraction: 100.00 %  ElmAbundance 100.00 % 


 Material:      Air    density:  0.000 mg/cm3  RadL: 28329262.634 km   Nucl.Int.Length: 66178558.148 km 
                       Imean:  85.664 eV   temperature: 273.15 K  pressure:   0.00 atm

   --->  Element: Argon (Ar)   Z = 18.0   N =    40   A = 39.948 g/mole
         --->  Isotope:  Ar36   Z = 18   N =  36   A =  35.97 g/mole   abundance:  0.337 %
         --->  Isotope:  Ar38   Z = 18   N =  38   A =  37.96 g/mole   abundance:  0.063 %
         --->  Isotope:  Ar40   Z = 18   N =  40   A =  39.96 g/mole   abundance: 99.600 %
          ElmMassFraction:   1.28 %  ElmAbundance   0.47 % 

   --->  Element: Nitrogen (N)   Z =  7.0   N =    14   A = 14.010 g/mole
         --->  Isotope:   N14   Z =  7   N =  14   A =  14.00 g/mole   abundance: 99.632 %
         --->  Isotope:   N15   Z =  7   N =  15   A =  15.00 g/mole   abundance:  0.368 %
          ElmMassFraction:  75.57 %  ElmAbundance  78.48 % 

   --->  Element: Oxygen (O)   Z =  8.0   N =    16   A = 16.000 g/mole
         --->  Isotope:   O16   Z =  8   N =  16   A =  15.99 g/mole   abundance: 99.757 %
         --->  Isotope:   O17   Z =  8   N =  17   A =  17.00 g/mole   abundance:  0.038 %
         --->  Isotope:   O18   Z =  8   N =  18   A =  18.00 g/mole   abundance:  0.205 %
          ElmMassFraction:  23.15 %  ElmAbundance  21.05 % 


 Material:    Xenon    density:  5.858 mg/cm3  RadL:  14.478 m    Nucl.Int.Length: 303.668 m  
                       Imean: 482.000 eV   temperature: 293.15 K  pressure:   1.00 atm

   --->  Element: Xe (Xe)   Z = 54.0   N =   131   A = 131.292 g/mole
         --->  Isotope: Xe124   Z = 54   N = 124   A = 123.91 g/mole   abundance:  0.090 %
         --->  Isotope: Xe126   Z = 54   N = 126   A = 125.90 g/mole   abundance:  0.090 %
         --->  Isotope: Xe128   Z = 54   N = 128   A = 127.90 g/mole   abundance:  1.920 %
         --->  Isotope: Xe129   Z = 54   N = 129   A = 128.91 g/mole   abundance: 26.440 %
         --->  Isotope: Xe130   Z = 54   N = 130   A = 129.90 g/mole   abundance:  4.080 %
         --->  Isotope: Xe131   Z = 54   N = 131   A = 130.91 g/mole   abundance: 21.180 %
         --->  Isotope: Xe132   Z = 54   N = 132   A = 131.90 g/mole   abundance: 26.890 %
         --->  Isotope: Xe134   Z = 54   N = 134   A = 133.91 g/mole   abundance: 10.440 %
         --->  Isotope: Xe136   Z = 54   N = 136   A = 135.91 g/mole   abundance:  8.870 %
          ElmMassFraction: 100.00 %  ElmAbundance 100.00 % 


 Material:      CO2    density:  1.842 mg/cm3  RadL: 196.501 m    Nucl.Int.Length: 466.037 m  
                       Imean:  90.958 eV   temperature: 293.15 K  pressure:   1.00 atm

   --->  Element: Carbon (C)   Z =  6.0   N =    12   A = 12.010 g/mole
         --->  Isotope:   C12   Z =  6   N =  12   A =  12.00 g/mole   abundance: 98.930 %
         --->  Isotope:   C13   Z =  6   N =  13   A =  13.00 g/mole   abundance:  1.070 %
          ElmMassFraction:  27.29 %  ElmAbundance  33.33 % 

   --->  Element: Oxygen (O)   Z =  8.0   N =    16   A = 16.000 g/mole
         --->  Isotope:   O16   Z =  8   N =  16   A =  15.99 g/mole   abundance: 99.757 %
         --->  Isotope:   O17   Z =  8   N =  17   A =  17.00 g/mole   abundance:  0.038 %
         --->  Isotope:   O18   Z =  8   N =  18   A =  18.00 g/mole   abundance:  0.205 %
          ElmMassFraction:  72.71 %  ElmAbundance  66.67 % 


 Material:  Xe20CO2    density:  5.082 mg/cm3  RadL:  17.750 m    Nucl.Int.Length: 323.034 m  
                       Imean: 412.597 eV   temperature: 293.15 K  pressure:   1.00 atm

   --->  Element: Xe (Xe)   Z = 54.0   N =   131   A = 131.292 g/mole
         --->  Isotope: Xe124   Z = 54   N = 124   A = 123.91 g/mole   abundance:  0.090 %
         --->  Isotope: Xe126   Z = 54   N = 126   A = 125.90 g/mole   abundance:  0.090 %
         --->  Isotope: Xe128   Z = 54   N = 128   A = 127.90 g/mole   abundance:  1.920 %
         --->  Isotope: Xe129   Z = 54   N = 129   A = 128.91 g/mole   abundance: 26.440 %
         --->  Isotope: Xe130   Z = 54   N = 130   A = 129.90 g/mole   abundance:  4.080 %
         --->  Isotope: Xe131   Z = 54   N = 131   A = 130.91 g/mole   abundance: 21.180 %
         --->  Isotope: Xe132   Z = 54   N = 132   A = 131.90 g/mole   abundance: 26.890 %
         --->  Isotope: Xe134   Z = 54   N = 134   A = 133.91 g/mole   abundance: 10.440 %
         --->  Isotope: Xe136   Z = 54   N = 136   A = 135.91 g/mole   abundance:  8.870 %
          ElmMassFraction:  92.20 %  ElmAbundance  56.91 % 

   --->  Element: Carbon (C)   Z =  6.0   N =    12   A = 12.010 g/mole
         --->  Isotope:   C12   Z =  6   N =  12   A =  12.00 g/mole   abundance: 98.930 %
         --->  Isotope:   C13   Z =  6   N =  13   A =  13.00 g/mole   abundance:  1.070 %
          ElmMassFraction:   2.13 %  ElmAbundance  14.36 % 

   --->  Element: Oxygen (O)   Z =  8.0   N =    16   A = 16.000 g/mole
         --->  Isotope:   O16   Z =  8   N =  16   A =  15.99 g/mole   abundance: 99.757 %
         --->  Isotope:   O17   Z =  8   N =  17   A =  17.00 g/mole   abundance:  0.038 %
         --->  Isotope:   O18   Z =  8   N =  18   A =  18.00 g/mole   abundance:  0.205 %
          ElmMassFraction:   5.67 %  ElmAbundance  28.73 % 


 Material:  Kr20CO2    density:  3.601 mg/cm3  RadL:  34.157 m    Nucl.Int.Length: 391.554 m  
                       Imean: 296.926 eV   temperature: 293.15 K  pressure:   1.00 atm

   --->  Element: Kr (Kr)   Z = 36.0   N =    84   A = 83.799 g/mole
         --->  Isotope:  Kr78   Z = 36   N =  78   A =  77.92 g/mole   abundance:  0.350 %
         --->  Isotope:  Kr80   Z = 36   N =  80   A =  79.92 g/mole   abundance:  2.280 %
         --->  Isotope:  Kr82   Z = 36   N =  82   A =  81.91 g/mole   abundance: 11.580 %
         --->  Isotope:  Kr83   Z = 36   N =  83   A =  82.91 g/mole   abundance: 11.490 %
         --->  Isotope:  Kr84   Z = 36   N =  84   A =  83.91 g/mole   abundance: 57.000 %
         --->  Isotope:  Kr86   Z = 36   N =  86   A =  85.91 g/mole   abundance: 17.300 %
          ElmMassFraction:  89.00 %  ElmAbundance  58.62 % 

   --->  Element: Carbon (C)   Z =  6.0   N =    12   A = 12.010 g/mole
         --->  Isotope:   C12   Z =  6   N =  12   A =  12.00 g/mole   abundance: 98.930 %
         --->  Isotope:   C13   Z =  6   N =  13   A =  13.00 g/mole   abundance:  1.070 %
          ElmMassFraction:   3.00 %  ElmAbundance  13.79 % 

   --->  Element: Oxygen (O)   Z =  8.0   N =    16   A = 16.000 g/mole
         --->  Isotope:   O16   Z =  8   N =  16   A =  15.99 g/mole   abundance: 99.757 %
         --->  Isotope:   O17   Z =  8   N =  17   A =  17.00 g/mole   abundance:  0.038 %
         --->  Isotope:   O18   Z =  8   N =  18   A =  18.00 g/mole   abundance:  0.205 %
          ElmMassFraction:   8.00 %  ElmAbundance  27.59 % 



<<< Geant4 Physics List simulation engine: FTFP_BERT


 The  WORLD   is made of 44000mm of Air, the transverse size (R) of the world is 22000 mm. 
 The ABSORBER is made of 1mm of Air, the transverse size (R) is 20000 mm. 
 Z position of the (middle of the) absorber 21990  mm.

 F01FieldSetup: magnetic field set to Uniform( (0.0033,0,0) ) 
 F01FieldSetup::CreateStepperAndChordFinder() called. 
                 1. Creating Stepper.
G4ExplicitEuler is chosen.
The minimal step is equal to 1 mm
                 2. Creating ChordFinder.
 G4ChordFinder: stepperDriverId: 2
 G4ChordFinder: Creating Templated Stepper of type> G4TDormandPrince745 (templated Dormand-Prince45, aka DoPri5): 5th/4th Order 7-stage embedded
 G4ChordFinder: Using G4IntegrationDriver. 
                 3. Updating Field Manager.
                 4. Updating Field Manager.

 hInelastic FTFP_BERT : threshold between BERT and FTFP is over the interval 
 for pions :   3 to 6 GeV
 for kaons :   3 to 6 GeV
 for proton :  3 to 6 GeV
 for neutron : 3 to 6 GeV

### Adding tracking cuts for neutron  TimeCut(ns)= 10000  KinEnergyCut(MeV)= 0
Visualization Manager instantiating with verbosity "warnings (3)"...
Visualization Manager initialising...
Registering graphics systems...

You have successfully registered the following graphics systems.
Registered graphics systems are:
  ASCIITree (ATree)
  DAWNFILE (DAWNFILE)
  G4HepRepFile (HepRepFile)
  RayTracer (RayTracer)
  VRML2FILE (VRML2FILE)
  gMocrenFile (gMocrenFile)

Registering model factories...

You have successfully registered the following model factories.
Registered model factories:
  generic
  drawByAttribute
  drawByCharge
  drawByOriginVolume
  drawByParticleID
  drawByEncounteredVolume

Registered models:
  None

Registered filter factories:
  attributeFilter
  chargeFilter
  originVolumeFilter
  particleFilter
  encounteredVolumeFilter

Registered filters:
  None

You have successfully registered the following user vis actions.
Run Duration User Vis Actions: none
End of Event User Vis Actions: none
End of Run User Vis Actions: none

Some /vis commands (optionally) take a string to specify colour.
"/vis/list" to see available colours.
QSSMessenger: Selecting stepper QSS2
 F01FieldSetup::CreateStepperAndChordFinder() called. 
                 1. Creating Stepper.
G4ExplicitEuler is chosen.
The minimal step is equal to 0.1 mm
                 2. Creating ChordFinder.
 G4ChordFinder: stepperDriverId: 5
---- QSStepper<QSS2>* CreateQss2Stepper(G4Mag_EqRhs* ) CALLED
-- Created QSS-2 stepper
-- Using QSS Driver.
                 3. Updating Field Manager.
 F01FieldSetup::CreateStepperAndChordFinder() called. 
                 1. Creating Stepper.
G4ExplicitEuler is chosen.
The minimal step is equal to 0.1 mm
                 2. Creating ChordFinder.
 G4ChordFinder: stepperDriverId: 5
---- QSStepper<QSS2>* CreateQss2Stepper(G4Mag_EqRhs* ) CALLED
-- Created QSS-2 stepper
-- Using QSS Driver.
                 3. Updating Field Manager.
Setting Field strength to (1000,0,0) Gauss.
#
/calor/setAbsMat Xe20CO2
/calor/setWorldMat Kr20CO2
/calor/setAbsThick 0.8 mm
/run/reinitializeGeometry
/calor/setAbsRad 1900 mm
/run/reinitializeGeometry
/calor/setAbsZpos 20990 mm
/run/reinitializeGeometry
/calor/setWorldZ 45000 mm
/run/reinitializeGeometry
/calor/setWorldR 23000 mm
/run/reinitializeGeometry
/field/setFieldZ 1.0 kG
Setting Field strength to (0,0,1000) Gauss.
#
/gun/random off
/gun/xvertex 100 mm
 X coordinate of the primary vertex = 100 mm.
/gun/yvertex 100 mm
 Y coordinate of the primary vertex = 100 mm.
/gun/zvertex 100 mm
 Z coordinate of the primary vertex = 100 mm.
#
/run/beamOn 1
Start re-initialization because 
  Geometry
has been modified since last Run.

 The  WORLD   is made of 45000mm of Kr20CO2, the transverse size (R) of the world is 23000 mm. 
 The ABSORBER is made of 0.8mm of Xe20CO2, the transverse size (R) is 1900 mm. 
 Z position of the (middle of the) absorber 20990  mm.


====================================================================
                  HADRONIC PROCESSES SUMMARY (verbose level 1)

---------------------------------------------------
                           Hadronic Processes for neutron

  Process: hadElastic
        Model:             hElasticCHIPS: 0 eV  ---> 100 TeV
     Cr_sctns:        G4NeutronElasticXS: 0 eV  ---> 100 TeV

  Process: neutronInelastic
        Model:                      FTFP: 3 GeV ---> 100 TeV
        Model:            BertiniCascade: 0 eV  ---> 6 GeV
     Cr_sctns:      G4NeutronInelasticXS: 0 eV  ---> 100 TeV

  Process: nCapture
        Model:               nRadCapture: 0 eV  ---> 100 TeV
     Cr_sctns:        G4NeutronCaptureXS: 0 eV  ---> 100 TeV

  Process: nKiller

---------------------------------------------------
                           Hadronic Processes for B-

  Process: hadElastic
        Model:              hElasticLHEP: 0 eV  ---> 100 TeV
     Cr_sctns:            Glauber-Gribov: 0 eV  ---> 100 TeV

  Process: B-Inelastic
        Model:                      FTFP: 0 eV  ---> 100 TeV
     Cr_sctns:            Glauber-Gribov: 0 eV  ---> 100 TeV

---------------------------------------------------
                           Hadronic Processes for D-

  Process: hadElastic
        Model:              hElasticLHEP: 0 eV  ---> 100 TeV
     Cr_sctns:            Glauber-Gribov: 0 eV  ---> 100 TeV

  Process: D-Inelastic
        Model:                      FTFP: 0 eV  ---> 100 TeV
     Cr_sctns:            Glauber-Gribov: 0 eV  ---> 100 TeV

---------------------------------------------------
                           Hadronic Processes for GenericIon

  Process: ionInelastic
        Model:  Binary Light Ion Cascade: 0 eV /n ---> 6 GeV/n
        Model:                      FTFP: 3 GeV/n ---> 100 TeV/n
     Cr_sctns:  Glauber-Gribov Nucl-nucl: 0 eV  ---> 25.6 PeV

---------------------------------------------------
                           Hadronic Processes for He3

  Process: hadElastic
        Model:              hElasticLHEP: 0 eV /n ---> 100 TeV/n
     Cr_sctns:  Glauber-Gribov Nucl-nucl: 0 eV  ---> 25.6 PeV

  Process: He3Inelastic
        Model:  Binary Light Ion Cascade: 0 eV /n ---> 6 GeV/n
        Model:                      FTFP: 3 GeV/n ---> 100 TeV/n
     Cr_sctns:  Glauber-Gribov Nucl-nucl: 0 eV  ---> 25.6 PeV

---------------------------------------------------
                           Hadronic Processes for alpha

  Process: hadElastic
        Model:              hElasticLHEP: 0 eV /n ---> 100 TeV/n
     Cr_sctns:  Glauber-Gribov Nucl-nucl: 0 eV  ---> 25.6 PeV

  Process: alphaInelastic
        Model:  Binary Light Ion Cascade: 0 eV /n ---> 6 GeV/n
        Model:                      FTFP: 3 GeV/n ---> 100 TeV/n
     Cr_sctns:  Glauber-Gribov Nucl-nucl: 0 eV  ---> 25.6 PeV

---------------------------------------------------
                           Hadronic Processes for anti_He3

  Process: hadElastic
        Model:              hElasticLHEP: 0 eV /n ---> 100.1 MeV/n
        Model:              AntiAElastic: 100 MeV/n ---> 100 TeV/n
     Cr_sctns:              AntiAGlauber: 0 eV  ---> 25.6 PeV

  Process: anti_He3Inelastic
        Model:                      FTFP: 0 eV /n ---> 100 TeV/n
     Cr_sctns:              AntiAGlauber: 0 eV  ---> 25.6 PeV

  Process: hFritiofCaptureAtRest

---------------------------------------------------
                           Hadronic Processes for anti_alpha

  Process: hadElastic
        Model:              hElasticLHEP: 0 eV /n ---> 100.1 MeV/n
        Model:              AntiAElastic: 100 MeV/n ---> 100 TeV/n
     Cr_sctns:              AntiAGlauber: 0 eV  ---> 25.6 PeV

  Process: anti_alphaInelastic
        Model:                      FTFP: 0 eV /n ---> 100 TeV/n
     Cr_sctns:              AntiAGlauber: 0 eV  ---> 25.6 PeV

  Process: hFritiofCaptureAtRest

---------------------------------------------------
                           Hadronic Processes for anti_deuteron

  Process: hadElastic
        Model:              hElasticLHEP: 0 eV /n ---> 100.1 MeV/n
        Model:              AntiAElastic: 100 MeV/n ---> 100 TeV/n
     Cr_sctns:              AntiAGlauber: 0 eV  ---> 25.6 PeV

  Process: anti_deuteronInelastic
        Model:                      FTFP: 0 eV /n ---> 100 TeV/n
     Cr_sctns:              AntiAGlauber: 0 eV  ---> 25.6 PeV

  Process: hFritiofCaptureAtRest

---------------------------------------------------
                           Hadronic Processes for anti_lambda

  Process: hadElastic
        Model:              hElasticLHEP: 0 eV  ---> 100 TeV
     Cr_sctns:            Glauber-Gribov: 0 eV  ---> 100 TeV

  Process: anti_lambdaInelastic
        Model:                      FTFP: 0 eV  ---> 100 TeV
     Cr_sctns:            Glauber-Gribov: 0 eV  ---> 100 TeV

  Process: hFritiofCaptureAtRest

---------------------------------------------------
                           Hadronic Processes for anti_neutron

  Process: hadElastic
        Model:              hElasticLHEP: 0 eV  ---> 100.1 MeV
        Model:              AntiAElastic: 100 MeV ---> 100 TeV
     Cr_sctns:              AntiAGlauber: 0 eV  ---> 25.6 PeV

  Process: anti_neutronInelastic
        Model:                      FTFP: 0 eV  ---> 100 TeV
     Cr_sctns:              AntiAGlauber: 0 eV  ---> 25.6 PeV

  Process: hFritiofCaptureAtRest

---------------------------------------------------
                           Hadronic Processes for anti_proton

  Process: hadElastic
        Model:              hElasticLHEP: 0 eV  ---> 100.1 MeV
        Model:              AntiAElastic: 100 MeV ---> 100 TeV
     Cr_sctns:              AntiAGlauber: 0 eV  ---> 25.6 PeV

  Process: anti_protonInelastic
        Model:                      FTFP: 0 eV  ---> 100 TeV
     Cr_sctns:              AntiAGlauber: 0 eV  ---> 25.6 PeV

  Process: hFritiofCaptureAtRest

---------------------------------------------------
                           Hadronic Processes for anti_triton

  Process: hadElastic
        Model:              hElasticLHEP: 0 eV /n ---> 100.1 MeV/n
        Model:              AntiAElastic: 100 MeV/n ---> 100 TeV/n
     Cr_sctns:              AntiAGlauber: 0 eV  ---> 25.6 PeV

  Process: anti_tritonInelastic
        Model:                      FTFP: 0 eV /n ---> 100 TeV/n
     Cr_sctns:              AntiAGlauber: 0 eV  ---> 25.6 PeV

  Process: hFritiofCaptureAtRest

---------------------------------------------------
                           Hadronic Processes for deuteron

  Process: hadElastic
        Model:              hElasticLHEP: 0 eV /n ---> 100 TeV/n
     Cr_sctns:  Glauber-Gribov Nucl-nucl: 0 eV  ---> 25.6 PeV

  Process: dInelastic
        Model:  Binary Light Ion Cascade: 0 eV /n ---> 6 GeV/n
        Model:                      FTFP: 3 GeV/n ---> 100 TeV/n
     Cr_sctns:  Glauber-Gribov Nucl-nucl: 0 eV  ---> 25.6 PeV

---------------------------------------------------
                           Hadronic Processes for e+

  Process: positronNuclear
        Model:   G4ElectroVDNuclearModel: 0 eV  ---> 1 PeV
     Cr_sctns:          ElectroNuclearXS: 0 eV  ---> 100 TeV

---------------------------------------------------
                           Hadronic Processes for e-

  Process: electronNuclear
        Model:   G4ElectroVDNuclearModel: 0 eV  ---> 1 PeV
     Cr_sctns:          ElectroNuclearXS: 0 eV  ---> 100 TeV

---------------------------------------------------
                           Hadronic Processes for gamma

  Process: photonNuclear
        Model:               GammaNPreco: 0 eV  ---> 200 MeV
        Model:            BertiniCascade: 199 MeV ---> 6 GeV
        Model:           TheoFSGenerator: 3 GeV ---> 100 TeV
     Cr_sctns:            GammaNuclearXS: 0 eV  ---> 100 TeV

---------------------------------------------------
                           Hadronic Processes for kaon+

  Process: hadElastic
        Model:              hElasticLHEP: 0 eV  ---> 100 TeV
     Cr_sctns:            Glauber-Gribov: 0 eV  ---> 100 TeV

  Process: kaon+Inelastic
        Model:                      FTFP: 3 GeV ---> 100 TeV
        Model:            BertiniCascade: 0 eV  ---> 6 GeV
     Cr_sctns:            Glauber-Gribov: 0 eV  ---> 100 TeV

---------------------------------------------------
                           Hadronic Processes for kaon-

  Process: hadElastic
        Model:              hElasticLHEP: 0 eV  ---> 100 TeV
     Cr_sctns:            Glauber-Gribov: 0 eV  ---> 100 TeV

  Process: kaon-Inelastic
        Model:                      FTFP: 3 GeV ---> 100 TeV
        Model:            BertiniCascade: 0 eV  ---> 6 GeV
     Cr_sctns:            Glauber-Gribov: 0 eV  ---> 100 TeV

  Process: hBertiniCaptureAtRest

---------------------------------------------------
                           Hadronic Processes for lambda

  Process: hadElastic
        Model:              hElasticLHEP: 0 eV  ---> 100 TeV
     Cr_sctns:            Glauber-Gribov: 0 eV  ---> 100 TeV

  Process: lambdaInelastic
        Model:                      FTFP: 3 GeV ---> 100 TeV
        Model:            BertiniCascade: 0 eV  ---> 6 GeV
     Cr_sctns:            Glauber-Gribov: 0 eV  ---> 100 TeV

---------------------------------------------------
                           Hadronic Processes for mu+

  Process: muonNuclear
        Model:      G4MuonVDNuclearModel: 0 eV  ---> 1 PeV
     Cr_sctns:     KokoulinMuonNuclearXS: 0 eV  ---> 100 TeV

---------------------------------------------------
                           Hadronic Processes for mu-

  Process: muonNuclear
        Model:      G4MuonVDNuclearModel: 0 eV  ---> 1 PeV
     Cr_sctns:     KokoulinMuonNuclearXS: 0 eV  ---> 100 TeV

  Process: muMinusCaptureAtRest

---------------------------------------------------
                           Hadronic Processes for pi+

  Process: hadElastic
        Model:           hElasticGlauber: 0 eV  ---> 100 TeV
     Cr_sctns:  BarashenkovGlauberGribov: 0 eV  ---> 100 TeV

  Process: pi+Inelastic
        Model:                      FTFP: 3 GeV ---> 100 TeV
        Model:            BertiniCascade: 0 eV  ---> 6 GeV
     Cr_sctns:  BarashenkovGlauberGribov: 0 eV  ---> 100 TeV

---------------------------------------------------
                           Hadronic Processes for pi-

  Process: hadElastic
        Model:           hElasticGlauber: 0 eV  ---> 100 TeV
     Cr_sctns:  BarashenkovGlauberGribov: 0 eV  ---> 100 TeV

  Process: pi-Inelastic
        Model:                      FTFP: 3 GeV ---> 100 TeV
        Model:            BertiniCascade: 0 eV  ---> 6 GeV
     Cr_sctns:  BarashenkovGlauberGribov: 0 eV  ---> 100 TeV

  Process: hBertiniCaptureAtRest

---------------------------------------------------
                           Hadronic Processes for proton

  Process: hadElastic
        Model:             hElasticCHIPS: 0 eV  ---> 100 TeV
     Cr_sctns:  BarashenkovGlauberGribov: 0 eV  ---> 100 TeV

  Process: protonInelastic
        Model:                      FTFP: 3 GeV ---> 100 TeV
        Model:            BertiniCascade: 0 eV  ---> 6 GeV
     Cr_sctns:  BarashenkovGlauberGribov: 0 eV  ---> 100 TeV

---------------------------------------------------
                           Hadronic Processes for sigma-

  Process: hadElastic
        Model:              hElasticLHEP: 0 eV  ---> 100 TeV
     Cr_sctns:            Glauber-Gribov: 0 eV  ---> 100 TeV

  Process: sigma-Inelastic
        Model:                      FTFP: 3 GeV ---> 100 TeV
        Model:            BertiniCascade: 0 eV  ---> 6 GeV
     Cr_sctns:            Glauber-Gribov: 0 eV  ---> 100 TeV

  Process: hBertiniCaptureAtRest

---------------------------------------------------
                           Hadronic Processes for triton

  Process: hadElastic
        Model:              hElasticLHEP: 0 eV /n ---> 100 TeV/n
     Cr_sctns:  Glauber-Gribov Nucl-nucl: 0 eV  ---> 25.6 PeV

  Process: tInelastic
        Model:  Binary Light Ion Cascade: 0 eV /n ---> 6 GeV/n
        Model:                      FTFP: 3 GeV/n ---> 100 TeV/n
     Cr_sctns:  Glauber-Gribov Nucl-nucl: 0 eV  ---> 25.6 PeV

================================================================
=======================================================================
======       Pre-compound/De-excitation Physics Parameters     ========
=======================================================================
Type of pre-compound inverse x-section              3
Pre-compound model active                           1
Pre-compound excitation low energy (MeV)            0.1
Pre-compound excitation high energy (MeV)           30
Type of de-excitation inverse x-section             3
Type of de-excitation factory                       Evaporation+GEM
Number of de-excitation channels                    68
Min excitation energy (keV)                         0.01
Min energy per nucleon for multifragmentation (MeV) 2e+05
Limit excitation energy for Fermi BreakUp (MeV)     20
Level density (1/MeV)                               0.075
Use simple level density model                      1
Use discrete excitation energy of the residual      0
Time limit for long lived isomeres (ns)             1
Isomer production flag                              1
Internal e- conversion flag                         1
Store e- internal conversion data                   0
Correlated gamma emission flag                      0
Max 2J for sampling of angular correlations         10
=======================================================================

========= Table of registered couples ============================

Index : 0     used in the geometry : Yes
 Material : Kr20CO2
 Range cuts        :  gamma  700 um     e-  700 um     e+  700 um  proton 700 um 
 Energy thresholds :  gamma  1 keV    e-  1 keV    e+  1 keV proton 70 keV
 Region(s) which use this couple : 
    DefaultRegionForTheWorld

Index : 1     used in the geometry : Yes
 Material : Xe20CO2
 Range cuts        :  gamma  700 um     e-  700 um     e+  700 um  proton 700 um 
 Energy thresholds :  gamma  1 keV    e-  1.13562 keV    e+  1.11274 keV proton 70 keV
 Region(s) which use this couple : 
    DefaultRegionForTheWorld

==================================================================

G4VisManager: Using G4TrajectoryDrawByCharge as fallback trajectory model.
See commands in /vis/modeling/trajectories/ for other options.
### Run 0 starts.
RawVTKOutput - SetCurrentRunId - runId: 0
ParticleMovingLog - SetCurrentRunId - runId: 0
### Run 0 start.
 Calling F01RunAction::ChangeLooperParameters() 
--> Event 0 starts.
Setting QSS precision parameters: dQRel = 0.001 - dQMin = 0.0001
 Run terminated.
Run Summary
  Number of events processed : 1
  User=0.160000s Real=0.153334s Sys=0.000000s [Cpu=104.3%]
 G4Transportation: Statistics for looping particles 
 No looping tracks found or killed. 
Graphics systems deleted.
Visualization Manager deleting...
G4 kernel has come to Quit state.
G4PropagatorInField - intersections: 1
================== Deleting memory pools ===================
Number of memory pools allocated: 11; of which, static: 0
Dynamic pools deleted: 11 / Total memory freed: 0.31 MB
============================================================
RunManagerKernel is deleted. Good bye :)
QSS stats:
dQMin: 0.0001
dQRel: 0.001
 Total steps: 2047
 Total substeps: 19976
 Substeps average per step: 9.75867
 Substeps by track-step:
  Track #1
    Step 1 => 2 substeps
    Step 2 => 3 substeps
    Step 3 => 3 substeps
    Step 4 => 5 substeps
    Step 5 => 3 substeps
    Step 6 => 2 substeps
    Step 7 => 4 substeps
    Step 8 => 3 substeps
    Step 9 => 2 substeps
    Step 10 => 5 substeps
    Step 11 => 5 substeps
    Step 12 => 6 substeps
    Step 13 => 6 substeps
    Step 14 => 3 substeps
    Step 15 => 3 substeps
    Step 16 => 4 substeps
    Step 17 => 3 substeps
    Step 18 => 3 substeps
    Step 19 => 5 substeps
    Step 20 => 4 substeps
    Step 21 => 4 substeps
    Step 22 => 6 substeps
    Step 23 => 2 substeps
    Step 24 => 6 substeps
    Step 25 => 3 substeps
    Step 26 => 3 substeps
    Step 27 => 4 substeps
    Step 28 => 2 substeps
    Step 29 => 6 substeps
    Step 30 => 4 substeps
    Step 31 => 4 substeps
    Step 32 => 3 substeps
    Step 33 => 6 substeps
    Step 34 => 6 substeps
    Step 35 => 4 substeps
    Step 36 => 3 substeps
    Step 37 => 4 substeps
    Step 38 => 3 substeps
    Step 39 => 2 substeps
    Step 40 => 6 substeps
    Step 41 => 6 substeps
    Step 42 => 3 substeps
    Step 43 => 3 substeps
    Step 44 => 3 substeps
    Step 45 => 3 substeps
    Step 46 => 4 substeps
    Step 47 => 3 substeps
    Step 48 => 3 substeps
    Step 49 => 4 substeps
    Step 50 => 6 substeps
    Step 51 => 3 substeps
    Step 52 => 4 substeps
    Step 53 => 3 substeps
    Step 54 => 1 substeps
    Step 55 => 4 substeps
    Step 56 => 4 substeps
    Step 57 => 4 substeps
    Step 58 => 3 substeps
    Step 59 => 4 substeps
    Step 60 => 6 substeps
    Step 61 => 3 substeps
    Step 62 => 1 substeps
    Step 63 => 4 substeps
    Step 64 => 4 substeps
    Step 65 => 4 substeps
    Step 66 => 4 substeps
    Step 67 => 3 substeps
    Step 68 => 4 substeps
    Step 69 => 6 substeps
    Step 70 => 4 substeps
    Step 71 => 6 substeps
    Step 72 => 6 substeps
    Step 73 => 4 substeps
    Step 74 => 6 substeps
    Step 75 => 6 substeps
    Step 76 => 3 substeps
    Step 77 => 2 substeps
    Step 78 => 3 substeps
    Step 79 => 1 substeps
    Step 80 => 6 substeps
    Step 81 => 2 substeps
    Step 82 => 5 substeps
    Step 83 => 4 substeps
    Step 84 => 4 substeps
    Step 85 => 4 substeps
    Step 86 => 4 substeps
    Step 87 => 4 substeps
    Step 88 => 4 substeps
    Step 89 => 4 substeps
    Step 90 => 6 substeps
    Step 91 => 6 substeps
    Step 92 => 5 substeps
    Step 93 => 6 substeps
    Step 94 => 4 substeps
    Step 95 => 2 substeps
    Step 96 => 6 substeps
    Step 97 => 6 substeps
    Step 98 => 2 substeps
    Step 99 => 3 substeps
    Step 100 => 3 substeps
    Step 101 => 4 substeps
    Step 102 => 4 substeps
    Step 103 => 3 substeps
    Step 104 => 3 substeps
    Step 105 => 2 substeps
    Step 106 => 6 substeps
    Step 107 => 3 substeps
    Step 108 => 3 substeps
    Step 109 => 4 substeps
    Step 110 => 4 substeps
    Step 111 => 3 substeps
    Step 112 => 4 substeps
    Step 113 => 4 substeps
    Step 114 => 3 substeps
    Step 115 => 3 substeps
    Step 116 => 3 substeps
    Step 117 => 3 substeps
    Step 118 => 4 substeps
    Step 119 => 1 substeps
    Step 120 => 6 substeps
    Step 121 => 3 substeps
    Step 122 => 3 substeps
    Step 123 => 3 substeps
    Step 124 => 3 substeps
    Step 125 => 6 substeps
    Step 126 => 3 substeps
    Step 127 => 4 substeps
    Step 128 => 3 substeps
    Step 129 => 3 substeps
    Step 130 => 3 substeps
    Step 131 => 3 substeps
    Step 132 => 4 substeps
    Step 133 => 5 substeps
    Step 134 => 4 substeps
    Step 135 => 4 substeps
    Step 136 => 3 substeps
    Step 137 => 2 substeps
    Step 138 => 4 substeps
    Step 139 => 4 substeps
    Step 140 => 4 substeps
    Step 141 => 3 substeps
    Step 142 => 3 substeps
    Step 143 => 6 substeps
    Step 144 => 4 substeps
    Step 145 => 5 substeps
    Step 146 => 4 substeps
    Step 147 => 3 substeps
    Step 148 => 4 substeps
    Step 149 => 6 substeps
    Step 150 => 4 substeps
    Step 151 => 6 substeps
    Step 152 => 1 substeps
    Step 153 => 6 substeps
    Step 154 => 2 substeps
    Step 155 => 6 substeps
    Step 156 => 6 substeps
    Step 157 => 1 substeps
    Step 158 => 1 substeps
    Step 159 => 5 substeps
    Step 160 => 3 substeps
    Step 161 => 1 substeps
    Step 162 => 3 substeps
    Step 163 => 4 substeps
    Step 164 => 5 substeps
    Step 165 => 3 substeps
    Step 166 => 3 substeps
    Step 167 => 3 substeps
    Step 168 => 4 substeps
    Step 169 => 3 substeps
    Step 170 => 5 substeps
    Step 171 => 3 substeps
    Step 172 => 4 substeps
    Step 173 => 4 substeps
    Step 174 => 4 substeps
    Step 175 => 5 substeps
    Step 176 => 1 substeps
    Step 177 => 2 substeps
    Step 178 => 6 substeps
    Step 179 => 2 substeps
    Step 180 => 6 substeps
    Step 181 => 6 substeps
    Step 182 => 6 substeps
    Step 183 => 1 substeps
    Step 184 => 3 substeps
    Step 185 => 3 substeps
    Step 186 => 1 substeps
    Step 187 => 4 substeps
    Step 188 => 4 substeps
    Step 189 => 6 substeps
    Step 190 => 6 substeps
    Step 191 => 3 substeps
    Step 192 => 1 substeps
    Step 193 => 5 substeps
    Step 194 => 1 substeps
    Step 195 => 6 substeps
    Step 196 => 6 substeps
    Step 197 => 6 substeps
    Step 198 => 3 substeps
    Step 199 => 3 substeps
    Step 200 => 6 substeps
    Step 201 => 6 substeps
    Step 202 => 1 substeps
    Step 203 => 2 substeps
    Step 204 => 6 substeps
    Step 205 => 5 substeps
    Step 206 => 6 substeps
    Step 207 => 6 substeps
    Step 208 => 2 substeps
    Step 209 => 4 substeps
    Step 210 => 1 substeps
    Step 211 => 6 substeps
    Step 212 => 6 substeps
    Step 213 => 6 substeps
    Step 214 => 3 substeps
    Step 215 => 3 substeps
    Step 216 => 6 substeps
    Step 217 => 2 substeps
    Step 218 => 2 substeps
    Step 219 => 3 substeps
    Step 220 => 2 substeps
    Step 221 => 4 substeps
    Step 222 => 6 substeps
    Step 223 => 4 substeps
    Step 224 => 3 substeps
    Step 225 => 1 substeps
    Step 226 => 4 substeps
    Step 227 => 1 substeps
    Step 228 => 6 substeps
    Step 229 => 4 substeps
    Step 230 => 4 substeps
    Step 231 => 4 substeps
    Step 232 => 4 substeps
    Step 233 => 4 substeps
    Step 234 => 2 substeps
    Step 235 => 4 substeps
    Step 236 => 5 substeps
    Step 237 => 4 substeps
    Step 238 => 4 substeps
    Step 239 => 2 substeps
    Step 240 => 2 substeps
    Step 241 => 4 substeps
    Step 242 => 6 substeps
    Step 243 => 1 substeps
    Step 244 => 6 substeps
    Step 245 => 1 substeps
    Step 246 => 6 substeps
    Step 247 => 6 substeps
    Step 248 => 6 substeps
    Step 249 => 6 substeps
    Step 250 => 6 substeps
    Step 251 => 6 substeps
    Step 252 => 6 substeps
    Step 253 => 6 substeps
    Step 254 => 1 substeps
    Step 255 => 6 substeps
    Step 256 => 1 substeps
    Step 257 => 5 substeps
    Step 258 => 5 substeps
    Step 259 => 6 substeps
    Step 260 => 5 substeps
    Step 261 => 6 substeps
    Step 262 => 6 substeps
    Step 263 => 6 substeps
    Step 264 => 6 substeps
    Step 265 => 1 substeps
    Step 266 => 5 substeps
    Step 267 => 4 substeps
    Step 268 => 1 substeps
    Step 269 => 1 substeps
    Step 270 => 4 substeps
    Step 271 => 4 substeps
    Step 272 => 6 substeps
    Step 273 => 5 substeps
    Step 274 => 1 substeps
    Step 275 => 5 substeps
    Step 276 => 4 substeps
    Step 277 => 3 substeps
    Step 278 => 2 substeps
    Step 279 => 3 substeps
    Step 280 => 10 substeps
    Step 281 => 5 substeps
    Step 282 => 6 substeps
    Step 283 => 12 substeps
    Step 284 => 5 substeps
    Step 285 => 2 substeps
    Step 286 => 6 substeps
    Step 287 => 6 substeps
    Step 288 => 10 substeps
    Step 289 => 6 substeps
    Step 290 => 6 substeps
    Step 291 => 1 substeps
    Step 292 => 6 substeps
    Step 293 => 6 substeps
    Step 294 => 6 substeps
    Step 295 => 6 substeps
    Step 296 => 6 substeps
    Step 297 => 6 substeps
    Step 298 => 6 substeps
    Step 299 => 14 substeps
    Step 300 => 6 substeps
    Step 301 => 5 substeps
    Step 302 => 10 substeps
    Step 303 => 14 substeps
    Step 304 => 8 substeps
    Step 305 => 16 substeps
    Step 306 => 30 substeps
    Step 307 => 6 substeps
    Step 308 => 3 substeps
    Step 309 => 9 substeps
    Step 310 => 3 substeps
    Step 311 => 14 substeps
    Step 312 => 26 substeps
    Step 313 => 12 substeps
    Step 314 => 8 substeps
    Step 315 => 5 substeps
    Step 316 => 12 substeps
    Step 317 => 8 substeps
    Step 318 => 6 substeps
    Step 319 => 6 substeps
    Step 320 => 14 substeps
    Step 321 => 5 substeps
    Step 322 => 6 substeps
    Step 323 => 10 substeps
    Step 324 => 6 substeps
    Step 325 => 11 substeps
    Step 326 => 6 substeps
    Step 327 => 6 substeps
    Step 328 => 6 substeps
    Step 329 => 3 substeps
    Step 330 => 3 substeps
    Step 331 => 6 substeps
    Step 332 => 9 substeps
    Step 333 => 7 substeps
    Step 334 => 5 substeps
    Step 335 => 9 substeps
    Step 336 => 5 substeps
    Step 337 => 6 substeps
    Step 338 => 7 substeps
    Step 339 => 5 substeps
    Step 340 => 10 substeps
    Step 341 => 5 substeps
    Step 342 => 6 substeps
    Step 343 => 7 substeps
    Step 344 => 6 substeps
    Step 345 => 13 substeps
    Step 346 => 5 substeps
    Step 347 => 1 substeps
    Step 348 => 8 substeps
    Step 349 => 7 substeps
    Step 350 => 5 substeps
    Step 351 => 9 substeps
    Step 352 => 15 substeps
    Step 353 => 4 substeps
    Step 354 => 11 substeps
    Step 355 => 15 substeps
    Step 356 => 3 substeps
    Step 357 => 20 substeps
    Step 358 => 8 substeps
    Step 359 => 29 substeps
    Step 360 => 6 substeps
    Step 361 => 5 substeps
    Step 362 => 7 substeps
    Step 363 => 11 substeps
    Step 364 => 5 substeps
    Step 365 => 7 substeps
    Step 366 => 7 substeps
    Step 367 => 5 substeps
    Step 368 => 5 substeps
    Step 369 => 22 substeps
    Step 370 => 15 substeps
    Step 371 => 6 substeps
    Step 372 => 5 substeps
    Step 373 => 11 substeps
    Step 374 => 5 substeps
    Step 375 => 9 substeps
    Step 376 => 9 substeps
    Step 377 => 10 substeps
    Step 378 => 5 substeps
    Step 379 => 5 substeps
    Step 380 => 4 substeps
    Step 381 => 5 substeps
    Step 382 => 6 substeps
    Step 383 => 6 substeps
    Step 384 => 8 substeps
    Step 385 => 6 substeps
    Step 386 => 8 substeps
    Step 387 => 6 substeps
    Step 388 => 4 substeps
    Step 389 => 4 substeps
    Step 390 => 3 substeps
    Step 391 => 4 substeps
    Step 392 => 6 substeps
    Step 393 => 17 substeps
    Step 394 => 6 substeps
    Step 395 => 11 substeps
    Step 396 => 2 substeps
    Step 397 => 3 substeps
    Step 398 => 3 substeps
    Step 399 => 6 substeps
    Step 400 => 11 substeps
    Step 401 => 5 substeps
    Step 402 => 8 substeps
    Step 403 => 6 substeps
    Step 404 => 6 substeps
    Step 405 => 5 substeps
    Step 406 => 5 substeps
    Step 407 => 5 substeps
    Step 408 => 8 substeps
    Step 409 => 6 substeps
    Step 410 => 6 substeps
    Step 411 => 8 substeps
    Step 412 => 3 substeps
    Step 413 => 5 substeps
    Step 414 => 5 substeps
    Step 415 => 8 substeps
    Step 416 => 10 substeps
    Step 417 => 6 substeps
    Step 418 => 5 substeps
    Step 419 => 3 substeps
    Step 420 => 5 substeps
    Step 421 => 6 substeps
    Step 422 => 5 substeps
    Step 423 => 4 substeps
    Step 424 => 5 substeps
    Step 425 => 5 substeps
    Step 426 => 6 substeps
    Step 427 => 2 substeps
    Step 428 => 5 substeps
    Step 429 => 4 substeps
    Step 430 => 6 substeps
    Step 431 => 9 substeps
    Step 432 => 9 substeps
    Step 433 => 9 substeps
    Step 434 => 5 substeps
    Step 435 => 6 substeps
    Step 436 => 9 substeps
    Step 437 => 22 substeps
    Step 438 => 6 substeps
    Step 439 => 8 substeps
    Step 440 => 8 substeps
    Step 441 => 3 substeps
    Step 442 => 3 substeps
    Step 443 => 3 substeps
    Step 444 => 5 substeps
    Step 445 => 5 substeps
    Step 446 => 7 substeps
    Step 447 => 6 substeps
    Step 448 => 5 substeps
    Step 449 => 4 substeps
    Step 450 => 2 substeps
    Step 451 => 16 substeps
    Step 452 => 6 substeps
    Step 453 => 6 substeps
    Step 454 => 6 substeps
    Step 455 => 9 substeps
    Step 456 => 5 substeps
    Step 457 => 9 substeps
    Step 458 => 11 substeps
    Step 459 => 10 substeps
    Step 460 => 20 substeps
    Step 461 => 5 substeps
    Step 462 => 2 substeps
    Step 463 => 21 substeps
    Step 464 => 15 substeps
    Step 465 => 4 substeps
    Step 466 => 2 substeps
    Step 467 => 13 substeps
    Step 468 => 13 substeps
    Step 469 => 8 substeps
    Step 470 => 5 substeps
    Step 471 => 8 substeps
    Step 472 => 4 substeps
    Step 473 => 6 substeps
    Step 474 => 12 substeps
    Step 475 => 7 substeps
    Step 476 => 6 substeps
    Step 477 => 3 substeps
    Step 478 => 15 substeps
    Step 479 => 16 substeps
    Step 480 => 7 substeps
    Step 481 => 5 substeps
    Step 482 => 11 substeps
    Step 483 => 13 substeps
    Step 484 => 20 substeps
    Step 485 => 9 substeps
    Step 486 => 26 substeps
    Step 487 => 2 substeps
    Step 488 => 5 substeps
    Step 489 => 6 substeps
    Step 490 => 14 substeps
    Step 491 => 5 substeps
    Step 492 => 5 substeps
    Step 493 => 8 substeps
    Step 494 => 6 substeps
    Step 495 => 11 substeps
    Step 496 => 19 substeps
    Step 497 => 10 substeps
    Step 498 => 9 substeps
    Step 499 => 7 substeps
    Step 500 => 4 substeps
    Step 501 => 16 substeps
    Step 502 => 5 substeps
    Step 503 => 5 substeps
    Step 504 => 5 substeps
    Step 505 => 6 substeps
    Step 506 => 5 substeps
    Step 507 => 3 substeps
    Step 508 => 11 substeps
    Step 509 => 10 substeps
    Step 510 => 5 substeps
    Step 511 => 5 substeps
    Step 512 => 6 substeps
    Step 513 => 12 substeps
    Step 514 => 13 substeps
    Step 515 => 5 substeps
    Step 516 => 5 substeps
    Step 517 => 2 substeps
    Step 518 => 6 substeps
    Step 519 => 5 substeps
    Step 520 => 7 substeps
    Step 521 => 5 substeps
    Step 522 => 18 substeps
    Step 523 => 8 substeps
    Step 524 => 6 substeps
    Step 525 => 18 substeps
    Step 526 => 3 substeps
    Step 527 => 8 substeps
    Step 528 => 14 substeps
    Step 529 => 5 substeps
    Step 530 => 7 substeps
    Step 531 => 12 substeps
    Step 532 => 2 substeps
    Step 533 => 8 substeps
    Step 534 => 30 substeps
    Step 535 => 11 substeps
    Step 536 => 8 substeps
    Step 537 => 12 substeps
    Step 538 => 5 substeps
    Step 539 => 1 substeps
    Step 540 => 4 substeps
    Step 541 => 6 substeps
    Step 542 => 12 substeps
    Step 543 => 12 substeps
    Step 544 => 5 substeps
    Step 545 => 5 substeps
    Step 546 => 2 substeps
    Step 547 => 8 substeps
    Step 548 => 4 substeps
    Step 549 => 9 substeps
    Step 550 => 6 substeps
    Step 551 => 19 substeps
    Step 552 => 5 substeps
    Step 553 => 1 substeps
    Step 554 => 4 substeps
    Step 555 => 13 substeps
    Step 556 => 10 substeps
  Track #2
    Step 1 => 3 substeps
  Track #3
    Step 1 => 24 substeps
    Step 2 => 14 substeps
    Step 3 => 18 substeps
    Step 4 => 16 substeps
    Step 5 => 12 substeps
    Step 6 => 12 substeps
    Step 7 => 8 substeps
    Step 8 => 4 substeps
  Track #4
    Step 1 => 3 substeps
  Track #5
    Step 1 => 5 substeps
    Step 2 => 4 substeps
  Track #6
    Step 1 => 3 substeps
  Track #7
    Step 1 => 3 substeps
  Track #8
    Step 1 => 3 substeps
  Track #9
    Step 1 => 3 substeps
  Track #10
    Step 1 => 6 substeps
    Step 2 => 3 substeps
  Track #11
    Step 1 => 3 substeps
  Track #12
    Step 1 => 3 substeps
  Track #13
    Step 1 => 3 substeps
  Track #14
    Step 1 => 3 substeps
  Track #15
    Step 1 => 3 substeps
  Track #16
    Step 1 => 3 substeps
  Track #17
    Step 1 => 3 substeps
  Track #18
    Step 1 => 3 substeps
  Track #19
    Step 1 => 2 substeps
  Track #20
    Step 1 => 3 substeps
  Track #21
    Step 1 => 3 substeps
  Track #22
    Step 1 => 3 substeps
  Track #24
    Step 1 => 6 substeps
  Track #25
    Step 1 => 3 substeps
  Track #26
    Step 1 => 3 substeps
  Track #27
    Step 1 => 3 substeps
  Track #28
    Step 1 => 3 substeps
  Track #29
    Step 1 => 3 substeps
  Track #30
    Step 1 => 13 substeps
    Step 2 => 8 substeps
    Step 3 => 9 substeps
    Step 4 => 3 substeps
    Step 5 => 6 substeps
    Step 6 => 3 substeps
  Track #31
    Step 1 => 3 substeps
  Track #32
    Step 1 => 7 substeps
    Step 2 => 2 substeps
  Track #33
    Step 1 => 3 substeps
  Track #34
    Step 1 => 3 substeps
  Track #35
    Step 1 => 3 substeps
  Track #36
    Step 1 => 3 substeps
  Track #37
    Step 1 => 3 substeps
  Track #38
    Step 1 => 3 substeps
  Track #39
    Step 1 => 3 substeps
  Track #40
    Step 1 => 3 substeps
  Track #41
    Step 1 => 3 substeps
  Track #42
    Step 1 => 3 substeps
  Track #44
    Step 1 => 3 substeps
  Track #45
    Step 1 => 3 substeps
  Track #46
    Step 1 => 2 substeps
  Track #47
    Step 1 => 3 substeps
  Track #48
    Step 1 => 3 substeps
  Track #49
    Step 1 => 3 substeps
  Track #50
    Step 1 => 3 substeps
  Track #51
    Step 1 => 3 substeps
  Track #52
    Step 1 => 3 substeps
  Track #53
    Step 1 => 3 substeps
  Track #54
    Step 1 => 3 substeps
  Track #55
    Step 1 => 3 substeps
  Track #56
    Step 1 => 3 substeps
  Track #57
    Step 1 => 3 substeps
  Track #58
    Step 1 => 3 substeps
  Track #59
    Step 1 => 3 substeps
  Track #60
    Step 1 => 3 substeps
  Track #61
    Step 1 => 3 substeps
  Track #62
    Step 1 => 9 substeps
    Step 2 => 6 substeps
    Step 3 => 3 substeps
  Track #63
    Step 1 => 3 substeps
  Track #64
    Step 1 => 2 substeps
  Track #65
    Step 1 => 3 substeps
  Track #66
    Step 1 => 3 substeps
  Track #67
    Step 1 => 3 substeps
  Track #68
    Step 1 => 3 substeps
  Track #69
    Step 1 => 3 substeps
  Track #70
    Step 1 => 3 substeps
  Track #71
    Step 1 => 3 substeps
  Track #72
    Step 1 => 3 substeps
  Track #73
    Step 1 => 3 substeps
  Track #74
    Step 1 => 3 substeps
  Track #75
    Step 1 => 5 substeps
    Step 2 => 3 substeps
  Track #76
    Step 1 => 3 substeps
  Track #77
    Step 1 => 6 substeps
    Step 2 => 3 substeps
  Track #78
    Step 1 => 3 substeps
  Track #79
    Step 1 => 3 substeps
  Track #80
    Step 1 => 3 substeps
  Track #81
    Step 1 => 3 substeps
  Track #83
    Step 1 => 3 substeps
  Track #84
    Step 1 => 3 substeps
  Track #85
    Step 1 => 3 substeps
  Track #86
    Step 1 => 3 substeps
  Track #87
    Step 1 => 3 substeps
  Track #88
    Step 1 => 3 substeps
  Track #89
    Step 1 => 3 substeps
  Track #90
    Step 1 => 3 substeps
  Track #91
    Step 1 => 3 substeps
  Track #92
    Step 1 => 3 substeps
    Step 2 => 3 substeps
  Track #93
    Step 1 => 3 substeps
  Track #94
    Step 1 => 9 substeps
    Step 2 => 9 substeps
    Step 3 => 3 substeps
  Track #95
    Step 1 => 2 substeps
  Track #96
    Step 1 => 3 substeps
  Track #97
    Step 1 => 6 substeps
  Track #98
    Step 1 => 9 substeps
    Step 2 => 7 substeps
    Step 3 => 3 substeps
  Track #99
    Step 1 => 3 substeps
  Track #100
    Step 1 => 6 substeps
    Step 2 => 3 substeps
  Track #101
    Step 1 => 3 substeps
  Track #102
    Step 1 => 3 substeps
  Track #103
    Step 1 => 3 substeps
  Track #104
    Step 1 => 3 substeps
  Track #105
    Step 1 => 3 substeps
  Track #106
    Step 1 => 3 substeps
  Track #107
    Step 1 => 3 substeps
  Track #108
    Step 1 => 3 substeps
  Track #109
    Step 1 => 3 substeps
  Track #110
    Step 1 => 3 substeps
  Track #111
    Step 1 => 3 substeps
  Track #112
    Step 1 => 6 substeps
    Step 2 => 3 substeps
  Track #113
    Step 1 => 2 substeps
  Track #114
    Step 1 => 3 substeps
  Track #115
    Step 1 => 3 substeps
  Track #116
    Step 1 => 3 substeps
    Step 2 => 3 substeps
  Track #117
    Step 1 => 27 substeps
    Step 2 => 34 substeps
    Step 3 => 31 substeps
    Step 4 => 25 substeps
    Step 5 => 20 substeps
    Step 6 => 17 substeps
    Step 7 => 13 substeps
    Step 8 => 9 substeps
    Step 9 => 9 substeps
    Step 10 => 3 substeps
    Step 11 => 3 substeps
  Track #118
    Step 1 => 3 substeps
  Track #119
    Step 1 => 3 substeps
  Track #120
    Step 1 => 9 substeps
    Step 2 => 3 substeps
    Step 3 => 3 substeps
  Track #121
    Step 1 => 3 substeps
  Track #122
    Step 1 => 3 substeps
  Track #123
    Step 1 => 3 substeps
  Track #124
    Step 1 => 3 substeps
  Track #125
    Step 1 => 3 substeps
  Track #126
    Step 1 => 2 substeps
    Step 2 => 3 substeps
  Track #127
    Step 1 => 3 substeps
  Track #128
    Step 1 => 3 substeps
  Track #129
    Step 1 => 3 substeps
  Track #130
    Step 1 => 3 substeps
  Track #131
    Step 1 => 3 substeps
  Track #132
    Step 1 => 3 substeps
  Track #133
    Step 1 => 3 substeps
  Track #134
    Step 1 => 3 substeps
  Track #135
    Step 1 => 3 substeps
  Track #136
    Step 1 => 3 substeps
  Track #137
    Step 1 => 3 substeps
  Track #138
    Step 1 => 3 substeps
  Track #139
    Step 1 => 3 substeps
  Track #140
    Step 1 => 3 substeps
  Track #141
    Step 1 => 3 substeps
  Track #142
    Step 1 => 3 substeps
  Track #143
    Step 1 => 2 substeps
  Track #144
    Step 1 => 3 substeps
  Track #145
    Step 1 => 3 substeps
  Track #146
    Step 1 => 3 substeps
  Track #147
    Step 1 => 3 substeps
  Track #148
    Step 1 => 3 substeps
  Track #149
    Step 1 => 3 substeps
  Track #150
    Step 1 => 3 substeps
  Track #151
    Step 1 => 3 substeps
  Track #152
    Step 1 => 3 substeps
  Track #153
    Step 1 => 3 substeps
  Track #154
    Step 1 => 2 substeps
  Track #155
    Step 1 => 3 substeps
  Track #156
    Step 1 => 3 substeps
  Track #157
    Step 1 => 3 substeps
  Track #158
    Step 1 => 3 substeps
  Track #159
    Step 1 => 2 substeps
  Track #160
    Step 1 => 3 substeps
  Track #161
    Step 1 => 11 substeps
    Step 2 => 5 substeps
    Step 3 => 6 substeps
    Step 4 => 5 substeps
    Step 5 => 3 substeps
  Track #162
    Step 1 => 3 substeps
    Step 2 => 3 substeps
  Track #163
    Step 1 => 3 substeps
  Track #164
    Step 1 => 3 substeps
    Step 2 => 2 substeps
  Track #165
    Step 1 => 3 substeps
  Track #166
    Step 1 => 3 substeps
  Track #167
    Step 1 => 3 substeps
  Track #168
    Step 1 => 7 substeps
    Step 2 => 3 substeps
  Track #169
    Step 1 => 3 substeps
  Track #170
    Step 1 => 4 substeps
    Step 2 => 6 substeps
    Step 3 => 3 substeps
  Track #171
    Step 1 => 3 substeps
  Track #172
    Step 1 => 3 substeps
  Track #173
    Step 1 => 13 substeps
    Step 2 => 18 substeps
    Step 3 => 11 substeps
    Step 4 => 8 substeps
    Step 5 => 3 substeps
    Step 6 => 3 substeps
    Step 7 => 11 substeps
    Step 8 => 7 substeps
    Step 9 => 3 substeps
    Step 10 => 3 substeps
  Track #174
    Step 1 => 3 substeps
  Track #175
    Step 1 => 3 substeps
  Track #176
    Step 1 => 3 substeps
  Track #177
    Step 1 => 3 substeps
  Track #178
    Step 1 => 3 substeps
  Track #179
    Step 1 => 3 substeps
  Track #180
    Step 1 => 3 substeps
  Track #181
    Step 1 => 3 substeps
  Track #182
    Step 1 => 9 substeps
    Step 2 => 11 substeps
    Step 3 => 6 substeps
    Step 4 => 6 substeps
    Step 5 => 3 substeps
  Track #183
    Step 1 => 2 substeps
  Track #184
    Step 1 => 16 substeps
    Step 2 => 13 substeps
    Step 3 => 9 substeps
    Step 4 => 7 substeps
    Step 5 => 4 substeps
  Track #185
    Step 1 => 8 substeps
    Step 2 => 3 substeps
  Track #186
    Step 1 => 7 substeps
    Step 2 => 76 substeps
    Step 3 => 73 substeps
    Step 4 => 18 substeps
    Step 5 => 35 substeps
    Step 6 => 14 substeps
    Step 7 => 58 substeps
    Step 8 => 14 substeps
    Step 9 => 49 substeps
    Step 10 => 31 substeps
    Step 11 => 55 substeps
    Step 12 => 30 substeps
    Step 13 => 53 substeps
    Step 14 => 14 substeps
    Step 15 => 22 substeps
    Step 16 => 31 substeps
    Step 17 => 35 substeps
    Step 18 => 29 substeps
    Step 19 => 11 substeps
    Step 20 => 23 substeps
    Step 21 => 19 substeps
    Step 22 => 18 substeps
    Step 23 => 15 substeps
    Step 24 => 11 substeps
    Step 25 => 9 substeps
    Step 26 => 8 substeps
    Step 27 => 6 substeps
    Step 28 => 5 substeps
    Step 29 => 3 substeps
  Track #187
    Step 1 => 7 substeps
    Step 2 => 9 substeps
    Step 3 => 6 substeps
  Track #188
    Step 1 => 3 substeps
  Track #189
    Step 1 => 2 substeps
  Track #190
    Step 1 => 3 substeps
  Track #191
    Step 1 => 3 substeps
    Step 2 => 3 substeps
  Track #192
    Step 1 => 8 substeps
    Step 2 => 6 substeps
    Step 3 => 3 substeps
  Track #193
    Step 1 => 3 substeps
  Track #194
    Step 1 => 3 substeps
  Track #195
    Step 1 => 3 substeps
  Track #196
    Step 1 => 3 substeps
  Track #197
    Step 1 => 3 substeps
  Track #198
    Step 1 => 3 substeps
  Track #199
    Step 1 => 3 substeps
  Track #200
    Step 1 => 3 substeps
  Track #201
    Step 1 => 9 substeps
    Step 2 => 3 substeps
  Track #202
    Step 1 => 3 substeps
  Track #203
    Step 1 => 3 substeps
  Track #204
    Step 1 => 3 substeps
  Track #205
    Step 1 => 2 substeps
  Track #206
    Step 1 => 3 substeps
  Track #207
    Step 1 => 3 substeps
  Track #208
    Step 1 => 3 substeps
  Track #209
    Step 1 => 3 substeps
  Track #210
    Step 1 => 3 substeps
  Track #211
    Step 1 => 3 substeps
  Track #212
    Step 1 => 3 substeps
    Step 2 => 3 substeps
    Step 3 => 3 substeps
    Step 4 => 3 substeps
  Track #213
    Step 1 => 5 substeps
    Step 2 => 8 substeps
    Step 3 => 7 substeps
  Track #214
    Step 1 => 3 substeps
  Track #215
    Step 1 => 6 substeps
    Step 2 => 2 substeps
  Track #216
    Step 1 => 3 substeps
  Track #217
    Step 1 => 9 substeps
    Step 2 => 3 substeps
    Step 3 => 3 substeps
  Track #218
    Step 1 => 3 substeps
  Track #219
    Step 1 => 3 substeps
  Track #220
    Step 1 => 3 substeps
  Track #221
    Step 1 => 3 substeps
  Track #222
    Step 1 => 2 substeps
  Track #223
    Step 1 => 3 substeps
  Track #224
    Step 1 => 3 substeps
  Track #225
    Step 1 => 3 substeps
  Track #226
    Step 1 => 3 substeps
  Track #227
    Step 1 => 2 substeps
  Track #228
    Step 1 => 2 substeps
  Track #229
    Step 1 => 2 substeps
  Track #230
    Step 1 => 3 substeps
  Track #231
    Step 1 => 3 substeps
  Track #232
    Step 1 => 3 substeps
  Track #233
    Step 1 => 3 substeps
    Step 2 => 3 substeps
  Track #234
    Step 1 => 3 substeps
  Track #235
    Step 1 => 3 substeps
  Track #236
    Step 1 => 3 substeps
    Step 2 => 3 substeps
  Track #237
    Step 1 => 3 substeps
  Track #238
    Step 1 => 2 substeps
  Track #239
    Step 1 => 3 substeps
  Track #240
    Step 1 => 3 substeps
  Track #241
    Step 1 => 3 substeps
  Track #242
    Step 1 => 3 substeps
    Step 2 => 2 substeps
  Track #243
    Step 1 => 3 substeps
  Track #244
    Step 1 => 3 substeps
  Track #245
    Step 1 => 3 substeps
  Track #246
    Step 1 => 3 substeps
  Track #247
    Step 1 => 6 substeps
    Step 2 => 3 substeps
  Track #248
    Step 1 => 3 substeps
  Track #249
    Step 1 => 3 substeps
  Track #250
    Step 1 => 3 substeps
  Track #251
    Step 1 => 3 substeps
    Step 2 => 3 substeps
  Track #252
    Step 1 => 3 substeps
  Track #253
    Step 1 => 3 substeps
  Track #254
    Step 1 => 16 substeps
    Step 2 => 26 substeps
    Step 3 => 20 substeps
    Step 4 => 19 substeps
    Step 5 => 16 substeps
    Step 6 => 11 substeps
    Step 7 => 9 substeps
    Step 8 => 9 substeps
    Step 9 => 5 substeps
  Track #255
    Step 1 => 3 substeps
  Track #256
    Step 1 => 2 substeps
  Track #257
    Step 1 => 3 substeps
  Track #258
    Step 1 => 6 substeps
    Step 2 => 6 substeps
    Step 3 => 3 substeps
  Track #259
    Step 1 => 56 substeps
    Step 2 => 72 substeps
    Step 3 => 176 substeps
    Step 4 => 43 substeps
    Step 5 => 5 substeps
    Step 6 => 48 substeps
    Step 7 => 36 substeps
    Step 8 => 50 substeps
    Step 9 => 91 substeps
    Step 10 => 33 substeps
    Step 11 => 28 substeps
    Step 12 => 70 substeps
    Step 13 => 5 substeps
    Step 14 => 18 substeps
    Step 15 => 35 substeps
    Step 16 => 50 substeps
    Step 17 => 7 substeps
    Step 18 => 19 substeps
    Step 19 => 110 substeps
    Step 20 => 69 substeps
    Step 21 => 33 substeps
    Step 22 => 186 substeps
    Step 23 => 40 substeps
    Step 24 => 63 substeps
    Step 25 => 51 substeps
    Step 26 => 187 substeps
    Step 27 => 85 substeps
    Step 28 => 76 substeps
    Step 29 => 142 substeps
    Step 30 => 24 substeps
    Step 31 => 145 substeps
    Step 32 => 97 substeps
    Step 33 => 15 substeps
    Step 34 => 4 substeps
    Step 35 => 47 substeps
    Step 36 => 23 substeps
    Step 37 => 13 substeps
    Step 38 => 55 substeps
    Step 39 => 137 substeps
    Step 40 => 47 substeps
    Step 41 => 120 substeps
    Step 42 => 89 substeps
    Step 43 => 123 substeps
    Step 44 => 7 substeps
    Step 45 => 20 substeps
    Step 46 => 10 substeps
    Step 47 => 10 substeps
    Step 48 => 112 substeps
    Step 49 => 24 substeps
    Step 50 => 11 substeps
    Step 51 => 25 substeps
    Step 52 => 118 substeps
    Step 53 => 62 substeps
    Step 54 => 13 substeps
    Step 55 => 32 substeps
    Step 56 => 107 substeps
    Step 57 => 54 substeps
    Step 58 => 11 substeps
    Step 59 => 9 substeps
    Step 60 => 67 substeps
    Step 61 => 65 substeps
    Step 62 => 37 substeps
    Step 63 => 54 substeps
    Step 64 => 59 substeps
    Step 65 => 38 substeps
    Step 66 => 9 substeps
    Step 67 => 24 substeps
    Step 68 => 15 substeps
    Step 69 => 28 substeps
    Step 70 => 25 substeps
    Step 71 => 14 substeps
    Step 72 => 19 substeps
    Step 73 => 9 substeps
    Step 74 => 11 substeps
    Step 75 => 7 substeps
    Step 76 => 7 substeps
    Step 77 => 3 substeps
  Track #260
    Step 1 => 3 substeps
  Track #261
    Step 1 => 12 substeps
    Step 2 => 10 substeps
    Step 3 => 9 substeps
    Step 4 => 6 substeps
    Step 5 => 3 substeps
    Step 6 => 3 substeps
  Track #262
    Step 1 => 2 substeps
  Track #263
    Step 1 => 6 substeps
  Track #264
    Step 1 => 3 substeps
  Track #265
    Step 1 => 11 substeps
    Step 2 => 27 substeps
    Step 3 => 4 substeps
    Step 4 => 23 substeps
    Step 5 => 11 substeps
    Step 6 => 13 substeps
    Step 7 => 19 substeps
    Step 8 => 14 substeps
    Step 9 => 11 substeps
    Step 10 => 9 substeps
    Step 11 => 7 substeps
    Step 12 => 6 substeps
    Step 13 => 3 substeps
    Step 14 => 3 substeps
  Track #266
    Step 1 => 3 substeps
  Track #267
    Step 1 => 58 substeps
    Step 2 => 40 substeps
    Step 3 => 59 substeps
    Step 4 => 50 substeps
    Step 5 => 37 substeps
    Step 6 => 39 substeps
    Step 7 => 22 substeps
    Step 8 => 29 substeps
    Step 9 => 20 substeps
    Step 10 => 16 substeps
    Step 11 => 16 substeps
    Step 12 => 13 substeps
    Step 13 => 10 substeps
    Step 14 => 7 substeps
    Step 15 => 3 substeps
  Track #268
    Step 1 => 3 substeps
  Track #269
    Step 1 => 3 substeps
  Track #270
    Step 1 => 3 substeps
  Track #271
    Step 1 => 3 substeps
    Step 2 => 6 substeps
    Step 3 => 2 substeps
    Step 4 => 3 substeps
  Track #272
    Step 1 => 3 substeps
  Track #273
    Step 1 => 3 substeps
  Track #274
    Step 1 => 3 substeps
    Step 2 => 3 substeps
  Track #275
    Step 1 => 3 substeps
  Track #276
    Step 1 => 3 substeps
  Track #277
    Step 1 => 2 substeps
  Track #278
    Step 1 => 2 substeps
  Track #280
    Step 1 => 2 substeps
  Track #281
    Step 1 => 3 substeps
  Track #282
    Step 1 => 2 substeps
  Track #283
    Step 1 => 3 substeps
  Track #284
    Step 1 => 3 substeps
  Track #285
    Step 1 => 3 substeps
  Track #286
    Step 1 => 3 substeps
  Track #287
    Step 1 => 3 substeps
  Track #288
    Step 1 => 3 substeps
  Track #289
    Step 1 => 3 substeps
  Track #290
    Step 1 => 3 substeps
  Track #291
    Step 1 => 3 substeps
  Track #292
    Step 1 => 2 substeps
  Track #293
    Step 1 => 3 substeps
  Track #295
    Step 1 => 9 substeps
    Step 2 => 6 substeps
    Step 3 => 3 substeps
  Track #296
    Step 1 => 3 substeps
  Track #297
    Step 1 => 3 substeps
  Track #298
    Step 1 => 3 substeps
  Track #299
    Step 1 => 3 substeps
  Track #300
    Step 1 => 3 substeps
  Track #301
    Step 1 => 2 substeps
  Track #302
    Step 1 => 4 substeps
  Track #303
    Step 1 => 5 substeps
    Step 2 => 3 substeps
  Track #304
    Step 1 => 2 substeps
  Track #305
    Step 1 => 3 substeps
  Track #306
    Step 1 => 3 substeps
  Track #307
    Step 1 => 3 substeps
  Track #308
    Step 1 => 4 substeps
  Track #309
    Step 1 => 4 substeps
  Track #310
    Step 1 => 2 substeps
  Track #311
    Step 1 => 4 substeps
  Track #312
    Step 1 => 5 substeps
  Track #313
    Step 1 => 7 substeps
    Step 2 => 3 substeps
  Track #314
    Step 1 => 4 substeps
  Track #315
    Step 1 => 3 substeps
  Track #316
    Step 1 => 2 substeps
    Step 2 => 9 substeps
    Step 3 => 6 substeps
    Step 4 => 3 substeps
  Track #317
    Step 1 => 3 substeps
  Track #318
    Step 1 => 11 substeps
    Step 2 => 9 substeps
    Step 3 => 4 substeps
    Step 4 => 3 substeps
  Track #319
    Step 1 => 3 substeps
  Track #320
    Step 1 => 3 substeps
  Track #321
    Step 1 => 3 substeps
  Track #322
    Step 1 => 3 substeps
  Track #323
    Step 1 => 3 substeps
  Track #324
    Step 1 => 3 substeps
  Track #325
    Step 1 => 3 substeps
  Track #326
    Step 1 => 3 substeps
  Track #328
    Step 1 => 3 substeps
  Track #329
    Step 1 => 3 substeps
  Track #330
    Step 1 => 3 substeps
    Step 2 => 3 substeps
  Track #331
    Step 1 => 3 substeps
  Track #332
    Step 1 => 3 substeps
  Track #333
    Step 1 => 2 substeps
    Step 2 => 3 substeps
  Track #334
    Step 1 => 3 substeps
  Track #335
    Step 1 => 3 substeps
  Track #336
    Step 1 => 12 substeps
    Step 2 => 11 substeps
    Step 3 => 7 substeps
    Step 4 => 6 substeps
    Step 5 => 3 substeps
  Track #337
    Step 1 => 3 substeps
  Track #338
    Step 1 => 3 substeps
  Track #339
    Step 1 => 3 substeps
  Track #340
    Step 1 => 3 substeps
  Track #341
    Step 1 => 3 substeps
  Track #342
    Step 1 => 2 substeps
  Track #343
    Step 1 => 3 substeps
  Track #344
    Step 1 => 19 substeps
    Step 2 => 15 substeps
    Step 3 => 13 substeps
    Step 4 => 11 substeps
    Step 5 => 3 substeps
    Step 6 => 6 substeps
    Step 7 => 5 substeps
  Track #345
    Step 1 => 7 substeps
    Step 2 => 3 substeps
  Track #346
    Step 1 => 3 substeps
  Track #347
    Step 1 => 16 substeps
    Step 2 => 13 substeps
    Step 3 => 13 substeps
    Step 4 => 8 substeps
    Step 5 => 8 substeps
    Step 6 => 4 substeps
  Track #348
    Step 1 => 3 substeps
  Track #349
    Step 1 => 3 substeps
  Track #350
    Step 1 => 3 substeps
  Track #351
    Step 1 => 3 substeps
  Track #352
    Step 1 => 3 substeps
  Track #353
    Step 1 => 3 substeps
  Track #354
    Step 1 => 3 substeps
  Track #355
    Step 1 => 3 substeps
  Track #356
    Step 1 => 3 substeps
    Step 2 => 3 substeps
  Track #357
    Step 1 => 2 substeps
  Track #358
    Step 1 => 2 substeps
  Track #359
    Step 1 => 4 substeps
  Track #360
    Step 1 => 4 substeps
  Track #361
    Step 1 => 4 substeps
  Track #362
    Step 1 => 4 substeps
  Track #363
    Step 1 => 3 substeps
  Track #364
    Step 1 => 3 substeps
  Track #365
    Step 1 => 3 substeps
  Track #366
    Step 1 => 2 substeps
  Track #367
    Step 1 => 3 substeps
  Track #368
    Step 1 => 3 substeps
  Track #369
    Step 1 => 4 substeps
    Step 2 => 3 substeps
  Track #370
    Step 1 => 4 substeps
  Track #371
    Step 1 => 5 substeps
  Track #372
    Step 1 => 3 substeps
  Track #373
    Step 1 => 3 substeps
  Track #374
    Step 1 => 3 substeps
  Track #375
    Step 1 => 3 substeps
  Track #376
    Step 1 => 3 substeps
  Track #377
    Step 1 => 3 substeps
  Track #378
    Step 1 => 3 substeps
  Track #379
    Step 1 => 3 substeps
  Track #380
    Step 1 => 2 substeps
  Track #381
    Step 1 => 45 substeps
    Step 2 => 78 substeps
    Step 3 => 68 substeps
    Step 4 => 42 substeps
    Step 5 => 9 substeps
    Step 6 => 43 substeps
    Step 7 => 45 substeps
    Step 8 => 30 substeps
    Step 9 => 24 substeps
    Step 10 => 20 substeps
    Step 11 => 14 substeps
    Step 12 => 28 substeps
    Step 13 => 18 substeps
    Step 14 => 19 substeps
    Step 15 => 8 substeps
    Step 16 => 11 substeps
    Step 17 => 11 substeps
    Step 18 => 8 substeps
    Step 19 => 6 substeps
    Step 20 => 3 substeps
  Track #382
    Step 1 => 3 substeps
  Track #383
    Step 1 => 3 substeps
  Track #384
    Step 1 => 52 substeps
    Step 2 => 38 substeps
    Step 3 => 8 substeps
    Step 4 => 21 substeps
    Step 5 => 26 substeps
    Step 6 => 14 substeps
    Step 7 => 16 substeps
    Step 8 => 13 substeps
    Step 9 => 10 substeps
    Step 10 => 10 substeps
    Step 11 => 6 substeps
    Step 12 => 4 substeps
  Track #385
    Step 1 => 3 substeps
  Track #386
    Step 1 => 3 substeps
  Track #387
    Step 1 => 3 substeps
  Track #388
    Step 1 => 2 substeps
  Track #389
    Step 1 => 2 substeps
  Track #390
    Step 1 => 3 substeps
  Track #391
    Step 1 => 6 substeps
    Step 2 => 3 substeps
  Track #392
    Step 1 => 3 substeps
  Track #393
    Step 1 => 3 substeps
  Track #394
    Step 1 => 3 substeps
  Track #395
    Step 1 => 3 substeps
  Track #396
    Step 1 => 3 substeps
  Track #397
    Step 1 => 3 substeps
  Track #398
    Step 1 => 4 substeps
  Track #399
    Step 1 => 3 substeps
  Track #400
    Step 1 => 3 substeps
  Track #401
    Step 1 => 3 substeps
  Track #402
    Step 1 => 3 substeps
  Track #403
    Step 1 => 3 substeps
  Track #404
    Step 1 => 3 substeps
  Track #405
    Step 1 => 3 substeps
  Track #406
    Step 1 => 2 substeps
  Track #407
    Step 1 => 5 substeps
    Step 2 => 3 substeps
  Track #408
    Step 1 => 3 substeps
  Track #409
    Step 1 => 3 substeps
  Track #410
    Step 1 => 3 substeps
  Track #411
    Step 1 => 3 substeps
  Track #412
    Step 1 => 2 substeps
  Track #413
    Step 1 => 12 substeps
    Step 2 => 6 substeps
    Step 3 => 2 substeps
    Step 4 => 5 substeps
    Step 5 => 3 substeps
  Track #414
    Step 1 => 3 substeps
  Track #415
    Step 1 => 31 substeps
    Step 2 => 25 substeps
    Step 3 => 22 substeps
    Step 4 => 19 substeps
    Step 5 => 11 substeps
    Step 6 => 15 substeps
    Step 7 => 10 substeps
    Step 8 => 6 substeps
    Step 9 => 5 substeps
  Track #417
    Step 1 => 3 substeps
    Step 2 => 3 substeps
    Step 3 => 3 substeps
  Track #418
    Step 1 => 3 substeps
  Track #419
    Step 1 => 3 substeps
  Track #420
    Step 1 => 3 substeps
  Track #421
    Step 1 => 4 substeps
  Track #422
    Step 1 => 3 substeps
  Track #423
    Step 1 => 3 substeps
  Track #424
    Step 1 => 3 substeps
  Track #425
    Step 1 => 3 substeps
  Track #426
    Step 1 => 3 substeps
  Track #427
    Step 1 => 3 substeps
  Track #428
    Step 1 => 3 substeps
  Track #429
    Step 1 => 3 substeps
  Track #430
    Step 1 => 3 substeps
  Track #431
    Step 1 => 4 substeps
    Step 2 => 11 substeps
    Step 3 => 8 substeps
    Step 4 => 7 substeps
    Step 5 => 3 substeps
  Track #432
    Step 1 => 3 substeps
  Track #433
    Step 1 => 3 substeps
  Track #434
    Step 1 => 3 substeps
  Track #435
    Step 1 => 3 substeps
  Track #436
    Step 1 => 10 substeps
    Step 2 => 25 substeps
    Step 3 => 25 substeps
    Step 4 => 24 substeps
    Step 5 => 20 substeps
    Step 6 => 15 substeps
    Step 7 => 15 substeps
    Step 8 => 12 substeps
    Step 9 => 5 substeps
    Step 10 => 8 substeps
    Step 11 => 5 substeps
    Step 12 => 3 substeps
  Track #437
    Step 1 => 3 substeps
  Track #438
    Step 1 => 3 substeps
  Track #439
    Step 1 => 3 substeps
  Track #440
    Step 1 => 3 substeps
  Track #441
    Step 1 => 5 substeps
    Step 2 => 3 substeps
  Track #442
    Step 1 => 3 substeps
  Track #443
    Step 1 => 2 substeps
  Track #444
    Step 1 => 3 substeps
  Track #445
    Step 1 => 2 substeps
  Track #446
    Step 1 => 3 substeps
  Track #447
    Step 1 => 3 substeps
  Track #448
    Step 1 => 3 substeps
  Track #449
    Step 1 => 2 substeps
  Track #450
    Step 1 => 3 substeps
    Step 2 => 3 substeps
    Step 3 => 3 substeps
  Track #451
    Step 1 => 3 substeps
  Track #452
    Step 1 => 3 substeps
  Track #453
    Step 1 => 3 substeps
  Track #454
    Step 1 => 3 substeps
  Track #455
    Step 1 => 3 substeps
  Track #456
    Step 1 => 3 substeps
  Track #457
    Step 1 => 3 substeps
  Track #458
    Step 1 => 3 substeps
  Track #459
    Step 1 => 3 substeps
  Track #460
    Step 1 => 2 substeps
  Track #461
    Step 1 => 3 substeps
  Track #462
    Step 1 => 4 substeps
  Track #463
    Step 1 => 3 substeps
  Track #464
    Step 1 => 4 substeps
  Track #465
    Step 1 => 3 substeps
  Track #466
    Step 1 => 3 substeps
  Track #467
    Step 1 => 3 substeps
  Track #468
    Step 1 => 3 substeps
  Track #469
    Step 1 => 3 substeps
  Track #470
    Step 1 => 3 substeps
  Track #471
    Step 1 => 3 substeps
  Track #472
    Step 1 => 3 substeps
  Track #473
    Step 1 => 3 substeps
  Track #474
    Step 1 => 6 substeps
    Step 2 => 8 substeps
    Step 3 => 6 substeps
    Step 4 => 3 substeps
    Step 5 => 3 substeps
  Track #475
    Step 1 => 3 substeps
  Track #476
    Step 1 => 3 substeps
  Track #478
    Step 1 => 2 substeps
  Track #479
    Step 1 => 3 substeps
  Track #480
    Step 1 => 3 substeps
  Track #481
    Step 1 => 3 substeps
    Step 2 => 3 substeps
  Track #482
    Step 1 => 4 substeps
  Track #483
    Step 1 => 4 substeps
    Step 2 => 3 substeps
  Track #484
    Step 1 => 3 substeps
  Track #485
    Step 1 => 3 substeps
  Track #486
    Step 1 => 3 substeps
  Track #487
    Step 1 => 6 substeps
  Track #488
    Step 1 => 4 substeps
  Track #489
    Step 1 => 5 substeps
    Step 2 => 4 substeps
  Track #490
    Step 1 => 3 substeps
  Track #491
    Step 1 => 5 substeps
    Step 2 => 3 substeps
  Track #492
    Step 1 => 3 substeps
  Track #493
    Step 1 => 2 substeps
    Step 2 => 3 substeps
  Track #494
    Step 1 => 4 substeps
    Step 2 => 4 substeps
  Track #495
    Step 1 => 2 substeps
  Track #496
    Step 1 => 3 substeps
  Track #497
    Step 1 => 3 substeps
  Track #498
    Step 1 => 3 substeps
  Track #499
    Step 1 => 3 substeps
  Track #500
    Step 1 => 57 substeps
    Step 2 => 54 substeps
    Step 3 => 77 substeps
    Step 4 => 38 substeps
    Step 5 => 35 substeps
    Step 6 => 26 substeps
    Step 7 => 18 substeps
    Step 8 => 35 substeps
    Step 9 => 26 substeps
    Step 10 => 3 substeps
    Step 11 => 45 substeps
    Step 12 => 37 substeps
    Step 13 => 37 substeps
    Step 14 => 30 substeps
    Step 15 => 26 substeps
    Step 16 => 13 substeps
    Step 17 => 19 substeps
    Step 18 => 14 substeps
    Step 19 => 8 substeps
    Step 20 => 6 substeps
    Step 21 => 12 substeps
    Step 22 => 9 substeps
    Step 23 => 6 substeps
  Track #501
    Step 1 => 3 substeps
  Track #502
    Step 1 => 3 substeps
  Track #503
    Step 1 => 3 substeps
  Track #504
    Step 1 => 3 substeps
    Step 2 => 3 substeps
  Track #505
    Step 1 => 6 substeps
    Step 2 => 3 substeps
  Track #506
    Step 1 => 3 substeps
  Track #507
    Step 1 => 3 substeps
  Track #508
    Step 1 => 3 substeps
  Track #509
    Step 1 => 7 substeps
    Step 2 => 5 substeps
    Step 3 => 3 substeps
  Track #510
    Step 1 => 3 substeps
  Track #511
    Step 1 => 3 substeps
  Track #513
    Step 1 => 2 substeps
  Track #514
    Step 1 => 3 substeps
  Track #515
    Step 1 => 3 substeps
  Track #517
    Step 1 => 3 substeps
  Track #518
    Step 1 => 3 substeps
    Step 2 => 3 substeps
  Track #519
    Step 1 => 3 substeps
  Track #520
    Step 1 => 3 substeps
  Track #521
    Step 1 => 11 substeps
    Step 2 => 5 substeps
    Step 3 => 3 substeps
  Track #522
    Step 1 => 6 substeps
    Step 2 => 3 substeps
  Track #523
    Step 1 => 3 substeps
  Track #525
    Step 1 => 3 substeps
  Track #526
    Step 1 => 3 substeps
  Track #527
    Step 1 => 3 substeps
  Track #528
    Step 1 => 3 substeps
  Track #529
    Step 1 => 3 substeps
  Track #530
    Step 1 => 7 substeps
    Step 2 => 3 substeps
  Track #531
    Step 1 => 3 substeps
  Track #532
    Step 1 => 2 substeps
  Track #533
    Step 1 => 6 substeps
    Step 2 => 3 substeps
    Step 3 => 3 substeps
  Track #534
    Step 1 => 5 substeps
    Step 2 => 3 substeps
  Track #535
    Step 1 => 3 substeps
  Track #536
    Step 1 => 3 substeps
  Track #537
    Step 1 => 7 substeps
    Step 2 => 5 substeps
    Step 3 => 2 substeps
  Track #538
    Step 1 => 3 substeps
  Track #539
    Step 1 => 3 substeps
  Track #540
    Step 1 => 5 substeps
    Step 2 => 20 substeps
    Step 3 => 52 substeps
    Step 4 => 24 substeps
    Step 5 => 55 substeps
    Step 6 => 44 substeps
    Step 7 => 5 substeps
    Step 8 => 134 substeps
    Step 9 => 28 substeps
    Step 10 => 22 substeps
    Step 11 => 6 substeps
    Step 12 => 38 substeps
    Step 13 => 26 substeps
    Step 14 => 33 substeps
    Step 15 => 47 substeps
    Step 16 => 19 substeps
    Step 17 => 26 substeps
    Step 18 => 57 substeps
    Step 19 => 12 substeps
    Step 20 => 66 substeps
    Step 21 => 62 substeps
    Step 22 => 42 substeps
    Step 23 => 140 substeps
    Step 24 => 87 substeps
    Step 25 => 40 substeps
    Step 26 => 55 substeps
    Step 27 => 9 substeps
    Step 28 => 99 substeps
    Step 29 => 7 substeps
    Step 30 => 13 substeps
    Step 31 => 18 substeps
    Step 32 => 15 substeps
    Step 33 => 33 substeps
    Step 34 => 11 substeps
    Step 35 => 6 substeps
    Step 36 => 58 substeps
    Step 37 => 7 substeps
    Step 38 => 60 substeps
    Step 39 => 141 substeps
    Step 40 => 127 substeps
    Step 41 => 52 substeps
    Step 42 => 10 substeps
    Step 43 => 28 substeps
    Step 44 => 215 substeps
    Step 45 => 42 substeps
    Step 46 => 15 substeps
    Step 47 => 20 substeps
    Step 48 => 37 substeps
    Step 49 => 100 substeps
    Step 50 => 190 substeps
    Step 51 => 81 substeps
    Step 52 => 90 substeps
    Step 53 => 139 substeps
    Step 54 => 46 substeps
    Step 55 => 72 substeps
    Step 56 => 90 substeps
    Step 57 => 146 substeps
    Step 58 => 14 substeps
    Step 59 => 56 substeps
    Step 60 => 103 substeps
    Step 61 => 50 substeps
    Step 62 => 114 substeps
    Step 63 => 65 substeps
    Step 64 => 16 substeps
    Step 65 => 15 substeps
    Step 66 => 12 substeps
    Step 67 => 24 substeps
    Step 68 => 68 substeps
    Step 69 => 86 substeps
    Step 70 => 56 substeps
    Step 71 => 64 substeps
    Step 72 => 62 substeps
    Step 73 => 14 substeps
    Step 74 => 66 substeps
    Step 75 => 78 substeps
    Step 76 => 13 substeps
    Step 77 => 47 substeps
    Step 78 => 23 substeps
    Step 79 => 19 substeps
    Step 80 => 10 substeps
    Step 81 => 16 substeps
    Step 82 => 4 substeps
    Step 83 => 8 substeps
    Step 84 => 8 substeps
    Step 85 => 11 substeps
    Step 86 => 8 substeps
    Step 87 => 4 substeps
  Track #541
    Step 1 => 3 substeps
  Track #542
    Step 1 => 3 substeps
  Track #543
    Step 1 => 3 substeps
    Step 2 => 3 substeps
  Track #544
    Step 1 => 3 substeps
  Track #545
    Step 1 => 3 substeps
  Track #546
    Step 1 => 3 substeps
    Step 2 => 3 substeps
    Step 3 => 5 substeps
  Track #547
    Step 1 => 2 substeps
  Track #548
    Step 1 => 2 substeps
  Track #549
    Step 1 => 3 substeps
  Track #550
    Step 1 => 3 substeps
  Track #551
    Step 1 => 3 substeps
  Track #552
    Step 1 => 3 substeps
  Track #553
    Step 1 => 3 substeps
  Track #554
    Step 1 => 2 substeps
  Track #555
    Step 1 => 3 substeps
  Track #556
    Step 1 => 4 substeps
  Track #557
    Step 1 => 3 substeps
  Track #558
    Step 1 => 2 substeps
  Track #559
    Step 1 => 26 substeps
    Step 2 => 9 substeps
    Step 3 => 19 substeps
    Step 4 => 3 substeps
    Step 5 => 14 substeps
    Step 6 => 6 substeps
    Step 7 => 2 substeps
    Step 8 => 6 substeps
    Step 9 => 8 substeps
    Step 10 => 5 substeps
    Step 11 => 3 substeps
  Track #560
    Step 1 => 6 substeps
    Step 2 => 3 substeps
  Track #561
    Step 1 => 3 substeps
  Track #562
    Step 1 => 3 substeps
  Track #563
    Step 1 => 3 substeps
  Track #564
    Step 1 => 3 substeps
  Track #565
    Step 1 => 3 substeps
  Track #566
    Step 1 => 2 substeps
  Track #567
    Step 1 => 3 substeps
  Track #568
    Step 1 => 3 substeps
  Track #569
    Step 1 => 3 substeps
  Track #570
    Step 1 => 3 substeps
  Track #571
    Step 1 => 3 substeps
  Track #572
    Step 1 => 3 substeps
  Track #573
    Step 1 => 3 substeps
  Track #574
    Step 1 => 2 substeps
  Track #575
    Step 1 => 3 substeps
    Step 2 => 3 substeps
  Track #576
    Step 1 => 3 substeps
  Track #577
    Step 1 => 3 substeps
  Track #578
    Step 1 => 3 substeps
  Track #579
    Step 1 => 5 substeps
  Track #580
    Step 1 => 3 substeps
  Track #581
    Step 1 => 3 substeps
  Track #582
    Step 1 => 3 substeps
  Track #583
    Step 1 => 3 substeps
  Track #584
    Step 1 => 3 substeps
  Track #585
    Step 1 => 3 substeps
  Track #586
    Step 1 => 5 substeps
    Step 2 => 3 substeps
  Track #587
    Step 1 => 42 substeps
    Step 2 => 34 substeps
    Step 3 => 24 substeps
    Step 4 => 21 substeps
    Step 5 => 18 substeps
    Step 6 => 5 substeps
    Step 7 => 8 substeps
    Step 8 => 5 substeps
    Step 9 => 3 substeps
  Track #588
    Step 1 => 3 substeps
  Track #589
    Step 1 => 2 substeps
  Track #590
    Step 1 => 3 substeps
  Track #591
    Step 1 => 3 substeps
  Track #592
    Step 1 => 3 substeps
  Track #593
    Step 1 => 3 substeps
  Track #594
    Step 1 => 3 substeps
  Track #595
    Step 1 => 8 substeps
    Step 2 => 5 substeps
    Step 3 => 3 substeps
  Track #597
    Step 1 => 3 substeps
  Track #598
    Step 1 => 3 substeps
  Track #599
    Step 1 => 3 substeps
  Track #600
    Step 1 => 2 substeps
  Track #601
    Step 1 => 3 substeps
  Track #602
    Step 1 => 3 substeps
  Track #603
    Step 1 => 3 substeps
  Track #604
    Step 1 => 2 substeps
  Track #605
    Step 1 => 3 substeps
  Track #606
    Step 1 => 4 substeps
  Track #607
    Step 1 => 3 substeps
  Track #608
    Step 1 => 3 substeps
  Track #609
    Step 1 => 4 substeps
  Track #610
    Step 1 => 4 substeps
  Track #611
    Step 1 => 3 substeps
  Track #612
    Step 1 => 2 substeps
  Track #613
    Step 1 => 3 substeps
  Track #614
    Step 1 => 3 substeps
  Track #615
    Step 1 => 8 substeps
    Step 2 => 4 substeps
  Track #616
    Step 1 => 4 substeps
  Track #617
    Step 1 => 3 substeps
  Track #618
    Step 1 => 3 substeps
  Track #619
    Step 1 => 2 substeps
  Track #620
    Step 1 => 4 substeps
  Track #621
    Step 1 => 4 substeps
  Track #622
    Step 1 => 4 substeps
  Track #623
    Step 1 => 28 substeps
    Step 2 => 16 substeps
    Step 3 => 10 substeps
  Track #624
    Step 1 => 4 substeps
  Track #625
    Step 1 => 4 substeps
  Track #626
    Step 1 => 4 substeps
  Track #627
    Step 1 => 3 substeps
  Track #628
    Step 1 => 4 substeps
  Track #629
    Step 1 => 3 substeps
  Track #630
    Step 1 => 4 substeps
  Track #631
    Step 1 => 4 substeps
    Step 2 => 4 substeps
  Track #632
    Step 1 => 3 substeps
  Track #633
    Step 1 => 3 substeps
  Track #634
    Step 1 => 3 substeps
  Track #635
    Step 1 => 3 substeps
  Track #636
    Step 1 => 4 substeps
  Track #637
    Step 1 => 4 substeps
  Track #638
    Step 1 => 3 substeps
  Track #639
    Step 1 => 4 substeps
  Track #640
    Step 1 => 4 substeps
  Track #641
    Step 1 => 13 substeps
    Step 2 => 11 substeps
    Step 3 => 15 substeps
    Step 4 => 13 substeps
    Step 5 => 7 substeps
    Step 6 => 6 substeps
    Step 7 => 4 substeps
  Track #642
    Step 1 => 3 substeps
  Track #643
    Step 1 => 3 substeps
  Track #644
    Step 1 => 3 substeps
  Track #645
    Step 1 => 3 substeps
  Track #646
    Step 1 => 3 substeps
  Track #647
    Step 1 => 8 substeps
    Step 2 => 5 substeps
  Track #648
    Step 1 => 3 substeps
  Track #649
    Step 1 => 3 substeps
  Track #650
    Step 1 => 3 substeps
  Track #651
    Step 1 => 3 substeps
    Step 2 => 3 substeps
  Track #652
    Step 1 => 3 substeps
  Track #653
    Step 1 => 3 substeps
  Track #654
    Step 1 => 3 substeps
  Track #655
    Step 1 => 3 substeps
  Track #656
    Step 1 => 3 substeps
  Track #657
    Step 1 => 3 substeps
  Track #658
    Step 1 => 3 substeps
  Track #659
    Step 1 => 3 substeps
  Track #660
    Step 1 => 3 substeps
  Track #661
    Step 1 => 3 substeps
  Track #662
    Step 1 => 3 substeps
  Track #663
    Step 1 => 3 substeps
  Track #665
    Step 1 => 2 substeps
  Track #666
    Step 1 => 3 substeps
  Track #667
    Step 1 => 3 substeps
  Track #668
    Step 1 => 3 substeps
  Track #669
    Step 1 => 3 substeps
  Track #670
    Step 1 => 3 substeps
    Step 2 => 3 substeps
  Track #671
    Step 1 => 3 substeps
  Track #672
    Step 1 => 3 substeps
  Track #673
    Step 1 => 3 substeps
  Track #674
    Step 1 => 3 substeps
  Track #675
    Step 1 => 3 substeps
  Track #676
    Step 1 => 3 substeps
  Track #677
    Step 1 => 3 substeps
  Track #678
    Step 1 => 3 substeps
  Track #679
    Step 1 => 3 substeps
  Track #680
    Step 1 => 3 substeps
  Track #681
    Step 1 => 3 substeps
  Track #682
    Step 1 => 3 substeps
  Track #683
    Step 1 => 3 substeps
  Track #684
    Step 1 => 3 substeps
  Track #685
    Step 1 => 4 substeps
  Track #686
    Step 1 => 3 substeps
    Step 2 => 3 substeps
  Track #687
    Step 1 => 3 substeps
  Track #688
    Step 1 => 3 substeps
  Track #689
    Step 1 => 3 substeps
  Track #690
    Step 1 => 3 substeps
  Track #691
    Step 1 => 5 substeps
    Step 2 => 4 substeps
    Step 3 => 3 substeps
    Step 4 => 3 substeps
  Track #692
    Step 1 => 3 substeps
  Track #693
    Step 1 => 3 substeps
  Track #694
    Step 1 => 3 substeps
  Track #695
    Step 1 => 3 substeps
  Track #696
    Step 1 => 3 substeps
  Track #697
    Step 1 => 3 substeps
  Track #698
    Step 1 => 3 substeps
  Track #699
    Step 1 => 3 substeps
  Track #700
    Step 1 => 2 substeps
  Track #701
    Step 1 => 3 substeps
  Track #702
    Step 1 => 3 substeps
  Track #703
    Step 1 => 5 substeps
    Step 2 => 3 substeps
  Track #704
    Step 1 => 3 substeps
  Track #705
    Step 1 => 6 substeps
    Step 2 => 5 substeps
    Step 3 => 3 substeps
  Track #706
    Step 1 => 4 substeps
  Track #707
    Step 1 => 3 substeps
  Track #708
    Step 1 => 4 substeps
  Track #709
    Step 1 => 3 substeps
  Track #710
    Step 1 => 3 substeps
  Track #711
    Step 1 => 3 substeps
  Track #712
    Step 1 => 2 substeps
  Track #713
    Step 1 => 3 substeps
  Track #714
    Step 1 => 3 substeps
  Track #715
    Step 1 => 3 substeps
  Track #716
    Step 1 => 2 substeps
    Step 2 => 3 substeps
  Track #717
    Step 1 => 3 substeps
  Track #718
    Step 1 => 3 substeps
  Track #719
    Step 1 => 3 substeps
  Track #720
    Step 1 => 2 substeps
  Track #721
    Step 1 => 3 substeps
  Track #722
    Step 1 => 3 substeps
  Track #723
    Step 1 => 3 substeps
  Track #724
    Step 1 => 3 substeps
  Track #725
    Step 1 => 3 substeps
  Track #726
    Step 1 => 3 substeps
  Track #727
    Step 1 => 3 substeps
  Track #728
    Step 1 => 3 substeps
  Track #729
    Step 1 => 3 substeps
  Track #730
    Step 1 => 3 substeps
  Track #731
    Step 1 => 3 substeps
  Track #732
    Step 1 => 3 substeps
  Track #733
    Step 1 => 3 substeps
  Track #734
    Step 1 => 3 substeps
  Track #735
    Step 1 => 3 substeps
  Track #736
    Step 1 => 3 substeps
  Track #737
    Step 1 => 3 substeps
  Track #738
    Step 1 => 2 substeps
  Track #739
    Step 1 => 3 substeps
  Track #740
    Step 1 => 3 substeps
  Track #741
    Step 1 => 3 substeps
  Track #742
    Step 1 => 3 substeps
  Track #743
    Step 1 => 3 substeps
  Track #744
    Step 1 => 2 substeps
  Track #745
    Step 1 => 3 substeps
  Track #746
    Step 1 => 3 substeps
  Track #747
    Step 1 => 3 substeps
  Track #748
    Step 1 => 3 substeps
  Track #749
    Step 1 => 3 substeps
  Track #750
    Step 1 => 3 substeps
  Track #751
    Step 1 => 3 substeps
  Track #752
    Step 1 => 3 substeps
  Track #753
    Step 1 => 3 substeps
  Track #754
    Step 1 => 3 substeps
    Step 2 => 3 substeps
  Track #755
    Step 1 => 3 substeps
  Track #756
    Step 1 => 3 substeps
  Track #757
    Step 1 => 2 substeps
  Track #758
    Step 1 => 3 substeps
  Track #759
    Step 1 => 3 substeps
  Track #760
    Step 1 => 3 substeps
  Track #761
    Step 1 => 3 substeps
  Track #762
    Step 1 => 3 substeps
  Track #763
    Step 1 => 3 substeps
  Track #764
    Step 1 => 3 substeps
  Track #765
    Step 1 => 3 substeps
  Track #766
    Step 1 => 3 substeps
  Track #767
    Step 1 => 3 substeps
  Track #768
    Step 1 => 3 substeps
  Track #769
    Step 1 => 3 substeps
  Track #770
    Step 1 => 3 substeps
  Track #771
    Step 1 => 2 substeps
  Track #772
    Step 1 => 3 substeps
  Track #773
    Step 1 => 3 substeps
  Track #774
    Step 1 => 3 substeps
    Step 2 => 3 substeps
  Track #775
    Step 1 => 3 substeps
  Track #776
    Step 1 => 3 substeps
  Track #777
    Step 1 => 3 substeps
  Track #778
    Step 1 => 3 substeps
  Track #779
    Step 1 => 7 substeps
    Step 2 => 7 substeps
  Track #780
    Step 1 => 3 substeps
  Track #781
    Step 1 => 3 substeps
  Track #782
    Step 1 => 2 substeps
  Track #783
    Step 1 => 3 substeps
  Track #784
    Step 1 => 2 substeps
  Track #785
    Step 1 => 3 substeps
    Step 2 => 4 substeps
  Track #786
    Step 1 => 3 substeps
  Track #787
    Step 1 => 3 substeps
  Track #788
    Step 1 => 30 substeps
    Step 2 => 25 substeps
    Step 3 => 4 substeps
    Step 4 => 16 substeps
    Step 5 => 14 substeps
    Step 6 => 7 substeps
    Step 7 => 10 substeps
    Step 8 => 5 substeps
  Track #789
    Step 1 => 3 substeps
  Track #790
    Step 1 => 3 substeps
  Track #791
    Step 1 => 9 substeps
    Step 2 => 7 substeps
  Track #792
    Step 1 => 3 substeps
  Track #793
    Step 1 => 3 substeps
  Track #794
    Step 1 => 3 substeps
    Step 2 => 3 substeps
  Track #795
    Step 1 => 3 substeps
  Track #796
    Step 1 => 3 substeps
  Track #797
    Step 1 => 3 substeps
  Track #798
    Step 1 => 11 substeps
    Step 2 => 9 substeps
    Step 3 => 7 substeps
    Step 4 => 3 substeps
  Track #799
    Step 1 => 3 substeps
  Track #800
    Step 1 => 3 substeps
  Track #801
    Step 1 => 3 substeps
  Track #802
    Step 1 => 3 substeps
  Track #803
    Step 1 => 3 substeps
  Track #804
    Step 1 => 3 substeps
    Step 2 => 3 substeps
  Track #805
    Step 1 => 3 substeps
  Track #806
    Step 1 => 4 substeps
    Step 2 => 3 substeps
  Track #807
    Step 1 => 3 substeps
  Track #808
    Step 1 => 3 substeps
  Track #809
    Step 1 => 3 substeps
  Track #810
    Step 1 => 3 substeps
  Track #811
    Step 1 => 3 substeps
  Track #812
    Step 1 => 3 substeps
  Track #813
    Step 1 => 3 substeps
  Track #814
    Step 1 => 3 substeps
  Track #815
    Step 1 => 3 substeps
    Step 2 => 3 substeps
  Track #816
    Step 1 => 3 substeps
  Track #817
    Step 1 => 12 substeps
    Step 2 => 12 substeps
    Step 3 => 9 substeps
    Step 4 => 9 substeps
    Step 5 => 4 substeps
  Track #818
    Step 1 => 3 substeps
  Track #819
    Step 1 => 3 substeps
  Track #820
    Step 1 => 3 substeps
  Track #821
    Step 1 => 10 substeps
    Step 2 => 9 substeps
    Step 3 => 12 substeps
    Step 4 => 9 substeps
    Step 5 => 5 substeps
  Track #822
    Step 1 => 3 substeps
  Track #823
    Step 1 => 3 substeps
  Track #824
    Step 1 => 3 substeps
  Track #825
    Step 1 => 3 substeps
  Track #826
    Step 1 => 3 substeps
    Step 2 => 9 substeps
    Step 3 => 7 substeps
    Step 4 => 7 substeps
  Track #827
    Step 1 => 3 substeps
  Track #829
    Step 1 => 3 substeps
  Track #830
    Step 1 => 3 substeps
  Track #831
    Step 1 => 4 substeps
    Step 2 => 2 substeps
  Track #832
    Step 1 => 3 substeps
  Track #833
    Step 1 => 3 substeps
  Track #834
    Step 1 => 3 substeps
  Track #835
    Step 1 => 3 substeps
  Track #836
    Step 1 => 5 substeps
    Step 2 => 3 substeps
  Track #837
    Step 1 => 3 substeps
  Track #838
    Step 1 => 3 substeps
  Track #839
    Step 1 => 2 substeps
  Track #840
    Step 1 => 3 substeps
  Track #841
    Step 1 => 3 substeps
  Track #842
    Step 1 => 3 substeps
  Track #843
    Step 1 => 3 substeps
  Track #844
    Step 1 => 3 substeps
  Track #845
    Step 1 => 2 substeps
  Track #846
    Step 1 => 4 substeps
  Track #847
    Step 1 => 4 substeps
  Track #848
    Step 1 => 4 substeps
  Track #849
    Step 1 => 3 substeps
  Track #850
    Step 1 => 3 substeps
  Track #851
    Step 1 => 3 substeps
  Track #852
    Step 1 => 3 substeps
  Track #853
    Step 1 => 3 substeps
    Step 2 => 5 substeps
    Step 3 => 3 substeps
  Track #854
    Step 1 => 3 substeps
  Track #855
    Step 1 => 3 substeps
  Track #856
    Step 1 => 3 substeps
  Track #857
    Step 1 => 3 substeps
  Track #858
    Step 1 => 3 substeps
  Track #859
    Step 1 => 3 substeps
  Track #860
    Step 1 => 3 substeps
  Track #861
    Step 1 => 3 substeps
  Track #862
    Step 1 => 3 substeps
  Track #863
    Step 1 => 3 substeps
  Track #864
    Step 1 => 3 substeps
  Track #865
    Step 1 => 3 substeps
  Track #866
    Step 1 => 3 substeps
  Track #867
    Step 1 => 3 substeps
  Track #868
    Step 1 => 3 substeps
  Track #869
    Step 1 => 3 substeps
  Track #870
    Step 1 => 3 substeps
  Track #871
    Step 1 => 3 substeps
  Track #872
    Step 1 => 3 substeps
  Track #873
    Step 1 => 3 substeps
    Step 2 => 6 substeps
  Track #874
    Step 1 => 3 substeps
  Track #875
    Step 1 => 2 substeps
    Step 2 => 3 substeps
  Track #876
    Step 1 => 3 substeps
  Track #877
    Step 1 => 3 substeps
  Track #878
    Step 1 => 3 substeps
  Track #879
    Step 1 => 3 substeps
  Track #880
    Step 1 => 2 substeps
  Track #881
    Step 1 => 3 substeps
  Track #882
    Step 1 => 3 substeps
  Track #883
    Step 1 => 3 substeps
  Track #884
    Step 1 => 3 substeps
  Track #885
    Step 1 => 3 substeps
  Track #886
    Step 1 => 3 substeps
  Track #887
    Step 1 => 3 substeps
  Track #888
    Step 1 => 3 substeps
  Track #889
    Step 1 => 3 substeps
  Track #890
    Step 1 => 3 substeps
  Track #891
    Step 1 => 3 substeps
  Track #892
    Step 1 => 3 substeps
  Track #893
    Step 1 => 3 substeps
  Track #894
    Step 1 => 3 substeps
    Step 2 => 3 substeps
  Track #895
    Step 1 => 3 substeps
  Track #896
    Step 1 => 3 substeps
  Track #897
    Step 1 => 3 substeps
  Track #898
    Step 1 => 3 substeps
  Track #899
    Step 1 => 3 substeps
  Track #900
    Step 1 => 3 substeps
  Track #901
    Step 1 => 2 substeps
  Track #902
    Step 1 => 3 substeps
  Track #903
    Step 1 => 3 substeps
  Track #904
    Step 1 => 2 substeps
  Track #905
    Step 1 => 3 substeps
  Track #906
    Step 1 => 3 substeps
  Track #907
    Step 1 => 3 substeps
  Track #908
    Step 1 => 3 substeps
  Track #909
    Step 1 => 2 substeps
  Track #910
    Step 1 => 3 substeps
    Step 2 => 3 substeps
  Track #911
    Step 1 => 3 substeps
  Track #912
    Step 1 => 3 substeps
  Track #913
    Step 1 => 3 substeps
  Track #914
    Step 1 => 3 substeps
  Track #915
    Step 1 => 83 substeps
    Step 2 => 7 substeps
    Step 3 => 66 substeps
    Step 4 => 48 substeps
    Step 5 => 67 substeps
    Step 6 => 56 substeps
    Step 7 => 9 substeps
    Step 8 => 50 substeps
    Step 9 => 5 substeps
    Step 10 => 18 substeps
    Step 11 => 36 substeps
    Step 12 => 22 substeps
    Step 13 => 27 substeps
    Step 14 => 3 substeps
    Step 15 => 9 substeps
    Step 16 => 18 substeps
    Step 17 => 15 substeps
    Step 18 => 7 substeps
    Step 19 => 6 substeps
    Step 20 => 9 substeps
    Step 21 => 5 substeps
    Step 22 => 3 substeps
  Track #916
    Step 1 => 3 substeps
  Track #917
    Step 1 => 3 substeps
  Track #918
    Step 1 => 2 substeps
  Track #919
    Step 1 => 3 substeps
  Track #920
    Step 1 => 3 substeps
  Track #921
    Step 1 => 3 substeps
  Track #922
    Step 1 => 3 substeps
  Track #923
    Step 1 => 3 substeps
  Track #924
    Step 1 => 6 substeps
    Step 2 => 3 substeps
  Track #925
    Step 1 => 3 substeps
  Track #926
    Step 1 => 3 substeps
  Track #927
    Step 1 => 3 substeps
  Track #928
    Step 1 => 3 substeps
  Track #929
    Step 1 => 3 substeps
  Track #930
    Step 1 => 3 substeps
  Track #931
    Step 1 => 3 substeps
  Track #932
    Step 1 => 3 substeps
  Track #933
    Step 1 => 3 substeps
  Track #934
    Step 1 => 3 substeps
  Track #935
    Step 1 => 3 substeps
  Track #936
    Step 1 => 3 substeps
  Track #937
    Step 1 => 3 substeps
 Integration time: 0.0114133
 Integration time average (step): 5.57563e-06
 Integration time average (substep): 5.71352e-07
 Reset time: 0.00443466
 Reset time average: 2.16642e-06
 Variable x:
  dQRel changes: 3018
  dQMin changes: 31
  Max error: 7.43352
 Variable y:
  dQRel changes: 1943
  dQMin changes: 1
  Max error: 8.33456
 Variable z:
  dQRel changes: 565
  dQMin changes: 0
  Max error: 22.4992
 Variable vx:
  dQRel changes: 7175
  dQMin changes: 14
  Max error: 10.7758
 Variable vy:
  dQRel changes: 7206
  dQMin changes: 23
  Max error: 11.2351
 Variable vz:
  dQRel changes: 0
  dQMin changes: 0
  Max error: 0
RunManager is deleted.
*** RunManager User time: 4.24
*** RunManager Real time: 4.58348
*** RunManager System time: 0.1
