{
    "dQMin": {
        "mean": 1e-05,
        "stdev": 0.0,
        "units": "dQMin",
        "values": [
            1e-05,
            1e-05,
            1e-05,
            1e-05,
            1e-05,
            1e-05,
            1e-05,
            1e-05,
            1e-05,
            1e-05,
            1e-05,
            1e-05,
            1e-05,
            1e-05,
            1e-05,
            1e-05,
            1e-05,
            1e-05,
            1e-05,
            1e-05
        ]
    },
    "dQRel": {
        "mean": 0.0001,
        "stdev": 0.0,
        "units": "dQRel",
        "values": [
            0.0001,
            0.0001,
            0.0001,
            0.0001,
            0.0001,
            0.0001,
            0.0001,
            0.0001,
            0.0001,
            0.0001,
            0.0001,
            0.0001,
            0.0001,
            0.0001,
            0.0001,
            0.0001,
            0.0001,
            0.0001,
            0.0001,
            0.0001
        ]
    },
    "integrationTime": {
        "mean": 19.707795,
        "stdev": 0.5144337811971942,
        "units": "seconds",
        "values": [
            19.7455,
            20.2162,
            20.5393,
            19.3991,
            19.9185,
            18.7047,
            19.6989,
            19.2291,
            20.2142,
            19.8065,
            19.0479,
            20.0566,
            19.8469,
            18.9893,
            20.0239,
            18.8428,
            20.0685,
            20.2769,
            19.8961,
            19.635
        ]
    },
    "integrationTimeAvgStep": {
        "mean": 7.5048029999999996e-06,
        "stdev": 1.9590437339896743e-07,
        "units": "seconds",
        "values": [
            7.51916e-06,
            7.69841e-06,
            7.82146e-06,
            7.38725e-06,
            7.58504e-06,
            7.12282e-06,
            7.5014e-06,
            7.32249e-06,
            7.69764e-06,
            7.54239e-06,
            7.25349e-06,
            7.63764e-06,
            7.55779e-06,
            7.2312e-06,
            7.62519e-06,
            7.1754e-06,
            7.64214e-06,
            7.72153e-06,
            7.57653e-06,
            7.47709e-06
        ]
    },
    "integrationTimeAvgSubstep": {
        "mean": 5.734331e-07,
        "stdev": 1.4968785546139535e-08,
        "units": "seconds",
        "values": [
            5.7453e-07,
            5.88226e-07,
            5.97628e-07,
            5.64451e-07,
            5.79564e-07,
            5.44246e-07,
            5.73173e-07,
            5.59503e-07,
            5.88168e-07,
            5.76305e-07,
            5.54231e-07,
            5.83583e-07,
            5.77482e-07,
            5.52527e-07,
            5.82632e-07,
            5.48264e-07,
            5.83927e-07,
            5.89993e-07,
            5.78913e-07,
            5.71316e-07
        ]
    },
    "intersections": {
        "mean": 2609051,
        "stdev": 0.0,
        "units": "intersections",
        "values": [
            2609051,
            2609051,
            2609051,
            2609051,
            2609051,
            2609051,
            2609051,
            2609051,
            2609051,
            2609051,
            2609051,
            2609051,
            2609051,
            2609051,
            2609051,
            2609051,
            2609051,
            2609051,
            2609051,
            2609051
        ]
    },
    "numberOfThreads": {
        "mean": 1,
        "stdev": 0.0,
        "units": "threads",
        "values": [
            1,
            1,
            1,
            1,
            1,
            1,
            1,
            1,
            1,
            1,
            1,
            1,
            1,
            1,
            1,
            1,
            1,
            1,
            1,
            1
        ]
    },
    "numberOfTracks": {
        "mean": 1,
        "stdev": 0.0,
        "units": "tracks",
        "values": [
            1,
            1,
            1,
            1,
            1,
            1,
            1,
            1,
            1,
            1,
            1,
            1,
            1,
            1,
            1,
            1,
            1,
            1,
            1,
            1
        ]
    },
    "realTime": {
        "mean": 242.31365,
        "stdev": 10.323238385593422,
        "units": "seconds",
        "values": [
            241.251,
            253.551,
            253.308,
            235.827,
            242.786,
            222.909,
            247.092,
            233.161,
            241.07,
            255.053,
            232.947,
            258.262,
            238.053,
            234.622,
            245.506,
            221.767,
            237.574,
            250.747,
            248.012,
            252.775
        ]
    },
    "resetTime": {
        "mean": 6.0912714999999995,
        "stdev": 0.31678614782772035,
        "units": "seconds",
        "values": [
            5.9992,
            6.65808,
            6.2309,
            5.63658,
            6.1234,
            6.10957,
            6.06868,
            5.88075,
            6.06243,
            6.20231,
            5.72978,
            6.68368,
            6.15488,
            5.95976,
            6.03784,
            5.45926,
            5.79661,
            6.60636,
            6.26005,
            6.16531
        ]
    },
    "resetTimeAvg": {
        "mean": 2.319579e-06,
        "stdev": 1.2063313404917537e-07,
        "units": "seconds",
        "values": [
            2.28452e-06,
            2.53542e-06,
            2.37275e-06,
            2.14643e-06,
            2.33181e-06,
            2.32655e-06,
            2.31098e-06,
            2.23941e-06,
            2.3086e-06,
            2.36186e-06,
            2.18192e-06,
            2.54517e-06,
            2.3438e-06,
            2.2695e-06,
            2.29923e-06,
            2.07891e-06,
            2.20737e-06,
            2.51573e-06,
            2.38385e-06,
            2.34777e-06
        ]
    },
    "substepAveragePerStep": {
        "mean": 13.0875,
        "stdev": 0.0,
        "units": "substeps",
        "values": [
            13.0875,
            13.0875,
            13.0875,
            13.0875,
            13.0875,
            13.0875,
            13.0875,
            13.0875,
            13.0875,
            13.0875,
            13.0875,
            13.0875,
            13.0875,
            13.0875,
            13.0875,
            13.0875,
            13.0875,
            13.0875,
            13.0875,
            13.0875
        ]
    },
    "systemTime": {
        "mean": 0.033,
        "stdev": 0.006569466853317864,
        "units": "seconds",
        "values": [
            0.04,
            0.03,
            0.03,
            0.03,
            0.03,
            0.04,
            0.02,
            0.03,
            0.04,
            0.03,
            0.04,
            0.04,
            0.03,
            0.04,
            0.03,
            0.03,
            0.02,
            0.04,
            0.04,
            0.03
        ]
    },
    "totalSteps": {
        "mean": 2626025,
        "stdev": 0.0,
        "units": "steps",
        "values": [
            2626025,
            2626025,
            2626025,
            2626025,
            2626025,
            2626025,
            2626025,
            2626025,
            2626025,
            2626025,
            2626025,
            2626025,
            2626025,
            2626025,
            2626025,
            2626025,
            2626025,
            2626025,
            2626025,
            2626025
        ]
    },
    "totalSubsteps": {
        "mean": 34368087,
        "stdev": 0.0,
        "units": "substeps",
        "values": [
            34368087,
            34368087,
            34368087,
            34368087,
            34368087,
            34368087,
            34368087,
            34368087,
            34368087,
            34368087,
            34368087,
            34368087,
            34368087,
            34368087,
            34368087,
            34368087,
            34368087,
            34368087,
            34368087,
            34368087
        ]
    },
    "track_1_stepCount": {
        "mean": 290,
        "stdev": 0.0,
        "units": "steps",
        "values": [
            290,
            290,
            290,
            290,
            290,
            290,
            290,
            290,
            290,
            290,
            290,
            290,
            290,
            290,
            290,
            290,
            290,
            290,
            290,
            290
        ]
    },
    "track_1_substepCount": {
        "mean": 2709,
        "stdev": 0.0,
        "units": "substeps",
        "values": [
            2709,
            2709,
            2709,
            2709,
            2709,
            2709,
            2709,
            2709,
            2709,
            2709,
            2709,
            2709,
            2709,
            2709,
            2709,
            2709,
            2709,
            2709,
            2709,
            2709
        ]
    },
    "userTime": {
        "mean": 242.293,
        "stdev": 10.320748697851846,
        "units": "seconds",
        "values": [
            241.23,
            253.52,
            253.29,
            235.81,
            242.75,
            222.89,
            247.08,
            233.15,
            241.05,
            255.03,
            232.93,
            258.23,
            238.03,
            234.6,
            245.49,
            221.75,
            237.56,
            250.73,
            247.98,
            252.76
        ]
    },
    "varVX_dQMinChanges": {
        "mean": 52382.0,
        "stdev": 0.0,
        "units": "changes",
        "values": [
            52382.0,
            52382.0,
            52382.0,
            52382.0,
            52382.0,
            52382.0,
            52382.0,
            52382.0,
            52382.0,
            52382.0,
            52382.0,
            52382.0,
            52382.0,
            52382.0,
            52382.0,
            52382.0,
            52382.0,
            52382.0,
            52382.0,
            52382.0
        ]
    },
    "varVX_dQRelChanges": {
        "mean": 9335032.0,
        "stdev": 0.0,
        "units": "changes",
        "values": [
            9335032.0,
            9335032.0,
            9335032.0,
            9335032.0,
            9335032.0,
            9335032.0,
            9335032.0,
            9335032.0,
            9335032.0,
            9335032.0,
            9335032.0,
            9335032.0,
            9335032.0,
            9335032.0,
            9335032.0,
            9335032.0,
            9335032.0,
            9335032.0,
            9335032.0,
            9335032.0
        ]
    },
    "varVX_maxError": {
        "mean": 5.33621,
        "stdev": 0.0,
        "units": "mm?",
        "values": [
            5.33621,
            5.33621,
            5.33621,
            5.33621,
            5.33621,
            5.33621,
            5.33621,
            5.33621,
            5.33621,
            5.33621,
            5.33621,
            5.33621,
            5.33621,
            5.33621,
            5.33621,
            5.33621,
            5.33621,
            5.33621,
            5.33621,
            5.33621
        ]
    },
    "varVY_dQMinChanges": {
        "mean": 52382.0,
        "stdev": 0.0,
        "units": "changes",
        "values": [
            52382.0,
            52382.0,
            52382.0,
            52382.0,
            52382.0,
            52382.0,
            52382.0,
            52382.0,
            52382.0,
            52382.0,
            52382.0,
            52382.0,
            52382.0,
            52382.0,
            52382.0,
            52382.0,
            52382.0,
            52382.0,
            52382.0,
            52382.0
        ]
    },
    "varVY_dQRelChanges": {
        "mean": 9335032.0,
        "stdev": 0.0,
        "units": "changes",
        "values": [
            9335032.0,
            9335032.0,
            9335032.0,
            9335032.0,
            9335032.0,
            9335032.0,
            9335032.0,
            9335032.0,
            9335032.0,
            9335032.0,
            9335032.0,
            9335032.0,
            9335032.0,
            9335032.0,
            9335032.0,
            9335032.0,
            9335032.0,
            9335032.0,
            9335032.0,
            9335032.0
        ]
    },
    "varVY_maxError": {
        "mean": 5.33621,
        "stdev": 0.0,
        "units": "mm?",
        "values": [
            5.33621,
            5.33621,
            5.33621,
            5.33621,
            5.33621,
            5.33621,
            5.33621,
            5.33621,
            5.33621,
            5.33621,
            5.33621,
            5.33621,
            5.33621,
            5.33621,
            5.33621,
            5.33621,
            5.33621,
            5.33621,
            5.33621,
            5.33621
        ]
    },
    "varVZ_dQMinChanges": {
        "mean": 52382.0,
        "stdev": 0.0,
        "units": "changes",
        "values": [
            52382.0,
            52382.0,
            52382.0,
            52382.0,
            52382.0,
            52382.0,
            52382.0,
            52382.0,
            52382.0,
            52382.0,
            52382.0,
            52382.0,
            52382.0,
            52382.0,
            52382.0,
            52382.0,
            52382.0,
            52382.0,
            52382.0,
            52382.0
        ]
    },
    "varVZ_dQRelChanges": {
        "mean": 9335032.0,
        "stdev": 0.0,
        "units": "changes",
        "values": [
            9335032.0,
            9335032.0,
            9335032.0,
            9335032.0,
            9335032.0,
            9335032.0,
            9335032.0,
            9335032.0,
            9335032.0,
            9335032.0,
            9335032.0,
            9335032.0,
            9335032.0,
            9335032.0,
            9335032.0,
            9335032.0,
            9335032.0,
            9335032.0,
            9335032.0,
            9335032.0
        ]
    },
    "varVZ_maxError": {
        "mean": 5.33621,
        "stdev": 0.0,
        "units": "mm?",
        "values": [
            5.33621,
            5.33621,
            5.33621,
            5.33621,
            5.33621,
            5.33621,
            5.33621,
            5.33621,
            5.33621,
            5.33621,
            5.33621,
            5.33621,
            5.33621,
            5.33621,
            5.33621,
            5.33621,
            5.33621,
            5.33621,
            5.33621,
            5.33621
        ]
    },
    "varX_dQMinChanges": {
        "mean": 52382.0,
        "stdev": 0.0,
        "units": "changes",
        "values": [
            52382.0,
            52382.0,
            52382.0,
            52382.0,
            52382.0,
            52382.0,
            52382.0,
            52382.0,
            52382.0,
            52382.0,
            52382.0,
            52382.0,
            52382.0,
            52382.0,
            52382.0,
            52382.0,
            52382.0,
            52382.0,
            52382.0,
            52382.0
        ]
    },
    "varX_dQRelChanges": {
        "mean": 9335032.0,
        "stdev": 0.0,
        "units": "changes",
        "values": [
            9335032.0,
            9335032.0,
            9335032.0,
            9335032.0,
            9335032.0,
            9335032.0,
            9335032.0,
            9335032.0,
            9335032.0,
            9335032.0,
            9335032.0,
            9335032.0,
            9335032.0,
            9335032.0,
            9335032.0,
            9335032.0,
            9335032.0,
            9335032.0,
            9335032.0,
            9335032.0
        ]
    },
    "varX_maxError": {
        "mean": 5.33621,
        "stdev": 0.0,
        "units": "mm?",
        "values": [
            5.33621,
            5.33621,
            5.33621,
            5.33621,
            5.33621,
            5.33621,
            5.33621,
            5.33621,
            5.33621,
            5.33621,
            5.33621,
            5.33621,
            5.33621,
            5.33621,
            5.33621,
            5.33621,
            5.33621,
            5.33621,
            5.33621,
            5.33621
        ]
    },
    "varY_dQMinChanges": {
        "mean": 52382.0,
        "stdev": 0.0,
        "units": "changes",
        "values": [
            52382.0,
            52382.0,
            52382.0,
            52382.0,
            52382.0,
            52382.0,
            52382.0,
            52382.0,
            52382.0,
            52382.0,
            52382.0,
            52382.0,
            52382.0,
            52382.0,
            52382.0,
            52382.0,
            52382.0,
            52382.0,
            52382.0,
            52382.0
        ]
    },
    "varY_dQRelChanges": {
        "mean": 9335032.0,
        "stdev": 0.0,
        "units": "changes",
        "values": [
            9335032.0,
            9335032.0,
            9335032.0,
            9335032.0,
            9335032.0,
            9335032.0,
            9335032.0,
            9335032.0,
            9335032.0,
            9335032.0,
            9335032.0,
            9335032.0,
            9335032.0,
            9335032.0,
            9335032.0,
            9335032.0,
            9335032.0,
            9335032.0,
            9335032.0,
            9335032.0
        ]
    },
    "varY_maxError": {
        "mean": 5.33621,
        "stdev": 0.0,
        "units": "mm?",
        "values": [
            5.33621,
            5.33621,
            5.33621,
            5.33621,
            5.33621,
            5.33621,
            5.33621,
            5.33621,
            5.33621,
            5.33621,
            5.33621,
            5.33621,
            5.33621,
            5.33621,
            5.33621,
            5.33621,
            5.33621,
            5.33621,
            5.33621,
            5.33621
        ]
    },
    "varZ_dQMinChanges": {
        "mean": 52382.0,
        "stdev": 0.0,
        "units": "changes",
        "values": [
            52382.0,
            52382.0,
            52382.0,
            52382.0,
            52382.0,
            52382.0,
            52382.0,
            52382.0,
            52382.0,
            52382.0,
            52382.0,
            52382.0,
            52382.0,
            52382.0,
            52382.0,
            52382.0,
            52382.0,
            52382.0,
            52382.0,
            52382.0
        ]
    },
    "varZ_dQRelChanges": {
        "mean": 9335032.0,
        "stdev": 0.0,
        "units": "changes",
        "values": [
            9335032.0,
            9335032.0,
            9335032.0,
            9335032.0,
            9335032.0,
            9335032.0,
            9335032.0,
            9335032.0,
            9335032.0,
            9335032.0,
            9335032.0,
            9335032.0,
            9335032.0,
            9335032.0,
            9335032.0,
            9335032.0,
            9335032.0,
            9335032.0,
            9335032.0,
            9335032.0
        ]
    },
    "varZ_maxError": {
        "mean": 5.33621,
        "stdev": 0.0,
        "units": "mm?",
        "values": [
            5.33621,
            5.33621,
            5.33621,
            5.33621,
            5.33621,
            5.33621,
            5.33621,
            5.33621,
            5.33621,
            5.33621,
            5.33621,
            5.33621,
            5.33621,
            5.33621,
            5.33621,
            5.33621,
            5.33621,
            5.33621,
            5.33621,
            5.33621
        ]
    }
}