{
    "dQMin": {
        "mean": 0.001,
        "stdev": 0.0,
        "units": "dQMin",
        "values": [
            0.001,
            0.001,
            0.001,
            0.001,
            0.001,
            0.001,
            0.001,
            0.001,
            0.001,
            0.001,
            0.001,
            0.001,
            0.001,
            0.001,
            0.001,
            0.001,
            0.001,
            0.001,
            0.001,
            0.001
        ]
    },
    "dQRel": {
        "mean": 0.01,
        "stdev": 0.0,
        "units": "dQRel",
        "values": [
            0.01,
            0.01,
            0.01,
            0.01,
            0.01,
            0.01,
            0.01,
            0.01,
            0.01,
            0.01,
            0.01,
            0.01,
            0.01,
            0.01,
            0.01,
            0.01,
            0.01,
            0.01,
            0.01,
            0.01
        ]
    },
    "integrationTime": {
        "mean": 12.447049999999999,
        "stdev": 0.25328932593297115,
        "units": "seconds",
        "values": [
            12.4667,
            12.2422,
            12.4064,
            12.8149,
            12.4368,
            11.92,
            12.325,
            12.7074,
            12.5086,
            12.5542,
            12.6949,
            12.4478,
            12.7084,
            12.2336,
            12.0512,
            12.0462,
            12.841,
            12.4831,
            12.5585,
            12.4941
        ]
    },
    "integrationTimeAvgStep": {
        "mean": 4.7403655e-06,
        "stdev": 9.64641263822163e-08,
        "units": "seconds",
        "values": [
            4.74786e-06,
            4.66236e-06,
            4.72488e-06,
            4.88045e-06,
            4.73644e-06,
            4.53964e-06,
            4.69387e-06,
            4.83952e-06,
            4.76379e-06,
            4.78119e-06,
            4.83475e-06,
            4.74066e-06,
            4.8399e-06,
            4.65908e-06,
            4.5896e-06,
            4.58771e-06,
            4.89041e-06,
            4.75409e-06,
            4.78281e-06,
            4.7583e-06
        ]
    },
    "integrationTimeAvgSubstep": {
        "mean": 7.783333e-07,
        "stdev": 1.5838717970779534e-08,
        "units": "seconds",
        "values": [
            7.79564e-07,
            7.65525e-07,
            7.75791e-07,
            8.01334e-07,
            7.77689e-07,
            7.45375e-07,
            7.70699e-07,
            7.94613e-07,
            7.8218e-07,
            7.85036e-07,
            7.9383e-07,
            7.78382e-07,
            7.94676e-07,
            7.64986e-07,
            7.53579e-07,
            7.53269e-07,
            8.0297e-07,
            7.80587e-07,
            7.85303e-07,
            7.81278e-07
        ]
    },
    "intersections": {
        "mean": 2608781,
        "stdev": 0.0,
        "units": "intersections",
        "values": [
            2608781,
            2608781,
            2608781,
            2608781,
            2608781,
            2608781,
            2608781,
            2608781,
            2608781,
            2608781,
            2608781,
            2608781,
            2608781,
            2608781,
            2608781,
            2608781,
            2608781,
            2608781,
            2608781,
            2608781
        ]
    },
    "numberOfThreads": {
        "mean": 1,
        "stdev": 0.0,
        "units": "threads",
        "values": [
            1,
            1,
            1,
            1,
            1,
            1,
            1,
            1,
            1,
            1,
            1,
            1,
            1,
            1,
            1,
            1,
            1,
            1,
            1,
            1
        ]
    },
    "numberOfTracks": {
        "mean": 1,
        "stdev": 0.0,
        "units": "tracks",
        "values": [
            1,
            1,
            1,
            1,
            1,
            1,
            1,
            1,
            1,
            1,
            1,
            1,
            1,
            1,
            1,
            1,
            1,
            1,
            1,
            1
        ]
    },
    "realTime": {
        "mean": 232.2469,
        "stdev": 6.496046942888461,
        "units": "seconds",
        "values": [
            228.449,
            229.401,
            234.415,
            238.656,
            226.558,
            219.576,
            229.329,
            244.448,
            238.168,
            230.138,
            225.03,
            237.253,
            239.458,
            228.616,
            220.834,
            232.019,
            238.104,
            237.795,
            232.016,
            234.675
        ]
    },
    "resetTime": {
        "mean": 6.005678,
        "stdev": 0.29069717976290255,
        "units": "seconds",
        "values": [
            5.68345,
            5.52712,
            6.18374,
            6.17024,
            5.85619,
            6.18367,
            5.86804,
            6.37351,
            5.81847,
            5.84125,
            5.56982,
            6.10516,
            6.33248,
            5.76968,
            5.72341,
            6.42931,
            6.47578,
            5.83058,
            6.23843,
            6.13323
        ]
    },
    "resetTimeAvg": {
        "mean": 2.287218e-06,
        "stdev": 1.107102829151741e-07,
        "units": "seconds",
        "values": [
            2.1645e-06,
            2.10496e-06,
            2.35503e-06,
            2.34989e-06,
            2.23029e-06,
            2.355e-06,
            2.2348e-06,
            2.4273e-06,
            2.21592e-06,
            2.2246e-06,
            2.12122e-06,
            2.32511e-06,
            2.41168e-06,
            2.19734e-06,
            2.17972e-06,
            2.44856e-06,
            2.46625e-06,
            2.22053e-06,
            2.37586e-06,
            2.3358e-06
        ]
    },
    "substepAveragePerStep": {
        "mean": 6.09041,
        "stdev": 0.0,
        "units": "substeps",
        "values": [
            6.09041,
            6.09041,
            6.09041,
            6.09041,
            6.09041,
            6.09041,
            6.09041,
            6.09041,
            6.09041,
            6.09041,
            6.09041,
            6.09041,
            6.09041,
            6.09041,
            6.09041,
            6.09041,
            6.09041,
            6.09041,
            6.09041,
            6.09041
        ]
    },
    "systemTime": {
        "mean": 0.0265,
        "stdev": 0.005871429486123998,
        "units": "seconds",
        "values": [
            0.03,
            0.03,
            0.02,
            0.03,
            0.02,
            0.01,
            0.03,
            0.03,
            0.03,
            0.02,
            0.03,
            0.03,
            0.03,
            0.02,
            0.03,
            0.03,
            0.03,
            0.03,
            0.02,
            0.03
        ]
    },
    "totalSteps": {
        "mean": 2625757,
        "stdev": 0.0,
        "units": "steps",
        "values": [
            2625757,
            2625757,
            2625757,
            2625757,
            2625757,
            2625757,
            2625757,
            2625757,
            2625757,
            2625757,
            2625757,
            2625757,
            2625757,
            2625757,
            2625757,
            2625757,
            2625757,
            2625757,
            2625757,
            2625757
        ]
    },
    "totalSubsteps": {
        "mean": 15991925,
        "stdev": 0.0,
        "units": "substeps",
        "values": [
            15991925,
            15991925,
            15991925,
            15991925,
            15991925,
            15991925,
            15991925,
            15991925,
            15991925,
            15991925,
            15991925,
            15991925,
            15991925,
            15991925,
            15991925,
            15991925,
            15991925,
            15991925,
            15991925,
            15991925
        ]
    },
    "track_1_stepCount": {
        "mean": 290,
        "stdev": 0.0,
        "units": "steps",
        "values": [
            290,
            290,
            290,
            290,
            290,
            290,
            290,
            290,
            290,
            290,
            290,
            290,
            290,
            290,
            290,
            290,
            290,
            290,
            290,
            290
        ]
    },
    "track_1_substepCount": {
        "mean": 1553,
        "stdev": 0.0,
        "units": "substeps",
        "values": [
            1553,
            1553,
            1553,
            1553,
            1553,
            1553,
            1553,
            1553,
            1553,
            1553,
            1553,
            1553,
            1553,
            1553,
            1553,
            1553,
            1553,
            1553,
            1553,
            1553
        ]
    },
    "userTime": {
        "mean": 232.2285,
        "stdev": 6.495648968834122,
        "units": "seconds",
        "values": [
            228.43,
            229.38,
            234.4,
            238.64,
            226.54,
            219.55,
            229.3,
            244.43,
            238.15,
            230.13,
            225.02,
            237.24,
            239.43,
            228.6,
            220.82,
            232.0,
            238.08,
            237.78,
            232.0,
            234.65
        ]
    },
    "varVX_dQMinChanges": {
        "mean": 23725.0,
        "stdev": 0.0,
        "units": "changes",
        "values": [
            23725.0,
            23725.0,
            23725.0,
            23725.0,
            23725.0,
            23725.0,
            23725.0,
            23725.0,
            23725.0,
            23725.0,
            23725.0,
            23725.0,
            23725.0,
            23725.0,
            23725.0,
            23725.0,
            23725.0,
            23725.0,
            23725.0,
            23725.0
        ]
    },
    "varVX_dQRelChanges": {
        "mean": 2617037.0,
        "stdev": 0.0,
        "units": "changes",
        "values": [
            2617037.0,
            2617037.0,
            2617037.0,
            2617037.0,
            2617037.0,
            2617037.0,
            2617037.0,
            2617037.0,
            2617037.0,
            2617037.0,
            2617037.0,
            2617037.0,
            2617037.0,
            2617037.0,
            2617037.0,
            2617037.0,
            2617037.0,
            2617037.0,
            2617037.0,
            2617037.0
        ]
    },
    "varVX_maxError": {
        "mean": 48.0941,
        "stdev": 0.0,
        "units": "mm?",
        "values": [
            48.0941,
            48.0941,
            48.0941,
            48.0941,
            48.0941,
            48.0941,
            48.0941,
            48.0941,
            48.0941,
            48.0941,
            48.0941,
            48.0941,
            48.0941,
            48.0941,
            48.0941,
            48.0941,
            48.0941,
            48.0941,
            48.0941,
            48.0941
        ]
    },
    "varVY_dQMinChanges": {
        "mean": 23725.0,
        "stdev": 0.0,
        "units": "changes",
        "values": [
            23725.0,
            23725.0,
            23725.0,
            23725.0,
            23725.0,
            23725.0,
            23725.0,
            23725.0,
            23725.0,
            23725.0,
            23725.0,
            23725.0,
            23725.0,
            23725.0,
            23725.0,
            23725.0,
            23725.0,
            23725.0,
            23725.0,
            23725.0
        ]
    },
    "varVY_dQRelChanges": {
        "mean": 2617037.0,
        "stdev": 0.0,
        "units": "changes",
        "values": [
            2617037.0,
            2617037.0,
            2617037.0,
            2617037.0,
            2617037.0,
            2617037.0,
            2617037.0,
            2617037.0,
            2617037.0,
            2617037.0,
            2617037.0,
            2617037.0,
            2617037.0,
            2617037.0,
            2617037.0,
            2617037.0,
            2617037.0,
            2617037.0,
            2617037.0,
            2617037.0
        ]
    },
    "varVY_maxError": {
        "mean": 48.0941,
        "stdev": 0.0,
        "units": "mm?",
        "values": [
            48.0941,
            48.0941,
            48.0941,
            48.0941,
            48.0941,
            48.0941,
            48.0941,
            48.0941,
            48.0941,
            48.0941,
            48.0941,
            48.0941,
            48.0941,
            48.0941,
            48.0941,
            48.0941,
            48.0941,
            48.0941,
            48.0941,
            48.0941
        ]
    },
    "varVZ_dQMinChanges": {
        "mean": 23725.0,
        "stdev": 0.0,
        "units": "changes",
        "values": [
            23725.0,
            23725.0,
            23725.0,
            23725.0,
            23725.0,
            23725.0,
            23725.0,
            23725.0,
            23725.0,
            23725.0,
            23725.0,
            23725.0,
            23725.0,
            23725.0,
            23725.0,
            23725.0,
            23725.0,
            23725.0,
            23725.0,
            23725.0
        ]
    },
    "varVZ_dQRelChanges": {
        "mean": 2617037.0,
        "stdev": 0.0,
        "units": "changes",
        "values": [
            2617037.0,
            2617037.0,
            2617037.0,
            2617037.0,
            2617037.0,
            2617037.0,
            2617037.0,
            2617037.0,
            2617037.0,
            2617037.0,
            2617037.0,
            2617037.0,
            2617037.0,
            2617037.0,
            2617037.0,
            2617037.0,
            2617037.0,
            2617037.0,
            2617037.0,
            2617037.0
        ]
    },
    "varVZ_maxError": {
        "mean": 48.0941,
        "stdev": 0.0,
        "units": "mm?",
        "values": [
            48.0941,
            48.0941,
            48.0941,
            48.0941,
            48.0941,
            48.0941,
            48.0941,
            48.0941,
            48.0941,
            48.0941,
            48.0941,
            48.0941,
            48.0941,
            48.0941,
            48.0941,
            48.0941,
            48.0941,
            48.0941,
            48.0941,
            48.0941
        ]
    },
    "varX_dQMinChanges": {
        "mean": 23725.0,
        "stdev": 0.0,
        "units": "changes",
        "values": [
            23725.0,
            23725.0,
            23725.0,
            23725.0,
            23725.0,
            23725.0,
            23725.0,
            23725.0,
            23725.0,
            23725.0,
            23725.0,
            23725.0,
            23725.0,
            23725.0,
            23725.0,
            23725.0,
            23725.0,
            23725.0,
            23725.0,
            23725.0
        ]
    },
    "varX_dQRelChanges": {
        "mean": 2617037.0,
        "stdev": 0.0,
        "units": "changes",
        "values": [
            2617037.0,
            2617037.0,
            2617037.0,
            2617037.0,
            2617037.0,
            2617037.0,
            2617037.0,
            2617037.0,
            2617037.0,
            2617037.0,
            2617037.0,
            2617037.0,
            2617037.0,
            2617037.0,
            2617037.0,
            2617037.0,
            2617037.0,
            2617037.0,
            2617037.0,
            2617037.0
        ]
    },
    "varX_maxError": {
        "mean": 48.0941,
        "stdev": 0.0,
        "units": "mm?",
        "values": [
            48.0941,
            48.0941,
            48.0941,
            48.0941,
            48.0941,
            48.0941,
            48.0941,
            48.0941,
            48.0941,
            48.0941,
            48.0941,
            48.0941,
            48.0941,
            48.0941,
            48.0941,
            48.0941,
            48.0941,
            48.0941,
            48.0941,
            48.0941
        ]
    },
    "varY_dQMinChanges": {
        "mean": 23725.0,
        "stdev": 0.0,
        "units": "changes",
        "values": [
            23725.0,
            23725.0,
            23725.0,
            23725.0,
            23725.0,
            23725.0,
            23725.0,
            23725.0,
            23725.0,
            23725.0,
            23725.0,
            23725.0,
            23725.0,
            23725.0,
            23725.0,
            23725.0,
            23725.0,
            23725.0,
            23725.0,
            23725.0
        ]
    },
    "varY_dQRelChanges": {
        "mean": 2617037.0,
        "stdev": 0.0,
        "units": "changes",
        "values": [
            2617037.0,
            2617037.0,
            2617037.0,
            2617037.0,
            2617037.0,
            2617037.0,
            2617037.0,
            2617037.0,
            2617037.0,
            2617037.0,
            2617037.0,
            2617037.0,
            2617037.0,
            2617037.0,
            2617037.0,
            2617037.0,
            2617037.0,
            2617037.0,
            2617037.0,
            2617037.0
        ]
    },
    "varY_maxError": {
        "mean": 48.0941,
        "stdev": 0.0,
        "units": "mm?",
        "values": [
            48.0941,
            48.0941,
            48.0941,
            48.0941,
            48.0941,
            48.0941,
            48.0941,
            48.0941,
            48.0941,
            48.0941,
            48.0941,
            48.0941,
            48.0941,
            48.0941,
            48.0941,
            48.0941,
            48.0941,
            48.0941,
            48.0941,
            48.0941
        ]
    },
    "varZ_dQMinChanges": {
        "mean": 23725.0,
        "stdev": 0.0,
        "units": "changes",
        "values": [
            23725.0,
            23725.0,
            23725.0,
            23725.0,
            23725.0,
            23725.0,
            23725.0,
            23725.0,
            23725.0,
            23725.0,
            23725.0,
            23725.0,
            23725.0,
            23725.0,
            23725.0,
            23725.0,
            23725.0,
            23725.0,
            23725.0,
            23725.0
        ]
    },
    "varZ_dQRelChanges": {
        "mean": 2617037.0,
        "stdev": 0.0,
        "units": "changes",
        "values": [
            2617037.0,
            2617037.0,
            2617037.0,
            2617037.0,
            2617037.0,
            2617037.0,
            2617037.0,
            2617037.0,
            2617037.0,
            2617037.0,
            2617037.0,
            2617037.0,
            2617037.0,
            2617037.0,
            2617037.0,
            2617037.0,
            2617037.0,
            2617037.0,
            2617037.0,
            2617037.0
        ]
    },
    "varZ_maxError": {
        "mean": 48.0941,
        "stdev": 0.0,
        "units": "mm?",
        "values": [
            48.0941,
            48.0941,
            48.0941,
            48.0941,
            48.0941,
            48.0941,
            48.0941,
            48.0941,
            48.0941,
            48.0941,
            48.0941,
            48.0941,
            48.0941,
            48.0941,
            48.0941,
            48.0941,
            48.0941,
            48.0941,
            48.0941,
            48.0941
        ]
    }
}