{
    "dotfile": {},
    "runId": 64,
    "stdout": {
        "dQMin": 1e-06,
        "dQRel": 1e-05,
        "integrationTime": 35.7953,
        "integrationTimeAvgStep": 1.36307e-05,
        "integrationTimeAvgSubstep": 5.08457e-07,
        "intersections": 2609101,
        "numberOfThreads": 1,
        "numberOfTracks": 1,
        "realTime": 264.007,
        "resetTime": 6.07379,
        "resetTimeAvg": 2.31288e-06,
        "substepAveragePerStep": 26.808,
        "systemTime": 0.05,
        "totalSteps": 2626075,
        "totalSubsteps": 70399941,
        "trackData": {
            "1": {
                "stepCount": 290,
                "substepCount": 4347
            }
        },
        "userTime": 263.96,
        "varVX_dQMinChanges": 108748.0,
        "varVX_dQRelChanges": 24242615.0,
        "varVX_maxError": 1.22037,
        "varVY_dQMinChanges": 108748.0,
        "varVY_dQRelChanges": 24242615.0,
        "varVY_maxError": 1.22037,
        "varVZ_dQMinChanges": 108748.0,
        "varVZ_dQRelChanges": 24242615.0,
        "varVZ_maxError": 1.22037,
        "varX_dQMinChanges": 108748.0,
        "varX_dQRelChanges": 24242615.0,
        "varX_maxError": 1.22037,
        "varY_dQMinChanges": 108748.0,
        "varY_dQRelChanges": 24242615.0,
        "varY_maxError": 1.22037,
        "varZ_dQMinChanges": 108748.0,
        "varZ_dQRelChanges": 24242615.0,
        "varZ_maxError": 1.22037
    }
}