{
    "intersections": {
        "mean": 1,
        "stdev": 0.0,
        "units": "intersections",
        "values": [
            1,
            1,
            1,
            1,
            1,
            1,
            1,
            1,
            1,
            1,
            1,
            1,
            1,
            1,
            1,
            1,
            1,
            1,
            1,
            1
        ]
    },
    "numberOfThreads": {
        "mean": 1,
        "stdev": 0.0,
        "units": "threads",
        "values": [
            1,
            1,
            1,
            1,
            1,
            1,
            1,
            1,
            1,
            1,
            1,
            1,
            1,
            1,
            1,
            1,
            1,
            1,
            1,
            1
        ]
    },
    "realTime": {
        "mean": 4.4783705000000005,
        "stdev": 0.05231628431951167,
        "units": "seconds",
        "values": [
            4.45777,
            4.47516,
            4.43669,
            4.41452,
            4.53044,
            4.43524,
            4.48653,
            4.43525,
            4.36652,
            4.45491,
            4.50275,
            4.45729,
            4.47674,
            4.48728,
            4.52501,
            4.48407,
            4.59878,
            4.56138,
            4.46623,
            4.51485
        ]
    },
    "systemTime": {
        "mean": 0.0985,
        "stdev": 0.009333020044867297,
        "units": "seconds",
        "values": [
            0.1,
            0.11,
            0.1,
            0.11,
            0.11,
            0.1,
            0.09,
            0.09,
            0.1,
            0.07,
            0.1,
            0.1,
            0.1,
            0.1,
            0.11,
            0.1,
            0.09,
            0.1,
            0.09,
            0.1
        ]
    },
    "totalSteps": {
        "mean": 2047,
        "stdev": 0.0,
        "units": "steps",
        "values": [
            2047,
            2047,
            2047,
            2047,
            2047,
            2047,
            2047,
            2047,
            2047,
            2047,
            2047,
            2047,
            2047,
            2047,
            2047,
            2047,
            2047,
            2047,
            2047,
            2047
        ]
    },
    "userTime": {
        "mean": 4.173,
        "stdev": 0.05458937625582466,
        "units": "seconds",
        "values": [
            4.17,
            4.12,
            4.16,
            4.11,
            4.22,
            4.13,
            4.18,
            4.14,
            4.06,
            4.19,
            4.18,
            4.15,
            4.18,
            4.19,
            4.13,
            4.18,
            4.31,
            4.26,
            4.18,
            4.22
        ]
    }
}