{
    "intersections": {
        "mean": 1,
        "stdev": 0.0,
        "units": "intersections",
        "values": [
            1,
            1,
            1,
            1,
            1,
            1,
            1,
            1,
            1,
            1,
            1,
            1,
            1,
            1,
            1,
            1,
            1,
            1,
            1,
            1
        ]
    },
    "numberOfThreads": {
        "mean": 1,
        "stdev": 0.0,
        "units": "threads",
        "values": [
            1,
            1,
            1,
            1,
            1,
            1,
            1,
            1,
            1,
            1,
            1,
            1,
            1,
            1,
            1,
            1,
            1,
            1,
            1,
            1
        ]
    },
    "realTime": {
        "mean": 52.305065,
        "stdev": 2.552455214365593,
        "units": "seconds",
        "values": [
            50.9472,
            62.4559,
            52.6166,
            52.3247,
            51.0504,
            51.1787,
            52.5366,
            52.8851,
            51.8824,
            51.753,
            51.8738,
            49.0248,
            50.8532,
            52.7356,
            52.543,
            52.0316,
            51.6514,
            52.6596,
            51.4464,
            51.6513
        ]
    },
    "systemTime": {
        "mean": 6.3595,
        "stdev": 0.4328543574192619,
        "units": "seconds",
        "values": [
            5.93,
            7.09,
            6.88,
            6.32,
            6.28,
            6.05,
            6.85,
            6.66,
            6.66,
            5.93,
            6.36,
            5.18,
            6.02,
            6.31,
            6.69,
            6.69,
            6.39,
            6.58,
            6.21,
            6.11
        ]
    },
    "totalSteps": {
        "mean": 35,
        "stdev": 0.0,
        "units": "steps",
        "values": [
            35,
            35,
            35,
            35,
            35,
            35,
            35,
            35,
            35,
            35,
            35,
            35,
            35,
            35,
            35,
            35,
            35,
            35,
            35,
            35
        ]
    },
    "userTime": {
        "mean": 49.123,
        "stdev": 2.4607938385385877,
        "units": "seconds",
        "values": [
            48.16,
            59.24,
            49.21,
            49.16,
            48.24,
            48.48,
            48.87,
            49.45,
            48.38,
            49.0,
            48.62,
            46.85,
            47.91,
            49.53,
            48.76,
            48.42,
            48.13,
            49.24,
            48.16,
            48.65
        ]
    }
}