{
    "dQMin": {
        "mean": 1e-05,
        "stdev": 0.0,
        "units": "dQMin",
        "values": [
            1e-05,
            1e-05,
            1e-05,
            1e-05,
            1e-05,
            1e-05,
            1e-05,
            1e-05,
            1e-05,
            1e-05,
            1e-05,
            1e-05,
            1e-05,
            1e-05,
            1e-05,
            1e-05,
            1e-05,
            1e-05,
            1e-05,
            1e-05
        ]
    },
    "dQRel": {
        "mean": 0.0001,
        "stdev": 0.0,
        "units": "dQRel",
        "values": [
            0.0001,
            0.0001,
            0.0001,
            0.0001,
            0.0001,
            0.0001,
            0.0001,
            0.0001,
            0.0001,
            0.0001,
            0.0001,
            0.0001,
            0.0001,
            0.0001,
            0.0001,
            0.0001,
            0.0001,
            0.0001,
            0.0001,
            0.0001
        ]
    },
    "integrationTime": {
        "mean": 0.1270551,
        "stdev": 0.001418079238376965,
        "units": "seconds",
        "values": [
            0.126226,
            0.12515,
            0.131091,
            0.127619,
            0.125245,
            0.128309,
            0.127465,
            0.12838,
            0.125857,
            0.127411,
            0.125764,
            0.127331,
            0.127488,
            0.128318,
            0.126057,
            0.125877,
            0.12739,
            0.125402,
            0.127428,
            0.127294
        ]
    },
    "integrationTimeAvgStep": {
        "mean": 0.002762066,
        "stdev": 3.082631094237182e-05,
        "units": "seconds",
        "values": [
            0.00274405,
            0.00272065,
            0.00284979,
            0.00277432,
            0.00272273,
            0.00278933,
            0.00277098,
            0.00279087,
            0.00273602,
            0.0027698,
            0.00273399,
            0.00276806,
            0.00277149,
            0.00278952,
            0.00274037,
            0.00273645,
            0.00276934,
            0.00272612,
            0.00277018,
            0.00276726
        ]
    },
    "integrationTimeAvgSubstep": {
        "mean": 3.3379315e-07,
        "stdev": 3.725463860556936e-09,
        "units": "seconds",
        "values": [
            3.31616e-07,
            3.28788e-07,
            3.44395e-07,
            3.35274e-07,
            3.29039e-07,
            3.37088e-07,
            3.3487e-07,
            3.37274e-07,
            3.30645e-07,
            3.34728e-07,
            3.304e-07,
            3.34517e-07,
            3.34932e-07,
            3.37111e-07,
            3.31171e-07,
            3.30698e-07,
            3.34673e-07,
            3.29449e-07,
            3.34774e-07,
            3.34421e-07
        ]
    },
    "intersections": {
        "mean": 1,
        "stdev": 0.0,
        "units": "intersections",
        "values": [
            1,
            1,
            1,
            1,
            1,
            1,
            1,
            1,
            1,
            1,
            1,
            1,
            1,
            1,
            1,
            1,
            1,
            1,
            1,
            1
        ]
    },
    "numberOfThreads": {
        "mean": 1,
        "stdev": 0.0,
        "units": "threads",
        "values": [
            1,
            1,
            1,
            1,
            1,
            1,
            1,
            1,
            1,
            1,
            1,
            1,
            1,
            1,
            1,
            1,
            1,
            1,
            1,
            1
        ]
    },
    "numberOfTracks": {
        "mean": 22,
        "stdev": 0.0,
        "units": "tracks",
        "values": [
            22,
            22,
            22,
            22,
            22,
            22,
            22,
            22,
            22,
            22,
            22,
            22,
            22,
            22,
            22,
            22,
            22,
            22,
            22,
            22
        ]
    },
    "realTime": {
        "mean": 53.391905,
        "stdev": 0.6626802797213596,
        "units": "seconds",
        "values": [
            53.1567,
            52.9727,
            53.6486,
            53.3313,
            53.2358,
            55.2355,
            53.7972,
            54.0954,
            52.3657,
            52.2624,
            52.6209,
            53.9172,
            53.247,
            53.7536,
            53.2634,
            52.9179,
            53.4857,
            53.1689,
            53.9482,
            53.414
        ]
    },
    "resetTime": {
        "mean": 0.00025465645,
        "stdev": 1.2842838604390431e-05,
        "units": "seconds",
        "values": [
            0.000239172,
            0.00025661,
            0.00023765,
            0.000269148,
            0.000245054,
            0.000269408,
            0.000274875,
            0.000271048,
            0.000243187,
            0.000261959,
            0.000244565,
            0.000266617,
            0.000238056,
            0.000260358,
            0.000266073,
            0.000237515,
            0.000261023,
            0.000241883,
            0.00025882,
            0.000250108
        ]
    },
    "resetTimeAvg": {
        "mean": 5.5360095e-06,
        "stdev": 2.791925601760039e-07,
        "units": "seconds",
        "values": [
            5.19939e-06,
            5.57848e-06,
            5.1663e-06,
            5.85104e-06,
            5.32726e-06,
            5.8567e-06,
            5.97554e-06,
            5.89235e-06,
            5.28667e-06,
            5.69476e-06,
            5.31663e-06,
            5.79602e-06,
            5.17513e-06,
            5.65996e-06,
            5.7842e-06,
            5.16337e-06,
            5.67441e-06,
            5.25833e-06,
            5.62652e-06,
            5.43713e-06
        ]
    },
    "substepAveragePerStep": {
        "mean": 8274.78,
        "stdev": 0.0,
        "units": "substeps",
        "values": [
            8274.78,
            8274.78,
            8274.78,
            8274.78,
            8274.78,
            8274.78,
            8274.78,
            8274.78,
            8274.78,
            8274.78,
            8274.78,
            8274.78,
            8274.78,
            8274.78,
            8274.78,
            8274.78,
            8274.78,
            8274.78,
            8274.78,
            8274.78
        ]
    },
    "systemTime": {
        "mean": 6.448,
        "stdev": 0.48653014186930743,
        "units": "seconds",
        "values": [
            6.23,
            6.22,
            6.32,
            6.32,
            5.94,
            7.72,
            6.66,
            7.53,
            6.08,
            6.15,
            6.06,
            6.53,
            6.18,
            6.17,
            6.39,
            5.89,
            6.21,
            6.74,
            6.7,
            6.92
        ]
    },
    "totalSteps": {
        "mean": 46,
        "stdev": 0.0,
        "units": "steps",
        "values": [
            46,
            46,
            46,
            46,
            46,
            46,
            46,
            46,
            46,
            46,
            46,
            46,
            46,
            46,
            46,
            46,
            46,
            46,
            46,
            46
        ]
    },
    "totalSubsteps": {
        "mean": 380640,
        "stdev": 0.0,
        "units": "substeps",
        "values": [
            380640,
            380640,
            380640,
            380640,
            380640,
            380640,
            380640,
            380640,
            380640,
            380640,
            380640,
            380640,
            380640,
            380640,
            380640,
            380640,
            380640,
            380640,
            380640,
            380640
        ]
    },
    "track_1_stepCount": {
        "mean": 18,
        "stdev": 0.0,
        "units": "steps",
        "values": [
            18,
            18,
            18,
            18,
            18,
            18,
            18,
            18,
            18,
            18,
            18,
            18,
            18,
            18,
            18,
            18,
            18,
            18,
            18,
            18
        ]
    },
    "track_1_substepCount": {
        "mean": 728,
        "stdev": 0.0,
        "units": "substeps",
        "values": [
            728,
            728,
            728,
            728,
            728,
            728,
            728,
            728,
            728,
            728,
            728,
            728,
            728,
            728,
            728,
            728,
            728,
            728,
            728,
            728
        ]
    },
    "track_51_stepCount": {
        "mean": 1,
        "stdev": 0.0,
        "units": "steps",
        "values": [
            1,
            1,
            1,
            1,
            1,
            1,
            1,
            1,
            1,
            1,
            1,
            1,
            1,
            1,
            1,
            1,
            1,
            1,
            1,
            1
        ]
    },
    "track_51_substepCount": {
        "mean": 8783,
        "stdev": 0.0,
        "units": "substeps",
        "values": [
            8783,
            8783,
            8783,
            8783,
            8783,
            8783,
            8783,
            8783,
            8783,
            8783,
            8783,
            8783,
            8783,
            8783,
            8783,
            8783,
            8783,
            8783,
            8783,
            8783
        ]
    },
    "track_52_stepCount": {
        "mean": 1,
        "stdev": 0.0,
        "units": "steps",
        "values": [
            1,
            1,
            1,
            1,
            1,
            1,
            1,
            1,
            1,
            1,
            1,
            1,
            1,
            1,
            1,
            1,
            1,
            1,
            1,
            1
        ]
    },
    "track_52_substepCount": {
        "mean": 19321,
        "stdev": 0.0,
        "units": "substeps",
        "values": [
            19321,
            19321,
            19321,
            19321,
            19321,
            19321,
            19321,
            19321,
            19321,
            19321,
            19321,
            19321,
            19321,
            19321,
            19321,
            19321,
            19321,
            19321,
            19321,
            19321
        ]
    },
    "track_53_stepCount": {
        "mean": 1,
        "stdev": 0.0,
        "units": "steps",
        "values": [
            1,
            1,
            1,
            1,
            1,
            1,
            1,
            1,
            1,
            1,
            1,
            1,
            1,
            1,
            1,
            1,
            1,
            1,
            1,
            1
        ]
    },
    "track_53_substepCount": {
        "mean": 5785,
        "stdev": 0.0,
        "units": "substeps",
        "values": [
            5785,
            5785,
            5785,
            5785,
            5785,
            5785,
            5785,
            5785,
            5785,
            5785,
            5785,
            5785,
            5785,
            5785,
            5785,
            5785,
            5785,
            5785,
            5785,
            5785
        ]
    },
    "track_54_stepCount": {
        "mean": 1,
        "stdev": 0.0,
        "units": "steps",
        "values": [
            1,
            1,
            1,
            1,
            1,
            1,
            1,
            1,
            1,
            1,
            1,
            1,
            1,
            1,
            1,
            1,
            1,
            1,
            1,
            1
        ]
    },
    "track_54_substepCount": {
        "mean": 7065,
        "stdev": 0.0,
        "units": "substeps",
        "values": [
            7065,
            7065,
            7065,
            7065,
            7065,
            7065,
            7065,
            7065,
            7065,
            7065,
            7065,
            7065,
            7065,
            7065,
            7065,
            7065,
            7065,
            7065,
            7065,
            7065
        ]
    },
    "track_55_stepCount": {
        "mean": 1,
        "stdev": 0.0,
        "units": "steps",
        "values": [
            1,
            1,
            1,
            1,
            1,
            1,
            1,
            1,
            1,
            1,
            1,
            1,
            1,
            1,
            1,
            1,
            1,
            1,
            1,
            1
        ]
    },
    "track_55_substepCount": {
        "mean": 3560,
        "stdev": 0.0,
        "units": "substeps",
        "values": [
            3560,
            3560,
            3560,
            3560,
            3560,
            3560,
            3560,
            3560,
            3560,
            3560,
            3560,
            3560,
            3560,
            3560,
            3560,
            3560,
            3560,
            3560,
            3560,
            3560
        ]
    },
    "track_56_stepCount": {
        "mean": 1,
        "stdev": 0.0,
        "units": "steps",
        "values": [
            1,
            1,
            1,
            1,
            1,
            1,
            1,
            1,
            1,
            1,
            1,
            1,
            1,
            1,
            1,
            1,
            1,
            1,
            1,
            1
        ]
    },
    "track_56_substepCount": {
        "mean": 8434,
        "stdev": 0.0,
        "units": "substeps",
        "values": [
            8434,
            8434,
            8434,
            8434,
            8434,
            8434,
            8434,
            8434,
            8434,
            8434,
            8434,
            8434,
            8434,
            8434,
            8434,
            8434,
            8434,
            8434,
            8434,
            8434
        ]
    },
    "track_57_stepCount": {
        "mean": 1,
        "stdev": 0.0,
        "units": "steps",
        "values": [
            1,
            1,
            1,
            1,
            1,
            1,
            1,
            1,
            1,
            1,
            1,
            1,
            1,
            1,
            1,
            1,
            1,
            1,
            1,
            1
        ]
    },
    "track_57_substepCount": {
        "mean": 4830,
        "stdev": 0.0,
        "units": "substeps",
        "values": [
            4830,
            4830,
            4830,
            4830,
            4830,
            4830,
            4830,
            4830,
            4830,
            4830,
            4830,
            4830,
            4830,
            4830,
            4830,
            4830,
            4830,
            4830,
            4830,
            4830
        ]
    },
    "track_58_stepCount": {
        "mean": 1,
        "stdev": 0.0,
        "units": "steps",
        "values": [
            1,
            1,
            1,
            1,
            1,
            1,
            1,
            1,
            1,
            1,
            1,
            1,
            1,
            1,
            1,
            1,
            1,
            1,
            1,
            1
        ]
    },
    "track_58_substepCount": {
        "mean": 7590,
        "stdev": 0.0,
        "units": "substeps",
        "values": [
            7590,
            7590,
            7590,
            7590,
            7590,
            7590,
            7590,
            7590,
            7590,
            7590,
            7590,
            7590,
            7590,
            7590,
            7590,
            7590,
            7590,
            7590,
            7590,
            7590
        ]
    },
    "track_59_stepCount": {
        "mean": 1,
        "stdev": 0.0,
        "units": "steps",
        "values": [
            1,
            1,
            1,
            1,
            1,
            1,
            1,
            1,
            1,
            1,
            1,
            1,
            1,
            1,
            1,
            1,
            1,
            1,
            1,
            1
        ]
    },
    "track_59_substepCount": {
        "mean": 4964,
        "stdev": 0.0,
        "units": "substeps",
        "values": [
            4964,
            4964,
            4964,
            4964,
            4964,
            4964,
            4964,
            4964,
            4964,
            4964,
            4964,
            4964,
            4964,
            4964,
            4964,
            4964,
            4964,
            4964,
            4964,
            4964
        ]
    },
    "track_60_stepCount": {
        "mean": 2,
        "stdev": 0.0,
        "units": "steps",
        "values": [
            2,
            2,
            2,
            2,
            2,
            2,
            2,
            2,
            2,
            2,
            2,
            2,
            2,
            2,
            2,
            2,
            2,
            2,
            2,
            2
        ]
    },
    "track_60_substepCount": {
        "mean": 25914,
        "stdev": 0.0,
        "units": "substeps",
        "values": [
            25914,
            25914,
            25914,
            25914,
            25914,
            25914,
            25914,
            25914,
            25914,
            25914,
            25914,
            25914,
            25914,
            25914,
            25914,
            25914,
            25914,
            25914,
            25914,
            25914
        ]
    },
    "track_61_stepCount": {
        "mean": 1,
        "stdev": 0.0,
        "units": "steps",
        "values": [
            1,
            1,
            1,
            1,
            1,
            1,
            1,
            1,
            1,
            1,
            1,
            1,
            1,
            1,
            1,
            1,
            1,
            1,
            1,
            1
        ]
    },
    "track_61_substepCount": {
        "mean": 3140,
        "stdev": 0.0,
        "units": "substeps",
        "values": [
            3140,
            3140,
            3140,
            3140,
            3140,
            3140,
            3140,
            3140,
            3140,
            3140,
            3140,
            3140,
            3140,
            3140,
            3140,
            3140,
            3140,
            3140,
            3140,
            3140
        ]
    },
    "track_62_stepCount": {
        "mean": 3,
        "stdev": 0.0,
        "units": "steps",
        "values": [
            3,
            3,
            3,
            3,
            3,
            3,
            3,
            3,
            3,
            3,
            3,
            3,
            3,
            3,
            3,
            3,
            3,
            3,
            3,
            3
        ]
    },
    "track_62_substepCount": {
        "mean": 69249,
        "stdev": 0.0,
        "units": "substeps",
        "values": [
            69249,
            69249,
            69249,
            69249,
            69249,
            69249,
            69249,
            69249,
            69249,
            69249,
            69249,
            69249,
            69249,
            69249,
            69249,
            69249,
            69249,
            69249,
            69249,
            69249
        ]
    },
    "track_63_stepCount": {
        "mean": 1,
        "stdev": 0.0,
        "units": "steps",
        "values": [
            1,
            1,
            1,
            1,
            1,
            1,
            1,
            1,
            1,
            1,
            1,
            1,
            1,
            1,
            1,
            1,
            1,
            1,
            1,
            1
        ]
    },
    "track_63_substepCount": {
        "mean": 4829,
        "stdev": 0.0,
        "units": "substeps",
        "values": [
            4829,
            4829,
            4829,
            4829,
            4829,
            4829,
            4829,
            4829,
            4829,
            4829,
            4829,
            4829,
            4829,
            4829,
            4829,
            4829,
            4829,
            4829,
            4829,
            4829
        ]
    },
    "track_64_stepCount": {
        "mean": 1,
        "stdev": 0.0,
        "units": "steps",
        "values": [
            1,
            1,
            1,
            1,
            1,
            1,
            1,
            1,
            1,
            1,
            1,
            1,
            1,
            1,
            1,
            1,
            1,
            1,
            1,
            1
        ]
    },
    "track_64_substepCount": {
        "mean": 3280,
        "stdev": 0.0,
        "units": "substeps",
        "values": [
            3280,
            3280,
            3280,
            3280,
            3280,
            3280,
            3280,
            3280,
            3280,
            3280,
            3280,
            3280,
            3280,
            3280,
            3280,
            3280,
            3280,
            3280,
            3280,
            3280
        ]
    },
    "track_65_stepCount": {
        "mean": 1,
        "stdev": 0.0,
        "units": "steps",
        "values": [
            1,
            1,
            1,
            1,
            1,
            1,
            1,
            1,
            1,
            1,
            1,
            1,
            1,
            1,
            1,
            1,
            1,
            1,
            1,
            1
        ]
    },
    "track_65_substepCount": {
        "mean": 26218,
        "stdev": 0.0,
        "units": "substeps",
        "values": [
            26218,
            26218,
            26218,
            26218,
            26218,
            26218,
            26218,
            26218,
            26218,
            26218,
            26218,
            26218,
            26218,
            26218,
            26218,
            26218,
            26218,
            26218,
            26218,
            26218
        ]
    },
    "track_66_stepCount": {
        "mean": 1,
        "stdev": 0.0,
        "units": "steps",
        "values": [
            1,
            1,
            1,
            1,
            1,
            1,
            1,
            1,
            1,
            1,
            1,
            1,
            1,
            1,
            1,
            1,
            1,
            1,
            1,
            1
        ]
    },
    "track_66_substepCount": {
        "mean": 4755,
        "stdev": 0.0,
        "units": "substeps",
        "values": [
            4755,
            4755,
            4755,
            4755,
            4755,
            4755,
            4755,
            4755,
            4755,
            4755,
            4755,
            4755,
            4755,
            4755,
            4755,
            4755,
            4755,
            4755,
            4755,
            4755
        ]
    },
    "track_67_stepCount": {
        "mean": 5,
        "stdev": 0.0,
        "units": "steps",
        "values": [
            5,
            5,
            5,
            5,
            5,
            5,
            5,
            5,
            5,
            5,
            5,
            5,
            5,
            5,
            5,
            5,
            5,
            5,
            5,
            5
        ]
    },
    "track_67_substepCount": {
        "mean": 145627,
        "stdev": 0.0,
        "units": "substeps",
        "values": [
            145627,
            145627,
            145627,
            145627,
            145627,
            145627,
            145627,
            145627,
            145627,
            145627,
            145627,
            145627,
            145627,
            145627,
            145627,
            145627,
            145627,
            145627,
            145627,
            145627
        ]
    },
    "track_82298_stepCount": {
        "mean": 1,
        "stdev": 0.0,
        "units": "steps",
        "values": [
            1,
            1,
            1,
            1,
            1,
            1,
            1,
            1,
            1,
            1,
            1,
            1,
            1,
            1,
            1,
            1,
            1,
            1,
            1,
            1
        ]
    },
    "track_82298_substepCount": {
        "mean": 3305,
        "stdev": 0.0,
        "units": "substeps",
        "values": [
            3305,
            3305,
            3305,
            3305,
            3305,
            3305,
            3305,
            3305,
            3305,
            3305,
            3305,
            3305,
            3305,
            3305,
            3305,
            3305,
            3305,
            3305,
            3305,
            3305
        ]
    },
    "track_82299_stepCount": {
        "mean": 1,
        "stdev": 0.0,
        "units": "steps",
        "values": [
            1,
            1,
            1,
            1,
            1,
            1,
            1,
            1,
            1,
            1,
            1,
            1,
            1,
            1,
            1,
            1,
            1,
            1,
            1,
            1
        ]
    },
    "track_82299_substepCount": {
        "mean": 4238,
        "stdev": 0.0,
        "units": "substeps",
        "values": [
            4238,
            4238,
            4238,
            4238,
            4238,
            4238,
            4238,
            4238,
            4238,
            4238,
            4238,
            4238,
            4238,
            4238,
            4238,
            4238,
            4238,
            4238,
            4238,
            4238
        ]
    },
    "track_82300_stepCount": {
        "mean": 1,
        "stdev": 0.0,
        "units": "steps",
        "values": [
            1,
            1,
            1,
            1,
            1,
            1,
            1,
            1,
            1,
            1,
            1,
            1,
            1,
            1,
            1,
            1,
            1,
            1,
            1,
            1
        ]
    },
    "track_82300_substepCount": {
        "mean": 13312,
        "stdev": 0.0,
        "units": "substeps",
        "values": [
            13312,
            13312,
            13312,
            13312,
            13312,
            13312,
            13312,
            13312,
            13312,
            13312,
            13312,
            13312,
            13312,
            13312,
            13312,
            13312,
            13312,
            13312,
            13312,
            13312
        ]
    },
    "track_82301_stepCount": {
        "mean": 1,
        "stdev": 0.0,
        "units": "steps",
        "values": [
            1,
            1,
            1,
            1,
            1,
            1,
            1,
            1,
            1,
            1,
            1,
            1,
            1,
            1,
            1,
            1,
            1,
            1,
            1,
            1
        ]
    },
    "track_82301_substepCount": {
        "mean": 5713,
        "stdev": 0.0,
        "units": "substeps",
        "values": [
            5713,
            5713,
            5713,
            5713,
            5713,
            5713,
            5713,
            5713,
            5713,
            5713,
            5713,
            5713,
            5713,
            5713,
            5713,
            5713,
            5713,
            5713,
            5713,
            5713
        ]
    },
    "userTime": {
        "mean": 50.2715,
        "stdev": 0.49886476387050893,
        "units": "seconds",
        "values": [
            50.15,
            49.89,
            50.63,
            50.26,
            50.6,
            51.15,
            50.5,
            50.19,
            49.49,
            49.14,
            49.76,
            50.62,
            50.42,
            51.01,
            50.44,
            50.22,
            50.59,
            49.71,
            50.65,
            50.01
        ]
    },
    "varVX_dQMinChanges": {
        "mean": 879.0,
        "stdev": 0.0,
        "units": "changes",
        "values": [
            879.0,
            879.0,
            879.0,
            879.0,
            879.0,
            879.0,
            879.0,
            879.0,
            879.0,
            879.0,
            879.0,
            879.0,
            879.0,
            879.0,
            879.0,
            879.0,
            879.0,
            879.0,
            879.0,
            879.0
        ]
    },
    "varVX_dQRelChanges": {
        "mean": 189001.0,
        "stdev": 0.0,
        "units": "changes",
        "values": [
            189001.0,
            189001.0,
            189001.0,
            189001.0,
            189001.0,
            189001.0,
            189001.0,
            189001.0,
            189001.0,
            189001.0,
            189001.0,
            189001.0,
            189001.0,
            189001.0,
            189001.0,
            189001.0,
            189001.0,
            189001.0,
            189001.0,
            189001.0
        ]
    },
    "varVX_maxError": {
        "mean": 0.894914,
        "stdev": 0.0,
        "units": "mm?",
        "values": [
            0.894914,
            0.894914,
            0.894914,
            0.894914,
            0.894914,
            0.894914,
            0.894914,
            0.894914,
            0.894914,
            0.894914,
            0.894914,
            0.894914,
            0.894914,
            0.894914,
            0.894914,
            0.894914,
            0.894914,
            0.894914,
            0.894914,
            0.894914
        ]
    },
    "varVY_dQMinChanges": {
        "mean": 879.0,
        "stdev": 0.0,
        "units": "changes",
        "values": [
            879.0,
            879.0,
            879.0,
            879.0,
            879.0,
            879.0,
            879.0,
            879.0,
            879.0,
            879.0,
            879.0,
            879.0,
            879.0,
            879.0,
            879.0,
            879.0,
            879.0,
            879.0,
            879.0,
            879.0
        ]
    },
    "varVY_dQRelChanges": {
        "mean": 189001.0,
        "stdev": 0.0,
        "units": "changes",
        "values": [
            189001.0,
            189001.0,
            189001.0,
            189001.0,
            189001.0,
            189001.0,
            189001.0,
            189001.0,
            189001.0,
            189001.0,
            189001.0,
            189001.0,
            189001.0,
            189001.0,
            189001.0,
            189001.0,
            189001.0,
            189001.0,
            189001.0,
            189001.0
        ]
    },
    "varVY_maxError": {
        "mean": 0.894914,
        "stdev": 0.0,
        "units": "mm?",
        "values": [
            0.894914,
            0.894914,
            0.894914,
            0.894914,
            0.894914,
            0.894914,
            0.894914,
            0.894914,
            0.894914,
            0.894914,
            0.894914,
            0.894914,
            0.894914,
            0.894914,
            0.894914,
            0.894914,
            0.894914,
            0.894914,
            0.894914,
            0.894914
        ]
    },
    "varVZ_dQMinChanges": {
        "mean": 879.0,
        "stdev": 0.0,
        "units": "changes",
        "values": [
            879.0,
            879.0,
            879.0,
            879.0,
            879.0,
            879.0,
            879.0,
            879.0,
            879.0,
            879.0,
            879.0,
            879.0,
            879.0,
            879.0,
            879.0,
            879.0,
            879.0,
            879.0,
            879.0,
            879.0
        ]
    },
    "varVZ_dQRelChanges": {
        "mean": 189001.0,
        "stdev": 0.0,
        "units": "changes",
        "values": [
            189001.0,
            189001.0,
            189001.0,
            189001.0,
            189001.0,
            189001.0,
            189001.0,
            189001.0,
            189001.0,
            189001.0,
            189001.0,
            189001.0,
            189001.0,
            189001.0,
            189001.0,
            189001.0,
            189001.0,
            189001.0,
            189001.0,
            189001.0
        ]
    },
    "varVZ_maxError": {
        "mean": 0.894914,
        "stdev": 0.0,
        "units": "mm?",
        "values": [
            0.894914,
            0.894914,
            0.894914,
            0.894914,
            0.894914,
            0.894914,
            0.894914,
            0.894914,
            0.894914,
            0.894914,
            0.894914,
            0.894914,
            0.894914,
            0.894914,
            0.894914,
            0.894914,
            0.894914,
            0.894914,
            0.894914,
            0.894914
        ]
    },
    "varX_dQMinChanges": {
        "mean": 879.0,
        "stdev": 0.0,
        "units": "changes",
        "values": [
            879.0,
            879.0,
            879.0,
            879.0,
            879.0,
            879.0,
            879.0,
            879.0,
            879.0,
            879.0,
            879.0,
            879.0,
            879.0,
            879.0,
            879.0,
            879.0,
            879.0,
            879.0,
            879.0,
            879.0
        ]
    },
    "varX_dQRelChanges": {
        "mean": 189001.0,
        "stdev": 0.0,
        "units": "changes",
        "values": [
            189001.0,
            189001.0,
            189001.0,
            189001.0,
            189001.0,
            189001.0,
            189001.0,
            189001.0,
            189001.0,
            189001.0,
            189001.0,
            189001.0,
            189001.0,
            189001.0,
            189001.0,
            189001.0,
            189001.0,
            189001.0,
            189001.0,
            189001.0
        ]
    },
    "varX_maxError": {
        "mean": 0.894914,
        "stdev": 0.0,
        "units": "mm?",
        "values": [
            0.894914,
            0.894914,
            0.894914,
            0.894914,
            0.894914,
            0.894914,
            0.894914,
            0.894914,
            0.894914,
            0.894914,
            0.894914,
            0.894914,
            0.894914,
            0.894914,
            0.894914,
            0.894914,
            0.894914,
            0.894914,
            0.894914,
            0.894914
        ]
    },
    "varY_dQMinChanges": {
        "mean": 879.0,
        "stdev": 0.0,
        "units": "changes",
        "values": [
            879.0,
            879.0,
            879.0,
            879.0,
            879.0,
            879.0,
            879.0,
            879.0,
            879.0,
            879.0,
            879.0,
            879.0,
            879.0,
            879.0,
            879.0,
            879.0,
            879.0,
            879.0,
            879.0,
            879.0
        ]
    },
    "varY_dQRelChanges": {
        "mean": 189001.0,
        "stdev": 0.0,
        "units": "changes",
        "values": [
            189001.0,
            189001.0,
            189001.0,
            189001.0,
            189001.0,
            189001.0,
            189001.0,
            189001.0,
            189001.0,
            189001.0,
            189001.0,
            189001.0,
            189001.0,
            189001.0,
            189001.0,
            189001.0,
            189001.0,
            189001.0,
            189001.0,
            189001.0
        ]
    },
    "varY_maxError": {
        "mean": 0.894914,
        "stdev": 0.0,
        "units": "mm?",
        "values": [
            0.894914,
            0.894914,
            0.894914,
            0.894914,
            0.894914,
            0.894914,
            0.894914,
            0.894914,
            0.894914,
            0.894914,
            0.894914,
            0.894914,
            0.894914,
            0.894914,
            0.894914,
            0.894914,
            0.894914,
            0.894914,
            0.894914,
            0.894914
        ]
    },
    "varZ_dQMinChanges": {
        "mean": 879.0,
        "stdev": 0.0,
        "units": "changes",
        "values": [
            879.0,
            879.0,
            879.0,
            879.0,
            879.0,
            879.0,
            879.0,
            879.0,
            879.0,
            879.0,
            879.0,
            879.0,
            879.0,
            879.0,
            879.0,
            879.0,
            879.0,
            879.0,
            879.0,
            879.0
        ]
    },
    "varZ_dQRelChanges": {
        "mean": 189001.0,
        "stdev": 0.0,
        "units": "changes",
        "values": [
            189001.0,
            189001.0,
            189001.0,
            189001.0,
            189001.0,
            189001.0,
            189001.0,
            189001.0,
            189001.0,
            189001.0,
            189001.0,
            189001.0,
            189001.0,
            189001.0,
            189001.0,
            189001.0,
            189001.0,
            189001.0,
            189001.0,
            189001.0
        ]
    },
    "varZ_maxError": {
        "mean": 0.894914,
        "stdev": 0.0,
        "units": "mm?",
        "values": [
            0.894914,
            0.894914,
            0.894914,
            0.894914,
            0.894914,
            0.894914,
            0.894914,
            0.894914,
            0.894914,
            0.894914,
            0.894914,
            0.894914,
            0.894914,
            0.894914,
            0.894914,
            0.894914,
            0.894914,
            0.894914,
            0.894914,
            0.894914
        ]
    }
}