{
    "dotfile": {},
    "runId": 76,
    "stdout": {
        "dQMin": 1e-06,
        "dQRel": 1e-05,
        "integrationTime": 0.0546318,
        "integrationTimeAvgStep": 2.66887e-05,
        "integrationTimeAvgSubstep": 3.60689e-07,
        "intersections": 1,
        "numberOfThreads": 0,
        "numberOfTracks": 923,
        "realTime": 4.61992,
        "resetTime": 0.00460627,
        "resetTimeAvg": 2.25025e-06,
        "substepAveragePerStep": 73.9936,
        "systemTime": 0.1,
        "totalSteps": 2047,
        "totalSubsteps": 151465,
        "trackData": {
            "1": {
                "stepCount": 556,
                "substepCount": 14461
            },
            "10": {
                "stepCount": 2,
                "substepCount": 49
            },
            "100": {
                "stepCount": 2,
                "substepCount": 41
            },
            "101": {
                "stepCount": 1,
                "substepCount": 9
            },
            "102": {
                "stepCount": 1,
                "substepCount": 7
            },
            "103": {
                "stepCount": 1,
                "substepCount": 7
            },
            "104": {
                "stepCount": 1,
                "substepCount": 11
            },
            "105": {
                "stepCount": 1,
                "substepCount": 11
            },
            "106": {
                "stepCount": 1,
                "substepCount": 13
            },
            "107": {
                "stepCount": 1,
                "substepCount": 22
            },
            "108": {
                "stepCount": 1,
                "substepCount": 11
            },
            "109": {
                "stepCount": 1,
                "substepCount": 7
            },
            "11": {
                "stepCount": 1,
                "substepCount": 7
            },
            "110": {
                "stepCount": 1,
                "substepCount": 9
            },
            "111": {
                "stepCount": 1,
                "substepCount": 11
            },
            "112": {
                "stepCount": 2,
                "substepCount": 42
            },
            "113": {
                "stepCount": 1,
                "substepCount": 10
            },
            "114": {
                "stepCount": 1,
                "substepCount": 9
            },
            "115": {
                "stepCount": 1,
                "substepCount": 7
            },
            "116": {
                "stepCount": 2,
                "substepCount": 22
            },
            "117": {
                "stepCount": 11,
                "substepCount": 1700
            },
            "118": {
                "stepCount": 1,
                "substepCount": 7
            },
            "119": {
                "stepCount": 1,
                "substepCount": 9
            },
            "12": {
                "stepCount": 1,
                "substepCount": 7
            },
            "120": {
                "stepCount": 3,
                "substepCount": 88
            },
            "121": {
                "stepCount": 1,
                "substepCount": 7
            },
            "122": {
                "stepCount": 1,
                "substepCount": 9
            },
            "123": {
                "stepCount": 1,
                "substepCount": 11
            },
            "124": {
                "stepCount": 1,
                "substepCount": 13
            },
            "125": {
                "stepCount": 1,
                "substepCount": 9
            },
            "126": {
                "stepCount": 2,
                "substepCount": 19
            },
            "127": {
                "stepCount": 1,
                "substepCount": 12
            },
            "128": {
                "stepCount": 1,
                "substepCount": 9
            },
            "129": {
                "stepCount": 1,
                "substepCount": 13
            },
            "13": {
                "stepCount": 1,
                "substepCount": 13
            },
            "130": {
                "stepCount": 1,
                "substepCount": 7
            },
            "131": {
                "stepCount": 1,
                "substepCount": 7
            },
            "132": {
                "stepCount": 1,
                "substepCount": 9
            },
            "133": {
                "stepCount": 1,
                "substepCount": 13
            },
            "134": {
                "stepCount": 1,
                "substepCount": 9
            },
            "135": {
                "stepCount": 1,
                "substepCount": 9
            },
            "136": {
                "stepCount": 1,
                "substepCount": 9
            },
            "137": {
                "stepCount": 1,
                "substepCount": 13
            },
            "138": {
                "stepCount": 1,
                "substepCount": 7
            },
            "139": {
                "stepCount": 1,
                "substepCount": 7
            },
            "14": {
                "stepCount": 1,
                "substepCount": 18
            },
            "140": {
                "stepCount": 1,
                "substepCount": 7
            },
            "141": {
                "stepCount": 1,
                "substepCount": 9
            },
            "142": {
                "stepCount": 1,
                "substepCount": 7
            },
            "143": {
                "stepCount": 1,
                "substepCount": 13
            },
            "144": {
                "stepCount": 1,
                "substepCount": 17
            },
            "145": {
                "stepCount": 1,
                "substepCount": 7
            },
            "146": {
                "stepCount": 1,
                "substepCount": 7
            },
            "147": {
                "stepCount": 1,
                "substepCount": 9
            },
            "148": {
                "stepCount": 1,
                "substepCount": 7
            },
            "149": {
                "stepCount": 1,
                "substepCount": 9
            },
            "15": {
                "stepCount": 1,
                "substepCount": 11
            },
            "150": {
                "stepCount": 1,
                "substepCount": 13
            },
            "151": {
                "stepCount": 1,
                "substepCount": 9
            },
            "152": {
                "stepCount": 1,
                "substepCount": 7
            },
            "153": {
                "stepCount": 1,
                "substepCount": 7
            },
            "154": {
                "stepCount": 1,
                "substepCount": 8
            },
            "155": {
                "stepCount": 1,
                "substepCount": 17
            },
            "156": {
                "stepCount": 1,
                "substepCount": 11
            },
            "157": {
                "stepCount": 1,
                "substepCount": 15
            },
            "158": {
                "stepCount": 1,
                "substepCount": 7
            },
            "159": {
                "stepCount": 1,
                "substepCount": 8
            },
            "16": {
                "stepCount": 1,
                "substepCount": 15
            },
            "160": {
                "stepCount": 1,
                "substepCount": 9
            },
            "161": {
                "stepCount": 5,
                "substepCount": 218
            },
            "162": {
                "stepCount": 2,
                "substepCount": 24
            },
            "163": {
                "stepCount": 1,
                "substepCount": 20
            },
            "164": {
                "stepCount": 2,
                "substepCount": 21
            },
            "165": {
                "stepCount": 1,
                "substepCount": 11
            },
            "166": {
                "stepCount": 1,
                "substepCount": 11
            },
            "167": {
                "stepCount": 1,
                "substepCount": 9
            },
            "168": {
                "stepCount": 2,
                "substepCount": 66
            },
            "169": {
                "stepCount": 1,
                "substepCount": 9
            },
            "17": {
                "stepCount": 1,
                "substepCount": 11
            },
            "170": {
                "stepCount": 3,
                "substepCount": 93
            },
            "171": {
                "stepCount": 1,
                "substepCount": 9
            },
            "172": {
                "stepCount": 1,
                "substepCount": 7
            },
            "173": {
                "stepCount": 10,
                "substepCount": 586
            },
            "174": {
                "stepCount": 1,
                "substepCount": 7
            },
            "175": {
                "stepCount": 1,
                "substepCount": 11
            },
            "176": {
                "stepCount": 1,
                "substepCount": 9
            },
            "177": {
                "stepCount": 1,
                "substepCount": 20
            },
            "178": {
                "stepCount": 1,
                "substepCount": 7
            },
            "179": {
                "stepCount": 1,
                "substepCount": 9
            },
            "18": {
                "stepCount": 1,
                "substepCount": 9
            },
            "180": {
                "stepCount": 1,
                "substepCount": 7
            },
            "181": {
                "stepCount": 1,
                "substepCount": 9
            },
            "182": {
                "stepCount": 5,
                "substepCount": 262
            },
            "183": {
                "stepCount": 1,
                "substepCount": 6
            },
            "184": {
                "stepCount": 5,
                "substepCount": 386
            },
            "185": {
                "stepCount": 2,
                "substepCount": 81
            },
            "186": {
                "stepCount": 29,
                "substepCount": 7113
            },
            "187": {
                "stepCount": 3,
                "substepCount": 136
            },
            "188": {
                "stepCount": 1,
                "substepCount": 9
            },
            "189": {
                "stepCount": 1,
                "substepCount": 6
            },
            "19": {
                "stepCount": 1,
                "substepCount": 7
            },
            "190": {
                "stepCount": 1,
                "substepCount": 7
            },
            "191": {
                "stepCount": 2,
                "substepCount": 20
            },
            "192": {
                "stepCount": 3,
                "substepCount": 107
            },
            "193": {
                "stepCount": 1,
                "substepCount": 11
            },
            "194": {
                "stepCount": 1,
                "substepCount": 9
            },
            "195": {
                "stepCount": 1,
                "substepCount": 7
            },
            "196": {
                "stepCount": 1,
                "substepCount": 22
            },
            "197": {
                "stepCount": 1,
                "substepCount": 7
            },
            "198": {
                "stepCount": 1,
                "substepCount": 19
            },
            "199": {
                "stepCount": 1,
                "substepCount": 9
            },
            "2": {
                "stepCount": 1,
                "substepCount": 14
            },
            "20": {
                "stepCount": 1,
                "substepCount": 9
            },
            "200": {
                "stepCount": 1,
                "substepCount": 7
            },
            "201": {
                "stepCount": 2,
                "substepCount": 70
            },
            "202": {
                "stepCount": 1,
                "substepCount": 7
            },
            "203": {
                "stepCount": 1,
                "substepCount": 7
            },
            "204": {
                "stepCount": 1,
                "substepCount": 9
            },
            "205": {
                "stepCount": 1,
                "substepCount": 6
            },
            "206": {
                "stepCount": 1,
                "substepCount": 9
            },
            "207": {
                "stepCount": 1,
                "substepCount": 7
            },
            "208": {
                "stepCount": 1,
                "substepCount": 7
            },
            "209": {
                "stepCount": 1,
                "substepCount": 15
            },
            "21": {
                "stepCount": 1,
                "substepCount": 7
            },
            "210": {
                "stepCount": 1,
                "substepCount": 11
            },
            "211": {
                "stepCount": 1,
                "substepCount": 7
            },
            "212": {
                "stepCount": 4,
                "substepCount": 50
            },
            "213": {
                "stepCount": 3,
                "substepCount": 127
            },
            "214": {
                "stepCount": 1,
                "substepCount": 9
            },
            "215": {
                "stepCount": 2,
                "substepCount": 35
            },
            "216": {
                "stepCount": 1,
                "substepCount": 7
            },
            "217": {
                "stepCount": 3,
                "substepCount": 85
            },
            "218": {
                "stepCount": 1,
                "substepCount": 7
            },
            "219": {
                "stepCount": 1,
                "substepCount": 7
            },
            "22": {
                "stepCount": 1,
                "substepCount": 11
            },
            "220": {
                "stepCount": 1,
                "substepCount": 8
            },
            "221": {
                "stepCount": 1,
                "substepCount": 13
            },
            "222": {
                "stepCount": 1,
                "substepCount": 6
            },
            "223": {
                "stepCount": 1,
                "substepCount": 15
            },
            "224": {
                "stepCount": 1,
                "substepCount": 9
            },
            "225": {
                "stepCount": 1,
                "substepCount": 7
            },
            "226": {
                "stepCount": 1,
                "substepCount": 11
            },
            "227": {
                "stepCount": 1,
                "substepCount": 10
            },
            "228": {
                "stepCount": 1,
                "substepCount": 10
            },
            "229": {
                "stepCount": 1,
                "substepCount": 9
            },
            "230": {
                "stepCount": 1,
                "substepCount": 7
            },
            "231": {
                "stepCount": 1,
                "substepCount": 9
            },
            "232": {
                "stepCount": 1,
                "substepCount": 7
            },
            "233": {
                "stepCount": 2,
                "substepCount": 22
            },
            "234": {
                "stepCount": 1,
                "substepCount": 7
            },
            "235": {
                "stepCount": 1,
                "substepCount": 7
            },
            "236": {
                "stepCount": 2,
                "substepCount": 41
            },
            "237": {
                "stepCount": 1,
                "substepCount": 9
            },
            "238": {
                "stepCount": 1,
                "substepCount": 6
            },
            "239": {
                "stepCount": 1,
                "substepCount": 13
            },
            "24": {
                "stepCount": 1,
                "substepCount": 29
            },
            "240": {
                "stepCount": 1,
                "substepCount": 9
            },
            "241": {
                "stepCount": 1,
                "substepCount": 7
            },
            "242": {
                "stepCount": 2,
                "substepCount": 19
            },
            "243": {
                "stepCount": 1,
                "substepCount": 9
            },
            "244": {
                "stepCount": 1,
                "substepCount": 9
            },
            "245": {
                "stepCount": 1,
                "substepCount": 11
            },
            "246": {
                "stepCount": 1,
                "substepCount": 7
            },
            "247": {
                "stepCount": 2,
                "substepCount": 69
            },
            "248": {
                "stepCount": 1,
                "substepCount": 7
            },
            "249": {
                "stepCount": 1,
                "substepCount": 7
            },
            "25": {
                "stepCount": 1,
                "substepCount": 7
            },
            "250": {
                "stepCount": 1,
                "substepCount": 9
            },
            "251": {
                "stepCount": 2,
                "substepCount": 28
            },
            "252": {
                "stepCount": 1,
                "substepCount": 9
            },
            "253": {
                "stepCount": 1,
                "substepCount": 11
            },
            "254": {
                "stepCount": 9,
                "substepCount": 1114
            },
            "255": {
                "stepCount": 1,
                "substepCount": 7
            },
            "256": {
                "stepCount": 1,
                "substepCount": 7
            },
            "257": {
                "stepCount": 1,
                "substepCount": 11
            },
            "258": {
                "stepCount": 3,
                "substepCount": 126
            },
            "259": {
                "stepCount": 77,
                "substepCount": 37404
            },
            "26": {
                "stepCount": 1,
                "substepCount": 13
            },
            "260": {
                "stepCount": 1,
                "substepCount": 9
            },
            "261": {
                "stepCount": 6,
                "substepCount": 324
            },
            "262": {
                "stepCount": 1,
                "substepCount": 11
            },
            "263": {
                "stepCount": 1,
                "substepCount": 29
            },
            "264": {
                "stepCount": 1,
                "substepCount": 9
            },
            "265": {
                "stepCount": 14,
                "substepCount": 1308
            },
            "266": {
                "stepCount": 1,
                "substepCount": 14
            },
            "267": {
                "stepCount": 15,
                "substepCount": 3841
            },
            "268": {
                "stepCount": 1,
                "substepCount": 9
            },
            "269": {
                "stepCount": 1,
                "substepCount": 13
            },
            "27": {
                "stepCount": 1,
                "substepCount": 9
            },
            "270": {
                "stepCount": 1,
                "substepCount": 17
            },
            "271": {
                "stepCount": 4,
                "substepCount": 65
            },
            "272": {
                "stepCount": 1,
                "substepCount": 9
            },
            "273": {
                "stepCount": 1,
                "substepCount": 9
            },
            "274": {
                "stepCount": 2,
                "substepCount": 18
            },
            "275": {
                "stepCount": 1,
                "substepCount": 9
            },
            "276": {
                "stepCount": 1,
                "substepCount": 7
            },
            "277": {
                "stepCount": 1,
                "substepCount": 17
            },
            "278": {
                "stepCount": 1,
                "substepCount": 5
            },
            "28": {
                "stepCount": 1,
                "substepCount": 9
            },
            "280": {
                "stepCount": 1,
                "substepCount": 7
            },
            "281": {
                "stepCount": 1,
                "substepCount": 9
            },
            "282": {
                "stepCount": 1,
                "substepCount": 8
            },
            "283": {
                "stepCount": 1,
                "substepCount": 11
            },
            "284": {
                "stepCount": 1,
                "substepCount": 9
            },
            "285": {
                "stepCount": 1,
                "substepCount": 7
            },
            "286": {
                "stepCount": 1,
                "substepCount": 11
            },
            "287": {
                "stepCount": 1,
                "substepCount": 9
            },
            "288": {
                "stepCount": 1,
                "substepCount": 9
            },
            "289": {
                "stepCount": 1,
                "substepCount": 7
            },
            "29": {
                "stepCount": 1,
                "substepCount": 7
            },
            "290": {
                "stepCount": 1,
                "substepCount": 7
            },
            "291": {
                "stepCount": 1,
                "substepCount": 9
            },
            "292": {
                "stepCount": 1,
                "substepCount": 7
            },
            "293": {
                "stepCount": 1,
                "substepCount": 13
            },
            "295": {
                "stepCount": 3,
                "substepCount": 107
            },
            "296": {
                "stepCount": 1,
                "substepCount": 9
            },
            "297": {
                "stepCount": 1,
                "substepCount": 11
            },
            "298": {
                "stepCount": 1,
                "substepCount": 9
            },
            "299": {
                "stepCount": 1,
                "substepCount": 7
            },
            "3": {
                "stepCount": 8,
                "substepCount": 831
            },
            "30": {
                "stepCount": 6,
                "substepCount": 293
            },
            "300": {
                "stepCount": 1,
                "substepCount": 11
            },
            "301": {
                "stepCount": 1,
                "substepCount": 6
            },
            "302": {
                "stepCount": 1,
                "substepCount": 20
            },
            "303": {
                "stepCount": 2,
                "substepCount": 58
            },
            "304": {
                "stepCount": 1,
                "substepCount": 13
            },
            "305": {
                "stepCount": 1,
                "substepCount": 9
            },
            "306": {
                "stepCount": 1,
                "substepCount": 9
            },
            "307": {
                "stepCount": 1,
                "substepCount": 7
            },
            "308": {
                "stepCount": 1,
                "substepCount": 9
            },
            "309": {
                "stepCount": 1,
                "substepCount": 9
            },
            "31": {
                "stepCount": 1,
                "substepCount": 9
            },
            "310": {
                "stepCount": 1,
                "substepCount": 8
            },
            "311": {
                "stepCount": 1,
                "substepCount": 22
            },
            "312": {
                "stepCount": 1,
                "substepCount": 20
            },
            "313": {
                "stepCount": 2,
                "substepCount": 65
            },
            "314": {
                "stepCount": 1,
                "substepCount": 18
            },
            "315": {
                "stepCount": 1,
                "substepCount": 7
            },
            "316": {
                "stepCount": 4,
                "substepCount": 118
            },
            "317": {
                "stepCount": 1,
                "substepCount": 9
            },
            "318": {
                "stepCount": 4,
                "substepCount": 170
            },
            "319": {
                "stepCount": 1,
                "substepCount": 7
            },
            "32": {
                "stepCount": 2,
                "substepCount": 64
            },
            "320": {
                "stepCount": 1,
                "substepCount": 15
            },
            "321": {
                "stepCount": 1,
                "substepCount": 13
            },
            "322": {
                "stepCount": 1,
                "substepCount": 9
            },
            "323": {
                "stepCount": 1,
                "substepCount": 13
            },
            "324": {
                "stepCount": 1,
                "substepCount": 11
            },
            "325": {
                "stepCount": 1,
                "substepCount": 9
            },
            "326": {
                "stepCount": 1,
                "substepCount": 9
            },
            "328": {
                "stepCount": 1,
                "substepCount": 17
            },
            "329": {
                "stepCount": 1,
                "substepCount": 11
            },
            "33": {
                "stepCount": 1,
                "substepCount": 9
            },
            "330": {
                "stepCount": 2,
                "substepCount": 32
            },
            "331": {
                "stepCount": 1,
                "substepCount": 9
            },
            "332": {
                "stepCount": 1,
                "substepCount": 7
            },
            "333": {
                "stepCount": 2,
                "substepCount": 11
            },
            "334": {
                "stepCount": 1,
                "substepCount": 9
            },
            "335": {
                "stepCount": 1,
                "substepCount": 19
            },
            "336": {
                "stepCount": 5,
                "substepCount": 281
            },
            "337": {
                "stepCount": 1,
                "substepCount": 9
            },
            "338": {
                "stepCount": 1,
                "substepCount": 11
            },
            "339": {
                "stepCount": 1,
                "substepCount": 7
            },
            "34": {
                "stepCount": 1,
                "substepCount": 9
            },
            "340": {
                "stepCount": 1,
                "substepCount": 22
            },
            "341": {
                "stepCount": 1,
                "substepCount": 11
            },
            "342": {
                "stepCount": 1,
                "substepCount": 6
            },
            "343": {
                "stepCount": 1,
                "substepCount": 7
            },
            "344": {
                "stepCount": 7,
                "substepCount": 573
            },
            "345": {
                "stepCount": 2,
                "substepCount": 62
            },
            "346": {
                "stepCount": 1,
                "substepCount": 11
            },
            "347": {
                "stepCount": 6,
                "substepCount": 521
            },
            "348": {
                "stepCount": 1,
                "substepCount": 19
            },
            "349": {
                "stepCount": 1,
                "substepCount": 7
            },
            "35": {
                "stepCount": 1,
                "substepCount": 7
            },
            "350": {
                "stepCount": 1,
                "substepCount": 7
            },
            "351": {
                "stepCount": 1,
                "substepCount": 11
            },
            "352": {
                "stepCount": 1,
                "substepCount": 7
            },
            "353": {
                "stepCount": 1,
                "substepCount": 9
            },
            "354": {
                "stepCount": 1,
                "substepCount": 11
            },
            "355": {
                "stepCount": 1,
                "substepCount": 7
            },
            "356": {
                "stepCount": 2,
                "substepCount": 22
            },
            "357": {
                "stepCount": 1,
                "substepCount": 9
            },
            "358": {
                "stepCount": 1,
                "substepCount": 7
            },
            "359": {
                "stepCount": 1,
                "substepCount": 9
            },
            "36": {
                "stepCount": 1,
                "substepCount": 9
            },
            "360": {
                "stepCount": 1,
                "substepCount": 9
            },
            "361": {
                "stepCount": 1,
                "substepCount": 19
            },
            "362": {
                "stepCount": 1,
                "substepCount": 20
            },
            "363": {
                "stepCount": 1,
                "substepCount": 7
            },
            "364": {
                "stepCount": 1,
                "substepCount": 9
            },
            "365": {
                "stepCount": 1,
                "substepCount": 7
            },
            "366": {
                "stepCount": 1,
                "substepCount": 7
            },
            "367": {
                "stepCount": 1,
                "substepCount": 8
            },
            "368": {
                "stepCount": 1,
                "substepCount": 11
            },
            "369": {
                "stepCount": 2,
                "substepCount": 32
            },
            "37": {
                "stepCount": 1,
                "substepCount": 9
            },
            "370": {
                "stepCount": 1,
                "substepCount": 15
            },
            "371": {
                "stepCount": 1,
                "substepCount": 26
            },
            "372": {
                "stepCount": 1,
                "substepCount": 7
            },
            "373": {
                "stepCount": 1,
                "substepCount": 7
            },
            "374": {
                "stepCount": 1,
                "substepCount": 9
            },
            "375": {
                "stepCount": 1,
                "substepCount": 9
            },
            "376": {
                "stepCount": 1,
                "substepCount": 9
            },
            "377": {
                "stepCount": 1,
                "substepCount": 7
            },
            "378": {
                "stepCount": 1,
                "substepCount": 15
            },
            "379": {
                "stepCount": 1,
                "substepCount": 11
            },
            "38": {
                "stepCount": 1,
                "substepCount": 7
            },
            "380": {
                "stepCount": 1,
                "substepCount": 12
            },
            "381": {
                "stepCount": 20,
                "substepCount": 4945
            },
            "382": {
                "stepCount": 1,
                "substepCount": 9
            },
            "383": {
                "stepCount": 1,
                "substepCount": 8
            },
            "384": {
                "stepCount": 12,
                "substepCount": 1876
            },
            "385": {
                "stepCount": 1,
                "substepCount": 9
            },
            "386": {
                "stepCount": 1,
                "substepCount": 15
            },
            "387": {
                "stepCount": 1,
                "substepCount": 10
            },
            "388": {
                "stepCount": 1,
                "substepCount": 10
            },
            "389": {
                "stepCount": 1,
                "substepCount": 6
            },
            "39": {
                "stepCount": 1,
                "substepCount": 15
            },
            "390": {
                "stepCount": 1,
                "substepCount": 17
            },
            "391": {
                "stepCount": 2,
                "substepCount": 50
            },
            "392": {
                "stepCount": 1,
                "substepCount": 8
            },
            "393": {
                "stepCount": 1,
                "substepCount": 23
            },
            "394": {
                "stepCount": 1,
                "substepCount": 8
            },
            "395": {
                "stepCount": 1,
                "substepCount": 15
            },
            "396": {
                "stepCount": 1,
                "substepCount": 6
            },
            "397": {
                "stepCount": 1,
                "substepCount": 9
            },
            "398": {
                "stepCount": 1,
                "substepCount": 25
            },
            "399": {
                "stepCount": 1,
                "substepCount": 13
            },
            "4": {
                "stepCount": 1,
                "substepCount": 7
            },
            "40": {
                "stepCount": 1,
                "substepCount": 9
            },
            "400": {
                "stepCount": 1,
                "substepCount": 17
            },
            "401": {
                "stepCount": 1,
                "substepCount": 13
            },
            "402": {
                "stepCount": 1,
                "substepCount": 6
            },
            "403": {
                "stepCount": 1,
                "substepCount": 21
            },
            "404": {
                "stepCount": 1,
                "substepCount": 11
            },
            "405": {
                "stepCount": 1,
                "substepCount": 11
            },
            "406": {
                "stepCount": 1,
                "substepCount": 10
            },
            "407": {
                "stepCount": 2,
                "substepCount": 36
            },
            "408": {
                "stepCount": 1,
                "substepCount": 13
            },
            "409": {
                "stepCount": 1,
                "substepCount": 9
            },
            "41": {
                "stepCount": 1,
                "substepCount": 7
            },
            "410": {
                "stepCount": 1,
                "substepCount": 11
            },
            "411": {
                "stepCount": 1,
                "substepCount": 9
            },
            "412": {
                "stepCount": 1,
                "substepCount": 6
            },
            "413": {
                "stepCount": 5,
                "substepCount": 208
            },
            "414": {
                "stepCount": 1,
                "substepCount": 7
            },
            "415": {
                "stepCount": 9,
                "substepCount": 1259
            },
            "417": {
                "stepCount": 3,
                "substepCount": 22
            },
            "418": {
                "stepCount": 1,
                "substepCount": 7
            },
            "419": {
                "stepCount": 1,
                "substepCount": 11
            },
            "42": {
                "stepCount": 1,
                "substepCount": 9
            },
            "420": {
                "stepCount": 1,
                "substepCount": 13
            },
            "421": {
                "stepCount": 1,
                "substepCount": 23
            },
            "422": {
                "stepCount": 1,
                "substepCount": 11
            },
            "423": {
                "stepCount": 1,
                "substepCount": 7
            },
            "424": {
                "stepCount": 1,
                "substepCount": 9
            },
            "425": {
                "stepCount": 1,
                "substepCount": 9
            },
            "426": {
                "stepCount": 1,
                "substepCount": 7
            },
            "427": {
                "stepCount": 1,
                "substepCount": 6
            },
            "428": {
                "stepCount": 1,
                "substepCount": 8
            },
            "429": {
                "stepCount": 1,
                "substepCount": 11
            },
            "430": {
                "stepCount": 1,
                "substepCount": 15
            },
            "431": {
                "stepCount": 5,
                "substepCount": 222
            },
            "432": {
                "stepCount": 1,
                "substepCount": 6
            },
            "433": {
                "stepCount": 1,
                "substepCount": 6
            },
            "434": {
                "stepCount": 1,
                "substepCount": 8
            },
            "435": {
                "stepCount": 1,
                "substepCount": 9
            },
            "436": {
                "stepCount": 12,
                "substepCount": 1442
            },
            "437": {
                "stepCount": 1,
                "substepCount": 6
            },
            "438": {
                "stepCount": 1,
                "substepCount": 9
            },
            "439": {
                "stepCount": 1,
                "substepCount": 6
            },
            "44": {
                "stepCount": 1,
                "substepCount": 7
            },
            "440": {
                "stepCount": 1,
                "substepCount": 9
            },
            "441": {
                "stepCount": 2,
                "substepCount": 43
            },
            "442": {
                "stepCount": 1,
                "substepCount": 9
            },
            "443": {
                "stepCount": 1,
                "substepCount": 8
            },
            "444": {
                "stepCount": 1,
                "substepCount": 11
            },
            "445": {
                "stepCount": 1,
                "substepCount": 8
            },
            "446": {
                "stepCount": 1,
                "substepCount": 6
            },
            "447": {
                "stepCount": 1,
                "substepCount": 9
            },
            "448": {
                "stepCount": 1,
                "substepCount": 17
            },
            "449": {
                "stepCount": 1,
                "substepCount": 8
            },
            "45": {
                "stepCount": 1,
                "substepCount": 7
            },
            "450": {
                "stepCount": 3,
                "substepCount": 45
            },
            "451": {
                "stepCount": 1,
                "substepCount": 13
            },
            "452": {
                "stepCount": 1,
                "substepCount": 6
            },
            "453": {
                "stepCount": 1,
                "substepCount": 6
            },
            "454": {
                "stepCount": 1,
                "substepCount": 7
            },
            "455": {
                "stepCount": 1,
                "substepCount": 10
            },
            "456": {
                "stepCount": 1,
                "substepCount": 15
            },
            "457": {
                "stepCount": 1,
                "substepCount": 7
            },
            "458": {
                "stepCount": 1,
                "substepCount": 6
            },
            "459": {
                "stepCount": 1,
                "substepCount": 13
            },
            "46": {
                "stepCount": 1,
                "substepCount": 6
            },
            "460": {
                "stepCount": 1,
                "substepCount": 10
            },
            "461": {
                "stepCount": 1,
                "substepCount": 7
            },
            "462": {
                "stepCount": 1,
                "substepCount": 11
            },
            "463": {
                "stepCount": 1,
                "substepCount": 7
            },
            "464": {
                "stepCount": 1,
                "substepCount": 9
            },
            "465": {
                "stepCount": 1,
                "substepCount": 9
            },
            "466": {
                "stepCount": 1,
                "substepCount": 9
            },
            "467": {
                "stepCount": 1,
                "substepCount": 9
            },
            "468": {
                "stepCount": 1,
                "substepCount": 8
            },
            "469": {
                "stepCount": 1,
                "substepCount": 7
            },
            "47": {
                "stepCount": 1,
                "substepCount": 11
            },
            "470": {
                "stepCount": 1,
                "substepCount": 9
            },
            "471": {
                "stepCount": 1,
                "substepCount": 9
            },
            "472": {
                "stepCount": 1,
                "substepCount": 7
            },
            "473": {
                "stepCount": 1,
                "substepCount": 11
            },
            "474": {
                "stepCount": 5,
                "substepCount": 157
            },
            "475": {
                "stepCount": 1,
                "substepCount": 9
            },
            "476": {
                "stepCount": 1,
                "substepCount": 9
            },
            "478": {
                "stepCount": 1,
                "substepCount": 6
            },
            "479": {
                "stepCount": 1,
                "substepCount": 6
            },
            "48": {
                "stepCount": 1,
                "substepCount": 11
            },
            "480": {
                "stepCount": 1,
                "substepCount": 8
            },
            "481": {
                "stepCount": 2,
                "substepCount": 20
            },
            "482": {
                "stepCount": 1,
                "substepCount": 18
            },
            "483": {
                "stepCount": 2,
                "substepCount": 37
            },
            "484": {
                "stepCount": 1,
                "substepCount": 9
            },
            "485": {
                "stepCount": 1,
                "substepCount": 7
            },
            "486": {
                "stepCount": 1,
                "substepCount": 7
            },
            "487": {
                "stepCount": 1,
                "substepCount": 45
            },
            "488": {
                "stepCount": 1,
                "substepCount": 25
            },
            "489": {
                "stepCount": 2,
                "substepCount": 42
            },
            "49": {
                "stepCount": 1,
                "substepCount": 11
            },
            "490": {
                "stepCount": 1,
                "substepCount": 6
            },
            "491": {
                "stepCount": 2,
                "substepCount": 36
            },
            "492": {
                "stepCount": 1,
                "substepCount": 7
            },
            "493": {
                "stepCount": 2,
                "substepCount": 19
            },
            "494": {
                "stepCount": 2,
                "substepCount": 33
            },
            "495": {
                "stepCount": 1,
                "substepCount": 9
            },
            "496": {
                "stepCount": 1,
                "substepCount": 15
            },
            "497": {
                "stepCount": 1,
                "substepCount": 7
            },
            "498": {
                "stepCount": 1,
                "substepCount": 7
            },
            "499": {
                "stepCount": 1,
                "substepCount": 9
            },
            "5": {
                "stepCount": 2,
                "substepCount": 57
            },
            "50": {
                "stepCount": 1,
                "substepCount": 11
            },
            "500": {
                "stepCount": 23,
                "substepCount": 5958
            },
            "501": {
                "stepCount": 1,
                "substepCount": 13
            },
            "502": {
                "stepCount": 1,
                "substepCount": 11
            },
            "503": {
                "stepCount": 1,
                "substepCount": 9
            },
            "504": {
                "stepCount": 2,
                "substepCount": 30
            },
            "505": {
                "stepCount": 2,
                "substepCount": 49
            },
            "506": {
                "stepCount": 1,
                "substepCount": 9
            },
            "507": {
                "stepCount": 1,
                "substepCount": 11
            },
            "508": {
                "stepCount": 1,
                "substepCount": 7
            },
            "509": {
                "stepCount": 3,
                "substepCount": 89
            },
            "51": {
                "stepCount": 1,
                "substepCount": 9
            },
            "510": {
                "stepCount": 1,
                "substepCount": 9
            },
            "511": {
                "stepCount": 1,
                "substepCount": 11
            },
            "513": {
                "stepCount": 1,
                "substepCount": 10
            },
            "514": {
                "stepCount": 1,
                "substepCount": 11
            },
            "515": {
                "stepCount": 1,
                "substepCount": 17
            },
            "517": {
                "stepCount": 1,
                "substepCount": 6
            },
            "518": {
                "stepCount": 2,
                "substepCount": 34
            },
            "519": {
                "stepCount": 1,
                "substepCount": 6
            },
            "52": {
                "stepCount": 1,
                "substepCount": 9
            },
            "520": {
                "stepCount": 1,
                "substepCount": 7
            },
            "521": {
                "stepCount": 3,
                "substepCount": 141
            },
            "522": {
                "stepCount": 2,
                "substepCount": 48
            },
            "523": {
                "stepCount": 1,
                "substepCount": 9
            },
            "525": {
                "stepCount": 1,
                "substepCount": 7
            },
            "526": {
                "stepCount": 1,
                "substepCount": 21
            },
            "527": {
                "stepCount": 1,
                "substepCount": 7
            },
            "528": {
                "stepCount": 1,
                "substepCount": 6
            },
            "529": {
                "stepCount": 1,
                "substepCount": 7
            },
            "53": {
                "stepCount": 1,
                "substepCount": 9
            },
            "530": {
                "stepCount": 2,
                "substepCount": 66
            },
            "531": {
                "stepCount": 1,
                "substepCount": 11
            },
            "532": {
                "stepCount": 1,
                "substepCount": 9
            },
            "533": {
                "stepCount": 3,
                "substepCount": 72
            },
            "534": {
                "stepCount": 2,
                "substepCount": 37
            },
            "535": {
                "stepCount": 1,
                "substepCount": 7
            },
            "536": {
                "stepCount": 1,
                "substepCount": 9
            },
            "537": {
                "stepCount": 3,
                "substepCount": 89
            },
            "538": {
                "stepCount": 1,
                "substepCount": 9
            },
            "539": {
                "stepCount": 1,
                "substepCount": 8
            },
            "54": {
                "stepCount": 1,
                "substepCount": 9
            },
            "540": {
                "stepCount": 87,
                "substepCount": 40667
            },
            "541": {
                "stepCount": 1,
                "substepCount": 15
            },
            "542": {
                "stepCount": 1,
                "substepCount": 17
            },
            "543": {
                "stepCount": 2,
                "substepCount": 24
            },
            "544": {
                "stepCount": 1,
                "substepCount": 15
            },
            "545": {
                "stepCount": 1,
                "substepCount": 11
            },
            "546": {
                "stepCount": 3,
                "substepCount": 47
            },
            "547": {
                "stepCount": 1,
                "substepCount": 6
            },
            "548": {
                "stepCount": 1,
                "substepCount": 6
            },
            "549": {
                "stepCount": 1,
                "substepCount": 9
            },
            "55": {
                "stepCount": 1,
                "substepCount": 9
            },
            "550": {
                "stepCount": 1,
                "substepCount": 13
            },
            "551": {
                "stepCount": 1,
                "substepCount": 15
            },
            "552": {
                "stepCount": 1,
                "substepCount": 9
            },
            "553": {
                "stepCount": 1,
                "substepCount": 6
            },
            "554": {
                "stepCount": 1,
                "substepCount": 10
            },
            "555": {
                "stepCount": 1,
                "substepCount": 18
            },
            "556": {
                "stepCount": 1,
                "substepCount": 17
            },
            "557": {
                "stepCount": 1,
                "substepCount": 6
            },
            "558": {
                "stepCount": 1,
                "substepCount": 8
            },
            "559": {
                "stepCount": 11,
                "substepCount": 830
            },
            "56": {
                "stepCount": 1,
                "substepCount": 9
            },
            "560": {
                "stepCount": 2,
                "substepCount": 53
            },
            "561": {
                "stepCount": 1,
                "substepCount": 15
            },
            "562": {
                "stepCount": 1,
                "substepCount": 6
            },
            "563": {
                "stepCount": 1,
                "substepCount": 9
            },
            "564": {
                "stepCount": 1,
                "substepCount": 14
            },
            "565": {
                "stepCount": 1,
                "substepCount": 6
            },
            "566": {
                "stepCount": 1,
                "substepCount": 6
            },
            "567": {
                "stepCount": 1,
                "substepCount": 19
            },
            "568": {
                "stepCount": 1,
                "substepCount": 11
            },
            "569": {
                "stepCount": 1,
                "substepCount": 7
            },
            "57": {
                "stepCount": 1,
                "substepCount": 9
            },
            "570": {
                "stepCount": 1,
                "substepCount": 7
            },
            "571": {
                "stepCount": 1,
                "substepCount": 7
            },
            "572": {
                "stepCount": 1,
                "substepCount": 8
            },
            "573": {
                "stepCount": 1,
                "substepCount": 11
            },
            "574": {
                "stepCount": 1,
                "substepCount": 6
            },
            "575": {
                "stepCount": 2,
                "substepCount": 25
            },
            "576": {
                "stepCount": 1,
                "substepCount": 11
            },
            "577": {
                "stepCount": 1,
                "substepCount": 6
            },
            "578": {
                "stepCount": 1,
                "substepCount": 13
            },
            "579": {
                "stepCount": 1,
                "substepCount": 27
            },
            "58": {
                "stepCount": 1,
                "substepCount": 11
            },
            "580": {
                "stepCount": 1,
                "substepCount": 9
            },
            "581": {
                "stepCount": 1,
                "substepCount": 15
            },
            "582": {
                "stepCount": 1,
                "substepCount": 9
            },
            "583": {
                "stepCount": 1,
                "substepCount": 9
            },
            "584": {
                "stepCount": 1,
                "substepCount": 12
            },
            "585": {
                "stepCount": 1,
                "substepCount": 9
            },
            "586": {
                "stepCount": 2,
                "substepCount": 58
            },
            "587": {
                "stepCount": 9,
                "substepCount": 1448
            },
            "588": {
                "stepCount": 1,
                "substepCount": 15
            },
            "589": {
                "stepCount": 1,
                "substepCount": 7
            },
            "59": {
                "stepCount": 1,
                "substepCount": 20
            },
            "590": {
                "stepCount": 1,
                "substepCount": 9
            },
            "591": {
                "stepCount": 1,
                "substepCount": 8
            },
            "592": {
                "stepCount": 1,
                "substepCount": 10
            },
            "593": {
                "stepCount": 1,
                "substepCount": 6
            },
            "594": {
                "stepCount": 1,
                "substepCount": 9
            },
            "595": {
                "stepCount": 3,
                "substepCount": 105
            },
            "597": {
                "stepCount": 1,
                "substepCount": 15
            },
            "598": {
                "stepCount": 1,
                "substepCount": 17
            },
            "599": {
                "stepCount": 1,
                "substepCount": 6
            },
            "6": {
                "stepCount": 1,
                "substepCount": 10
            },
            "60": {
                "stepCount": 1,
                "substepCount": 7
            },
            "600": {
                "stepCount": 1,
                "substepCount": 6
            },
            "601": {
                "stepCount": 1,
                "substepCount": 6
            },
            "602": {
                "stepCount": 1,
                "substepCount": 9
            },
            "603": {
                "stepCount": 1,
                "substepCount": 14
            },
            "604": {
                "stepCount": 1,
                "substepCount": 13
            },
            "605": {
                "stepCount": 1,
                "substepCount": 7
            },
            "606": {
                "stepCount": 1,
                "substepCount": 15
            },
            "607": {
                "stepCount": 1,
                "substepCount": 13
            },
            "608": {
                "stepCount": 1,
                "substepCount": 9
            },
            "609": {
                "stepCount": 1,
                "substepCount": 10
            },
            "61": {
                "stepCount": 1,
                "substepCount": 9
            },
            "610": {
                "stepCount": 1,
                "substepCount": 8
            },
            "611": {
                "stepCount": 1,
                "substepCount": 8
            },
            "612": {
                "stepCount": 1,
                "substepCount": 6
            },
            "613": {
                "stepCount": 1,
                "substepCount": 8
            },
            "614": {
                "stepCount": 1,
                "substepCount": 6
            },
            "615": {
                "stepCount": 2,
                "substepCount": 85
            },
            "616": {
                "stepCount": 1,
                "substepCount": 20
            },
            "617": {
                "stepCount": 1,
                "substepCount": 6
            },
            "618": {
                "stepCount": 1,
                "substepCount": 6
            },
            "619": {
                "stepCount": 1,
                "substepCount": 16
            },
            "62": {
                "stepCount": 3,
                "substepCount": 109
            },
            "620": {
                "stepCount": 1,
                "substepCount": 6
            },
            "621": {
                "stepCount": 1,
                "substepCount": 8
            },
            "622": {
                "stepCount": 1,
                "substepCount": 8
            },
            "623": {
                "stepCount": 3,
                "substepCount": 281
            },
            "624": {
                "stepCount": 1,
                "substepCount": 17
            },
            "625": {
                "stepCount": 1,
                "substepCount": 11
            },
            "626": {
                "stepCount": 1,
                "substepCount": 12
            },
            "627": {
                "stepCount": 1,
                "substepCount": 8
            },
            "628": {
                "stepCount": 1,
                "substepCount": 9
            },
            "629": {
                "stepCount": 1,
                "substepCount": 10
            },
            "63": {
                "stepCount": 1,
                "substepCount": 11
            },
            "630": {
                "stepCount": 1,
                "substepCount": 6
            },
            "631": {
                "stepCount": 2,
                "substepCount": 34
            },
            "632": {
                "stepCount": 1,
                "substepCount": 8
            },
            "633": {
                "stepCount": 1,
                "substepCount": 14
            },
            "634": {
                "stepCount": 1,
                "substepCount": 6
            },
            "635": {
                "stepCount": 1,
                "substepCount": 12
            },
            "636": {
                "stepCount": 1,
                "substepCount": 14
            },
            "637": {
                "stepCount": 1,
                "substepCount": 8
            },
            "638": {
                "stepCount": 1,
                "substepCount": 9
            },
            "639": {
                "stepCount": 1,
                "substepCount": 17
            },
            "64": {
                "stepCount": 1,
                "substepCount": 6
            },
            "640": {
                "stepCount": 1,
                "substepCount": 7
            },
            "641": {
                "stepCount": 7,
                "substepCount": 560
            },
            "642": {
                "stepCount": 1,
                "substepCount": 13
            },
            "643": {
                "stepCount": 1,
                "substepCount": 6
            },
            "644": {
                "stepCount": 1,
                "substepCount": 8
            },
            "645": {
                "stepCount": 1,
                "substepCount": 10
            },
            "646": {
                "stepCount": 1,
                "substepCount": 6
            },
            "647": {
                "stepCount": 2,
                "substepCount": 89
            },
            "648": {
                "stepCount": 1,
                "substepCount": 6
            },
            "649": {
                "stepCount": 1,
                "substepCount": 6
            },
            "65": {
                "stepCount": 1,
                "substepCount": 15
            },
            "650": {
                "stepCount": 1,
                "substepCount": 7
            },
            "651": {
                "stepCount": 2,
                "substepCount": 34
            },
            "652": {
                "stepCount": 1,
                "substepCount": 15
            },
            "653": {
                "stepCount": 1,
                "substepCount": 8
            },
            "654": {
                "stepCount": 1,
                "substepCount": 11
            },
            "655": {
                "stepCount": 1,
                "substepCount": 11
            },
            "656": {
                "stepCount": 1,
                "substepCount": 9
            },
            "657": {
                "stepCount": 1,
                "substepCount": 6
            },
            "658": {
                "stepCount": 1,
                "substepCount": 7
            },
            "659": {
                "stepCount": 1,
                "substepCount": 7
            },
            "66": {
                "stepCount": 1,
                "substepCount": 13
            },
            "660": {
                "stepCount": 1,
                "substepCount": 7
            },
            "661": {
                "stepCount": 1,
                "substepCount": 9
            },
            "662": {
                "stepCount": 1,
                "substepCount": 7
            },
            "663": {
                "stepCount": 1,
                "substepCount": 9
            },
            "665": {
                "stepCount": 1,
                "substepCount": 10
            },
            "666": {
                "stepCount": 1,
                "substepCount": 7
            },
            "667": {
                "stepCount": 1,
                "substepCount": 22
            },
            "668": {
                "stepCount": 1,
                "substepCount": 9
            },
            "669": {
                "stepCount": 1,
                "substepCount": 6
            },
            "67": {
                "stepCount": 1,
                "substepCount": 13
            },
            "670": {
                "stepCount": 2,
                "substepCount": 23
            },
            "671": {
                "stepCount": 1,
                "substepCount": 9
            },
            "672": {
                "stepCount": 1,
                "substepCount": 6
            },
            "673": {
                "stepCount": 1,
                "substepCount": 9
            },
            "674": {
                "stepCount": 1,
                "substepCount": 7
            },
            "675": {
                "stepCount": 1,
                "substepCount": 11
            },
            "676": {
                "stepCount": 1,
                "substepCount": 7
            },
            "677": {
                "stepCount": 1,
                "substepCount": 9
            },
            "678": {
                "stepCount": 1,
                "substepCount": 9
            },
            "679": {
                "stepCount": 1,
                "substepCount": 7
            },
            "68": {
                "stepCount": 1,
                "substepCount": 19
            },
            "680": {
                "stepCount": 1,
                "substepCount": 7
            },
            "681": {
                "stepCount": 1,
                "substepCount": 6
            },
            "682": {
                "stepCount": 1,
                "substepCount": 17
            },
            "683": {
                "stepCount": 1,
                "substepCount": 6
            },
            "684": {
                "stepCount": 1,
                "substepCount": 9
            },
            "685": {
                "stepCount": 1,
                "substepCount": 10
            },
            "686": {
                "stepCount": 2,
                "substepCount": 31
            },
            "687": {
                "stepCount": 1,
                "substepCount": 17
            },
            "688": {
                "stepCount": 1,
                "substepCount": 6
            },
            "689": {
                "stepCount": 1,
                "substepCount": 9
            },
            "69": {
                "stepCount": 1,
                "substepCount": 7
            },
            "690": {
                "stepCount": 1,
                "substepCount": 9
            },
            "691": {
                "stepCount": 4,
                "substepCount": 89
            },
            "692": {
                "stepCount": 1,
                "substepCount": 13
            },
            "693": {
                "stepCount": 1,
                "substepCount": 11
            },
            "694": {
                "stepCount": 1,
                "substepCount": 5
            },
            "695": {
                "stepCount": 1,
                "substepCount": 10
            },
            "696": {
                "stepCount": 1,
                "substepCount": 6
            },
            "697": {
                "stepCount": 1,
                "substepCount": 5
            },
            "698": {
                "stepCount": 1,
                "substepCount": 6
            },
            "699": {
                "stepCount": 1,
                "substepCount": 7
            },
            "7": {
                "stepCount": 1,
                "substepCount": 14
            },
            "70": {
                "stepCount": 1,
                "substepCount": 7
            },
            "700": {
                "stepCount": 1,
                "substepCount": 18
            },
            "701": {
                "stepCount": 1,
                "substepCount": 5
            },
            "702": {
                "stepCount": 1,
                "substepCount": 9
            },
            "703": {
                "stepCount": 2,
                "substepCount": 42
            },
            "704": {
                "stepCount": 1,
                "substepCount": 13
            },
            "705": {
                "stepCount": 3,
                "substepCount": 85
            },
            "706": {
                "stepCount": 1,
                "substepCount": 26
            },
            "707": {
                "stepCount": 1,
                "substepCount": 11
            },
            "708": {
                "stepCount": 1,
                "substepCount": 26
            },
            "709": {
                "stepCount": 1,
                "substepCount": 7
            },
            "71": {
                "stepCount": 1,
                "substepCount": 9
            },
            "710": {
                "stepCount": 1,
                "substepCount": 9
            },
            "711": {
                "stepCount": 1,
                "substepCount": 8
            },
            "712": {
                "stepCount": 1,
                "substepCount": 8
            },
            "713": {
                "stepCount": 1,
                "substepCount": 6
            },
            "714": {
                "stepCount": 1,
                "substepCount": 17
            },
            "715": {
                "stepCount": 1,
                "substepCount": 9
            },
            "716": {
                "stepCount": 2,
                "substepCount": 17
            },
            "717": {
                "stepCount": 1,
                "substepCount": 10
            },
            "718": {
                "stepCount": 1,
                "substepCount": 6
            },
            "719": {
                "stepCount": 1,
                "substepCount": 9
            },
            "72": {
                "stepCount": 1,
                "substepCount": 9
            },
            "720": {
                "stepCount": 1,
                "substepCount": 6
            },
            "721": {
                "stepCount": 1,
                "substepCount": 9
            },
            "722": {
                "stepCount": 1,
                "substepCount": 13
            },
            "723": {
                "stepCount": 1,
                "substepCount": 12
            },
            "724": {
                "stepCount": 1,
                "substepCount": 5
            },
            "725": {
                "stepCount": 1,
                "substepCount": 7
            },
            "726": {
                "stepCount": 1,
                "substepCount": 7
            },
            "727": {
                "stepCount": 1,
                "substepCount": 13
            },
            "728": {
                "stepCount": 1,
                "substepCount": 9
            },
            "729": {
                "stepCount": 1,
                "substepCount": 9
            },
            "73": {
                "stepCount": 1,
                "substepCount": 13
            },
            "730": {
                "stepCount": 1,
                "substepCount": 7
            },
            "731": {
                "stepCount": 1,
                "substepCount": 9
            },
            "732": {
                "stepCount": 1,
                "substepCount": 7
            },
            "733": {
                "stepCount": 1,
                "substepCount": 7
            },
            "734": {
                "stepCount": 1,
                "substepCount": 6
            },
            "735": {
                "stepCount": 1,
                "substepCount": 9
            },
            "736": {
                "stepCount": 1,
                "substepCount": 9
            },
            "737": {
                "stepCount": 1,
                "substepCount": 9
            },
            "738": {
                "stepCount": 1,
                "substepCount": 7
            },
            "739": {
                "stepCount": 1,
                "substepCount": 9
            },
            "74": {
                "stepCount": 1,
                "substepCount": 11
            },
            "740": {
                "stepCount": 1,
                "substepCount": 7
            },
            "741": {
                "stepCount": 1,
                "substepCount": 6
            },
            "742": {
                "stepCount": 1,
                "substepCount": 17
            },
            "743": {
                "stepCount": 1,
                "substepCount": 7
            },
            "744": {
                "stepCount": 1,
                "substepCount": 7
            },
            "745": {
                "stepCount": 1,
                "substepCount": 9
            },
            "746": {
                "stepCount": 1,
                "substepCount": 25
            },
            "747": {
                "stepCount": 1,
                "substepCount": 9
            },
            "748": {
                "stepCount": 1,
                "substepCount": 15
            },
            "749": {
                "stepCount": 1,
                "substepCount": 7
            },
            "75": {
                "stepCount": 2,
                "substepCount": 42
            },
            "750": {
                "stepCount": 1,
                "substepCount": 13
            },
            "751": {
                "stepCount": 1,
                "substepCount": 7
            },
            "752": {
                "stepCount": 1,
                "substepCount": 15
            },
            "753": {
                "stepCount": 1,
                "substepCount": 9
            },
            "754": {
                "stepCount": 2,
                "substepCount": 22
            },
            "755": {
                "stepCount": 1,
                "substepCount": 9
            },
            "756": {
                "stepCount": 1,
                "substepCount": 9
            },
            "757": {
                "stepCount": 1,
                "substepCount": 8
            },
            "758": {
                "stepCount": 1,
                "substepCount": 7
            },
            "759": {
                "stepCount": 1,
                "substepCount": 9
            },
            "76": {
                "stepCount": 1,
                "substepCount": 9
            },
            "760": {
                "stepCount": 1,
                "substepCount": 7
            },
            "761": {
                "stepCount": 1,
                "substepCount": 7
            },
            "762": {
                "stepCount": 1,
                "substepCount": 7
            },
            "763": {
                "stepCount": 1,
                "substepCount": 9
            },
            "764": {
                "stepCount": 1,
                "substepCount": 7
            },
            "765": {
                "stepCount": 1,
                "substepCount": 7
            },
            "766": {
                "stepCount": 1,
                "substepCount": 7
            },
            "767": {
                "stepCount": 1,
                "substepCount": 9
            },
            "768": {
                "stepCount": 1,
                "substepCount": 11
            },
            "769": {
                "stepCount": 1,
                "substepCount": 11
            },
            "77": {
                "stepCount": 2,
                "substepCount": 49
            },
            "770": {
                "stepCount": 1,
                "substepCount": 13
            },
            "771": {
                "stepCount": 1,
                "substepCount": 6
            },
            "772": {
                "stepCount": 1,
                "substepCount": 9
            },
            "773": {
                "stepCount": 1,
                "substepCount": 9
            },
            "774": {
                "stepCount": 2,
                "substepCount": 29
            },
            "775": {
                "stepCount": 1,
                "substepCount": 9
            },
            "776": {
                "stepCount": 1,
                "substepCount": 7
            },
            "777": {
                "stepCount": 1,
                "substepCount": 7
            },
            "778": {
                "stepCount": 1,
                "substepCount": 9
            },
            "779": {
                "stepCount": 2,
                "substepCount": 73
            },
            "78": {
                "stepCount": 1,
                "substepCount": 9
            },
            "780": {
                "stepCount": 1,
                "substepCount": 9
            },
            "781": {
                "stepCount": 1,
                "substepCount": 15
            },
            "782": {
                "stepCount": 1,
                "substepCount": 8
            },
            "783": {
                "stepCount": 1,
                "substepCount": 9
            },
            "784": {
                "stepCount": 1,
                "substepCount": 6
            },
            "785": {
                "stepCount": 2,
                "substepCount": 40
            },
            "786": {
                "stepCount": 1,
                "substepCount": 7
            },
            "787": {
                "stepCount": 1,
                "substepCount": 7
            },
            "788": {
                "stepCount": 8,
                "substepCount": 963
            },
            "789": {
                "stepCount": 1,
                "substepCount": 9
            },
            "79": {
                "stepCount": 1,
                "substepCount": 7
            },
            "790": {
                "stepCount": 1,
                "substepCount": 9
            },
            "791": {
                "stepCount": 2,
                "substepCount": 97
            },
            "792": {
                "stepCount": 1,
                "substepCount": 9
            },
            "793": {
                "stepCount": 1,
                "substepCount": 7
            },
            "794": {
                "stepCount": 2,
                "substepCount": 30
            },
            "795": {
                "stepCount": 1,
                "substepCount": 7
            },
            "796": {
                "stepCount": 1,
                "substepCount": 9
            },
            "797": {
                "stepCount": 1,
                "substepCount": 11
            },
            "798": {
                "stepCount": 4,
                "substepCount": 190
            },
            "799": {
                "stepCount": 1,
                "substepCount": 7
            },
            "8": {
                "stepCount": 1,
                "substepCount": 7
            },
            "80": {
                "stepCount": 1,
                "substepCount": 7
            },
            "800": {
                "stepCount": 1,
                "substepCount": 7
            },
            "801": {
                "stepCount": 1,
                "substepCount": 13
            },
            "802": {
                "stepCount": 1,
                "substepCount": 13
            },
            "803": {
                "stepCount": 1,
                "substepCount": 11
            },
            "804": {
                "stepCount": 2,
                "substepCount": 24
            },
            "805": {
                "stepCount": 1,
                "substepCount": 11
            },
            "806": {
                "stepCount": 2,
                "substepCount": 22
            },
            "807": {
                "stepCount": 1,
                "substepCount": 9
            },
            "808": {
                "stepCount": 1,
                "substepCount": 11
            },
            "809": {
                "stepCount": 1,
                "substepCount": 9
            },
            "81": {
                "stepCount": 1,
                "substepCount": 9
            },
            "810": {
                "stepCount": 1,
                "substepCount": 11
            },
            "811": {
                "stepCount": 1,
                "substepCount": 9
            },
            "812": {
                "stepCount": 1,
                "substepCount": 7
            },
            "813": {
                "stepCount": 1,
                "substepCount": 9
            },
            "814": {
                "stepCount": 1,
                "substepCount": 11
            },
            "815": {
                "stepCount": 2,
                "substepCount": 28
            },
            "816": {
                "stepCount": 1,
                "substepCount": 7
            },
            "817": {
                "stepCount": 5,
                "substepCount": 347
            },
            "818": {
                "stepCount": 1,
                "substepCount": 8
            },
            "819": {
                "stepCount": 1,
                "substepCount": 11
            },
            "820": {
                "stepCount": 1,
                "substepCount": 9
            },
            "821": {
                "stepCount": 5,
                "substepCount": 369
            },
            "822": {
                "stepCount": 1,
                "substepCount": 7
            },
            "823": {
                "stepCount": 1,
                "substepCount": 9
            },
            "824": {
                "stepCount": 1,
                "substepCount": 11
            },
            "825": {
                "stepCount": 1,
                "substepCount": 9
            },
            "826": {
                "stepCount": 4,
                "substepCount": 148
            },
            "827": {
                "stepCount": 1,
                "substepCount": 7
            },
            "829": {
                "stepCount": 1,
                "substepCount": 7
            },
            "83": {
                "stepCount": 1,
                "substepCount": 7
            },
            "830": {
                "stepCount": 1,
                "substepCount": 11
            },
            "831": {
                "stepCount": 2,
                "substepCount": 32
            },
            "832": {
                "stepCount": 1,
                "substepCount": 9
            },
            "833": {
                "stepCount": 1,
                "substepCount": 15
            },
            "834": {
                "stepCount": 1,
                "substepCount": 11
            },
            "835": {
                "stepCount": 1,
                "substepCount": 7
            },
            "836": {
                "stepCount": 2,
                "substepCount": 36
            },
            "837": {
                "stepCount": 1,
                "substepCount": 7
            },
            "838": {
                "stepCount": 1,
                "substepCount": 7
            },
            "839": {
                "stepCount": 1,
                "substepCount": 9
            },
            "84": {
                "stepCount": 1,
                "substepCount": 13
            },
            "840": {
                "stepCount": 1,
                "substepCount": 9
            },
            "841": {
                "stepCount": 1,
                "substepCount": 7
            },
            "842": {
                "stepCount": 1,
                "substepCount": 11
            },
            "843": {
                "stepCount": 1,
                "substepCount": 9
            },
            "844": {
                "stepCount": 1,
                "substepCount": 15
            },
            "845": {
                "stepCount": 1,
                "substepCount": 6
            },
            "846": {
                "stepCount": 1,
                "substepCount": 12
            },
            "847": {
                "stepCount": 1,
                "substepCount": 11
            },
            "848": {
                "stepCount": 1,
                "substepCount": 14
            },
            "849": {
                "stepCount": 1,
                "substepCount": 9
            },
            "85": {
                "stepCount": 1,
                "substepCount": 13
            },
            "850": {
                "stepCount": 1,
                "substepCount": 7
            },
            "851": {
                "stepCount": 1,
                "substepCount": 7
            },
            "852": {
                "stepCount": 1,
                "substepCount": 11
            },
            "853": {
                "stepCount": 3,
                "substepCount": 47
            },
            "854": {
                "stepCount": 1,
                "substepCount": 11
            },
            "855": {
                "stepCount": 1,
                "substepCount": 9
            },
            "856": {
                "stepCount": 1,
                "substepCount": 9
            },
            "857": {
                "stepCount": 1,
                "substepCount": 7
            },
            "858": {
                "stepCount": 1,
                "substepCount": 7
            },
            "859": {
                "stepCount": 1,
                "substepCount": 7
            },
            "86": {
                "stepCount": 1,
                "substepCount": 11
            },
            "860": {
                "stepCount": 1,
                "substepCount": 9
            },
            "861": {
                "stepCount": 1,
                "substepCount": 9
            },
            "862": {
                "stepCount": 1,
                "substepCount": 9
            },
            "863": {
                "stepCount": 1,
                "substepCount": 7
            },
            "864": {
                "stepCount": 1,
                "substepCount": 10
            },
            "865": {
                "stepCount": 1,
                "substepCount": 13
            },
            "866": {
                "stepCount": 1,
                "substepCount": 7
            },
            "867": {
                "stepCount": 1,
                "substepCount": 13
            },
            "868": {
                "stepCount": 1,
                "substepCount": 25
            },
            "869": {
                "stepCount": 1,
                "substepCount": 17
            },
            "87": {
                "stepCount": 1,
                "substepCount": 9
            },
            "870": {
                "stepCount": 1,
                "substepCount": 11
            },
            "871": {
                "stepCount": 1,
                "substepCount": 11
            },
            "872": {
                "stepCount": 1,
                "substepCount": 13
            },
            "873": {
                "stepCount": 2,
                "substepCount": 44
            },
            "874": {
                "stepCount": 1,
                "substepCount": 7
            },
            "875": {
                "stepCount": 2,
                "substepCount": 24
            },
            "876": {
                "stepCount": 1,
                "substepCount": 9
            },
            "877": {
                "stepCount": 1,
                "substepCount": 13
            },
            "878": {
                "stepCount": 1,
                "substepCount": 9
            },
            "879": {
                "stepCount": 1,
                "substepCount": 6
            },
            "88": {
                "stepCount": 1,
                "substepCount": 20
            },
            "880": {
                "stepCount": 1,
                "substepCount": 11
            },
            "881": {
                "stepCount": 1,
                "substepCount": 7
            },
            "882": {
                "stepCount": 1,
                "substepCount": 7
            },
            "883": {
                "stepCount": 1,
                "substepCount": 9
            },
            "884": {
                "stepCount": 1,
                "substepCount": 15
            },
            "885": {
                "stepCount": 1,
                "substepCount": 7
            },
            "886": {
                "stepCount": 1,
                "substepCount": 9
            },
            "887": {
                "stepCount": 1,
                "substepCount": 7
            },
            "888": {
                "stepCount": 1,
                "substepCount": 13
            },
            "889": {
                "stepCount": 1,
                "substepCount": 9
            },
            "89": {
                "stepCount": 1,
                "substepCount": 9
            },
            "890": {
                "stepCount": 1,
                "substepCount": 9
            },
            "891": {
                "stepCount": 1,
                "substepCount": 11
            },
            "892": {
                "stepCount": 1,
                "substepCount": 6
            },
            "893": {
                "stepCount": 1,
                "substepCount": 9
            },
            "894": {
                "stepCount": 2,
                "substepCount": 24
            },
            "895": {
                "stepCount": 1,
                "substepCount": 9
            },
            "896": {
                "stepCount": 1,
                "substepCount": 7
            },
            "897": {
                "stepCount": 1,
                "substepCount": 7
            },
            "898": {
                "stepCount": 1,
                "substepCount": 7
            },
            "899": {
                "stepCount": 1,
                "substepCount": 8
            },
            "9": {
                "stepCount": 1,
                "substepCount": 26
            },
            "90": {
                "stepCount": 1,
                "substepCount": 9
            },
            "900": {
                "stepCount": 1,
                "substepCount": 9
            },
            "901": {
                "stepCount": 1,
                "substepCount": 6
            },
            "902": {
                "stepCount": 1,
                "substepCount": 11
            },
            "903": {
                "stepCount": 1,
                "substepCount": 11
            },
            "904": {
                "stepCount": 1,
                "substepCount": 9
            },
            "905": {
                "stepCount": 1,
                "substepCount": 24
            },
            "906": {
                "stepCount": 1,
                "substepCount": 7
            },
            "907": {
                "stepCount": 1,
                "substepCount": 7
            },
            "908": {
                "stepCount": 1,
                "substepCount": 9
            },
            "909": {
                "stepCount": 1,
                "substepCount": 8
            },
            "91": {
                "stepCount": 1,
                "substepCount": 9
            },
            "910": {
                "stepCount": 2,
                "substepCount": 31
            },
            "911": {
                "stepCount": 1,
                "substepCount": 11
            },
            "912": {
                "stepCount": 1,
                "substepCount": 9
            },
            "913": {
                "stepCount": 1,
                "substepCount": 7
            },
            "914": {
                "stepCount": 1,
                "substepCount": 9
            },
            "915": {
                "stepCount": 22,
                "substepCount": 5201
            },
            "916": {
                "stepCount": 1,
                "substepCount": 7
            },
            "917": {
                "stepCount": 1,
                "substepCount": 9
            },
            "918": {
                "stepCount": 1,
                "substepCount": 6
            },
            "919": {
                "stepCount": 1,
                "substepCount": 9
            },
            "92": {
                "stepCount": 2,
                "substepCount": 29
            },
            "920": {
                "stepCount": 1,
                "substepCount": 7
            },
            "921": {
                "stepCount": 1,
                "substepCount": 6
            },
            "922": {
                "stepCount": 1,
                "substepCount": 13
            },
            "923": {
                "stepCount": 1,
                "substepCount": 9
            },
            "924": {
                "stepCount": 2,
                "substepCount": 43
            },
            "925": {
                "stepCount": 1,
                "substepCount": 9
            },
            "926": {
                "stepCount": 1,
                "substepCount": 9
            },
            "927": {
                "stepCount": 1,
                "substepCount": 6
            },
            "928": {
                "stepCount": 1,
                "substepCount": 11
            },
            "929": {
                "stepCount": 1,
                "substepCount": 8
            },
            "93": {
                "stepCount": 1,
                "substepCount": 13
            },
            "930": {
                "stepCount": 1,
                "substepCount": 12
            },
            "931": {
                "stepCount": 1,
                "substepCount": 14
            },
            "932": {
                "stepCount": 1,
                "substepCount": 10
            },
            "933": {
                "stepCount": 1,
                "substepCount": 8
            },
            "934": {
                "stepCount": 1,
                "substepCount": 8
            },
            "935": {
                "stepCount": 1,
                "substepCount": 12
            },
            "936": {
                "stepCount": 1,
                "substepCount": 8
            },
            "937": {
                "stepCount": 1,
                "substepCount": 10
            },
            "94": {
                "stepCount": 3,
                "substepCount": 130
            },
            "95": {
                "stepCount": 1,
                "substepCount": 6
            },
            "96": {
                "stepCount": 1,
                "substepCount": 17
            },
            "97": {
                "stepCount": 1,
                "substepCount": 31
            },
            "98": {
                "stepCount": 3,
                "substepCount": 114
            },
            "99": {
                "stepCount": 1,
                "substepCount": 9
            }
        },
        "userTime": 4.27,
        "varVX_dQMinChanges": 0.0,
        "varVX_dQRelChanges": 0.0,
        "varVX_maxError": 0.0,
        "varVY_dQMinChanges": 0.0,
        "varVY_dQRelChanges": 0.0,
        "varVY_maxError": 0.0,
        "varVZ_dQMinChanges": 0.0,
        "varVZ_dQRelChanges": 0.0,
        "varVZ_maxError": 0.0,
        "varX_dQMinChanges": 0.0,
        "varX_dQRelChanges": 0.0,
        "varX_maxError": 0.0,
        "varY_dQMinChanges": 0.0,
        "varY_dQRelChanges": 0.0,
        "varY_maxError": 0.0,
        "varZ_dQMinChanges": 0.0,
        "varZ_dQRelChanges": 0.0,
        "varZ_maxError": 0.0
    }
}