{
    "dQMin": {
        "mean": 1e-07,
        "stdev": 0.0,
        "units": "dQMin",
        "values": [
            1e-07,
            1e-07,
            1e-07,
            1e-07,
            1e-07,
            1e-07,
            1e-07,
            1e-07,
            1e-07,
            1e-07,
            1e-07,
            1e-07,
            1e-07,
            1e-07,
            1e-07,
            1e-07,
            1e-07,
            1e-07,
            1e-07,
            1e-07
        ]
    },
    "dQRel": {
        "mean": 1e-06,
        "stdev": 0.0,
        "units": "dQRel",
        "values": [
            1e-06,
            1e-06,
            1e-06,
            1e-06,
            1e-06,
            1e-06,
            1e-06,
            1e-06,
            1e-06,
            1e-06,
            1e-06,
            1e-06,
            1e-06,
            1e-06,
            1e-06,
            1e-06,
            1e-06,
            1e-06,
            1e-06,
            1e-06
        ]
    },
    "integrationTime": {
        "mean": 1.211786,
        "stdev": 0.0706747669852618,
        "units": "seconds",
        "values": [
            1.18293,
            1.17011,
            1.22642,
            1.20308,
            1.18267,
            1.16233,
            1.26158,
            1.19916,
            1.41676,
            1.21209,
            1.18174,
            1.16328,
            1.3969,
            1.18663,
            1.18528,
            1.16274,
            1.18404,
            1.18354,
            1.1818,
            1.19264
        ]
    },
    "integrationTimeAvgStep": {
        "mean": 0.02818108,
        "stdev": 0.0016435779275073862,
        "units": "seconds",
        "values": [
            0.0275099,
            0.0272119,
            0.0285213,
            0.0279786,
            0.027504,
            0.027031,
            0.029339,
            0.0278875,
            0.0329479,
            0.0281881,
            0.0274823,
            0.027053,
            0.032486,
            0.0275961,
            0.0275646,
            0.0270405,
            0.0275359,
            0.0275243,
            0.0274838,
            0.0277359
        ]
    },
    "integrationTimeAvgSubstep": {
        "mean": 3.492779e-07,
        "stdev": 2.0370721486589777e-08,
        "units": "seconds",
        "values": [
            3.4096e-07,
            3.37266e-07,
            3.53494e-07,
            3.46768e-07,
            3.40886e-07,
            3.35024e-07,
            3.6363e-07,
            3.45639e-07,
            4.08359e-07,
            3.49365e-07,
            3.40617e-07,
            3.35296e-07,
            4.02633e-07,
            3.42027e-07,
            3.41638e-07,
            3.35141e-07,
            3.41282e-07,
            3.41137e-07,
            3.40636e-07,
            3.4376e-07
        ]
    },
    "intersections": {
        "mean": 1,
        "stdev": 0.0,
        "units": "intersections",
        "values": [
            1,
            1,
            1,
            1,
            1,
            1,
            1,
            1,
            1,
            1,
            1,
            1,
            1,
            1,
            1,
            1,
            1,
            1,
            1,
            1
        ]
    },
    "numberOfThreads": {
        "mean": 1,
        "stdev": 0.0,
        "units": "threads",
        "values": [
            1,
            1,
            1,
            1,
            1,
            1,
            1,
            1,
            1,
            1,
            1,
            1,
            1,
            1,
            1,
            1,
            1,
            1,
            1,
            1
        ]
    },
    "numberOfTracks": {
        "mean": 21,
        "stdev": 0.0,
        "units": "tracks",
        "values": [
            21,
            21,
            21,
            21,
            21,
            21,
            21,
            21,
            21,
            21,
            21,
            21,
            21,
            21,
            21,
            21,
            21,
            21,
            21,
            21
        ]
    },
    "realTime": {
        "mean": 52.41815,
        "stdev": 2.436803137093222,
        "units": "seconds",
        "values": [
            51.6725,
            51.1769,
            51.8619,
            52.0666,
            51.5646,
            52.7112,
            52.8428,
            53.2271,
            49.6478,
            54.1328,
            61.345,
            50.9501,
            52.6074,
            51.2492,
            54.9089,
            51.1775,
            50.9039,
            50.4609,
            51.4616,
            52.3943
        ]
    },
    "resetTime": {
        "mean": 0.0002687665,
        "stdev": 1.9945768949829937e-05,
        "units": "seconds",
        "values": [
            0.000291599,
            0.000274817,
            0.00028091,
            0.000287388,
            0.00027238,
            0.000262393,
            0.000263251,
            0.000288424,
            0.000268628,
            0.000245415,
            0.000267823,
            0.000269024,
            0.000304928,
            0.00027762,
            0.000230834,
            0.000233522,
            0.000286194,
            0.000257534,
            0.00023784,
            0.000274806
        ]
    },
    "resetTimeAvg": {
        "mean": 6.2503825e-06,
        "stdev": 4.638552182226351e-07,
        "units": "seconds",
        "values": [
            6.78137e-06,
            6.39109e-06,
            6.53279e-06,
            6.68344e-06,
            6.33442e-06,
            6.10216e-06,
            6.12212e-06,
            6.70753e-06,
            6.24716e-06,
            5.70733e-06,
            6.22844e-06,
            6.25637e-06,
            7.09135e-06,
            6.45628e-06,
            5.36823e-06,
            5.43074e-06,
            6.65567e-06,
            5.98916e-06,
            5.53116e-06,
            6.39084e-06
        ]
    },
    "substepAveragePerStep": {
        "mean": 80683.9,
        "stdev": 0.0,
        "units": "substeps",
        "values": [
            80683.9,
            80683.9,
            80683.9,
            80683.9,
            80683.9,
            80683.9,
            80683.9,
            80683.9,
            80683.9,
            80683.9,
            80683.9,
            80683.9,
            80683.9,
            80683.9,
            80683.9,
            80683.9,
            80683.9,
            80683.9,
            80683.9,
            80683.9
        ]
    },
    "systemTime": {
        "mean": 6.0815,
        "stdev": 0.28890491970816096,
        "units": "seconds",
        "values": [
            6.0,
            6.15,
            6.07,
            5.8,
            6.08,
            6.06,
            6.16,
            6.08,
            5.88,
            6.18,
            6.75,
            5.64,
            5.94,
            6.05,
            6.5,
            5.98,
            5.73,
            5.85,
            6.72,
            6.01
        ]
    },
    "totalSteps": {
        "mean": 43,
        "stdev": 0.0,
        "units": "steps",
        "values": [
            43,
            43,
            43,
            43,
            43,
            43,
            43,
            43,
            43,
            43,
            43,
            43,
            43,
            43,
            43,
            43,
            43,
            43,
            43,
            43
        ]
    },
    "totalSubsteps": {
        "mean": 3469406,
        "stdev": 0.0,
        "units": "substeps",
        "values": [
            3469406,
            3469406,
            3469406,
            3469406,
            3469406,
            3469406,
            3469406,
            3469406,
            3469406,
            3469406,
            3469406,
            3469406,
            3469406,
            3469406,
            3469406,
            3469406,
            3469406,
            3469406,
            3469406,
            3469406
        ]
    },
    "track_1_stepCount": {
        "mean": 18,
        "stdev": 0.0,
        "units": "steps",
        "values": [
            18,
            18,
            18,
            18,
            18,
            18,
            18,
            18,
            18,
            18,
            18,
            18,
            18,
            18,
            18,
            18,
            18,
            18,
            18,
            18
        ]
    },
    "track_1_substepCount": {
        "mean": 6579,
        "stdev": 0.0,
        "units": "substeps",
        "values": [
            6579,
            6579,
            6579,
            6579,
            6579,
            6579,
            6579,
            6579,
            6579,
            6579,
            6579,
            6579,
            6579,
            6579,
            6579,
            6579,
            6579,
            6579,
            6579,
            6579
        ]
    },
    "track_51_stepCount": {
        "mean": 1,
        "stdev": 0.0,
        "units": "steps",
        "values": [
            1,
            1,
            1,
            1,
            1,
            1,
            1,
            1,
            1,
            1,
            1,
            1,
            1,
            1,
            1,
            1,
            1,
            1,
            1,
            1
        ]
    },
    "track_51_substepCount": {
        "mean": 87939,
        "stdev": 0.0,
        "units": "substeps",
        "values": [
            87939,
            87939,
            87939,
            87939,
            87939,
            87939,
            87939,
            87939,
            87939,
            87939,
            87939,
            87939,
            87939,
            87939,
            87939,
            87939,
            87939,
            87939,
            87939,
            87939
        ]
    },
    "track_52_stepCount": {
        "mean": 1,
        "stdev": 0.0,
        "units": "steps",
        "values": [
            1,
            1,
            1,
            1,
            1,
            1,
            1,
            1,
            1,
            1,
            1,
            1,
            1,
            1,
            1,
            1,
            1,
            1,
            1,
            1
        ]
    },
    "track_52_substepCount": {
        "mean": 193156,
        "stdev": 0.0,
        "units": "substeps",
        "values": [
            193156,
            193156,
            193156,
            193156,
            193156,
            193156,
            193156,
            193156,
            193156,
            193156,
            193156,
            193156,
            193156,
            193156,
            193156,
            193156,
            193156,
            193156,
            193156,
            193156
        ]
    },
    "track_53_stepCount": {
        "mean": 1,
        "stdev": 0.0,
        "units": "steps",
        "values": [
            1,
            1,
            1,
            1,
            1,
            1,
            1,
            1,
            1,
            1,
            1,
            1,
            1,
            1,
            1,
            1,
            1,
            1,
            1,
            1
        ]
    },
    "track_53_substepCount": {
        "mean": 57840,
        "stdev": 0.0,
        "units": "substeps",
        "values": [
            57840,
            57840,
            57840,
            57840,
            57840,
            57840,
            57840,
            57840,
            57840,
            57840,
            57840,
            57840,
            57840,
            57840,
            57840,
            57840,
            57840,
            57840,
            57840,
            57840
        ]
    },
    "track_54_stepCount": {
        "mean": 1,
        "stdev": 0.0,
        "units": "steps",
        "values": [
            1,
            1,
            1,
            1,
            1,
            1,
            1,
            1,
            1,
            1,
            1,
            1,
            1,
            1,
            1,
            1,
            1,
            1,
            1,
            1
        ]
    },
    "track_54_substepCount": {
        "mean": 70984,
        "stdev": 0.0,
        "units": "substeps",
        "values": [
            70984,
            70984,
            70984,
            70984,
            70984,
            70984,
            70984,
            70984,
            70984,
            70984,
            70984,
            70984,
            70984,
            70984,
            70984,
            70984,
            70984,
            70984,
            70984,
            70984
        ]
    },
    "track_55_stepCount": {
        "mean": 1,
        "stdev": 0.0,
        "units": "steps",
        "values": [
            1,
            1,
            1,
            1,
            1,
            1,
            1,
            1,
            1,
            1,
            1,
            1,
            1,
            1,
            1,
            1,
            1,
            1,
            1,
            1
        ]
    },
    "track_55_substepCount": {
        "mean": 35647,
        "stdev": 0.0,
        "units": "substeps",
        "values": [
            35647,
            35647,
            35647,
            35647,
            35647,
            35647,
            35647,
            35647,
            35647,
            35647,
            35647,
            35647,
            35647,
            35647,
            35647,
            35647,
            35647,
            35647,
            35647,
            35647
        ]
    },
    "track_56_stepCount": {
        "mean": 1,
        "stdev": 0.0,
        "units": "steps",
        "values": [
            1,
            1,
            1,
            1,
            1,
            1,
            1,
            1,
            1,
            1,
            1,
            1,
            1,
            1,
            1,
            1,
            1,
            1,
            1,
            1
        ]
    },
    "track_56_substepCount": {
        "mean": 84554,
        "stdev": 0.0,
        "units": "substeps",
        "values": [
            84554,
            84554,
            84554,
            84554,
            84554,
            84554,
            84554,
            84554,
            84554,
            84554,
            84554,
            84554,
            84554,
            84554,
            84554,
            84554,
            84554,
            84554,
            84554,
            84554
        ]
    },
    "track_57_stepCount": {
        "mean": 1,
        "stdev": 0.0,
        "units": "steps",
        "values": [
            1,
            1,
            1,
            1,
            1,
            1,
            1,
            1,
            1,
            1,
            1,
            1,
            1,
            1,
            1,
            1,
            1,
            1,
            1,
            1
        ]
    },
    "track_57_substepCount": {
        "mean": 48489,
        "stdev": 0.0,
        "units": "substeps",
        "values": [
            48489,
            48489,
            48489,
            48489,
            48489,
            48489,
            48489,
            48489,
            48489,
            48489,
            48489,
            48489,
            48489,
            48489,
            48489,
            48489,
            48489,
            48489,
            48489,
            48489
        ]
    },
    "track_58_stepCount": {
        "mean": 1,
        "stdev": 0.0,
        "units": "steps",
        "values": [
            1,
            1,
            1,
            1,
            1,
            1,
            1,
            1,
            1,
            1,
            1,
            1,
            1,
            1,
            1,
            1,
            1,
            1,
            1,
            1
        ]
    },
    "track_58_substepCount": {
        "mean": 76007,
        "stdev": 0.0,
        "units": "substeps",
        "values": [
            76007,
            76007,
            76007,
            76007,
            76007,
            76007,
            76007,
            76007,
            76007,
            76007,
            76007,
            76007,
            76007,
            76007,
            76007,
            76007,
            76007,
            76007,
            76007,
            76007
        ]
    },
    "track_59_stepCount": {
        "mean": 1,
        "stdev": 0.0,
        "units": "steps",
        "values": [
            1,
            1,
            1,
            1,
            1,
            1,
            1,
            1,
            1,
            1,
            1,
            1,
            1,
            1,
            1,
            1,
            1,
            1,
            1,
            1
        ]
    },
    "track_59_substepCount": {
        "mean": 49676,
        "stdev": 0.0,
        "units": "substeps",
        "values": [
            49676,
            49676,
            49676,
            49676,
            49676,
            49676,
            49676,
            49676,
            49676,
            49676,
            49676,
            49676,
            49676,
            49676,
            49676,
            49676,
            49676,
            49676,
            49676,
            49676
        ]
    },
    "track_60_stepCount": {
        "mean": 1,
        "stdev": 0.0,
        "units": "steps",
        "values": [
            1,
            1,
            1,
            1,
            1,
            1,
            1,
            1,
            1,
            1,
            1,
            1,
            1,
            1,
            1,
            1,
            1,
            1,
            1,
            1
        ]
    },
    "track_60_substepCount": {
        "mean": 212892,
        "stdev": 0.0,
        "units": "substeps",
        "values": [
            212892,
            212892,
            212892,
            212892,
            212892,
            212892,
            212892,
            212892,
            212892,
            212892,
            212892,
            212892,
            212892,
            212892,
            212892,
            212892,
            212892,
            212892,
            212892,
            212892
        ]
    },
    "track_61_stepCount": {
        "mean": 1,
        "stdev": 0.0,
        "units": "steps",
        "values": [
            1,
            1,
            1,
            1,
            1,
            1,
            1,
            1,
            1,
            1,
            1,
            1,
            1,
            1,
            1,
            1,
            1,
            1,
            1,
            1
        ]
    },
    "track_61_substepCount": {
        "mean": 31419,
        "stdev": 0.0,
        "units": "substeps",
        "values": [
            31419,
            31419,
            31419,
            31419,
            31419,
            31419,
            31419,
            31419,
            31419,
            31419,
            31419,
            31419,
            31419,
            31419,
            31419,
            31419,
            31419,
            31419,
            31419,
            31419
        ]
    },
    "track_62_stepCount": {
        "mean": 3,
        "stdev": 0.0,
        "units": "steps",
        "values": [
            3,
            3,
            3,
            3,
            3,
            3,
            3,
            3,
            3,
            3,
            3,
            3,
            3,
            3,
            3,
            3,
            3,
            3,
            3,
            3
        ]
    },
    "track_62_substepCount": {
        "mean": 687597,
        "stdev": 0.0,
        "units": "substeps",
        "values": [
            687597,
            687597,
            687597,
            687597,
            687597,
            687597,
            687597,
            687597,
            687597,
            687597,
            687597,
            687597,
            687597,
            687597,
            687597,
            687597,
            687597,
            687597,
            687597,
            687597
        ]
    },
    "track_63_stepCount": {
        "mean": 1,
        "stdev": 0.0,
        "units": "steps",
        "values": [
            1,
            1,
            1,
            1,
            1,
            1,
            1,
            1,
            1,
            1,
            1,
            1,
            1,
            1,
            1,
            1,
            1,
            1,
            1,
            1
        ]
    },
    "track_63_substepCount": {
        "mean": 48312,
        "stdev": 0.0,
        "units": "substeps",
        "values": [
            48312,
            48312,
            48312,
            48312,
            48312,
            48312,
            48312,
            48312,
            48312,
            48312,
            48312,
            48312,
            48312,
            48312,
            48312,
            48312,
            48312,
            48312,
            48312,
            48312
        ]
    },
    "track_64_stepCount": {
        "mean": 1,
        "stdev": 0.0,
        "units": "steps",
        "values": [
            1,
            1,
            1,
            1,
            1,
            1,
            1,
            1,
            1,
            1,
            1,
            1,
            1,
            1,
            1,
            1,
            1,
            1,
            1,
            1
        ]
    },
    "track_64_substepCount": {
        "mean": 32871,
        "stdev": 0.0,
        "units": "substeps",
        "values": [
            32871,
            32871,
            32871,
            32871,
            32871,
            32871,
            32871,
            32871,
            32871,
            32871,
            32871,
            32871,
            32871,
            32871,
            32871,
            32871,
            32871,
            32871,
            32871,
            32871
        ]
    },
    "track_65_stepCount": {
        "mean": 1,
        "stdev": 0.0,
        "units": "steps",
        "values": [
            1,
            1,
            1,
            1,
            1,
            1,
            1,
            1,
            1,
            1,
            1,
            1,
            1,
            1,
            1,
            1,
            1,
            1,
            1,
            1
        ]
    },
    "track_65_substepCount": {
        "mean": 262410,
        "stdev": 0.0,
        "units": "substeps",
        "values": [
            262410,
            262410,
            262410,
            262410,
            262410,
            262410,
            262410,
            262410,
            262410,
            262410,
            262410,
            262410,
            262410,
            262410,
            262410,
            262410,
            262410,
            262410,
            262410,
            262410
        ]
    },
    "track_66_stepCount": {
        "mean": 1,
        "stdev": 0.0,
        "units": "steps",
        "values": [
            1,
            1,
            1,
            1,
            1,
            1,
            1,
            1,
            1,
            1,
            1,
            1,
            1,
            1,
            1,
            1,
            1,
            1,
            1,
            1
        ]
    },
    "track_66_substepCount": {
        "mean": 47552,
        "stdev": 0.0,
        "units": "substeps",
        "values": [
            47552,
            47552,
            47552,
            47552,
            47552,
            47552,
            47552,
            47552,
            47552,
            47552,
            47552,
            47552,
            47552,
            47552,
            47552,
            47552,
            47552,
            47552,
            47552,
            47552
        ]
    },
    "track_67_stepCount": {
        "mean": 4,
        "stdev": 0.0,
        "units": "steps",
        "values": [
            4,
            4,
            4,
            4,
            4,
            4,
            4,
            4,
            4,
            4,
            4,
            4,
            4,
            4,
            4,
            4,
            4,
            4,
            4,
            4
        ]
    },
    "track_67_substepCount": {
        "mean": 1209104,
        "stdev": 0.0,
        "units": "substeps",
        "values": [
            1209104,
            1209104,
            1209104,
            1209104,
            1209104,
            1209104,
            1209104,
            1209104,
            1209104,
            1209104,
            1209104,
            1209104,
            1209104,
            1209104,
            1209104,
            1209104,
            1209104,
            1209104,
            1209104,
            1209104
        ]
    },
    "track_73646_stepCount": {
        "mean": 1,
        "stdev": 0.0,
        "units": "steps",
        "values": [
            1,
            1,
            1,
            1,
            1,
            1,
            1,
            1,
            1,
            1,
            1,
            1,
            1,
            1,
            1,
            1,
            1,
            1,
            1,
            1
        ]
    },
    "track_73646_substepCount": {
        "mean": 80548,
        "stdev": 0.0,
        "units": "substeps",
        "values": [
            80548,
            80548,
            80548,
            80548,
            80548,
            80548,
            80548,
            80548,
            80548,
            80548,
            80548,
            80548,
            80548,
            80548,
            80548,
            80548,
            80548,
            80548,
            80548,
            80548
        ]
    },
    "track_73647_stepCount": {
        "mean": 1,
        "stdev": 0.0,
        "units": "steps",
        "values": [
            1,
            1,
            1,
            1,
            1,
            1,
            1,
            1,
            1,
            1,
            1,
            1,
            1,
            1,
            1,
            1,
            1,
            1,
            1,
            1
        ]
    },
    "track_73647_substepCount": {
        "mean": 34047,
        "stdev": 0.0,
        "units": "substeps",
        "values": [
            34047,
            34047,
            34047,
            34047,
            34047,
            34047,
            34047,
            34047,
            34047,
            34047,
            34047,
            34047,
            34047,
            34047,
            34047,
            34047,
            34047,
            34047,
            34047,
            34047
        ]
    },
    "track_73648_stepCount": {
        "mean": 1,
        "stdev": 0.0,
        "units": "steps",
        "values": [
            1,
            1,
            1,
            1,
            1,
            1,
            1,
            1,
            1,
            1,
            1,
            1,
            1,
            1,
            1,
            1,
            1,
            1,
            1,
            1
        ]
    },
    "track_73648_substepCount": {
        "mean": 111783,
        "stdev": 0.0,
        "units": "substeps",
        "values": [
            111783,
            111783,
            111783,
            111783,
            111783,
            111783,
            111783,
            111783,
            111783,
            111783,
            111783,
            111783,
            111783,
            111783,
            111783,
            111783,
            111783,
            111783,
            111783,
            111783
        ]
    },
    "userTime": {
        "mean": 49.5465,
        "stdev": 2.4269046237196017,
        "units": "seconds",
        "values": [
            48.84,
            47.88,
            48.86,
            49.31,
            48.81,
            49.84,
            49.88,
            50.21,
            46.69,
            51.3,
            58.45,
            48.29,
            49.99,
            48.15,
            51.96,
            48.25,
            48.3,
            48.08,
            48.33,
            49.51
        ]
    },
    "varVX_dQMinChanges": {
        "mean": 4349.0,
        "stdev": 0.0,
        "units": "changes",
        "values": [
            4349.0,
            4349.0,
            4349.0,
            4349.0,
            4349.0,
            4349.0,
            4349.0,
            4349.0,
            4349.0,
            4349.0,
            4349.0,
            4349.0,
            4349.0,
            4349.0,
            4349.0,
            4349.0,
            4349.0,
            4349.0,
            4349.0,
            4349.0
        ]
    },
    "varVX_dQRelChanges": {
        "mean": 1723749.0,
        "stdev": 0.0,
        "units": "changes",
        "values": [
            1723749.0,
            1723749.0,
            1723749.0,
            1723749.0,
            1723749.0,
            1723749.0,
            1723749.0,
            1723749.0,
            1723749.0,
            1723749.0,
            1723749.0,
            1723749.0,
            1723749.0,
            1723749.0,
            1723749.0,
            1723749.0,
            1723749.0,
            1723749.0,
            1723749.0,
            1723749.0
        ]
    },
    "varVX_maxError": {
        "mean": 0.0937049,
        "stdev": 0.0,
        "units": "mm?",
        "values": [
            0.0937049,
            0.0937049,
            0.0937049,
            0.0937049,
            0.0937049,
            0.0937049,
            0.0937049,
            0.0937049,
            0.0937049,
            0.0937049,
            0.0937049,
            0.0937049,
            0.0937049,
            0.0937049,
            0.0937049,
            0.0937049,
            0.0937049,
            0.0937049,
            0.0937049,
            0.0937049
        ]
    },
    "varVY_dQMinChanges": {
        "mean": 4349.0,
        "stdev": 0.0,
        "units": "changes",
        "values": [
            4349.0,
            4349.0,
            4349.0,
            4349.0,
            4349.0,
            4349.0,
            4349.0,
            4349.0,
            4349.0,
            4349.0,
            4349.0,
            4349.0,
            4349.0,
            4349.0,
            4349.0,
            4349.0,
            4349.0,
            4349.0,
            4349.0,
            4349.0
        ]
    },
    "varVY_dQRelChanges": {
        "mean": 1723749.0,
        "stdev": 0.0,
        "units": "changes",
        "values": [
            1723749.0,
            1723749.0,
            1723749.0,
            1723749.0,
            1723749.0,
            1723749.0,
            1723749.0,
            1723749.0,
            1723749.0,
            1723749.0,
            1723749.0,
            1723749.0,
            1723749.0,
            1723749.0,
            1723749.0,
            1723749.0,
            1723749.0,
            1723749.0,
            1723749.0,
            1723749.0
        ]
    },
    "varVY_maxError": {
        "mean": 0.0937049,
        "stdev": 0.0,
        "units": "mm?",
        "values": [
            0.0937049,
            0.0937049,
            0.0937049,
            0.0937049,
            0.0937049,
            0.0937049,
            0.0937049,
            0.0937049,
            0.0937049,
            0.0937049,
            0.0937049,
            0.0937049,
            0.0937049,
            0.0937049,
            0.0937049,
            0.0937049,
            0.0937049,
            0.0937049,
            0.0937049,
            0.0937049
        ]
    },
    "varVZ_dQMinChanges": {
        "mean": 4349.0,
        "stdev": 0.0,
        "units": "changes",
        "values": [
            4349.0,
            4349.0,
            4349.0,
            4349.0,
            4349.0,
            4349.0,
            4349.0,
            4349.0,
            4349.0,
            4349.0,
            4349.0,
            4349.0,
            4349.0,
            4349.0,
            4349.0,
            4349.0,
            4349.0,
            4349.0,
            4349.0,
            4349.0
        ]
    },
    "varVZ_dQRelChanges": {
        "mean": 1723749.0,
        "stdev": 0.0,
        "units": "changes",
        "values": [
            1723749.0,
            1723749.0,
            1723749.0,
            1723749.0,
            1723749.0,
            1723749.0,
            1723749.0,
            1723749.0,
            1723749.0,
            1723749.0,
            1723749.0,
            1723749.0,
            1723749.0,
            1723749.0,
            1723749.0,
            1723749.0,
            1723749.0,
            1723749.0,
            1723749.0,
            1723749.0
        ]
    },
    "varVZ_maxError": {
        "mean": 0.0937049,
        "stdev": 0.0,
        "units": "mm?",
        "values": [
            0.0937049,
            0.0937049,
            0.0937049,
            0.0937049,
            0.0937049,
            0.0937049,
            0.0937049,
            0.0937049,
            0.0937049,
            0.0937049,
            0.0937049,
            0.0937049,
            0.0937049,
            0.0937049,
            0.0937049,
            0.0937049,
            0.0937049,
            0.0937049,
            0.0937049,
            0.0937049
        ]
    },
    "varX_dQMinChanges": {
        "mean": 4349.0,
        "stdev": 0.0,
        "units": "changes",
        "values": [
            4349.0,
            4349.0,
            4349.0,
            4349.0,
            4349.0,
            4349.0,
            4349.0,
            4349.0,
            4349.0,
            4349.0,
            4349.0,
            4349.0,
            4349.0,
            4349.0,
            4349.0,
            4349.0,
            4349.0,
            4349.0,
            4349.0,
            4349.0
        ]
    },
    "varX_dQRelChanges": {
        "mean": 1723749.0,
        "stdev": 0.0,
        "units": "changes",
        "values": [
            1723749.0,
            1723749.0,
            1723749.0,
            1723749.0,
            1723749.0,
            1723749.0,
            1723749.0,
            1723749.0,
            1723749.0,
            1723749.0,
            1723749.0,
            1723749.0,
            1723749.0,
            1723749.0,
            1723749.0,
            1723749.0,
            1723749.0,
            1723749.0,
            1723749.0,
            1723749.0
        ]
    },
    "varX_maxError": {
        "mean": 0.0937049,
        "stdev": 0.0,
        "units": "mm?",
        "values": [
            0.0937049,
            0.0937049,
            0.0937049,
            0.0937049,
            0.0937049,
            0.0937049,
            0.0937049,
            0.0937049,
            0.0937049,
            0.0937049,
            0.0937049,
            0.0937049,
            0.0937049,
            0.0937049,
            0.0937049,
            0.0937049,
            0.0937049,
            0.0937049,
            0.0937049,
            0.0937049
        ]
    },
    "varY_dQMinChanges": {
        "mean": 4349.0,
        "stdev": 0.0,
        "units": "changes",
        "values": [
            4349.0,
            4349.0,
            4349.0,
            4349.0,
            4349.0,
            4349.0,
            4349.0,
            4349.0,
            4349.0,
            4349.0,
            4349.0,
            4349.0,
            4349.0,
            4349.0,
            4349.0,
            4349.0,
            4349.0,
            4349.0,
            4349.0,
            4349.0
        ]
    },
    "varY_dQRelChanges": {
        "mean": 1723749.0,
        "stdev": 0.0,
        "units": "changes",
        "values": [
            1723749.0,
            1723749.0,
            1723749.0,
            1723749.0,
            1723749.0,
            1723749.0,
            1723749.0,
            1723749.0,
            1723749.0,
            1723749.0,
            1723749.0,
            1723749.0,
            1723749.0,
            1723749.0,
            1723749.0,
            1723749.0,
            1723749.0,
            1723749.0,
            1723749.0,
            1723749.0
        ]
    },
    "varY_maxError": {
        "mean": 0.0937049,
        "stdev": 0.0,
        "units": "mm?",
        "values": [
            0.0937049,
            0.0937049,
            0.0937049,
            0.0937049,
            0.0937049,
            0.0937049,
            0.0937049,
            0.0937049,
            0.0937049,
            0.0937049,
            0.0937049,
            0.0937049,
            0.0937049,
            0.0937049,
            0.0937049,
            0.0937049,
            0.0937049,
            0.0937049,
            0.0937049,
            0.0937049
        ]
    },
    "varZ_dQMinChanges": {
        "mean": 4349.0,
        "stdev": 0.0,
        "units": "changes",
        "values": [
            4349.0,
            4349.0,
            4349.0,
            4349.0,
            4349.0,
            4349.0,
            4349.0,
            4349.0,
            4349.0,
            4349.0,
            4349.0,
            4349.0,
            4349.0,
            4349.0,
            4349.0,
            4349.0,
            4349.0,
            4349.0,
            4349.0,
            4349.0
        ]
    },
    "varZ_dQRelChanges": {
        "mean": 1723749.0,
        "stdev": 0.0,
        "units": "changes",
        "values": [
            1723749.0,
            1723749.0,
            1723749.0,
            1723749.0,
            1723749.0,
            1723749.0,
            1723749.0,
            1723749.0,
            1723749.0,
            1723749.0,
            1723749.0,
            1723749.0,
            1723749.0,
            1723749.0,
            1723749.0,
            1723749.0,
            1723749.0,
            1723749.0,
            1723749.0,
            1723749.0
        ]
    },
    "varZ_maxError": {
        "mean": 0.0937049,
        "stdev": 0.0,
        "units": "mm?",
        "values": [
            0.0937049,
            0.0937049,
            0.0937049,
            0.0937049,
            0.0937049,
            0.0937049,
            0.0937049,
            0.0937049,
            0.0937049,
            0.0937049,
            0.0937049,
            0.0937049,
            0.0937049,
            0.0937049,
            0.0937049,
            0.0937049,
            0.0937049,
            0.0937049,
            0.0937049,
            0.0937049
        ]
    }
}