{
    "intersections": {
        "mean": 1,
        "stdev": 0.0,
        "units": "intersections",
        "values": [
            1,
            1,
            1,
            1,
            1,
            1,
            1,
            1,
            1,
            1,
            1,
            1,
            1,
            1,
            1,
            1,
            1,
            1,
            1,
            1
        ]
    },
    "numberOfThreads": {
        "mean": 1,
        "stdev": 0.0,
        "units": "threads",
        "values": [
            1,
            1,
            1,
            1,
            1,
            1,
            1,
            1,
            1,
            1,
            1,
            1,
            1,
            1,
            1,
            1,
            1,
            1,
            1,
            1
        ]
    },
    "realTime": {
        "mean": 4.477369,
        "stdev": 0.04122976708258492,
        "units": "seconds",
        "values": [
            4.4088,
            4.49166,
            4.42048,
            4.52375,
            4.52617,
            4.49587,
            4.4344,
            4.50974,
            4.44501,
            4.48281,
            4.42927,
            4.52937,
            4.48732,
            4.48066,
            4.52612,
            4.47943,
            4.52785,
            4.45625,
            4.48406,
            4.40836
        ]
    },
    "systemTime": {
        "mean": 0.0995,
        "stdev": 0.01145931016569864,
        "units": "seconds",
        "values": [
            0.08,
            0.09,
            0.09,
            0.12,
            0.09,
            0.1,
            0.1,
            0.1,
            0.09,
            0.09,
            0.1,
            0.11,
            0.11,
            0.1,
            0.11,
            0.08,
            0.1,
            0.1,
            0.12,
            0.11
        ]
    },
    "totalSteps": {
        "mean": 2047,
        "stdev": 0.0,
        "units": "steps",
        "values": [
            2047,
            2047,
            2047,
            2047,
            2047,
            2047,
            2047,
            2047,
            2047,
            2047,
            2047,
            2047,
            2047,
            2047,
            2047,
            2047,
            2047,
            2047,
            2047,
            2047
        ]
    },
    "userTime": {
        "mean": 4.17,
        "stdev": 0.036128425898380084,
        "units": "seconds",
        "values": [
            4.12,
            4.19,
            4.13,
            4.18,
            4.23,
            4.18,
            4.13,
            4.18,
            4.13,
            4.18,
            4.13,
            4.2,
            4.17,
            4.17,
            4.2,
            4.19,
            4.25,
            4.15,
            4.17,
            4.12
        ]
    }
}