{
    "intersections": {
        "mean": 11221,
        "stdev": 0.0,
        "units": "intersections",
        "values": [
            11221,
            11221,
            11221,
            11221,
            11221,
            11221,
            11221,
            11221,
            11221,
            11221,
            11221,
            11221,
            11221,
            11221,
            11221,
            11221,
            11221,
            11221,
            11221,
            11221
        ]
    },
    "numberOfThreads": {
        "mean": 1,
        "stdev": 0.0,
        "units": "threads",
        "values": [
            1,
            1,
            1,
            1,
            1,
            1,
            1,
            1,
            1,
            1,
            1,
            1,
            1,
            1,
            1,
            1,
            1,
            1,
            1,
            1
        ]
    },
    "realTime": {
        "mean": 34.624625,
        "stdev": 0.7817376345949487,
        "units": "seconds",
        "values": [
            35.5121,
            34.8946,
            33.6443,
            36.6557,
            35.0148,
            34.1547,
            35.3248,
            34.7011,
            33.9579,
            34.534,
            33.8825,
            34.3448,
            34.7801,
            34.4222,
            33.7362,
            34.044,
            36.0838,
            34.3509,
            34.1995,
            34.2545
        ]
    },
    "systemTime": {
        "mean": 0.214,
        "stdev": 0.019574419397183716,
        "units": "seconds",
        "values": [
            0.2,
            0.22,
            0.21,
            0.22,
            0.18,
            0.24,
            0.22,
            0.24,
            0.18,
            0.23,
            0.21,
            0.2,
            0.21,
            0.24,
            0.18,
            0.24,
            0.22,
            0.22,
            0.2,
            0.22
        ]
    },
    "totalSteps": {
        "mean": 381093,
        "stdev": 0.0,
        "units": "steps",
        "values": [
            381093,
            381093,
            381093,
            381093,
            381093,
            381093,
            381093,
            381093,
            381093,
            381093,
            381093,
            381093,
            381093,
            381093,
            381093,
            381093,
            381093,
            381093,
            381093,
            381093
        ]
    },
    "userTime": {
        "mean": 34.004,
        "stdev": 0.7827508846168246,
        "units": "seconds",
        "values": [
            34.96,
            34.34,
            33.13,
            35.95,
            34.49,
            33.44,
            34.75,
            33.98,
            33.41,
            33.83,
            33.31,
            33.68,
            34.23,
            33.7,
            33.2,
            33.32,
            35.51,
            33.65,
            33.65,
            33.55
        ]
    }
}