{
    "intersections": {
        "mean": 21,
        "stdev": 0.0,
        "units": "intersections",
        "values": [
            21,
            21,
            21,
            21,
            21,
            21,
            21,
            21,
            21,
            21,
            21,
            21,
            21,
            21,
            21,
            21,
            21,
            21,
            21,
            21
        ]
    },
    "numberOfThreads": {
        "mean": 1,
        "stdev": 0.0,
        "units": "threads",
        "values": [
            1,
            1,
            1,
            1,
            1,
            1,
            1,
            1,
            1,
            1,
            1,
            1,
            1,
            1,
            1,
            1,
            1,
            1,
            1,
            1
        ]
    },
    "realTime": {
        "mean": 5.2494405,
        "stdev": 0.1285617870489149,
        "units": "seconds",
        "values": [
            5.12916,
            5.08433,
            5.17022,
            5.07705,
            5.26491,
            5.08528,
            5.27893,
            5.08358,
            5.41009,
            5.3622,
            5.45691,
            5.37344,
            5.20926,
            5.27315,
            5.31618,
            5.5152,
            5.23458,
            5.17826,
            5.21882,
            5.26726
        ]
    },
    "systemTime": {
        "mean": 0.185,
        "stdev": 0.01192079121358539,
        "units": "seconds",
        "values": [
            0.2,
            0.18,
            0.17,
            0.17,
            0.18,
            0.17,
            0.18,
            0.19,
            0.18,
            0.21,
            0.21,
            0.17,
            0.18,
            0.19,
            0.18,
            0.19,
            0.18,
            0.19,
            0.19,
            0.19
        ]
    },
    "totalSteps": {
        "mean": 661,
        "stdev": 0.0,
        "units": "steps",
        "values": [
            661,
            661,
            661,
            661,
            661,
            661,
            661,
            661,
            661,
            661,
            661,
            661,
            661,
            661,
            661,
            661,
            661,
            661,
            661,
            661
        ]
    },
    "userTime": {
        "mean": 4.707,
        "stdev": 0.0791467657350303,
        "units": "seconds",
        "values": [
            4.65,
            4.66,
            4.66,
            4.65,
            4.71,
            4.62,
            4.69,
            4.62,
            4.84,
            4.76,
            4.69,
            4.81,
            4.73,
            4.69,
            4.72,
            4.93,
            4.65,
            4.69,
            4.63,
            4.74
        ]
    }
}