{
    "intersections": {
        "mean": 1,
        "stdev": 0.0,
        "units": "intersections",
        "values": [
            1,
            1,
            1,
            1,
            1,
            1,
            1,
            1,
            1,
            1,
            1,
            1,
            1,
            1,
            1,
            1,
            1,
            1,
            1,
            1
        ]
    },
    "numberOfThreads": {
        "mean": 1,
        "stdev": 0.0,
        "units": "threads",
        "values": [
            1,
            1,
            1,
            1,
            1,
            1,
            1,
            1,
            1,
            1,
            1,
            1,
            1,
            1,
            1,
            1,
            1,
            1,
            1,
            1
        ]
    },
    "realTime": {
        "mean": 52.201065,
        "stdev": 1.1438297187748845,
        "units": "seconds",
        "values": [
            51.3933,
            51.9107,
            52.865,
            52.8389,
            53.7599,
            50.9204,
            52.639,
            54.2699,
            50.8843,
            50.9166,
            51.7833,
            54.9232,
            51.2772,
            51.473,
            51.8246,
            52.4684,
            51.0095,
            51.81,
            52.0901,
            52.964
        ]
    },
    "systemTime": {
        "mean": 6.2755,
        "stdev": 0.3309074445250593,
        "units": "seconds",
        "values": [
            6.2,
            6.19,
            6.37,
            6.11,
            7.1,
            6.03,
            6.16,
            6.7,
            6.2,
            6.54,
            5.62,
            6.76,
            6.25,
            6.25,
            5.97,
            6.6,
            5.93,
            6.21,
            6.1,
            6.22
        ]
    },
    "totalSteps": {
        "mean": 41,
        "stdev": 0.0,
        "units": "steps",
        "values": [
            41,
            41,
            41,
            41,
            41,
            41,
            41,
            41,
            41,
            41,
            41,
            41,
            41,
            41,
            41,
            41,
            41,
            41,
            41,
            41
        ]
    },
    "userTime": {
        "mean": 49.0775,
        "stdev": 1.0614978245757016,
        "units": "seconds",
        "values": [
            48.33,
            48.69,
            49.79,
            49.86,
            49.87,
            47.8,
            49.93,
            50.91,
            47.75,
            47.32,
            49.31,
            51.4,
            48.18,
            48.25,
            49.09,
            48.88,
            48.38,
            48.69,
            49.17,
            49.95
        ]
    }
}