{
    "dQMin": {
        "mean": 0.0,
        "stdev": 0.0,
        "units": "dQMin",
        "values": [
            0.0,
            0.0,
            0.0,
            0.0,
            0.0,
            0.0,
            0.0,
            0.0,
            0.0,
            0.0,
            0.0,
            0.0,
            0.0,
            0.0,
            0.0,
            0.0,
            0.0,
            0.0,
            0.0,
            0.0
        ]
    },
    "dQRel": {
        "mean": 0.0,
        "stdev": 0.0,
        "units": "dQRel",
        "values": [
            0.0,
            0.0,
            0.0,
            0.0,
            0.0,
            0.0,
            0.0,
            0.0,
            0.0,
            0.0,
            0.0,
            0.0,
            0.0,
            0.0,
            0.0,
            0.0,
            0.0,
            0.0,
            0.0,
            0.0
        ]
    },
    "integrationTime": {
        "mean": 0.0,
        "stdev": 0.0,
        "units": "seconds",
        "values": [
            0.0,
            0.0,
            0.0,
            0.0,
            0.0,
            0.0,
            0.0,
            0.0,
            0.0,
            0.0,
            0.0,
            0.0,
            0.0,
            0.0,
            0.0,
            0.0,
            0.0,
            0.0,
            0.0,
            0.0
        ]
    },
    "integrationTimeAvgStep": {
        "mean": 0.0,
        "stdev": 0.0,
        "units": "seconds",
        "values": [
            0.0,
            0.0,
            0.0,
            0.0,
            0.0,
            0.0,
            0.0,
            0.0,
            0.0,
            0.0,
            0.0,
            0.0,
            0.0,
            0.0,
            0.0,
            0.0,
            0.0,
            0.0,
            0.0,
            0.0
        ]
    },
    "integrationTimeAvgSubstep": {
        "mean": NaN,
        "stdev": NaN,
        "units": "seconds",
        "values": [
            NaN,
            NaN,
            NaN,
            NaN,
            NaN,
            NaN,
            NaN,
            NaN,
            NaN,
            NaN,
            NaN,
            NaN,
            NaN,
            NaN,
            NaN,
            NaN,
            NaN,
            NaN,
            NaN,
            NaN
        ]
    },
    "intersections": {
        "mean": 159231,
        "stdev": 0.0,
        "units": "intersections",
        "values": [
            159231,
            159231,
            159231,
            159231,
            159231,
            159231,
            159231,
            159231,
            159231,
            159231,
            159231,
            159231,
            159231,
            159231,
            159231,
            159231,
            159231,
            159231,
            159231,
            159231
        ]
    },
    "numberOfThreads": {
        "mean": 0,
        "stdev": 0.0,
        "units": "threads",
        "values": [
            0,
            0,
            0,
            0,
            0,
            0,
            0,
            0,
            0,
            0,
            0,
            0,
            0,
            0,
            0,
            0,
            0,
            0,
            0,
            0
        ]
    },
    "numberOfTracks": {
        "mean": 0,
        "stdev": 0.0,
        "units": "tracks",
        "values": [
            0,
            0,
            0,
            0,
            0,
            0,
            0,
            0,
            0,
            0,
            0,
            0,
            0,
            0,
            0,
            0,
            0,
            0,
            0,
            0
        ]
    },
    "realTime": {
        "mean": 3746.5655,
        "stdev": 54.77231739089024,
        "units": "seconds",
        "values": [
            3818.94,
            3764.76,
            3719.15,
            3892.83,
            3723.83,
            3774.19,
            3807.98,
            3737.94,
            3732.79,
            3711.8,
            3748.49,
            3821.39,
            3732.43,
            3691.19,
            3679.62,
            3708.51,
            3730.98,
            3699.15,
            3674.07,
            3761.27
        ]
    },
    "resetTime": {
        "mean": 0.0,
        "stdev": 0.0,
        "units": "seconds",
        "values": [
            0.0,
            0.0,
            0.0,
            0.0,
            0.0,
            0.0,
            0.0,
            0.0,
            0.0,
            0.0,
            0.0,
            0.0,
            0.0,
            0.0,
            0.0,
            0.0,
            0.0,
            0.0,
            0.0,
            0.0
        ]
    },
    "resetTimeAvg": {
        "mean": 0.0,
        "stdev": 0.0,
        "units": "seconds",
        "values": [
            0.0,
            0.0,
            0.0,
            0.0,
            0.0,
            0.0,
            0.0,
            0.0,
            0.0,
            0.0,
            0.0,
            0.0,
            0.0,
            0.0,
            0.0,
            0.0,
            0.0,
            0.0,
            0.0,
            0.0
        ]
    },
    "substepAveragePerStep": {
        "mean": 0.0,
        "stdev": 0.0,
        "units": "substeps",
        "values": [
            0.0,
            0.0,
            0.0,
            0.0,
            0.0,
            0.0,
            0.0,
            0.0,
            0.0,
            0.0,
            0.0,
            0.0,
            0.0,
            0.0,
            0.0,
            0.0,
            0.0,
            0.0,
            0.0,
            0.0
        ]
    },
    "systemTime": {
        "mean": 6.935,
        "stdev": 0.9851449265543569,
        "units": "seconds",
        "values": [
            6.81,
            6.55,
            6.9,
            6.8,
            7.09,
            7.39,
            9.9,
            5.99,
            6.46,
            7.0,
            7.04,
            6.99,
            6.78,
            6.36,
            5.91,
            5.65,
            6.6,
            6.27,
            7.17,
            9.04
        ]
    },
    "totalSteps": {
        "mean": 972334,
        "stdev": 0.0,
        "units": "steps",
        "values": [
            972334,
            972334,
            972334,
            972334,
            972334,
            972334,
            972334,
            972334,
            972334,
            972334,
            972334,
            972334,
            972334,
            972334,
            972334,
            972334,
            972334,
            972334,
            972334,
            972334
        ]
    },
    "totalSubsteps": {
        "mean": 0,
        "stdev": 0.0,
        "units": "substeps",
        "values": [
            0,
            0,
            0,
            0,
            0,
            0,
            0,
            0,
            0,
            0,
            0,
            0,
            0,
            0,
            0,
            0,
            0,
            0,
            0,
            0
        ]
    },
    "userTime": {
        "mean": 3738.6705,
        "stdev": 54.42485572594082,
        "units": "seconds",
        "values": [
            3811.2,
            3757.27,
            3711.27,
            3885.07,
            3715.77,
            3765.85,
            3797.06,
            3731.07,
            3725.38,
            3703.79,
            3740.48,
            3813.4,
            3724.92,
            3683.98,
            3672.76,
            3701.82,
            3723.42,
            3691.7,
            3665.89,
            3751.31
        ]
    },
    "varVX_dQMinChanges": {
        "mean": 0.0,
        "stdev": 0.0,
        "units": "changes",
        "values": [
            0.0,
            0.0,
            0.0,
            0.0,
            0.0,
            0.0,
            0.0,
            0.0,
            0.0,
            0.0,
            0.0,
            0.0,
            0.0,
            0.0,
            0.0,
            0.0,
            0.0,
            0.0,
            0.0,
            0.0
        ]
    },
    "varVX_dQRelChanges": {
        "mean": 0.0,
        "stdev": 0.0,
        "units": "changes",
        "values": [
            0.0,
            0.0,
            0.0,
            0.0,
            0.0,
            0.0,
            0.0,
            0.0,
            0.0,
            0.0,
            0.0,
            0.0,
            0.0,
            0.0,
            0.0,
            0.0,
            0.0,
            0.0,
            0.0,
            0.0
        ]
    },
    "varVX_maxError": {
        "mean": 0.0,
        "stdev": 0.0,
        "units": "mm?",
        "values": [
            0.0,
            0.0,
            0.0,
            0.0,
            0.0,
            0.0,
            0.0,
            0.0,
            0.0,
            0.0,
            0.0,
            0.0,
            0.0,
            0.0,
            0.0,
            0.0,
            0.0,
            0.0,
            0.0,
            0.0
        ]
    },
    "varVY_dQMinChanges": {
        "mean": 0.0,
        "stdev": 0.0,
        "units": "changes",
        "values": [
            0.0,
            0.0,
            0.0,
            0.0,
            0.0,
            0.0,
            0.0,
            0.0,
            0.0,
            0.0,
            0.0,
            0.0,
            0.0,
            0.0,
            0.0,
            0.0,
            0.0,
            0.0,
            0.0,
            0.0
        ]
    },
    "varVY_dQRelChanges": {
        "mean": 0.0,
        "stdev": 0.0,
        "units": "changes",
        "values": [
            0.0,
            0.0,
            0.0,
            0.0,
            0.0,
            0.0,
            0.0,
            0.0,
            0.0,
            0.0,
            0.0,
            0.0,
            0.0,
            0.0,
            0.0,
            0.0,
            0.0,
            0.0,
            0.0,
            0.0
        ]
    },
    "varVY_maxError": {
        "mean": 0.0,
        "stdev": 0.0,
        "units": "mm?",
        "values": [
            0.0,
            0.0,
            0.0,
            0.0,
            0.0,
            0.0,
            0.0,
            0.0,
            0.0,
            0.0,
            0.0,
            0.0,
            0.0,
            0.0,
            0.0,
            0.0,
            0.0,
            0.0,
            0.0,
            0.0
        ]
    },
    "varVZ_dQMinChanges": {
        "mean": 0.0,
        "stdev": 0.0,
        "units": "changes",
        "values": [
            0.0,
            0.0,
            0.0,
            0.0,
            0.0,
            0.0,
            0.0,
            0.0,
            0.0,
            0.0,
            0.0,
            0.0,
            0.0,
            0.0,
            0.0,
            0.0,
            0.0,
            0.0,
            0.0,
            0.0
        ]
    },
    "varVZ_dQRelChanges": {
        "mean": 0.0,
        "stdev": 0.0,
        "units": "changes",
        "values": [
            0.0,
            0.0,
            0.0,
            0.0,
            0.0,
            0.0,
            0.0,
            0.0,
            0.0,
            0.0,
            0.0,
            0.0,
            0.0,
            0.0,
            0.0,
            0.0,
            0.0,
            0.0,
            0.0,
            0.0
        ]
    },
    "varVZ_maxError": {
        "mean": 0.0,
        "stdev": 0.0,
        "units": "mm?",
        "values": [
            0.0,
            0.0,
            0.0,
            0.0,
            0.0,
            0.0,
            0.0,
            0.0,
            0.0,
            0.0,
            0.0,
            0.0,
            0.0,
            0.0,
            0.0,
            0.0,
            0.0,
            0.0,
            0.0,
            0.0
        ]
    },
    "varX_dQMinChanges": {
        "mean": 0.0,
        "stdev": 0.0,
        "units": "changes",
        "values": [
            0.0,
            0.0,
            0.0,
            0.0,
            0.0,
            0.0,
            0.0,
            0.0,
            0.0,
            0.0,
            0.0,
            0.0,
            0.0,
            0.0,
            0.0,
            0.0,
            0.0,
            0.0,
            0.0,
            0.0
        ]
    },
    "varX_dQRelChanges": {
        "mean": 0.0,
        "stdev": 0.0,
        "units": "changes",
        "values": [
            0.0,
            0.0,
            0.0,
            0.0,
            0.0,
            0.0,
            0.0,
            0.0,
            0.0,
            0.0,
            0.0,
            0.0,
            0.0,
            0.0,
            0.0,
            0.0,
            0.0,
            0.0,
            0.0,
            0.0
        ]
    },
    "varX_maxError": {
        "mean": 0.0,
        "stdev": 0.0,
        "units": "mm?",
        "values": [
            0.0,
            0.0,
            0.0,
            0.0,
            0.0,
            0.0,
            0.0,
            0.0,
            0.0,
            0.0,
            0.0,
            0.0,
            0.0,
            0.0,
            0.0,
            0.0,
            0.0,
            0.0,
            0.0,
            0.0
        ]
    },
    "varY_dQMinChanges": {
        "mean": 0.0,
        "stdev": 0.0,
        "units": "changes",
        "values": [
            0.0,
            0.0,
            0.0,
            0.0,
            0.0,
            0.0,
            0.0,
            0.0,
            0.0,
            0.0,
            0.0,
            0.0,
            0.0,
            0.0,
            0.0,
            0.0,
            0.0,
            0.0,
            0.0,
            0.0
        ]
    },
    "varY_dQRelChanges": {
        "mean": 0.0,
        "stdev": 0.0,
        "units": "changes",
        "values": [
            0.0,
            0.0,
            0.0,
            0.0,
            0.0,
            0.0,
            0.0,
            0.0,
            0.0,
            0.0,
            0.0,
            0.0,
            0.0,
            0.0,
            0.0,
            0.0,
            0.0,
            0.0,
            0.0,
            0.0
        ]
    },
    "varY_maxError": {
        "mean": 0.0,
        "stdev": 0.0,
        "units": "mm?",
        "values": [
            0.0,
            0.0,
            0.0,
            0.0,
            0.0,
            0.0,
            0.0,
            0.0,
            0.0,
            0.0,
            0.0,
            0.0,
            0.0,
            0.0,
            0.0,
            0.0,
            0.0,
            0.0,
            0.0,
            0.0
        ]
    },
    "varZ_dQMinChanges": {
        "mean": 0.0,
        "stdev": 0.0,
        "units": "changes",
        "values": [
            0.0,
            0.0,
            0.0,
            0.0,
            0.0,
            0.0,
            0.0,
            0.0,
            0.0,
            0.0,
            0.0,
            0.0,
            0.0,
            0.0,
            0.0,
            0.0,
            0.0,
            0.0,
            0.0,
            0.0
        ]
    },
    "varZ_dQRelChanges": {
        "mean": 0.0,
        "stdev": 0.0,
        "units": "changes",
        "values": [
            0.0,
            0.0,
            0.0,
            0.0,
            0.0,
            0.0,
            0.0,
            0.0,
            0.0,
            0.0,
            0.0,
            0.0,
            0.0,
            0.0,
            0.0,
            0.0,
            0.0,
            0.0,
            0.0,
            0.0
        ]
    },
    "varZ_maxError": {
        "mean": 0.0,
        "stdev": 0.0,
        "units": "mm?",
        "values": [
            0.0,
            0.0,
            0.0,
            0.0,
            0.0,
            0.0,
            0.0,
            0.0,
            0.0,
            0.0,
            0.0,
            0.0,
            0.0,
            0.0,
            0.0,
            0.0,
            0.0,
            0.0,
            0.0,
            0.0
        ]
    }
}