{
    "intersections": {
        "mean": 2609133,
        "stdev": 0.0,
        "units": "intersections",
        "values": [
            2609133,
            2609133,
            2609133,
            2609133,
            2609133,
            2609133,
            2609133,
            2609133,
            2609133,
            2609133,
            2609133,
            2609133,
            2609133,
            2609133,
            2609133,
            2609133,
            2609133,
            2609133,
            2609133,
            2609133
        ]
    },
    "numberOfThreads": {
        "mean": 1,
        "stdev": 0.0,
        "units": "threads",
        "values": [
            1,
            1,
            1,
            1,
            1,
            1,
            1,
            1,
            1,
            1,
            1,
            1,
            1,
            1,
            1,
            1,
            1,
            1,
            1,
            1
        ]
    },
    "realTime": {
        "mean": 156.2401,
        "stdev": 9.725771975313293,
        "units": "seconds",
        "values": [
            154.471,
            173.116,
            155.258,
            146.149,
            166.695,
            150.454,
            151.464,
            145.901,
            156.665,
            150.187,
            148.179,
            178.22,
            163.417,
            168.182,
            147.888,
            149.127,
            154.963,
            146.522,
            151.11,
            166.834
        ]
    },
    "systemTime": {
        "mean": 0.0195,
        "stdev": 0.005104177855340404,
        "units": "seconds",
        "values": [
            0.02,
            0.01,
            0.02,
            0.02,
            0.02,
            0.02,
            0.02,
            0.02,
            0.02,
            0.02,
            0.02,
            0.03,
            0.01,
            0.03,
            0.02,
            0.01,
            0.02,
            0.02,
            0.02,
            0.02
        ]
    },
    "totalSteps": {
        "mean": 2609133,
        "stdev": 0.0,
        "units": "steps",
        "values": [
            2609133,
            2609133,
            2609133,
            2609133,
            2609133,
            2609133,
            2609133,
            2609133,
            2609133,
            2609133,
            2609133,
            2609133,
            2609133,
            2609133,
            2609133,
            2609133,
            2609133,
            2609133,
            2609133,
            2609133
        ]
    },
    "userTime": {
        "mean": 156.228,
        "stdev": 9.726150101117796,
        "units": "seconds",
        "values": [
            154.46,
            173.11,
            155.25,
            146.14,
            166.69,
            150.44,
            151.45,
            145.88,
            156.65,
            150.17,
            148.17,
            178.2,
            163.41,
            168.17,
            147.88,
            149.12,
            154.95,
            146.51,
            151.09,
            166.82
        ]
    }
}