{
    "intersections": {
        "mean": 159231,
        "stdev": 0.0,
        "units": "intersections",
        "values": [
            159231,
            159231,
            159231,
            159231,
            159231,
            159231,
            159231,
            159231,
            159231,
            159231,
            159231,
            159231,
            159231,
            159231,
            159231,
            159231,
            159231,
            159231,
            159231,
            159231
        ]
    },
    "numberOfThreads": {
        "mean": 1,
        "stdev": 0.0,
        "units": "threads",
        "values": [
            1,
            1,
            1,
            1,
            1,
            1,
            1,
            1,
            1,
            1,
            1,
            1,
            1,
            1,
            1,
            1,
            1,
            1,
            1,
            1
        ]
    },
    "realTime": {
        "mean": 3781.6715,
        "stdev": 51.35345970767078,
        "units": "seconds",
        "values": [
            3743.4,
            3851.24,
            3734.14,
            3788.87,
            3731.89,
            3784.72,
            3802.6,
            3737.4,
            3714.15,
            3791.59,
            3859.18,
            3761.82,
            3726.41,
            3869.51,
            3885.91,
            3781.36,
            3762.6,
            3774.05,
            3727.46,
            3805.13
        ]
    },
    "systemTime": {
        "mean": 7.428,
        "stdev": 0.9358958556546657,
        "units": "seconds",
        "values": [
            7.3,
            8.99,
            7.31,
            7.55,
            7.13,
            7.75,
            6.64,
            6.4,
            7.32,
            7.87,
            9.77,
            7.75,
            6.62,
            8.22,
            5.65,
            7.17,
            7.83,
            7.91,
            6.19,
            7.19
        ]
    },
    "totalSteps": {
        "mean": 972334,
        "stdev": 0.0,
        "units": "steps",
        "values": [
            972334,
            972334,
            972334,
            972334,
            972334,
            972334,
            972334,
            972334,
            972334,
            972334,
            972334,
            972334,
            972334,
            972334,
            972334,
            972334,
            972334,
            972334,
            972334,
            972334
        ]
    },
    "userTime": {
        "mean": 3773.3125,
        "stdev": 50.98867127788501,
        "units": "seconds",
        "values": [
            3735.39,
            3841.36,
            3725.79,
            3780.34,
            3723.85,
            3776.27,
            3794.98,
            3730.19,
            3705.9,
            3782.73,
            3848.38,
            3753.14,
            3718.93,
            3860.26,
            3879.31,
            3773.16,
            3753.8,
            3765.16,
            3720.37,
            3796.94
        ]
    }
}