{
    "dQMin": {
        "mean": 1e-06,
        "stdev": 0.0,
        "units": "dQMin",
        "values": [
            1e-06,
            1e-06,
            1e-06,
            1e-06,
            1e-06,
            1e-06,
            1e-06,
            1e-06,
            1e-06,
            1e-06,
            1e-06,
            1e-06,
            1e-06,
            1e-06,
            1e-06,
            1e-06,
            1e-06,
            1e-06,
            1e-06,
            1e-06
        ]
    },
    "dQRel": {
        "mean": 1e-05,
        "stdev": 0.0,
        "units": "dQRel",
        "values": [
            1e-05,
            1e-05,
            1e-05,
            1e-05,
            1e-05,
            1e-05,
            1e-05,
            1e-05,
            1e-05,
            1e-05,
            1e-05,
            1e-05,
            1e-05,
            1e-05,
            1e-05,
            1e-05,
            1e-05,
            1e-05,
            1e-05,
            1e-05
        ]
    },
    "integrationTime": {
        "mean": 0.39183245,
        "stdev": 0.01456774488372749,
        "units": "seconds",
        "values": [
            0.393848,
            0.391515,
            0.393551,
            0.3808,
            0.393181,
            0.389865,
            0.380755,
            0.404925,
            0.392265,
            0.388908,
            0.390084,
            0.38459,
            0.380851,
            0.390367,
            0.381318,
            0.448087,
            0.389963,
            0.388874,
            0.392419,
            0.380483
        ]
    },
    "integrationTimeAvgStep": {
        "mean": 0.008518099,
        "stdev": 0.000316688616266249,
        "units": "seconds",
        "values": [
            0.00856191,
            0.0085112,
            0.00855546,
            0.00827827,
            0.00854741,
            0.00847533,
            0.00827729,
            0.00880271,
            0.0085275,
            0.00845452,
            0.0084801,
            0.00836065,
            0.00827938,
            0.00848625,
            0.00828952,
            0.00974102,
            0.00847747,
            0.00845378,
            0.00853085,
            0.00827136
        ]
    },
    "integrationTimeAvgSubstep": {
        "mean": 3.393517e-07,
        "stdev": 1.2616604548225953e-08,
        "units": "seconds",
        "values": [
            3.41097e-07,
            3.39077e-07,
            3.4084e-07,
            3.29797e-07,
            3.40519e-07,
            3.37648e-07,
            3.29758e-07,
            3.5069e-07,
            3.39726e-07,
            3.36819e-07,
            3.37838e-07,
            3.33079e-07,
            3.29842e-07,
            3.38083e-07,
            3.30245e-07,
            3.88072e-07,
            3.37733e-07,
            3.36789e-07,
            3.3986e-07,
            3.29522e-07
        ]
    },
    "intersections": {
        "mean": 1,
        "stdev": 0.0,
        "units": "intersections",
        "values": [
            1,
            1,
            1,
            1,
            1,
            1,
            1,
            1,
            1,
            1,
            1,
            1,
            1,
            1,
            1,
            1,
            1,
            1,
            1,
            1
        ]
    },
    "numberOfThreads": {
        "mean": 1,
        "stdev": 0.0,
        "units": "threads",
        "values": [
            1,
            1,
            1,
            1,
            1,
            1,
            1,
            1,
            1,
            1,
            1,
            1,
            1,
            1,
            1,
            1,
            1,
            1,
            1,
            1
        ]
    },
    "numberOfTracks": {
        "mean": 22,
        "stdev": 0.0,
        "units": "tracks",
        "values": [
            22,
            22,
            22,
            22,
            22,
            22,
            22,
            22,
            22,
            22,
            22,
            22,
            22,
            22,
            22,
            22,
            22,
            22,
            22,
            22
        ]
    },
    "realTime": {
        "mean": 49.445295,
        "stdev": 1.1144133932371396,
        "units": "seconds",
        "values": [
            49.3145,
            49.9069,
            48.9092,
            50.0298,
            48.3,
            49.0294,
            48.951,
            48.6477,
            48.6661,
            47.1009,
            52.1667,
            50.7491,
            49.0537,
            48.6459,
            49.876,
            50.9408,
            48.7324,
            49.8065,
            50.5888,
            49.4905
        ]
    },
    "resetTime": {
        "mean": 0.0002610485,
        "stdev": 1.5035948987256132e-05,
        "units": "seconds",
        "values": [
            0.000268961,
            0.00026856,
            0.000262824,
            0.000253916,
            0.000271739,
            0.00027875,
            0.00024379,
            0.000263973,
            0.000287216,
            0.000222533,
            0.000268796,
            0.000247153,
            0.000245275,
            0.000272177,
            0.000259092,
            0.000261833,
            0.000270111,
            0.000251179,
            0.000275864,
            0.000247228
        ]
    },
    "resetTimeAvg": {
        "mean": 5.6749665e-06,
        "stdev": 3.268692550993601e-07,
        "units": "seconds",
        "values": [
            5.84698e-06,
            5.83826e-06,
            5.71357e-06,
            5.51991e-06,
            5.90737e-06,
            6.05978e-06,
            5.29978e-06,
            5.73854e-06,
            6.24383e-06,
            4.83767e-06,
            5.84339e-06,
            5.37289e-06,
            5.33207e-06,
            5.91689e-06,
            5.63243e-06,
            5.69202e-06,
            5.87198e-06,
            5.46041e-06,
            5.99704e-06,
            5.37452e-06
        ]
    },
    "substepAveragePerStep": {
        "mean": 25101.1,
        "stdev": 0.0,
        "units": "substeps",
        "values": [
            25101.1,
            25101.1,
            25101.1,
            25101.1,
            25101.1,
            25101.1,
            25101.1,
            25101.1,
            25101.1,
            25101.1,
            25101.1,
            25101.1,
            25101.1,
            25101.1,
            25101.1,
            25101.1,
            25101.1,
            25101.1,
            25101.1,
            25101.1
        ]
    },
    "systemTime": {
        "mean": 5.8275,
        "stdev": 0.2194220878388932,
        "units": "seconds",
        "values": [
            5.6,
            5.68,
            5.73,
            5.82,
            5.64,
            5.82,
            5.75,
            5.69,
            5.59,
            5.6,
            5.92,
            5.84,
            6.07,
            5.46,
            6.19,
            6.06,
            6.02,
            5.82,
            6.3,
            5.95
        ]
    },
    "totalSteps": {
        "mean": 46,
        "stdev": 0.0,
        "units": "steps",
        "values": [
            46,
            46,
            46,
            46,
            46,
            46,
            46,
            46,
            46,
            46,
            46,
            46,
            46,
            46,
            46,
            46,
            46,
            46,
            46,
            46
        ]
    },
    "totalSubsteps": {
        "mean": 1154650,
        "stdev": 0.0,
        "units": "substeps",
        "values": [
            1154650,
            1154650,
            1154650,
            1154650,
            1154650,
            1154650,
            1154650,
            1154650,
            1154650,
            1154650,
            1154650,
            1154650,
            1154650,
            1154650,
            1154650,
            1154650,
            1154650,
            1154650,
            1154650,
            1154650
        ]
    },
    "track_1_stepCount": {
        "mean": 18,
        "stdev": 0.0,
        "units": "steps",
        "values": [
            18,
            18,
            18,
            18,
            18,
            18,
            18,
            18,
            18,
            18,
            18,
            18,
            18,
            18,
            18,
            18,
            18,
            18,
            18,
            18
        ]
    },
    "track_1_substepCount": {
        "mean": 2128,
        "stdev": 0.0,
        "units": "substeps",
        "values": [
            2128,
            2128,
            2128,
            2128,
            2128,
            2128,
            2128,
            2128,
            2128,
            2128,
            2128,
            2128,
            2128,
            2128,
            2128,
            2128,
            2128,
            2128,
            2128,
            2128
        ]
    },
    "track_51_stepCount": {
        "mean": 1,
        "stdev": 0.0,
        "units": "steps",
        "values": [
            1,
            1,
            1,
            1,
            1,
            1,
            1,
            1,
            1,
            1,
            1,
            1,
            1,
            1,
            1,
            1,
            1,
            1,
            1,
            1
        ]
    },
    "track_51_substepCount": {
        "mean": 27797,
        "stdev": 0.0,
        "units": "substeps",
        "values": [
            27797,
            27797,
            27797,
            27797,
            27797,
            27797,
            27797,
            27797,
            27797,
            27797,
            27797,
            27797,
            27797,
            27797,
            27797,
            27797,
            27797,
            27797,
            27797,
            27797
        ]
    },
    "track_52_stepCount": {
        "mean": 2,
        "stdev": 0.0,
        "units": "steps",
        "values": [
            2,
            2,
            2,
            2,
            2,
            2,
            2,
            2,
            2,
            2,
            2,
            2,
            2,
            2,
            2,
            2,
            2,
            2,
            2,
            2
        ]
    },
    "track_52_substepCount": {
        "mean": 64999,
        "stdev": 0.0,
        "units": "substeps",
        "values": [
            64999,
            64999,
            64999,
            64999,
            64999,
            64999,
            64999,
            64999,
            64999,
            64999,
            64999,
            64999,
            64999,
            64999,
            64999,
            64999,
            64999,
            64999,
            64999,
            64999
        ]
    },
    "track_53_stepCount": {
        "mean": 1,
        "stdev": 0.0,
        "units": "steps",
        "values": [
            1,
            1,
            1,
            1,
            1,
            1,
            1,
            1,
            1,
            1,
            1,
            1,
            1,
            1,
            1,
            1,
            1,
            1,
            1,
            1
        ]
    },
    "track_53_substepCount": {
        "mean": 18284,
        "stdev": 0.0,
        "units": "substeps",
        "values": [
            18284,
            18284,
            18284,
            18284,
            18284,
            18284,
            18284,
            18284,
            18284,
            18284,
            18284,
            18284,
            18284,
            18284,
            18284,
            18284,
            18284,
            18284,
            18284,
            18284
        ]
    },
    "track_54_stepCount": {
        "mean": 1,
        "stdev": 0.0,
        "units": "steps",
        "values": [
            1,
            1,
            1,
            1,
            1,
            1,
            1,
            1,
            1,
            1,
            1,
            1,
            1,
            1,
            1,
            1,
            1,
            1,
            1,
            1
        ]
    },
    "track_54_substepCount": {
        "mean": 22417,
        "stdev": 0.0,
        "units": "substeps",
        "values": [
            22417,
            22417,
            22417,
            22417,
            22417,
            22417,
            22417,
            22417,
            22417,
            22417,
            22417,
            22417,
            22417,
            22417,
            22417,
            22417,
            22417,
            22417,
            22417,
            22417
        ]
    },
    "track_55_stepCount": {
        "mean": 1,
        "stdev": 0.0,
        "units": "steps",
        "values": [
            1,
            1,
            1,
            1,
            1,
            1,
            1,
            1,
            1,
            1,
            1,
            1,
            1,
            1,
            1,
            1,
            1,
            1,
            1,
            1
        ]
    },
    "track_55_substepCount": {
        "mean": 11260,
        "stdev": 0.0,
        "units": "substeps",
        "values": [
            11260,
            11260,
            11260,
            11260,
            11260,
            11260,
            11260,
            11260,
            11260,
            11260,
            11260,
            11260,
            11260,
            11260,
            11260,
            11260,
            11260,
            11260,
            11260,
            11260
        ]
    },
    "track_56_stepCount": {
        "mean": 1,
        "stdev": 0.0,
        "units": "steps",
        "values": [
            1,
            1,
            1,
            1,
            1,
            1,
            1,
            1,
            1,
            1,
            1,
            1,
            1,
            1,
            1,
            1,
            1,
            1,
            1,
            1
        ]
    },
    "track_56_substepCount": {
        "mean": 26718,
        "stdev": 0.0,
        "units": "substeps",
        "values": [
            26718,
            26718,
            26718,
            26718,
            26718,
            26718,
            26718,
            26718,
            26718,
            26718,
            26718,
            26718,
            26718,
            26718,
            26718,
            26718,
            26718,
            26718,
            26718,
            26718
        ]
    },
    "track_57_stepCount": {
        "mean": 1,
        "stdev": 0.0,
        "units": "steps",
        "values": [
            1,
            1,
            1,
            1,
            1,
            1,
            1,
            1,
            1,
            1,
            1,
            1,
            1,
            1,
            1,
            1,
            1,
            1,
            1,
            1
        ]
    },
    "track_57_substepCount": {
        "mean": 15325,
        "stdev": 0.0,
        "units": "substeps",
        "values": [
            15325,
            15325,
            15325,
            15325,
            15325,
            15325,
            15325,
            15325,
            15325,
            15325,
            15325,
            15325,
            15325,
            15325,
            15325,
            15325,
            15325,
            15325,
            15325,
            15325
        ]
    },
    "track_58_stepCount": {
        "mean": 1,
        "stdev": 0.0,
        "units": "steps",
        "values": [
            1,
            1,
            1,
            1,
            1,
            1,
            1,
            1,
            1,
            1,
            1,
            1,
            1,
            1,
            1,
            1,
            1,
            1,
            1,
            1
        ]
    },
    "track_58_substepCount": {
        "mean": 24043,
        "stdev": 0.0,
        "units": "substeps",
        "values": [
            24043,
            24043,
            24043,
            24043,
            24043,
            24043,
            24043,
            24043,
            24043,
            24043,
            24043,
            24043,
            24043,
            24043,
            24043,
            24043,
            24043,
            24043,
            24043,
            24043
        ]
    },
    "track_59_stepCount": {
        "mean": 1,
        "stdev": 0.0,
        "units": "steps",
        "values": [
            1,
            1,
            1,
            1,
            1,
            1,
            1,
            1,
            1,
            1,
            1,
            1,
            1,
            1,
            1,
            1,
            1,
            1,
            1,
            1
        ]
    },
    "track_59_substepCount": {
        "mean": 15686,
        "stdev": 0.0,
        "units": "substeps",
        "values": [
            15686,
            15686,
            15686,
            15686,
            15686,
            15686,
            15686,
            15686,
            15686,
            15686,
            15686,
            15686,
            15686,
            15686,
            15686,
            15686,
            15686,
            15686,
            15686,
            15686
        ]
    },
    "track_60_stepCount": {
        "mean": 1,
        "stdev": 0.0,
        "units": "steps",
        "values": [
            1,
            1,
            1,
            1,
            1,
            1,
            1,
            1,
            1,
            1,
            1,
            1,
            1,
            1,
            1,
            1,
            1,
            1,
            1,
            1
        ]
    },
    "track_60_substepCount": {
        "mean": 67293,
        "stdev": 0.0,
        "units": "substeps",
        "values": [
            67293,
            67293,
            67293,
            67293,
            67293,
            67293,
            67293,
            67293,
            67293,
            67293,
            67293,
            67293,
            67293,
            67293,
            67293,
            67293,
            67293,
            67293,
            67293,
            67293
        ]
    },
    "track_61_stepCount": {
        "mean": 1,
        "stdev": 0.0,
        "units": "steps",
        "values": [
            1,
            1,
            1,
            1,
            1,
            1,
            1,
            1,
            1,
            1,
            1,
            1,
            1,
            1,
            1,
            1,
            1,
            1,
            1,
            1
        ]
    },
    "track_61_substepCount": {
        "mean": 9937,
        "stdev": 0.0,
        "units": "substeps",
        "values": [
            9937,
            9937,
            9937,
            9937,
            9937,
            9937,
            9937,
            9937,
            9937,
            9937,
            9937,
            9937,
            9937,
            9937,
            9937,
            9937,
            9937,
            9937,
            9937,
            9937
        ]
    },
    "track_62_stepCount": {
        "mean": 3,
        "stdev": 0.0,
        "units": "steps",
        "values": [
            3,
            3,
            3,
            3,
            3,
            3,
            3,
            3,
            3,
            3,
            3,
            3,
            3,
            3,
            3,
            3,
            3,
            3,
            3,
            3
        ]
    },
    "track_62_substepCount": {
        "mean": 260760,
        "stdev": 0.0,
        "units": "substeps",
        "values": [
            260760,
            260760,
            260760,
            260760,
            260760,
            260760,
            260760,
            260760,
            260760,
            260760,
            260760,
            260760,
            260760,
            260760,
            260760,
            260760,
            260760,
            260760,
            260760,
            260760
        ]
    },
    "track_63_stepCount": {
        "mean": 1,
        "stdev": 0.0,
        "units": "steps",
        "values": [
            1,
            1,
            1,
            1,
            1,
            1,
            1,
            1,
            1,
            1,
            1,
            1,
            1,
            1,
            1,
            1,
            1,
            1,
            1,
            1
        ]
    },
    "track_63_substepCount": {
        "mean": 15242,
        "stdev": 0.0,
        "units": "substeps",
        "values": [
            15242,
            15242,
            15242,
            15242,
            15242,
            15242,
            15242,
            15242,
            15242,
            15242,
            15242,
            15242,
            15242,
            15242,
            15242,
            15242,
            15242,
            15242,
            15242,
            15242
        ]
    },
    "track_64_stepCount": {
        "mean": 1,
        "stdev": 0.0,
        "units": "steps",
        "values": [
            1,
            1,
            1,
            1,
            1,
            1,
            1,
            1,
            1,
            1,
            1,
            1,
            1,
            1,
            1,
            1,
            1,
            1,
            1,
            1
        ]
    },
    "track_64_substepCount": {
        "mean": 10395,
        "stdev": 0.0,
        "units": "substeps",
        "values": [
            10395,
            10395,
            10395,
            10395,
            10395,
            10395,
            10395,
            10395,
            10395,
            10395,
            10395,
            10395,
            10395,
            10395,
            10395,
            10395,
            10395,
            10395,
            10395,
            10395
        ]
    },
    "track_65_stepCount": {
        "mean": 1,
        "stdev": 0.0,
        "units": "steps",
        "values": [
            1,
            1,
            1,
            1,
            1,
            1,
            1,
            1,
            1,
            1,
            1,
            1,
            1,
            1,
            1,
            1,
            1,
            1,
            1,
            1
        ]
    },
    "track_65_substepCount": {
        "mean": 82890,
        "stdev": 0.0,
        "units": "substeps",
        "values": [
            82890,
            82890,
            82890,
            82890,
            82890,
            82890,
            82890,
            82890,
            82890,
            82890,
            82890,
            82890,
            82890,
            82890,
            82890,
            82890,
            82890,
            82890,
            82890,
            82890
        ]
    },
    "track_66_stepCount": {
        "mean": 1,
        "stdev": 0.0,
        "units": "steps",
        "values": [
            1,
            1,
            1,
            1,
            1,
            1,
            1,
            1,
            1,
            1,
            1,
            1,
            1,
            1,
            1,
            1,
            1,
            1,
            1,
            1
        ]
    },
    "track_66_substepCount": {
        "mean": 15007,
        "stdev": 0.0,
        "units": "substeps",
        "values": [
            15007,
            15007,
            15007,
            15007,
            15007,
            15007,
            15007,
            15007,
            15007,
            15007,
            15007,
            15007,
            15007,
            15007,
            15007,
            15007,
            15007,
            15007,
            15007,
            15007
        ]
    },
    "track_67_stepCount": {
        "mean": 4,
        "stdev": 0.0,
        "units": "steps",
        "values": [
            4,
            4,
            4,
            4,
            4,
            4,
            4,
            4,
            4,
            4,
            4,
            4,
            4,
            4,
            4,
            4,
            4,
            4,
            4,
            4
        ]
    },
    "track_67_substepCount": {
        "mean": 386526,
        "stdev": 0.0,
        "units": "substeps",
        "values": [
            386526,
            386526,
            386526,
            386526,
            386526,
            386526,
            386526,
            386526,
            386526,
            386526,
            386526,
            386526,
            386526,
            386526,
            386526,
            386526,
            386526,
            386526,
            386526,
            386526
        ]
    },
    "track_71426_stepCount": {
        "mean": 2,
        "stdev": 0.0,
        "units": "steps",
        "values": [
            2,
            2,
            2,
            2,
            2,
            2,
            2,
            2,
            2,
            2,
            2,
            2,
            2,
            2,
            2,
            2,
            2,
            2,
            2,
            2
        ]
    },
    "track_71426_substepCount": {
        "mean": 31560,
        "stdev": 0.0,
        "units": "substeps",
        "values": [
            31560,
            31560,
            31560,
            31560,
            31560,
            31560,
            31560,
            31560,
            31560,
            31560,
            31560,
            31560,
            31560,
            31560,
            31560,
            31560,
            31560,
            31560,
            31560,
            31560
        ]
    },
    "track_71427_stepCount": {
        "mean": 1,
        "stdev": 0.0,
        "units": "steps",
        "values": [
            1,
            1,
            1,
            1,
            1,
            1,
            1,
            1,
            1,
            1,
            1,
            1,
            1,
            1,
            1,
            1,
            1,
            1,
            1,
            1
        ]
    },
    "track_71427_substepCount": {
        "mean": 11252,
        "stdev": 0.0,
        "units": "substeps",
        "values": [
            11252,
            11252,
            11252,
            11252,
            11252,
            11252,
            11252,
            11252,
            11252,
            11252,
            11252,
            11252,
            11252,
            11252,
            11252,
            11252,
            11252,
            11252,
            11252,
            11252
        ]
    },
    "track_71428_stepCount": {
        "mean": 1,
        "stdev": 0.0,
        "units": "steps",
        "values": [
            1,
            1,
            1,
            1,
            1,
            1,
            1,
            1,
            1,
            1,
            1,
            1,
            1,
            1,
            1,
            1,
            1,
            1,
            1,
            1
        ]
    },
    "track_71428_substepCount": {
        "mean": 24410,
        "stdev": 0.0,
        "units": "substeps",
        "values": [
            24410,
            24410,
            24410,
            24410,
            24410,
            24410,
            24410,
            24410,
            24410,
            24410,
            24410,
            24410,
            24410,
            24410,
            24410,
            24410,
            24410,
            24410,
            24410,
            24410
        ]
    },
    "track_71429_stepCount": {
        "mean": 1,
        "stdev": 0.0,
        "units": "steps",
        "values": [
            1,
            1,
            1,
            1,
            1,
            1,
            1,
            1,
            1,
            1,
            1,
            1,
            1,
            1,
            1,
            1,
            1,
            1,
            1,
            1
        ]
    },
    "track_71429_substepCount": {
        "mean": 10721,
        "stdev": 0.0,
        "units": "substeps",
        "values": [
            10721,
            10721,
            10721,
            10721,
            10721,
            10721,
            10721,
            10721,
            10721,
            10721,
            10721,
            10721,
            10721,
            10721,
            10721,
            10721,
            10721,
            10721,
            10721,
            10721
        ]
    },
    "userTime": {
        "mean": 46.521,
        "stdev": 1.1492189567381474,
        "units": "seconds",
        "values": [
            46.39,
            47.16,
            45.97,
            47.3,
            45.37,
            46.27,
            45.9,
            45.97,
            45.94,
            44.24,
            49.17,
            48.06,
            45.73,
            46.03,
            46.42,
            48.4,
            45.29,
            47.17,
            47.16,
            46.48
        ]
    },
    "varVX_dQMinChanges": {
        "mean": 1209.0,
        "stdev": 0.0,
        "units": "changes",
        "values": [
            1209.0,
            1209.0,
            1209.0,
            1209.0,
            1209.0,
            1209.0,
            1209.0,
            1209.0,
            1209.0,
            1209.0,
            1209.0,
            1209.0,
            1209.0,
            1209.0,
            1209.0,
            1209.0,
            1209.0,
            1209.0,
            1209.0,
            1209.0
        ]
    },
    "varVX_dQRelChanges": {
        "mean": 574313.0,
        "stdev": 0.0,
        "units": "changes",
        "values": [
            574313.0,
            574313.0,
            574313.0,
            574313.0,
            574313.0,
            574313.0,
            574313.0,
            574313.0,
            574313.0,
            574313.0,
            574313.0,
            574313.0,
            574313.0,
            574313.0,
            574313.0,
            574313.0,
            574313.0,
            574313.0,
            574313.0,
            574313.0
        ]
    },
    "varVX_maxError": {
        "mean": 0.27137,
        "stdev": 0.0,
        "units": "mm?",
        "values": [
            0.27137,
            0.27137,
            0.27137,
            0.27137,
            0.27137,
            0.27137,
            0.27137,
            0.27137,
            0.27137,
            0.27137,
            0.27137,
            0.27137,
            0.27137,
            0.27137,
            0.27137,
            0.27137,
            0.27137,
            0.27137,
            0.27137,
            0.27137
        ]
    },
    "varVY_dQMinChanges": {
        "mean": 1209.0,
        "stdev": 0.0,
        "units": "changes",
        "values": [
            1209.0,
            1209.0,
            1209.0,
            1209.0,
            1209.0,
            1209.0,
            1209.0,
            1209.0,
            1209.0,
            1209.0,
            1209.0,
            1209.0,
            1209.0,
            1209.0,
            1209.0,
            1209.0,
            1209.0,
            1209.0,
            1209.0,
            1209.0
        ]
    },
    "varVY_dQRelChanges": {
        "mean": 574313.0,
        "stdev": 0.0,
        "units": "changes",
        "values": [
            574313.0,
            574313.0,
            574313.0,
            574313.0,
            574313.0,
            574313.0,
            574313.0,
            574313.0,
            574313.0,
            574313.0,
            574313.0,
            574313.0,
            574313.0,
            574313.0,
            574313.0,
            574313.0,
            574313.0,
            574313.0,
            574313.0,
            574313.0
        ]
    },
    "varVY_maxError": {
        "mean": 0.27137,
        "stdev": 0.0,
        "units": "mm?",
        "values": [
            0.27137,
            0.27137,
            0.27137,
            0.27137,
            0.27137,
            0.27137,
            0.27137,
            0.27137,
            0.27137,
            0.27137,
            0.27137,
            0.27137,
            0.27137,
            0.27137,
            0.27137,
            0.27137,
            0.27137,
            0.27137,
            0.27137,
            0.27137
        ]
    },
    "varVZ_dQMinChanges": {
        "mean": 1209.0,
        "stdev": 0.0,
        "units": "changes",
        "values": [
            1209.0,
            1209.0,
            1209.0,
            1209.0,
            1209.0,
            1209.0,
            1209.0,
            1209.0,
            1209.0,
            1209.0,
            1209.0,
            1209.0,
            1209.0,
            1209.0,
            1209.0,
            1209.0,
            1209.0,
            1209.0,
            1209.0,
            1209.0
        ]
    },
    "varVZ_dQRelChanges": {
        "mean": 574313.0,
        "stdev": 0.0,
        "units": "changes",
        "values": [
            574313.0,
            574313.0,
            574313.0,
            574313.0,
            574313.0,
            574313.0,
            574313.0,
            574313.0,
            574313.0,
            574313.0,
            574313.0,
            574313.0,
            574313.0,
            574313.0,
            574313.0,
            574313.0,
            574313.0,
            574313.0,
            574313.0,
            574313.0
        ]
    },
    "varVZ_maxError": {
        "mean": 0.27137,
        "stdev": 0.0,
        "units": "mm?",
        "values": [
            0.27137,
            0.27137,
            0.27137,
            0.27137,
            0.27137,
            0.27137,
            0.27137,
            0.27137,
            0.27137,
            0.27137,
            0.27137,
            0.27137,
            0.27137,
            0.27137,
            0.27137,
            0.27137,
            0.27137,
            0.27137,
            0.27137,
            0.27137
        ]
    },
    "varX_dQMinChanges": {
        "mean": 1209.0,
        "stdev": 0.0,
        "units": "changes",
        "values": [
            1209.0,
            1209.0,
            1209.0,
            1209.0,
            1209.0,
            1209.0,
            1209.0,
            1209.0,
            1209.0,
            1209.0,
            1209.0,
            1209.0,
            1209.0,
            1209.0,
            1209.0,
            1209.0,
            1209.0,
            1209.0,
            1209.0,
            1209.0
        ]
    },
    "varX_dQRelChanges": {
        "mean": 574313.0,
        "stdev": 0.0,
        "units": "changes",
        "values": [
            574313.0,
            574313.0,
            574313.0,
            574313.0,
            574313.0,
            574313.0,
            574313.0,
            574313.0,
            574313.0,
            574313.0,
            574313.0,
            574313.0,
            574313.0,
            574313.0,
            574313.0,
            574313.0,
            574313.0,
            574313.0,
            574313.0,
            574313.0
        ]
    },
    "varX_maxError": {
        "mean": 0.27137,
        "stdev": 0.0,
        "units": "mm?",
        "values": [
            0.27137,
            0.27137,
            0.27137,
            0.27137,
            0.27137,
            0.27137,
            0.27137,
            0.27137,
            0.27137,
            0.27137,
            0.27137,
            0.27137,
            0.27137,
            0.27137,
            0.27137,
            0.27137,
            0.27137,
            0.27137,
            0.27137,
            0.27137
        ]
    },
    "varY_dQMinChanges": {
        "mean": 1209.0,
        "stdev": 0.0,
        "units": "changes",
        "values": [
            1209.0,
            1209.0,
            1209.0,
            1209.0,
            1209.0,
            1209.0,
            1209.0,
            1209.0,
            1209.0,
            1209.0,
            1209.0,
            1209.0,
            1209.0,
            1209.0,
            1209.0,
            1209.0,
            1209.0,
            1209.0,
            1209.0,
            1209.0
        ]
    },
    "varY_dQRelChanges": {
        "mean": 574313.0,
        "stdev": 0.0,
        "units": "changes",
        "values": [
            574313.0,
            574313.0,
            574313.0,
            574313.0,
            574313.0,
            574313.0,
            574313.0,
            574313.0,
            574313.0,
            574313.0,
            574313.0,
            574313.0,
            574313.0,
            574313.0,
            574313.0,
            574313.0,
            574313.0,
            574313.0,
            574313.0,
            574313.0
        ]
    },
    "varY_maxError": {
        "mean": 0.27137,
        "stdev": 0.0,
        "units": "mm?",
        "values": [
            0.27137,
            0.27137,
            0.27137,
            0.27137,
            0.27137,
            0.27137,
            0.27137,
            0.27137,
            0.27137,
            0.27137,
            0.27137,
            0.27137,
            0.27137,
            0.27137,
            0.27137,
            0.27137,
            0.27137,
            0.27137,
            0.27137,
            0.27137
        ]
    },
    "varZ_dQMinChanges": {
        "mean": 1209.0,
        "stdev": 0.0,
        "units": "changes",
        "values": [
            1209.0,
            1209.0,
            1209.0,
            1209.0,
            1209.0,
            1209.0,
            1209.0,
            1209.0,
            1209.0,
            1209.0,
            1209.0,
            1209.0,
            1209.0,
            1209.0,
            1209.0,
            1209.0,
            1209.0,
            1209.0,
            1209.0,
            1209.0
        ]
    },
    "varZ_dQRelChanges": {
        "mean": 574313.0,
        "stdev": 0.0,
        "units": "changes",
        "values": [
            574313.0,
            574313.0,
            574313.0,
            574313.0,
            574313.0,
            574313.0,
            574313.0,
            574313.0,
            574313.0,
            574313.0,
            574313.0,
            574313.0,
            574313.0,
            574313.0,
            574313.0,
            574313.0,
            574313.0,
            574313.0,
            574313.0,
            574313.0
        ]
    },
    "varZ_maxError": {
        "mean": 0.27137,
        "stdev": 0.0,
        "units": "mm?",
        "values": [
            0.27137,
            0.27137,
            0.27137,
            0.27137,
            0.27137,
            0.27137,
            0.27137,
            0.27137,
            0.27137,
            0.27137,
            0.27137,
            0.27137,
            0.27137,
            0.27137,
            0.27137,
            0.27137,
            0.27137,
            0.27137,
            0.27137,
            0.27137
        ]
    }
}