{
    "dQMin": {
        "mean": 0.01,
        "stdev": 0.0,
        "units": "dQMin",
        "values": [
            0.01,
            0.01,
            0.01,
            0.01,
            0.01,
            0.01,
            0.01,
            0.01,
            0.01,
            0.01,
            0.01,
            0.01,
            0.01,
            0.01,
            0.01,
            0.01,
            0.01,
            0.01,
            0.01,
            0.01
        ]
    },
    "dQRel": {
        "mean": 0.1,
        "stdev": 0.0,
        "units": "dQRel",
        "values": [
            0.1,
            0.1,
            0.1,
            0.1,
            0.1,
            0.1,
            0.1,
            0.1,
            0.1,
            0.1,
            0.1,
            0.1,
            0.1,
            0.1,
            0.1,
            0.1,
            0.1,
            0.1,
            0.1,
            0.1
        ]
    },
    "integrationTime": {
        "mean": 11.04278,
        "stdev": 0.35392186113529883,
        "units": "seconds",
        "values": [
            11.4879,
            10.8332,
            10.757,
            10.9159,
            11.258,
            11.2788,
            10.8422,
            10.4061,
            11.078,
            10.2145,
            11.3199,
            11.5596,
            11.1285,
            11.3168,
            11.3397,
            11.036,
            11.3196,
            10.7613,
            11.2576,
            10.745
        ]
    },
    "integrationTimeAvgStep": {
        "mean": 4.206296e-06,
        "stdev": 1.3481540086159916e-07,
        "units": "seconds",
        "values": [
            4.37586e-06,
            4.12648e-06,
            4.09745e-06,
            4.15795e-06,
            4.28826e-06,
            4.29621e-06,
            4.12988e-06,
            3.96379e-06,
            4.21971e-06,
            3.89078e-06,
            4.31187e-06,
            4.40316e-06,
            4.23895e-06,
            4.31068e-06,
            4.3194e-06,
            4.20373e-06,
            4.31173e-06,
            4.09906e-06,
            4.28811e-06,
            4.09286e-06
        ]
    },
    "integrationTimeAvgSubstep": {
        "mean": 9.6626155e-07,
        "stdev": 3.096940943895069e-08,
        "units": "seconds",
        "values": [
            1.00521e-06,
            9.47927e-07,
            9.41257e-07,
            9.55156e-07,
            9.85091e-07,
            9.86916e-07,
            9.48708e-07,
            9.10554e-07,
            9.69343e-07,
            8.93783e-07,
            9.90513e-07,
            1.01149e-06,
            9.73762e-07,
            9.9024e-07,
            9.92242e-07,
            9.65672e-07,
            9.90482e-07,
            9.41628e-07,
            9.85055e-07,
            9.40202e-07
        ]
    },
    "intersections": {
        "mean": 2608315,
        "stdev": 0.0,
        "units": "intersections",
        "values": [
            2608315,
            2608315,
            2608315,
            2608315,
            2608315,
            2608315,
            2608315,
            2608315,
            2608315,
            2608315,
            2608315,
            2608315,
            2608315,
            2608315,
            2608315,
            2608315,
            2608315,
            2608315,
            2608315,
            2608315
        ]
    },
    "numberOfThreads": {
        "mean": 1,
        "stdev": 0.0,
        "units": "threads",
        "values": [
            1,
            1,
            1,
            1,
            1,
            1,
            1,
            1,
            1,
            1,
            1,
            1,
            1,
            1,
            1,
            1,
            1,
            1,
            1,
            1
        ]
    },
    "numberOfTracks": {
        "mean": 1,
        "stdev": 0.0,
        "units": "tracks",
        "values": [
            1,
            1,
            1,
            1,
            1,
            1,
            1,
            1,
            1,
            1,
            1,
            1,
            1,
            1,
            1,
            1,
            1,
            1,
            1,
            1
        ]
    },
    "realTime": {
        "mean": 229.5223,
        "stdev": 9.063635915598459,
        "units": "seconds",
        "values": [
            233.57,
            223.437,
            219.531,
            241.35,
            237.091,
            229.289,
            230.635,
            210.481,
            230.821,
            216.76,
            244.656,
            240.397,
            219.443,
            236.238,
            234.514,
            230.702,
            232.138,
            227.264,
            233.997,
            218.132
        ]
    },
    "resetTime": {
        "mean": 6.184523,
        "stdev": 0.24381636703189466,
        "units": "seconds",
        "values": [
            6.09506,
            6.13069,
            5.96658,
            6.6634,
            6.07289,
            6.56516,
            6.19421,
            5.76227,
            6.50291,
            5.96536,
            6.49152,
            6.27351,
            5.95575,
            6.25711,
            6.15829,
            6.06779,
            6.34339,
            6.04028,
            6.3365,
            5.84779
        ]
    },
    "resetTimeAvg": {
        "mean": 2.3557425e-06,
        "stdev": 9.287178671214019e-08,
        "units": "seconds",
        "values": [
            2.32166e-06,
            2.33524e-06,
            2.27273e-06,
            2.53815e-06,
            2.31322e-06,
            2.50073e-06,
            2.35943e-06,
            2.1949e-06,
            2.47702e-06,
            2.27226e-06,
            2.47268e-06,
            2.38964e-06,
            2.2686e-06,
            2.38339e-06,
            2.34575e-06,
            2.31128e-06,
            2.41626e-06,
            2.3008e-06,
            2.41363e-06,
            2.22748e-06
        ]
    },
    "substepAveragePerStep": {
        "mean": 4.35317,
        "stdev": 0.0,
        "units": "substeps",
        "values": [
            4.35317,
            4.35317,
            4.35317,
            4.35317,
            4.35317,
            4.35317,
            4.35317,
            4.35317,
            4.35317,
            4.35317,
            4.35317,
            4.35317,
            4.35317,
            4.35317,
            4.35317,
            4.35317,
            4.35317,
            4.35317,
            4.35317,
            4.35317
        ]
    },
    "systemTime": {
        "mean": 0.0255,
        "stdev": 0.005104177855340403,
        "units": "seconds",
        "values": [
            0.02,
            0.03,
            0.03,
            0.03,
            0.02,
            0.02,
            0.03,
            0.03,
            0.02,
            0.03,
            0.02,
            0.03,
            0.03,
            0.02,
            0.03,
            0.02,
            0.02,
            0.03,
            0.03,
            0.02
        ]
    },
    "totalSteps": {
        "mean": 2625297,
        "stdev": 0.0,
        "units": "steps",
        "values": [
            2625297,
            2625297,
            2625297,
            2625297,
            2625297,
            2625297,
            2625297,
            2625297,
            2625297,
            2625297,
            2625297,
            2625297,
            2625297,
            2625297,
            2625297,
            2625297,
            2625297,
            2625297,
            2625297,
            2625297
        ]
    },
    "totalSubsteps": {
        "mean": 11428353,
        "stdev": 0.0,
        "units": "substeps",
        "values": [
            11428353,
            11428353,
            11428353,
            11428353,
            11428353,
            11428353,
            11428353,
            11428353,
            11428353,
            11428353,
            11428353,
            11428353,
            11428353,
            11428353,
            11428353,
            11428353,
            11428353,
            11428353,
            11428353,
            11428353
        ]
    },
    "track_1_stepCount": {
        "mean": 290,
        "stdev": 0.0,
        "units": "steps",
        "values": [
            290,
            290,
            290,
            290,
            290,
            290,
            290,
            290,
            290,
            290,
            290,
            290,
            290,
            290,
            290,
            290,
            290,
            290,
            290,
            290
        ]
    },
    "track_1_substepCount": {
        "mean": 1499,
        "stdev": 0.0,
        "units": "substeps",
        "values": [
            1499,
            1499,
            1499,
            1499,
            1499,
            1499,
            1499,
            1499,
            1499,
            1499,
            1499,
            1499,
            1499,
            1499,
            1499,
            1499,
            1499,
            1499,
            1499,
            1499
        ]
    },
    "userTime": {
        "mean": 229.506,
        "stdev": 9.065837784608885,
        "units": "seconds",
        "values": [
            233.56,
            223.42,
            219.51,
            241.33,
            237.08,
            229.28,
            230.61,
            210.45,
            230.8,
            216.75,
            244.64,
            240.38,
            219.42,
            236.23,
            234.5,
            230.69,
            232.13,
            227.24,
            233.98,
            218.12
        ]
    },
    "varVX_dQMinChanges": {
        "mean": 21487.0,
        "stdev": 0.0,
        "units": "changes",
        "values": [
            21487.0,
            21487.0,
            21487.0,
            21487.0,
            21487.0,
            21487.0,
            21487.0,
            21487.0,
            21487.0,
            21487.0,
            21487.0,
            21487.0,
            21487.0,
            21487.0,
            21487.0,
            21487.0,
            21487.0,
            21487.0,
            21487.0,
            21487.0
        ]
    },
    "varVX_dQRelChanges": {
        "mean": 1526284.0,
        "stdev": 0.0,
        "units": "changes",
        "values": [
            1526284.0,
            1526284.0,
            1526284.0,
            1526284.0,
            1526284.0,
            1526284.0,
            1526284.0,
            1526284.0,
            1526284.0,
            1526284.0,
            1526284.0,
            1526284.0,
            1526284.0,
            1526284.0,
            1526284.0,
            1526284.0,
            1526284.0,
            1526284.0,
            1526284.0,
            1526284.0
        ]
    },
    "varVX_maxError": {
        "mean": 408.579,
        "stdev": 0.0,
        "units": "mm?",
        "values": [
            408.579,
            408.579,
            408.579,
            408.579,
            408.579,
            408.579,
            408.579,
            408.579,
            408.579,
            408.579,
            408.579,
            408.579,
            408.579,
            408.579,
            408.579,
            408.579,
            408.579,
            408.579,
            408.579,
            408.579
        ]
    },
    "varVY_dQMinChanges": {
        "mean": 21487.0,
        "stdev": 0.0,
        "units": "changes",
        "values": [
            21487.0,
            21487.0,
            21487.0,
            21487.0,
            21487.0,
            21487.0,
            21487.0,
            21487.0,
            21487.0,
            21487.0,
            21487.0,
            21487.0,
            21487.0,
            21487.0,
            21487.0,
            21487.0,
            21487.0,
            21487.0,
            21487.0,
            21487.0
        ]
    },
    "varVY_dQRelChanges": {
        "mean": 1526284.0,
        "stdev": 0.0,
        "units": "changes",
        "values": [
            1526284.0,
            1526284.0,
            1526284.0,
            1526284.0,
            1526284.0,
            1526284.0,
            1526284.0,
            1526284.0,
            1526284.0,
            1526284.0,
            1526284.0,
            1526284.0,
            1526284.0,
            1526284.0,
            1526284.0,
            1526284.0,
            1526284.0,
            1526284.0,
            1526284.0,
            1526284.0
        ]
    },
    "varVY_maxError": {
        "mean": 408.579,
        "stdev": 0.0,
        "units": "mm?",
        "values": [
            408.579,
            408.579,
            408.579,
            408.579,
            408.579,
            408.579,
            408.579,
            408.579,
            408.579,
            408.579,
            408.579,
            408.579,
            408.579,
            408.579,
            408.579,
            408.579,
            408.579,
            408.579,
            408.579,
            408.579
        ]
    },
    "varVZ_dQMinChanges": {
        "mean": 21487.0,
        "stdev": 0.0,
        "units": "changes",
        "values": [
            21487.0,
            21487.0,
            21487.0,
            21487.0,
            21487.0,
            21487.0,
            21487.0,
            21487.0,
            21487.0,
            21487.0,
            21487.0,
            21487.0,
            21487.0,
            21487.0,
            21487.0,
            21487.0,
            21487.0,
            21487.0,
            21487.0,
            21487.0
        ]
    },
    "varVZ_dQRelChanges": {
        "mean": 1526284.0,
        "stdev": 0.0,
        "units": "changes",
        "values": [
            1526284.0,
            1526284.0,
            1526284.0,
            1526284.0,
            1526284.0,
            1526284.0,
            1526284.0,
            1526284.0,
            1526284.0,
            1526284.0,
            1526284.0,
            1526284.0,
            1526284.0,
            1526284.0,
            1526284.0,
            1526284.0,
            1526284.0,
            1526284.0,
            1526284.0,
            1526284.0
        ]
    },
    "varVZ_maxError": {
        "mean": 408.579,
        "stdev": 0.0,
        "units": "mm?",
        "values": [
            408.579,
            408.579,
            408.579,
            408.579,
            408.579,
            408.579,
            408.579,
            408.579,
            408.579,
            408.579,
            408.579,
            408.579,
            408.579,
            408.579,
            408.579,
            408.579,
            408.579,
            408.579,
            408.579,
            408.579
        ]
    },
    "varX_dQMinChanges": {
        "mean": 21487.0,
        "stdev": 0.0,
        "units": "changes",
        "values": [
            21487.0,
            21487.0,
            21487.0,
            21487.0,
            21487.0,
            21487.0,
            21487.0,
            21487.0,
            21487.0,
            21487.0,
            21487.0,
            21487.0,
            21487.0,
            21487.0,
            21487.0,
            21487.0,
            21487.0,
            21487.0,
            21487.0,
            21487.0
        ]
    },
    "varX_dQRelChanges": {
        "mean": 1526284.0,
        "stdev": 0.0,
        "units": "changes",
        "values": [
            1526284.0,
            1526284.0,
            1526284.0,
            1526284.0,
            1526284.0,
            1526284.0,
            1526284.0,
            1526284.0,
            1526284.0,
            1526284.0,
            1526284.0,
            1526284.0,
            1526284.0,
            1526284.0,
            1526284.0,
            1526284.0,
            1526284.0,
            1526284.0,
            1526284.0,
            1526284.0
        ]
    },
    "varX_maxError": {
        "mean": 408.579,
        "stdev": 0.0,
        "units": "mm?",
        "values": [
            408.579,
            408.579,
            408.579,
            408.579,
            408.579,
            408.579,
            408.579,
            408.579,
            408.579,
            408.579,
            408.579,
            408.579,
            408.579,
            408.579,
            408.579,
            408.579,
            408.579,
            408.579,
            408.579,
            408.579
        ]
    },
    "varY_dQMinChanges": {
        "mean": 21487.0,
        "stdev": 0.0,
        "units": "changes",
        "values": [
            21487.0,
            21487.0,
            21487.0,
            21487.0,
            21487.0,
            21487.0,
            21487.0,
            21487.0,
            21487.0,
            21487.0,
            21487.0,
            21487.0,
            21487.0,
            21487.0,
            21487.0,
            21487.0,
            21487.0,
            21487.0,
            21487.0,
            21487.0
        ]
    },
    "varY_dQRelChanges": {
        "mean": 1526284.0,
        "stdev": 0.0,
        "units": "changes",
        "values": [
            1526284.0,
            1526284.0,
            1526284.0,
            1526284.0,
            1526284.0,
            1526284.0,
            1526284.0,
            1526284.0,
            1526284.0,
            1526284.0,
            1526284.0,
            1526284.0,
            1526284.0,
            1526284.0,
            1526284.0,
            1526284.0,
            1526284.0,
            1526284.0,
            1526284.0,
            1526284.0
        ]
    },
    "varY_maxError": {
        "mean": 408.579,
        "stdev": 0.0,
        "units": "mm?",
        "values": [
            408.579,
            408.579,
            408.579,
            408.579,
            408.579,
            408.579,
            408.579,
            408.579,
            408.579,
            408.579,
            408.579,
            408.579,
            408.579,
            408.579,
            408.579,
            408.579,
            408.579,
            408.579,
            408.579,
            408.579
        ]
    },
    "varZ_dQMinChanges": {
        "mean": 21487.0,
        "stdev": 0.0,
        "units": "changes",
        "values": [
            21487.0,
            21487.0,
            21487.0,
            21487.0,
            21487.0,
            21487.0,
            21487.0,
            21487.0,
            21487.0,
            21487.0,
            21487.0,
            21487.0,
            21487.0,
            21487.0,
            21487.0,
            21487.0,
            21487.0,
            21487.0,
            21487.0,
            21487.0
        ]
    },
    "varZ_dQRelChanges": {
        "mean": 1526284.0,
        "stdev": 0.0,
        "units": "changes",
        "values": [
            1526284.0,
            1526284.0,
            1526284.0,
            1526284.0,
            1526284.0,
            1526284.0,
            1526284.0,
            1526284.0,
            1526284.0,
            1526284.0,
            1526284.0,
            1526284.0,
            1526284.0,
            1526284.0,
            1526284.0,
            1526284.0,
            1526284.0,
            1526284.0,
            1526284.0,
            1526284.0
        ]
    },
    "varZ_maxError": {
        "mean": 408.579,
        "stdev": 0.0,
        "units": "mm?",
        "values": [
            408.579,
            408.579,
            408.579,
            408.579,
            408.579,
            408.579,
            408.579,
            408.579,
            408.579,
            408.579,
            408.579,
            408.579,
            408.579,
            408.579,
            408.579,
            408.579,
            408.579,
            408.579,
            408.579,
            408.579
        ]
    }
}