{
    "dQMin": {
        "mean": 0.01,
        "stdev": 0.0,
        "units": "dQMin",
        "values": [
            0.01,
            0.01,
            0.01,
            0.01,
            0.01,
            0.01,
            0.01,
            0.01,
            0.01,
            0.01,
            0.01,
            0.01,
            0.01,
            0.01,
            0.01,
            0.01,
            0.01,
            0.01,
            0.01,
            0.01
        ]
    },
    "dQRel": {
        "mean": 0.1,
        "stdev": 0.0,
        "units": "dQRel",
        "values": [
            0.1,
            0.1,
            0.1,
            0.1,
            0.1,
            0.1,
            0.1,
            0.1,
            0.1,
            0.1,
            0.1,
            0.1,
            0.1,
            0.1,
            0.1,
            0.1,
            0.1,
            0.1,
            0.1,
            0.1
        ]
    },
    "integrationTime": {
        "mean": 0.004661527,
        "stdev": 0.00028928888779393625,
        "units": "seconds",
        "values": [
            0.00453107,
            0.00450605,
            0.00461909,
            0.00448402,
            0.00449384,
            0.00547026,
            0.00453604,
            0.00476,
            0.00451194,
            0.00448083,
            0.00453278,
            0.00528162,
            0.00452397,
            0.00447228,
            0.0050832,
            0.00458457,
            0.00450933,
            0.00451266,
            0.00485282,
            0.00448417
        ]
    },
    "integrationTimeAvgStep": {
        "mean": 0.00011653805,
        "stdev": 7.232151936246041e-06,
        "units": "seconds",
        "values": [
            0.000113277,
            0.000112651,
            0.000115477,
            0.000112101,
            0.000112346,
            0.000136756,
            0.000113401,
            0.000119,
            0.000112798,
            0.000112021,
            0.000113319,
            0.00013204,
            0.000113099,
            0.000111807,
            0.00012708,
            0.000114614,
            0.000112733,
            0.000112816,
            0.000121321,
            0.000112104
        ]
    },
    "integrationTimeAvgSubstep": {
        "mean": 4.0168255e-07,
        "stdev": 2.492790728116624e-08,
        "units": "seconds",
        "values": [
            3.90441e-07,
            3.88285e-07,
            3.98026e-07,
            3.86387e-07,
            3.87233e-07,
            4.71371e-07,
            3.90869e-07,
            4.10168e-07,
            3.88793e-07,
            3.86112e-07,
            3.90588e-07,
            4.55115e-07,
            3.89829e-07,
            3.85375e-07,
            4.38018e-07,
            3.95051e-07,
            3.88568e-07,
            3.88855e-07,
            4.18167e-07,
            3.864e-07
        ]
    },
    "intersections": {
        "mean": 1,
        "stdev": 0.0,
        "units": "intersections",
        "values": [
            1,
            1,
            1,
            1,
            1,
            1,
            1,
            1,
            1,
            1,
            1,
            1,
            1,
            1,
            1,
            1,
            1,
            1,
            1,
            1
        ]
    },
    "numberOfThreads": {
        "mean": 1,
        "stdev": 0.0,
        "units": "threads",
        "values": [
            1,
            1,
            1,
            1,
            1,
            1,
            1,
            1,
            1,
            1,
            1,
            1,
            1,
            1,
            1,
            1,
            1,
            1,
            1,
            1
        ]
    },
    "numberOfTracks": {
        "mean": 18,
        "stdev": 0.0,
        "units": "tracks",
        "values": [
            18,
            18,
            18,
            18,
            18,
            18,
            18,
            18,
            18,
            18,
            18,
            18,
            18,
            18,
            18,
            18,
            18,
            18,
            18,
            18
        ]
    },
    "realTime": {
        "mean": 41.15383,
        "stdev": 1.032960584207508,
        "units": "seconds",
        "values": [
            40.5562,
            41.479,
            41.1544,
            42.1188,
            41.1841,
            39.7952,
            41.8093,
            42.8569,
            41.125,
            41.1844,
            40.8083,
            39.0802,
            42.5467,
            39.881,
            40.6152,
            42.7632,
            40.2088,
            42.4158,
            40.6372,
            40.8569
        ]
    },
    "resetTime": {
        "mean": 0.00022971625,
        "stdev": 1.787975707734131e-05,
        "units": "seconds",
        "values": [
            0.000238252,
            0.000196149,
            0.000234769,
            0.000233798,
            0.000215884,
            0.000243987,
            0.000214775,
            0.000259558,
            0.00023602,
            0.000206829,
            0.000232992,
            0.000266036,
            0.000249776,
            0.000207495,
            0.000223269,
            0.000236273,
            0.000240234,
            0.000222719,
            0.000216417,
            0.000219093
        ]
    },
    "resetTimeAvg": {
        "mean": 5.742906e-06,
        "stdev": 4.469942300746174e-07,
        "units": "seconds",
        "values": [
            5.9563e-06,
            4.90373e-06,
            5.86923e-06,
            5.84495e-06,
            5.3971e-06,
            6.09967e-06,
            5.36937e-06,
            6.48895e-06,
            5.9005e-06,
            5.17072e-06,
            5.8248e-06,
            6.6509e-06,
            6.2444e-06,
            5.18737e-06,
            5.58172e-06,
            5.90683e-06,
            6.00585e-06,
            5.56798e-06,
            5.41043e-06,
            5.47732e-06
        ]
    },
    "substepAveragePerStep": {
        "mean": 290.125,
        "stdev": 0.0,
        "units": "substeps",
        "values": [
            290.125,
            290.125,
            290.125,
            290.125,
            290.125,
            290.125,
            290.125,
            290.125,
            290.125,
            290.125,
            290.125,
            290.125,
            290.125,
            290.125,
            290.125,
            290.125,
            290.125,
            290.125,
            290.125,
            290.125
        ]
    },
    "systemTime": {
        "mean": 4.827,
        "stdev": 0.2944057350699969,
        "units": "seconds",
        "values": [
            4.97,
            5.15,
            4.85,
            5.08,
            4.48,
            4.58,
            5.04,
            4.99,
            4.72,
            5.02,
            5.06,
            4.03,
            5.21,
            4.41,
            4.69,
            4.9,
            4.88,
            5.09,
            4.61,
            4.78
        ]
    },
    "totalSteps": {
        "mean": 40,
        "stdev": 0.0,
        "units": "steps",
        "values": [
            40,
            40,
            40,
            40,
            40,
            40,
            40,
            40,
            40,
            40,
            40,
            40,
            40,
            40,
            40,
            40,
            40,
            40,
            40,
            40
        ]
    },
    "totalSubsteps": {
        "mean": 11605,
        "stdev": 0.0,
        "units": "substeps",
        "values": [
            11605,
            11605,
            11605,
            11605,
            11605,
            11605,
            11605,
            11605,
            11605,
            11605,
            11605,
            11605,
            11605,
            11605,
            11605,
            11605,
            11605,
            11605,
            11605,
            11605
        ]
    },
    "track_1_stepCount": {
        "mean": 18,
        "stdev": 0.0,
        "units": "steps",
        "values": [
            18,
            18,
            18,
            18,
            18,
            18,
            18,
            18,
            18,
            18,
            18,
            18,
            18,
            18,
            18,
            18,
            18,
            18,
            18,
            18
        ]
    },
    "track_1_substepCount": {
        "mean": 55,
        "stdev": 0.0,
        "units": "substeps",
        "values": [
            55,
            55,
            55,
            55,
            55,
            55,
            55,
            55,
            55,
            55,
            55,
            55,
            55,
            55,
            55,
            55,
            55,
            55,
            55,
            55
        ]
    },
    "track_51_stepCount": {
        "mean": 1,
        "stdev": 0.0,
        "units": "steps",
        "values": [
            1,
            1,
            1,
            1,
            1,
            1,
            1,
            1,
            1,
            1,
            1,
            1,
            1,
            1,
            1,
            1,
            1,
            1,
            1,
            1
        ]
    },
    "track_51_substepCount": {
        "mean": 266,
        "stdev": 0.0,
        "units": "substeps",
        "values": [
            266,
            266,
            266,
            266,
            266,
            266,
            266,
            266,
            266,
            266,
            266,
            266,
            266,
            266,
            266,
            266,
            266,
            266,
            266,
            266
        ]
    },
    "track_52_stepCount": {
        "mean": 1,
        "stdev": 0.0,
        "units": "steps",
        "values": [
            1,
            1,
            1,
            1,
            1,
            1,
            1,
            1,
            1,
            1,
            1,
            1,
            1,
            1,
            1,
            1,
            1,
            1,
            1,
            1
        ]
    },
    "track_52_substepCount": {
        "mean": 582,
        "stdev": 0.0,
        "units": "substeps",
        "values": [
            582,
            582,
            582,
            582,
            582,
            582,
            582,
            582,
            582,
            582,
            582,
            582,
            582,
            582,
            582,
            582,
            582,
            582,
            582,
            582
        ]
    },
    "track_53_stepCount": {
        "mean": 1,
        "stdev": 0.0,
        "units": "steps",
        "values": [
            1,
            1,
            1,
            1,
            1,
            1,
            1,
            1,
            1,
            1,
            1,
            1,
            1,
            1,
            1,
            1,
            1,
            1,
            1,
            1
        ]
    },
    "track_53_substepCount": {
        "mean": 176,
        "stdev": 0.0,
        "units": "substeps",
        "values": [
            176,
            176,
            176,
            176,
            176,
            176,
            176,
            176,
            176,
            176,
            176,
            176,
            176,
            176,
            176,
            176,
            176,
            176,
            176,
            176
        ]
    },
    "track_54_stepCount": {
        "mean": 1,
        "stdev": 0.0,
        "units": "steps",
        "values": [
            1,
            1,
            1,
            1,
            1,
            1,
            1,
            1,
            1,
            1,
            1,
            1,
            1,
            1,
            1,
            1,
            1,
            1,
            1,
            1
        ]
    },
    "track_54_substepCount": {
        "mean": 216,
        "stdev": 0.0,
        "units": "substeps",
        "values": [
            216,
            216,
            216,
            216,
            216,
            216,
            216,
            216,
            216,
            216,
            216,
            216,
            216,
            216,
            216,
            216,
            216,
            216,
            216,
            216
        ]
    },
    "track_55_stepCount": {
        "mean": 1,
        "stdev": 0.0,
        "units": "steps",
        "values": [
            1,
            1,
            1,
            1,
            1,
            1,
            1,
            1,
            1,
            1,
            1,
            1,
            1,
            1,
            1,
            1,
            1,
            1,
            1,
            1
        ]
    },
    "track_55_substepCount": {
        "mean": 108,
        "stdev": 0.0,
        "units": "substeps",
        "values": [
            108,
            108,
            108,
            108,
            108,
            108,
            108,
            108,
            108,
            108,
            108,
            108,
            108,
            108,
            108,
            108,
            108,
            108,
            108,
            108
        ]
    },
    "track_56_stepCount": {
        "mean": 1,
        "stdev": 0.0,
        "units": "steps",
        "values": [
            1,
            1,
            1,
            1,
            1,
            1,
            1,
            1,
            1,
            1,
            1,
            1,
            1,
            1,
            1,
            1,
            1,
            1,
            1,
            1
        ]
    },
    "track_56_substepCount": {
        "mean": 256,
        "stdev": 0.0,
        "units": "substeps",
        "values": [
            256,
            256,
            256,
            256,
            256,
            256,
            256,
            256,
            256,
            256,
            256,
            256,
            256,
            256,
            256,
            256,
            256,
            256,
            256,
            256
        ]
    },
    "track_57_stepCount": {
        "mean": 1,
        "stdev": 0.0,
        "units": "steps",
        "values": [
            1,
            1,
            1,
            1,
            1,
            1,
            1,
            1,
            1,
            1,
            1,
            1,
            1,
            1,
            1,
            1,
            1,
            1,
            1,
            1
        ]
    },
    "track_57_substepCount": {
        "mean": 147,
        "stdev": 0.0,
        "units": "substeps",
        "values": [
            147,
            147,
            147,
            147,
            147,
            147,
            147,
            147,
            147,
            147,
            147,
            147,
            147,
            147,
            147,
            147,
            147,
            147,
            147,
            147
        ]
    },
    "track_58_stepCount": {
        "mean": 1,
        "stdev": 0.0,
        "units": "steps",
        "values": [
            1,
            1,
            1,
            1,
            1,
            1,
            1,
            1,
            1,
            1,
            1,
            1,
            1,
            1,
            1,
            1,
            1,
            1,
            1,
            1
        ]
    },
    "track_58_substepCount": {
        "mean": 228,
        "stdev": 0.0,
        "units": "substeps",
        "values": [
            228,
            228,
            228,
            228,
            228,
            228,
            228,
            228,
            228,
            228,
            228,
            228,
            228,
            228,
            228,
            228,
            228,
            228,
            228,
            228
        ]
    },
    "track_59_stepCount": {
        "mean": 1,
        "stdev": 0.0,
        "units": "steps",
        "values": [
            1,
            1,
            1,
            1,
            1,
            1,
            1,
            1,
            1,
            1,
            1,
            1,
            1,
            1,
            1,
            1,
            1,
            1,
            1,
            1
        ]
    },
    "track_59_substepCount": {
        "mean": 152,
        "stdev": 0.0,
        "units": "substeps",
        "values": [
            152,
            152,
            152,
            152,
            152,
            152,
            152,
            152,
            152,
            152,
            152,
            152,
            152,
            152,
            152,
            152,
            152,
            152,
            152,
            152
        ]
    },
    "track_60_stepCount": {
        "mean": 1,
        "stdev": 0.0,
        "units": "steps",
        "values": [
            1,
            1,
            1,
            1,
            1,
            1,
            1,
            1,
            1,
            1,
            1,
            1,
            1,
            1,
            1,
            1,
            1,
            1,
            1,
            1
        ]
    },
    "track_60_substepCount": {
        "mean": 640,
        "stdev": 0.0,
        "units": "substeps",
        "values": [
            640,
            640,
            640,
            640,
            640,
            640,
            640,
            640,
            640,
            640,
            640,
            640,
            640,
            640,
            640,
            640,
            640,
            640,
            640,
            640
        ]
    },
    "track_61_stepCount": {
        "mean": 1,
        "stdev": 0.0,
        "units": "steps",
        "values": [
            1,
            1,
            1,
            1,
            1,
            1,
            1,
            1,
            1,
            1,
            1,
            1,
            1,
            1,
            1,
            1,
            1,
            1,
            1,
            1
        ]
    },
    "track_61_substepCount": {
        "mean": 99,
        "stdev": 0.0,
        "units": "substeps",
        "values": [
            99,
            99,
            99,
            99,
            99,
            99,
            99,
            99,
            99,
            99,
            99,
            99,
            99,
            99,
            99,
            99,
            99,
            99,
            99,
            99
        ]
    },
    "track_62_stepCount": {
        "mean": 3,
        "stdev": 0.0,
        "units": "steps",
        "values": [
            3,
            3,
            3,
            3,
            3,
            3,
            3,
            3,
            3,
            3,
            3,
            3,
            3,
            3,
            3,
            3,
            3,
            3,
            3,
            3
        ]
    },
    "track_62_substepCount": {
        "mean": 3191,
        "stdev": 0.0,
        "units": "substeps",
        "values": [
            3191,
            3191,
            3191,
            3191,
            3191,
            3191,
            3191,
            3191,
            3191,
            3191,
            3191,
            3191,
            3191,
            3191,
            3191,
            3191,
            3191,
            3191,
            3191,
            3191
        ]
    },
    "track_63_stepCount": {
        "mean": 1,
        "stdev": 0.0,
        "units": "steps",
        "values": [
            1,
            1,
            1,
            1,
            1,
            1,
            1,
            1,
            1,
            1,
            1,
            1,
            1,
            1,
            1,
            1,
            1,
            1,
            1,
            1
        ]
    },
    "track_63_substepCount": {
        "mean": 143,
        "stdev": 0.0,
        "units": "substeps",
        "values": [
            143,
            143,
            143,
            143,
            143,
            143,
            143,
            143,
            143,
            143,
            143,
            143,
            143,
            143,
            143,
            143,
            143,
            143,
            143,
            143
        ]
    },
    "track_64_stepCount": {
        "mean": 1,
        "stdev": 0.0,
        "units": "steps",
        "values": [
            1,
            1,
            1,
            1,
            1,
            1,
            1,
            1,
            1,
            1,
            1,
            1,
            1,
            1,
            1,
            1,
            1,
            1,
            1,
            1
        ]
    },
    "track_64_substepCount": {
        "mean": 102,
        "stdev": 0.0,
        "units": "substeps",
        "values": [
            102,
            102,
            102,
            102,
            102,
            102,
            102,
            102,
            102,
            102,
            102,
            102,
            102,
            102,
            102,
            102,
            102,
            102,
            102,
            102
        ]
    },
    "track_65_stepCount": {
        "mean": 2,
        "stdev": 0.0,
        "units": "steps",
        "values": [
            2,
            2,
            2,
            2,
            2,
            2,
            2,
            2,
            2,
            2,
            2,
            2,
            2,
            2,
            2,
            2,
            2,
            2,
            2,
            2
        ]
    },
    "track_65_substepCount": {
        "mean": 921,
        "stdev": 0.0,
        "units": "substeps",
        "values": [
            921,
            921,
            921,
            921,
            921,
            921,
            921,
            921,
            921,
            921,
            921,
            921,
            921,
            921,
            921,
            921,
            921,
            921,
            921,
            921
        ]
    },
    "track_66_stepCount": {
        "mean": 1,
        "stdev": 0.0,
        "units": "steps",
        "values": [
            1,
            1,
            1,
            1,
            1,
            1,
            1,
            1,
            1,
            1,
            1,
            1,
            1,
            1,
            1,
            1,
            1,
            1,
            1,
            1
        ]
    },
    "track_66_substepCount": {
        "mean": 145,
        "stdev": 0.0,
        "units": "substeps",
        "values": [
            145,
            145,
            145,
            145,
            145,
            145,
            145,
            145,
            145,
            145,
            145,
            145,
            145,
            145,
            145,
            145,
            145,
            145,
            145,
            145
        ]
    },
    "track_67_stepCount": {
        "mean": 3,
        "stdev": 0.0,
        "units": "steps",
        "values": [
            3,
            3,
            3,
            3,
            3,
            3,
            3,
            3,
            3,
            3,
            3,
            3,
            3,
            3,
            3,
            3,
            3,
            3,
            3,
            3
        ]
    },
    "track_67_substepCount": {
        "mean": 4178,
        "stdev": 0.0,
        "units": "substeps",
        "values": [
            4178,
            4178,
            4178,
            4178,
            4178,
            4178,
            4178,
            4178,
            4178,
            4178,
            4178,
            4178,
            4178,
            4178,
            4178,
            4178,
            4178,
            4178,
            4178,
            4178
        ]
    },
    "userTime": {
        "mean": 38.5795,
        "stdev": 0.9264105887495926,
        "units": "seconds",
        "values": [
            37.75,
            38.64,
            38.63,
            39.23,
            39.08,
            37.27,
            39.06,
            40.16,
            38.74,
            38.27,
            38.01,
            37.17,
            39.88,
            37.52,
            38.28,
            40.29,
            37.56,
            39.56,
            38.31,
            38.18
        ]
    },
    "varVX_dQMinChanges": {
        "mean": 8.0,
        "stdev": 0.0,
        "units": "changes",
        "values": [
            8.0,
            8.0,
            8.0,
            8.0,
            8.0,
            8.0,
            8.0,
            8.0,
            8.0,
            8.0,
            8.0,
            8.0,
            8.0,
            8.0,
            8.0,
            8.0,
            8.0,
            8.0,
            8.0,
            8.0
        ]
    },
    "varVX_dQRelChanges": {
        "mean": 5780.0,
        "stdev": 0.0,
        "units": "changes",
        "values": [
            5780.0,
            5780.0,
            5780.0,
            5780.0,
            5780.0,
            5780.0,
            5780.0,
            5780.0,
            5780.0,
            5780.0,
            5780.0,
            5780.0,
            5780.0,
            5780.0,
            5780.0,
            5780.0,
            5780.0,
            5780.0,
            5780.0,
            5780.0
        ]
    },
    "varVX_maxError": {
        "mean": 25585.3,
        "stdev": 0.0,
        "units": "mm?",
        "values": [
            25585.3,
            25585.3,
            25585.3,
            25585.3,
            25585.3,
            25585.3,
            25585.3,
            25585.3,
            25585.3,
            25585.3,
            25585.3,
            25585.3,
            25585.3,
            25585.3,
            25585.3,
            25585.3,
            25585.3,
            25585.3,
            25585.3,
            25585.3
        ]
    },
    "varVY_dQMinChanges": {
        "mean": 8.0,
        "stdev": 0.0,
        "units": "changes",
        "values": [
            8.0,
            8.0,
            8.0,
            8.0,
            8.0,
            8.0,
            8.0,
            8.0,
            8.0,
            8.0,
            8.0,
            8.0,
            8.0,
            8.0,
            8.0,
            8.0,
            8.0,
            8.0,
            8.0,
            8.0
        ]
    },
    "varVY_dQRelChanges": {
        "mean": 5780.0,
        "stdev": 0.0,
        "units": "changes",
        "values": [
            5780.0,
            5780.0,
            5780.0,
            5780.0,
            5780.0,
            5780.0,
            5780.0,
            5780.0,
            5780.0,
            5780.0,
            5780.0,
            5780.0,
            5780.0,
            5780.0,
            5780.0,
            5780.0,
            5780.0,
            5780.0,
            5780.0,
            5780.0
        ]
    },
    "varVY_maxError": {
        "mean": 25585.3,
        "stdev": 0.0,
        "units": "mm?",
        "values": [
            25585.3,
            25585.3,
            25585.3,
            25585.3,
            25585.3,
            25585.3,
            25585.3,
            25585.3,
            25585.3,
            25585.3,
            25585.3,
            25585.3,
            25585.3,
            25585.3,
            25585.3,
            25585.3,
            25585.3,
            25585.3,
            25585.3,
            25585.3
        ]
    },
    "varVZ_dQMinChanges": {
        "mean": 8.0,
        "stdev": 0.0,
        "units": "changes",
        "values": [
            8.0,
            8.0,
            8.0,
            8.0,
            8.0,
            8.0,
            8.0,
            8.0,
            8.0,
            8.0,
            8.0,
            8.0,
            8.0,
            8.0,
            8.0,
            8.0,
            8.0,
            8.0,
            8.0,
            8.0
        ]
    },
    "varVZ_dQRelChanges": {
        "mean": 5780.0,
        "stdev": 0.0,
        "units": "changes",
        "values": [
            5780.0,
            5780.0,
            5780.0,
            5780.0,
            5780.0,
            5780.0,
            5780.0,
            5780.0,
            5780.0,
            5780.0,
            5780.0,
            5780.0,
            5780.0,
            5780.0,
            5780.0,
            5780.0,
            5780.0,
            5780.0,
            5780.0,
            5780.0
        ]
    },
    "varVZ_maxError": {
        "mean": 25585.3,
        "stdev": 0.0,
        "units": "mm?",
        "values": [
            25585.3,
            25585.3,
            25585.3,
            25585.3,
            25585.3,
            25585.3,
            25585.3,
            25585.3,
            25585.3,
            25585.3,
            25585.3,
            25585.3,
            25585.3,
            25585.3,
            25585.3,
            25585.3,
            25585.3,
            25585.3,
            25585.3,
            25585.3
        ]
    },
    "varX_dQMinChanges": {
        "mean": 8.0,
        "stdev": 0.0,
        "units": "changes",
        "values": [
            8.0,
            8.0,
            8.0,
            8.0,
            8.0,
            8.0,
            8.0,
            8.0,
            8.0,
            8.0,
            8.0,
            8.0,
            8.0,
            8.0,
            8.0,
            8.0,
            8.0,
            8.0,
            8.0,
            8.0
        ]
    },
    "varX_dQRelChanges": {
        "mean": 5780.0,
        "stdev": 0.0,
        "units": "changes",
        "values": [
            5780.0,
            5780.0,
            5780.0,
            5780.0,
            5780.0,
            5780.0,
            5780.0,
            5780.0,
            5780.0,
            5780.0,
            5780.0,
            5780.0,
            5780.0,
            5780.0,
            5780.0,
            5780.0,
            5780.0,
            5780.0,
            5780.0,
            5780.0
        ]
    },
    "varX_maxError": {
        "mean": 25585.3,
        "stdev": 0.0,
        "units": "mm?",
        "values": [
            25585.3,
            25585.3,
            25585.3,
            25585.3,
            25585.3,
            25585.3,
            25585.3,
            25585.3,
            25585.3,
            25585.3,
            25585.3,
            25585.3,
            25585.3,
            25585.3,
            25585.3,
            25585.3,
            25585.3,
            25585.3,
            25585.3,
            25585.3
        ]
    },
    "varY_dQMinChanges": {
        "mean": 8.0,
        "stdev": 0.0,
        "units": "changes",
        "values": [
            8.0,
            8.0,
            8.0,
            8.0,
            8.0,
            8.0,
            8.0,
            8.0,
            8.0,
            8.0,
            8.0,
            8.0,
            8.0,
            8.0,
            8.0,
            8.0,
            8.0,
            8.0,
            8.0,
            8.0
        ]
    },
    "varY_dQRelChanges": {
        "mean": 5780.0,
        "stdev": 0.0,
        "units": "changes",
        "values": [
            5780.0,
            5780.0,
            5780.0,
            5780.0,
            5780.0,
            5780.0,
            5780.0,
            5780.0,
            5780.0,
            5780.0,
            5780.0,
            5780.0,
            5780.0,
            5780.0,
            5780.0,
            5780.0,
            5780.0,
            5780.0,
            5780.0,
            5780.0
        ]
    },
    "varY_maxError": {
        "mean": 25585.3,
        "stdev": 0.0,
        "units": "mm?",
        "values": [
            25585.3,
            25585.3,
            25585.3,
            25585.3,
            25585.3,
            25585.3,
            25585.3,
            25585.3,
            25585.3,
            25585.3,
            25585.3,
            25585.3,
            25585.3,
            25585.3,
            25585.3,
            25585.3,
            25585.3,
            25585.3,
            25585.3,
            25585.3
        ]
    },
    "varZ_dQMinChanges": {
        "mean": 8.0,
        "stdev": 0.0,
        "units": "changes",
        "values": [
            8.0,
            8.0,
            8.0,
            8.0,
            8.0,
            8.0,
            8.0,
            8.0,
            8.0,
            8.0,
            8.0,
            8.0,
            8.0,
            8.0,
            8.0,
            8.0,
            8.0,
            8.0,
            8.0,
            8.0
        ]
    },
    "varZ_dQRelChanges": {
        "mean": 5780.0,
        "stdev": 0.0,
        "units": "changes",
        "values": [
            5780.0,
            5780.0,
            5780.0,
            5780.0,
            5780.0,
            5780.0,
            5780.0,
            5780.0,
            5780.0,
            5780.0,
            5780.0,
            5780.0,
            5780.0,
            5780.0,
            5780.0,
            5780.0,
            5780.0,
            5780.0,
            5780.0,
            5780.0
        ]
    },
    "varZ_maxError": {
        "mean": 25585.3,
        "stdev": 0.0,
        "units": "mm?",
        "values": [
            25585.3,
            25585.3,
            25585.3,
            25585.3,
            25585.3,
            25585.3,
            25585.3,
            25585.3,
            25585.3,
            25585.3,
            25585.3,
            25585.3,
            25585.3,
            25585.3,
            25585.3,
            25585.3,
            25585.3,
            25585.3,
            25585.3,
            25585.3
        ]
    }
}