{
    "intersections": {
        "mean": 163458,
        "stdev": 0.0,
        "units": "intersections",
        "values": [
            163458,
            163458,
            163458,
            163458,
            163458,
            163458,
            163458,
            163458,
            163458,
            163458,
            163458,
            163458,
            163458,
            163458,
            163458,
            163458,
            163458,
            163458,
            163458,
            163458
        ]
    },
    "numberOfThreads": {
        "mean": 1,
        "stdev": 0.0,
        "units": "threads",
        "values": [
            1,
            1,
            1,
            1,
            1,
            1,
            1,
            1,
            1,
            1,
            1,
            1,
            1,
            1,
            1,
            1,
            1,
            1,
            1,
            1
        ]
    },
    "realTime": {
        "mean": 3778.8905,
        "stdev": 51.077611067555054,
        "units": "seconds",
        "values": [
            3818.31,
            3756.01,
            3733.63,
            3748.71,
            3739.16,
            3751.68,
            3735.74,
            3719.72,
            3760.92,
            3750.54,
            3869.66,
            3758.54,
            3869.38,
            3860.1,
            3735.46,
            3759.59,
            3877.34,
            3763.38,
            3781.66,
            3788.28
        ]
    },
    "systemTime": {
        "mean": 7.511,
        "stdev": 0.9527295965857921,
        "units": "seconds",
        "values": [
            8.06,
            8.33,
            6.84,
            8.2,
            9.65,
            6.61,
            6.28,
            7.33,
            7.35,
            8.02,
            7.78,
            7.17,
            9.34,
            7.03,
            7.3,
            6.75,
            7.02,
            7.74,
            7.75,
            5.67
        ]
    },
    "totalSteps": {
        "mean": 1025279,
        "stdev": 0.0,
        "units": "steps",
        "values": [
            1025279,
            1025279,
            1025279,
            1025279,
            1025279,
            1025279,
            1025279,
            1025279,
            1025279,
            1025279,
            1025279,
            1025279,
            1025279,
            1025279,
            1025279,
            1025279,
            1025279,
            1025279,
            1025279,
            1025279
        ]
    },
    "userTime": {
        "mean": 3770.428,
        "stdev": 50.94925634496795,
        "units": "seconds",
        "values": [
            3809.23,
            3746.73,
            3725.8,
            3739.55,
            3728.55,
            3744.05,
            3728.53,
            3711.55,
            3752.58,
            3741.56,
            3860.83,
            3750.49,
            3859.06,
            3852.15,
            3727.29,
            3751.9,
            3869.41,
            3754.73,
            3772.89,
            3781.68
        ]
    }
}