{
    "dotfile": {},
    "runId": 38,
    "stdout": {
        "dQMin": 0.0001,
        "dQRel": 0.001,
        "integrationTime": 0.041999,
        "integrationTimeAvgStep": 0.00104997,
        "integrationTimeAvgSubstep": 3.41463e-07,
        "intersections": 1,
        "numberOfThreads": 1,
        "numberOfTracks": 18,
        "realTime": 51.3767,
        "resetTime": 0.000241982,
        "resetTimeAvg": 6.04955e-06,
        "substepAveragePerStep": 3074.93,
        "systemTime": 6.13,
        "totalSteps": 40,
        "totalSubsteps": 122997,
        "trackData": {
            "1": {
                "stepCount": 18,
                "substepCount": 275
            },
            "51": {
                "stepCount": 1,
                "substepCount": 2777
            },
            "52": {
                "stepCount": 1,
                "substepCount": 6111
            },
            "53": {
                "stepCount": 1,
                "substepCount": 1827
            },
            "54": {
                "stepCount": 1,
                "substepCount": 2250
            },
            "55": {
                "stepCount": 1,
                "substepCount": 1130
            },
            "56": {
                "stepCount": 1,
                "substepCount": 2681
            },
            "57": {
                "stepCount": 1,
                "substepCount": 1532
            },
            "58": {
                "stepCount": 1,
                "substepCount": 2410
            },
            "59": {
                "stepCount": 1,
                "substepCount": 1568
            },
            "60": {
                "stepCount": 1,
                "substepCount": 6725
            },
            "61": {
                "stepCount": 1,
                "substepCount": 998
            },
            "62": {
                "stepCount": 3,
                "substepCount": 35920
            },
            "63": {
                "stepCount": 1,
                "substepCount": 1533
            },
            "64": {
                "stepCount": 1,
                "substepCount": 1040
            },
            "65": {
                "stepCount": 2,
                "substepCount": 10434
            },
            "66": {
                "stepCount": 1,
                "substepCount": 1510
            },
            "67": {
                "stepCount": 3,
                "substepCount": 42276
            }
        },
        "userTime": 48.57,
        "varVX_dQMinChanges": 459.0,
        "varVX_dQRelChanges": 60935.0,
        "varVX_maxError": 2.72907,
        "varVY_dQMinChanges": 459.0,
        "varVY_dQRelChanges": 60935.0,
        "varVY_maxError": 2.72907,
        "varVZ_dQMinChanges": 459.0,
        "varVZ_dQRelChanges": 60935.0,
        "varVZ_maxError": 2.72907,
        "varX_dQMinChanges": 459.0,
        "varX_dQRelChanges": 60935.0,
        "varX_maxError": 2.72907,
        "varY_dQMinChanges": 459.0,
        "varY_dQRelChanges": 60935.0,
        "varY_maxError": 2.72907,
        "varZ_dQMinChanges": 459.0,
        "varZ_dQRelChanges": 60935.0,
        "varZ_maxError": 2.72907
    }
}