{
    "intersections": {
        "mean": 0,
        "stdev": 0.0,
        "units": "intersections",
        "values": [
            0,
            0,
            0,
            0,
            0,
            0,
            0,
            0,
            0,
            0,
            0,
            0,
            0,
            0,
            0,
            0,
            0,
            0,
            0,
            0
        ]
    },
    "numberOfThreads": {
        "mean": 1,
        "stdev": 0.0,
        "units": "threads",
        "values": [
            1,
            1,
            1,
            1,
            1,
            1,
            1,
            1,
            1,
            1,
            1,
            1,
            1,
            1,
            1,
            1,
            1,
            1,
            1,
            1
        ]
    },
    "realTime": {
        "mean": 8.248238,
        "stdev": 0.12944894484740013,
        "units": "seconds",
        "values": [
            8.13135,
            8.31203,
            8.20506,
            8.07362,
            8.39003,
            8.16033,
            8.33687,
            8.10966,
            8.41143,
            8.16752,
            8.27295,
            8.16061,
            8.4321,
            8.17693,
            8.16523,
            8.32072,
            8.14507,
            8.5755,
            8.21558,
            8.20217
        ]
    },
    "systemTime": {
        "mean": 0.5395,
        "stdev": 0.028557421378504633,
        "units": "seconds",
        "values": [
            0.53,
            0.55,
            0.53,
            0.55,
            0.57,
            0.52,
            0.57,
            0.52,
            0.54,
            0.55,
            0.52,
            0.49,
            0.56,
            0.58,
            0.52,
            0.47,
            0.55,
            0.56,
            0.53,
            0.58
        ]
    },
    "totalSteps": {
        "mean": 23046,
        "stdev": 0.0,
        "units": "steps",
        "values": [
            23046,
            23046,
            23046,
            23046,
            23046,
            23046,
            23046,
            23046,
            23046,
            23046,
            23046,
            23046,
            23046,
            23046,
            23046,
            23046,
            23046,
            23046,
            23046,
            23046
        ]
    },
    "userTime": {
        "mean": 7.4965,
        "stdev": 0.12827909539667587,
        "units": "seconds",
        "values": [
            7.41,
            7.55,
            7.46,
            7.31,
            7.61,
            7.43,
            7.49,
            7.37,
            7.67,
            7.43,
            7.55,
            7.46,
            7.67,
            7.34,
            7.44,
            7.64,
            7.39,
            7.81,
            7.48,
            7.42
        ]
    }
}