{
    "intersections": {
        "mean": 21,
        "stdev": 0.0,
        "units": "intersections",
        "values": [
            21,
            21,
            21,
            21,
            21,
            21,
            21,
            21,
            21,
            21,
            21,
            21,
            21,
            21,
            21,
            21,
            21,
            21,
            21,
            21
        ]
    },
    "numberOfThreads": {
        "mean": 1,
        "stdev": 0.0,
        "units": "threads",
        "values": [
            1,
            1,
            1,
            1,
            1,
            1,
            1,
            1,
            1,
            1,
            1,
            1,
            1,
            1,
            1,
            1,
            1,
            1,
            1,
            1
        ]
    },
    "realTime": {
        "mean": 5.251812,
        "stdev": 0.10224428104454442,
        "units": "seconds",
        "values": [
            5.21321,
            5.14375,
            5.24605,
            5.17719,
            5.18332,
            5.14775,
            5.2347,
            5.30698,
            5.15259,
            5.35219,
            5.53428,
            5.16806,
            5.31344,
            5.16491,
            5.41975,
            5.18669,
            5.30414,
            5.29068,
            5.30399,
            5.19257
        ]
    },
    "systemTime": {
        "mean": 0.1925,
        "stdev": 0.014464111667011892,
        "units": "seconds",
        "values": [
            0.18,
            0.17,
            0.2,
            0.18,
            0.19,
            0.2,
            0.19,
            0.18,
            0.19,
            0.19,
            0.22,
            0.2,
            0.19,
            0.19,
            0.18,
            0.18,
            0.22,
            0.22,
            0.2,
            0.18
        ]
    },
    "totalSteps": {
        "mean": 661,
        "stdev": 0.0,
        "units": "steps",
        "values": [
            661,
            661,
            661,
            661,
            661,
            661,
            661,
            661,
            661,
            661,
            661,
            661,
            661,
            661,
            661,
            661,
            661,
            661,
            661,
            661
        ]
    },
    "userTime": {
        "mean": 4.6815,
        "stdev": 0.06611592689718322,
        "units": "seconds",
        "values": [
            4.68,
            4.62,
            4.7,
            4.66,
            4.65,
            4.61,
            4.7,
            4.77,
            4.61,
            4.78,
            4.75,
            4.6,
            4.72,
            4.61,
            4.83,
            4.62,
            4.72,
            4.68,
            4.7,
            4.62
        ]
    }
}