{
    "dQMin": {
        "mean": 0.0001,
        "stdev": 0.0,
        "units": "dQMin",
        "values": [
            0.0001,
            0.0001,
            0.0001,
            0.0001,
            0.0001,
            0.0001,
            0.0001,
            0.0001,
            0.0001,
            0.0001,
            0.0001,
            0.0001,
            0.0001,
            0.0001,
            0.0001,
            0.0001,
            0.0001,
            0.0001,
            0.0001,
            0.0001
        ]
    },
    "dQRel": {
        "mean": 0.001,
        "stdev": 0.0,
        "units": "dQRel",
        "values": [
            0.001,
            0.001,
            0.001,
            0.001,
            0.001,
            0.001,
            0.001,
            0.001,
            0.001,
            0.001,
            0.001,
            0.001,
            0.001,
            0.001,
            0.001,
            0.001,
            0.001,
            0.001,
            0.001,
            0.001
        ]
    },
    "integrationTime": {
        "mean": 0.042747895,
        "stdev": 0.002361063874272514,
        "units": "seconds",
        "values": [
            0.0422277,
            0.0428285,
            0.0416189,
            0.0422306,
            0.052458,
            0.0417341,
            0.0421624,
            0.0425332,
            0.0421664,
            0.0416556,
            0.0421156,
            0.0416247,
            0.0443867,
            0.0424156,
            0.0421341,
            0.0420673,
            0.042464,
            0.0420817,
            0.041999,
            0.0420538
        ]
    },
    "integrationTimeAvgStep": {
        "mean": 0.001068697,
        "stdev": 5.902682727281503e-05,
        "units": "seconds",
        "values": [
            0.00105569,
            0.00107071,
            0.00104047,
            0.00105577,
            0.00131145,
            0.00104335,
            0.00105406,
            0.00106333,
            0.00105416,
            0.00104139,
            0.00105289,
            0.00104062,
            0.00110967,
            0.00106039,
            0.00105335,
            0.00105168,
            0.0010616,
            0.00105204,
            0.00104997,
            0.00105135
        ]
    },
    "integrationTimeAvgSubstep": {
        "mean": 3.475522e-07,
        "stdev": 1.919609539134676e-08,
        "units": "seconds",
        "values": [
            3.43323e-07,
            3.48207e-07,
            3.38373e-07,
            3.43347e-07,
            4.26498e-07,
            3.3931e-07,
            3.42792e-07,
            3.45807e-07,
            3.42825e-07,
            3.38671e-07,
            3.42411e-07,
            3.3842e-07,
            3.60876e-07,
            3.44851e-07,
            3.42562e-07,
            3.42019e-07,
            3.45244e-07,
            3.42136e-07,
            3.41463e-07,
            3.41909e-07
        ]
    },
    "intersections": {
        "mean": 1,
        "stdev": 0.0,
        "units": "intersections",
        "values": [
            1,
            1,
            1,
            1,
            1,
            1,
            1,
            1,
            1,
            1,
            1,
            1,
            1,
            1,
            1,
            1,
            1,
            1,
            1,
            1
        ]
    },
    "numberOfThreads": {
        "mean": 1,
        "stdev": 0.0,
        "units": "threads",
        "values": [
            1,
            1,
            1,
            1,
            1,
            1,
            1,
            1,
            1,
            1,
            1,
            1,
            1,
            1,
            1,
            1,
            1,
            1,
            1,
            1
        ]
    },
    "numberOfTracks": {
        "mean": 18,
        "stdev": 0.0,
        "units": "tracks",
        "values": [
            18,
            18,
            18,
            18,
            18,
            18,
            18,
            18,
            18,
            18,
            18,
            18,
            18,
            18,
            18,
            18,
            18,
            18,
            18,
            18
        ]
    },
    "realTime": {
        "mean": 51.117585,
        "stdev": 0.8199688134473875,
        "units": "seconds",
        "values": [
            51.1801,
            51.0203,
            51.6039,
            50.449,
            51.1228,
            49.7754,
            51.2775,
            51.3955,
            50.7265,
            51.7533,
            52.1781,
            51.5484,
            51.4079,
            50.194,
            52.1354,
            51.6913,
            49.0447,
            50.3377,
            51.3767,
            52.1332
        ]
    },
    "resetTime": {
        "mean": 0.0002365342,
        "stdev": 1.2283637857350166e-05,
        "units": "seconds",
        "values": [
            0.000218487,
            0.000247807,
            0.000224965,
            0.000243115,
            0.000242407,
            0.000218472,
            0.000245393,
            0.000227473,
            0.000236908,
            0.000217922,
            0.000248311,
            0.000219,
            0.000255075,
            0.000231184,
            0.0002473,
            0.00025014,
            0.000233966,
            0.000230809,
            0.000241982,
            0.000249968
        ]
    },
    "resetTimeAvg": {
        "mean": 5.913355e-06,
        "stdev": 3.0709002344589446e-07,
        "units": "seconds",
        "values": [
            5.46218e-06,
            6.19518e-06,
            5.62413e-06,
            6.07787e-06,
            6.06017e-06,
            5.4618e-06,
            6.13482e-06,
            5.68682e-06,
            5.9227e-06,
            5.44805e-06,
            6.20778e-06,
            5.475e-06,
            6.37687e-06,
            5.7796e-06,
            6.1825e-06,
            6.2535e-06,
            5.84915e-06,
            5.77023e-06,
            6.04955e-06,
            6.2492e-06
        ]
    },
    "substepAveragePerStep": {
        "mean": 3074.93,
        "stdev": 0.0,
        "units": "substeps",
        "values": [
            3074.93,
            3074.93,
            3074.93,
            3074.93,
            3074.93,
            3074.93,
            3074.93,
            3074.93,
            3074.93,
            3074.93,
            3074.93,
            3074.93,
            3074.93,
            3074.93,
            3074.93,
            3074.93,
            3074.93,
            3074.93,
            3074.93,
            3074.93
        ]
    },
    "systemTime": {
        "mean": 6.066,
        "stdev": 0.260513662637975,
        "units": "seconds",
        "values": [
            6.06,
            6.04,
            5.94,
            6.13,
            6.43,
            5.79,
            6.23,
            6.31,
            6.11,
            6.13,
            6.32,
            6.24,
            5.84,
            5.62,
            6.66,
            5.98,
            5.67,
            5.8,
            6.13,
            5.89
        ]
    },
    "totalSteps": {
        "mean": 40,
        "stdev": 0.0,
        "units": "steps",
        "values": [
            40,
            40,
            40,
            40,
            40,
            40,
            40,
            40,
            40,
            40,
            40,
            40,
            40,
            40,
            40,
            40,
            40,
            40,
            40,
            40
        ]
    },
    "totalSubsteps": {
        "mean": 122997,
        "stdev": 0.0,
        "units": "substeps",
        "values": [
            122997,
            122997,
            122997,
            122997,
            122997,
            122997,
            122997,
            122997,
            122997,
            122997,
            122997,
            122997,
            122997,
            122997,
            122997,
            122997,
            122997,
            122997,
            122997,
            122997
        ]
    },
    "track_1_stepCount": {
        "mean": 18,
        "stdev": 0.0,
        "units": "steps",
        "values": [
            18,
            18,
            18,
            18,
            18,
            18,
            18,
            18,
            18,
            18,
            18,
            18,
            18,
            18,
            18,
            18,
            18,
            18,
            18,
            18
        ]
    },
    "track_1_substepCount": {
        "mean": 275,
        "stdev": 0.0,
        "units": "substeps",
        "values": [
            275,
            275,
            275,
            275,
            275,
            275,
            275,
            275,
            275,
            275,
            275,
            275,
            275,
            275,
            275,
            275,
            275,
            275,
            275,
            275
        ]
    },
    "track_51_stepCount": {
        "mean": 1,
        "stdev": 0.0,
        "units": "steps",
        "values": [
            1,
            1,
            1,
            1,
            1,
            1,
            1,
            1,
            1,
            1,
            1,
            1,
            1,
            1,
            1,
            1,
            1,
            1,
            1,
            1
        ]
    },
    "track_51_substepCount": {
        "mean": 2777,
        "stdev": 0.0,
        "units": "substeps",
        "values": [
            2777,
            2777,
            2777,
            2777,
            2777,
            2777,
            2777,
            2777,
            2777,
            2777,
            2777,
            2777,
            2777,
            2777,
            2777,
            2777,
            2777,
            2777,
            2777,
            2777
        ]
    },
    "track_52_stepCount": {
        "mean": 1,
        "stdev": 0.0,
        "units": "steps",
        "values": [
            1,
            1,
            1,
            1,
            1,
            1,
            1,
            1,
            1,
            1,
            1,
            1,
            1,
            1,
            1,
            1,
            1,
            1,
            1,
            1
        ]
    },
    "track_52_substepCount": {
        "mean": 6111,
        "stdev": 0.0,
        "units": "substeps",
        "values": [
            6111,
            6111,
            6111,
            6111,
            6111,
            6111,
            6111,
            6111,
            6111,
            6111,
            6111,
            6111,
            6111,
            6111,
            6111,
            6111,
            6111,
            6111,
            6111,
            6111
        ]
    },
    "track_53_stepCount": {
        "mean": 1,
        "stdev": 0.0,
        "units": "steps",
        "values": [
            1,
            1,
            1,
            1,
            1,
            1,
            1,
            1,
            1,
            1,
            1,
            1,
            1,
            1,
            1,
            1,
            1,
            1,
            1,
            1
        ]
    },
    "track_53_substepCount": {
        "mean": 1827,
        "stdev": 0.0,
        "units": "substeps",
        "values": [
            1827,
            1827,
            1827,
            1827,
            1827,
            1827,
            1827,
            1827,
            1827,
            1827,
            1827,
            1827,
            1827,
            1827,
            1827,
            1827,
            1827,
            1827,
            1827,
            1827
        ]
    },
    "track_54_stepCount": {
        "mean": 1,
        "stdev": 0.0,
        "units": "steps",
        "values": [
            1,
            1,
            1,
            1,
            1,
            1,
            1,
            1,
            1,
            1,
            1,
            1,
            1,
            1,
            1,
            1,
            1,
            1,
            1,
            1
        ]
    },
    "track_54_substepCount": {
        "mean": 2250,
        "stdev": 0.0,
        "units": "substeps",
        "values": [
            2250,
            2250,
            2250,
            2250,
            2250,
            2250,
            2250,
            2250,
            2250,
            2250,
            2250,
            2250,
            2250,
            2250,
            2250,
            2250,
            2250,
            2250,
            2250,
            2250
        ]
    },
    "track_55_stepCount": {
        "mean": 1,
        "stdev": 0.0,
        "units": "steps",
        "values": [
            1,
            1,
            1,
            1,
            1,
            1,
            1,
            1,
            1,
            1,
            1,
            1,
            1,
            1,
            1,
            1,
            1,
            1,
            1,
            1
        ]
    },
    "track_55_substepCount": {
        "mean": 1130,
        "stdev": 0.0,
        "units": "substeps",
        "values": [
            1130,
            1130,
            1130,
            1130,
            1130,
            1130,
            1130,
            1130,
            1130,
            1130,
            1130,
            1130,
            1130,
            1130,
            1130,
            1130,
            1130,
            1130,
            1130,
            1130
        ]
    },
    "track_56_stepCount": {
        "mean": 1,
        "stdev": 0.0,
        "units": "steps",
        "values": [
            1,
            1,
            1,
            1,
            1,
            1,
            1,
            1,
            1,
            1,
            1,
            1,
            1,
            1,
            1,
            1,
            1,
            1,
            1,
            1
        ]
    },
    "track_56_substepCount": {
        "mean": 2681,
        "stdev": 0.0,
        "units": "substeps",
        "values": [
            2681,
            2681,
            2681,
            2681,
            2681,
            2681,
            2681,
            2681,
            2681,
            2681,
            2681,
            2681,
            2681,
            2681,
            2681,
            2681,
            2681,
            2681,
            2681,
            2681
        ]
    },
    "track_57_stepCount": {
        "mean": 1,
        "stdev": 0.0,
        "units": "steps",
        "values": [
            1,
            1,
            1,
            1,
            1,
            1,
            1,
            1,
            1,
            1,
            1,
            1,
            1,
            1,
            1,
            1,
            1,
            1,
            1,
            1
        ]
    },
    "track_57_substepCount": {
        "mean": 1532,
        "stdev": 0.0,
        "units": "substeps",
        "values": [
            1532,
            1532,
            1532,
            1532,
            1532,
            1532,
            1532,
            1532,
            1532,
            1532,
            1532,
            1532,
            1532,
            1532,
            1532,
            1532,
            1532,
            1532,
            1532,
            1532
        ]
    },
    "track_58_stepCount": {
        "mean": 1,
        "stdev": 0.0,
        "units": "steps",
        "values": [
            1,
            1,
            1,
            1,
            1,
            1,
            1,
            1,
            1,
            1,
            1,
            1,
            1,
            1,
            1,
            1,
            1,
            1,
            1,
            1
        ]
    },
    "track_58_substepCount": {
        "mean": 2410,
        "stdev": 0.0,
        "units": "substeps",
        "values": [
            2410,
            2410,
            2410,
            2410,
            2410,
            2410,
            2410,
            2410,
            2410,
            2410,
            2410,
            2410,
            2410,
            2410,
            2410,
            2410,
            2410,
            2410,
            2410,
            2410
        ]
    },
    "track_59_stepCount": {
        "mean": 1,
        "stdev": 0.0,
        "units": "steps",
        "values": [
            1,
            1,
            1,
            1,
            1,
            1,
            1,
            1,
            1,
            1,
            1,
            1,
            1,
            1,
            1,
            1,
            1,
            1,
            1,
            1
        ]
    },
    "track_59_substepCount": {
        "mean": 1568,
        "stdev": 0.0,
        "units": "substeps",
        "values": [
            1568,
            1568,
            1568,
            1568,
            1568,
            1568,
            1568,
            1568,
            1568,
            1568,
            1568,
            1568,
            1568,
            1568,
            1568,
            1568,
            1568,
            1568,
            1568,
            1568
        ]
    },
    "track_60_stepCount": {
        "mean": 1,
        "stdev": 0.0,
        "units": "steps",
        "values": [
            1,
            1,
            1,
            1,
            1,
            1,
            1,
            1,
            1,
            1,
            1,
            1,
            1,
            1,
            1,
            1,
            1,
            1,
            1,
            1
        ]
    },
    "track_60_substepCount": {
        "mean": 6725,
        "stdev": 0.0,
        "units": "substeps",
        "values": [
            6725,
            6725,
            6725,
            6725,
            6725,
            6725,
            6725,
            6725,
            6725,
            6725,
            6725,
            6725,
            6725,
            6725,
            6725,
            6725,
            6725,
            6725,
            6725,
            6725
        ]
    },
    "track_61_stepCount": {
        "mean": 1,
        "stdev": 0.0,
        "units": "steps",
        "values": [
            1,
            1,
            1,
            1,
            1,
            1,
            1,
            1,
            1,
            1,
            1,
            1,
            1,
            1,
            1,
            1,
            1,
            1,
            1,
            1
        ]
    },
    "track_61_substepCount": {
        "mean": 998,
        "stdev": 0.0,
        "units": "substeps",
        "values": [
            998,
            998,
            998,
            998,
            998,
            998,
            998,
            998,
            998,
            998,
            998,
            998,
            998,
            998,
            998,
            998,
            998,
            998,
            998,
            998
        ]
    },
    "track_62_stepCount": {
        "mean": 3,
        "stdev": 0.0,
        "units": "steps",
        "values": [
            3,
            3,
            3,
            3,
            3,
            3,
            3,
            3,
            3,
            3,
            3,
            3,
            3,
            3,
            3,
            3,
            3,
            3,
            3,
            3
        ]
    },
    "track_62_substepCount": {
        "mean": 35920,
        "stdev": 0.0,
        "units": "substeps",
        "values": [
            35920,
            35920,
            35920,
            35920,
            35920,
            35920,
            35920,
            35920,
            35920,
            35920,
            35920,
            35920,
            35920,
            35920,
            35920,
            35920,
            35920,
            35920,
            35920,
            35920
        ]
    },
    "track_63_stepCount": {
        "mean": 1,
        "stdev": 0.0,
        "units": "steps",
        "values": [
            1,
            1,
            1,
            1,
            1,
            1,
            1,
            1,
            1,
            1,
            1,
            1,
            1,
            1,
            1,
            1,
            1,
            1,
            1,
            1
        ]
    },
    "track_63_substepCount": {
        "mean": 1533,
        "stdev": 0.0,
        "units": "substeps",
        "values": [
            1533,
            1533,
            1533,
            1533,
            1533,
            1533,
            1533,
            1533,
            1533,
            1533,
            1533,
            1533,
            1533,
            1533,
            1533,
            1533,
            1533,
            1533,
            1533,
            1533
        ]
    },
    "track_64_stepCount": {
        "mean": 1,
        "stdev": 0.0,
        "units": "steps",
        "values": [
            1,
            1,
            1,
            1,
            1,
            1,
            1,
            1,
            1,
            1,
            1,
            1,
            1,
            1,
            1,
            1,
            1,
            1,
            1,
            1
        ]
    },
    "track_64_substepCount": {
        "mean": 1040,
        "stdev": 0.0,
        "units": "substeps",
        "values": [
            1040,
            1040,
            1040,
            1040,
            1040,
            1040,
            1040,
            1040,
            1040,
            1040,
            1040,
            1040,
            1040,
            1040,
            1040,
            1040,
            1040,
            1040,
            1040,
            1040
        ]
    },
    "track_65_stepCount": {
        "mean": 2,
        "stdev": 0.0,
        "units": "steps",
        "values": [
            2,
            2,
            2,
            2,
            2,
            2,
            2,
            2,
            2,
            2,
            2,
            2,
            2,
            2,
            2,
            2,
            2,
            2,
            2,
            2
        ]
    },
    "track_65_substepCount": {
        "mean": 10434,
        "stdev": 0.0,
        "units": "substeps",
        "values": [
            10434,
            10434,
            10434,
            10434,
            10434,
            10434,
            10434,
            10434,
            10434,
            10434,
            10434,
            10434,
            10434,
            10434,
            10434,
            10434,
            10434,
            10434,
            10434,
            10434
        ]
    },
    "track_66_stepCount": {
        "mean": 1,
        "stdev": 0.0,
        "units": "steps",
        "values": [
            1,
            1,
            1,
            1,
            1,
            1,
            1,
            1,
            1,
            1,
            1,
            1,
            1,
            1,
            1,
            1,
            1,
            1,
            1,
            1
        ]
    },
    "track_66_substepCount": {
        "mean": 1510,
        "stdev": 0.0,
        "units": "substeps",
        "values": [
            1510,
            1510,
            1510,
            1510,
            1510,
            1510,
            1510,
            1510,
            1510,
            1510,
            1510,
            1510,
            1510,
            1510,
            1510,
            1510,
            1510,
            1510,
            1510,
            1510
        ]
    },
    "track_67_stepCount": {
        "mean": 3,
        "stdev": 0.0,
        "units": "steps",
        "values": [
            3,
            3,
            3,
            3,
            3,
            3,
            3,
            3,
            3,
            3,
            3,
            3,
            3,
            3,
            3,
            3,
            3,
            3,
            3,
            3
        ]
    },
    "track_67_substepCount": {
        "mean": 42276,
        "stdev": 0.0,
        "units": "substeps",
        "values": [
            42276,
            42276,
            42276,
            42276,
            42276,
            42276,
            42276,
            42276,
            42276,
            42276,
            42276,
            42276,
            42276,
            42276,
            42276,
            42276,
            42276,
            42276,
            42276,
            42276
        ]
    },
    "userTime": {
        "mean": 48.2175,
        "stdev": 0.7936914089440428,
        "units": "seconds",
        "values": [
            48.16,
            48.11,
            48.6,
            47.41,
            47.58,
            46.89,
            47.88,
            48.14,
            47.5,
            48.69,
            49.2,
            48.39,
            48.63,
            48.11,
            49.15,
            49.31,
            46.54,
            47.91,
            48.57,
            49.58
        ]
    },
    "varVX_dQMinChanges": {
        "mean": 459.0,
        "stdev": 0.0,
        "units": "changes",
        "values": [
            459.0,
            459.0,
            459.0,
            459.0,
            459.0,
            459.0,
            459.0,
            459.0,
            459.0,
            459.0,
            459.0,
            459.0,
            459.0,
            459.0,
            459.0,
            459.0,
            459.0,
            459.0,
            459.0,
            459.0
        ]
    },
    "varVX_dQRelChanges": {
        "mean": 60935.0,
        "stdev": 0.0,
        "units": "changes",
        "values": [
            60935.0,
            60935.0,
            60935.0,
            60935.0,
            60935.0,
            60935.0,
            60935.0,
            60935.0,
            60935.0,
            60935.0,
            60935.0,
            60935.0,
            60935.0,
            60935.0,
            60935.0,
            60935.0,
            60935.0,
            60935.0,
            60935.0,
            60935.0
        ]
    },
    "varVX_maxError": {
        "mean": 2.72907,
        "stdev": 0.0,
        "units": "mm?",
        "values": [
            2.72907,
            2.72907,
            2.72907,
            2.72907,
            2.72907,
            2.72907,
            2.72907,
            2.72907,
            2.72907,
            2.72907,
            2.72907,
            2.72907,
            2.72907,
            2.72907,
            2.72907,
            2.72907,
            2.72907,
            2.72907,
            2.72907,
            2.72907
        ]
    },
    "varVY_dQMinChanges": {
        "mean": 459.0,
        "stdev": 0.0,
        "units": "changes",
        "values": [
            459.0,
            459.0,
            459.0,
            459.0,
            459.0,
            459.0,
            459.0,
            459.0,
            459.0,
            459.0,
            459.0,
            459.0,
            459.0,
            459.0,
            459.0,
            459.0,
            459.0,
            459.0,
            459.0,
            459.0
        ]
    },
    "varVY_dQRelChanges": {
        "mean": 60935.0,
        "stdev": 0.0,
        "units": "changes",
        "values": [
            60935.0,
            60935.0,
            60935.0,
            60935.0,
            60935.0,
            60935.0,
            60935.0,
            60935.0,
            60935.0,
            60935.0,
            60935.0,
            60935.0,
            60935.0,
            60935.0,
            60935.0,
            60935.0,
            60935.0,
            60935.0,
            60935.0,
            60935.0
        ]
    },
    "varVY_maxError": {
        "mean": 2.72907,
        "stdev": 0.0,
        "units": "mm?",
        "values": [
            2.72907,
            2.72907,
            2.72907,
            2.72907,
            2.72907,
            2.72907,
            2.72907,
            2.72907,
            2.72907,
            2.72907,
            2.72907,
            2.72907,
            2.72907,
            2.72907,
            2.72907,
            2.72907,
            2.72907,
            2.72907,
            2.72907,
            2.72907
        ]
    },
    "varVZ_dQMinChanges": {
        "mean": 459.0,
        "stdev": 0.0,
        "units": "changes",
        "values": [
            459.0,
            459.0,
            459.0,
            459.0,
            459.0,
            459.0,
            459.0,
            459.0,
            459.0,
            459.0,
            459.0,
            459.0,
            459.0,
            459.0,
            459.0,
            459.0,
            459.0,
            459.0,
            459.0,
            459.0
        ]
    },
    "varVZ_dQRelChanges": {
        "mean": 60935.0,
        "stdev": 0.0,
        "units": "changes",
        "values": [
            60935.0,
            60935.0,
            60935.0,
            60935.0,
            60935.0,
            60935.0,
            60935.0,
            60935.0,
            60935.0,
            60935.0,
            60935.0,
            60935.0,
            60935.0,
            60935.0,
            60935.0,
            60935.0,
            60935.0,
            60935.0,
            60935.0,
            60935.0
        ]
    },
    "varVZ_maxError": {
        "mean": 2.72907,
        "stdev": 0.0,
        "units": "mm?",
        "values": [
            2.72907,
            2.72907,
            2.72907,
            2.72907,
            2.72907,
            2.72907,
            2.72907,
            2.72907,
            2.72907,
            2.72907,
            2.72907,
            2.72907,
            2.72907,
            2.72907,
            2.72907,
            2.72907,
            2.72907,
            2.72907,
            2.72907,
            2.72907
        ]
    },
    "varX_dQMinChanges": {
        "mean": 459.0,
        "stdev": 0.0,
        "units": "changes",
        "values": [
            459.0,
            459.0,
            459.0,
            459.0,
            459.0,
            459.0,
            459.0,
            459.0,
            459.0,
            459.0,
            459.0,
            459.0,
            459.0,
            459.0,
            459.0,
            459.0,
            459.0,
            459.0,
            459.0,
            459.0
        ]
    },
    "varX_dQRelChanges": {
        "mean": 60935.0,
        "stdev": 0.0,
        "units": "changes",
        "values": [
            60935.0,
            60935.0,
            60935.0,
            60935.0,
            60935.0,
            60935.0,
            60935.0,
            60935.0,
            60935.0,
            60935.0,
            60935.0,
            60935.0,
            60935.0,
            60935.0,
            60935.0,
            60935.0,
            60935.0,
            60935.0,
            60935.0,
            60935.0
        ]
    },
    "varX_maxError": {
        "mean": 2.72907,
        "stdev": 0.0,
        "units": "mm?",
        "values": [
            2.72907,
            2.72907,
            2.72907,
            2.72907,
            2.72907,
            2.72907,
            2.72907,
            2.72907,
            2.72907,
            2.72907,
            2.72907,
            2.72907,
            2.72907,
            2.72907,
            2.72907,
            2.72907,
            2.72907,
            2.72907,
            2.72907,
            2.72907
        ]
    },
    "varY_dQMinChanges": {
        "mean": 459.0,
        "stdev": 0.0,
        "units": "changes",
        "values": [
            459.0,
            459.0,
            459.0,
            459.0,
            459.0,
            459.0,
            459.0,
            459.0,
            459.0,
            459.0,
            459.0,
            459.0,
            459.0,
            459.0,
            459.0,
            459.0,
            459.0,
            459.0,
            459.0,
            459.0
        ]
    },
    "varY_dQRelChanges": {
        "mean": 60935.0,
        "stdev": 0.0,
        "units": "changes",
        "values": [
            60935.0,
            60935.0,
            60935.0,
            60935.0,
            60935.0,
            60935.0,
            60935.0,
            60935.0,
            60935.0,
            60935.0,
            60935.0,
            60935.0,
            60935.0,
            60935.0,
            60935.0,
            60935.0,
            60935.0,
            60935.0,
            60935.0,
            60935.0
        ]
    },
    "varY_maxError": {
        "mean": 2.72907,
        "stdev": 0.0,
        "units": "mm?",
        "values": [
            2.72907,
            2.72907,
            2.72907,
            2.72907,
            2.72907,
            2.72907,
            2.72907,
            2.72907,
            2.72907,
            2.72907,
            2.72907,
            2.72907,
            2.72907,
            2.72907,
            2.72907,
            2.72907,
            2.72907,
            2.72907,
            2.72907,
            2.72907
        ]
    },
    "varZ_dQMinChanges": {
        "mean": 459.0,
        "stdev": 0.0,
        "units": "changes",
        "values": [
            459.0,
            459.0,
            459.0,
            459.0,
            459.0,
            459.0,
            459.0,
            459.0,
            459.0,
            459.0,
            459.0,
            459.0,
            459.0,
            459.0,
            459.0,
            459.0,
            459.0,
            459.0,
            459.0,
            459.0
        ]
    },
    "varZ_dQRelChanges": {
        "mean": 60935.0,
        "stdev": 0.0,
        "units": "changes",
        "values": [
            60935.0,
            60935.0,
            60935.0,
            60935.0,
            60935.0,
            60935.0,
            60935.0,
            60935.0,
            60935.0,
            60935.0,
            60935.0,
            60935.0,
            60935.0,
            60935.0,
            60935.0,
            60935.0,
            60935.0,
            60935.0,
            60935.0,
            60935.0
        ]
    },
    "varZ_maxError": {
        "mean": 2.72907,
        "stdev": 0.0,
        "units": "mm?",
        "values": [
            2.72907,
            2.72907,
            2.72907,
            2.72907,
            2.72907,
            2.72907,
            2.72907,
            2.72907,
            2.72907,
            2.72907,
            2.72907,
            2.72907,
            2.72907,
            2.72907,
            2.72907,
            2.72907,
            2.72907,
            2.72907,
            2.72907,
            2.72907
        ]
    }
}