{
    "dQMin": {
        "mean": 0.00185185,
        "stdev": 0.003676726953179321,
        "units": "dQMin",
        "values": [
            0.01,
            0.01,
            0.01,
            0.01,
            0.01,
            0.01,
            0.01,
            0.01,
            0.01,
            0.01,
            0.01,
            0.01,
            0.01,
            0.01,
            0.01,
            0.01,
            0.01,
            0.01,
            0.01,
            0.01,
            0.0001,
            0.0001,
            0.0001,
            0.0001,
            0.0001,
            0.0001,
            0.0001,
            0.0001,
            0.0001,
            0.0001,
            0.0001,
            0.0001,
            0.0001,
            0.0001,
            0.0001,
            0.0001,
            0.0001,
            0.0001,
            0.0001,
            0.0001,
            1e-05,
            1e-05,
            1e-05,
            1e-05,
            1e-05,
            1e-05,
            1e-05,
            1e-05,
            1e-05,
            1e-05,
            1e-05,
            1e-05,
            1e-05,
            1e-05,
            1e-05,
            1e-05,
            1e-05,
            1e-05,
            1e-05,
            1e-05,
            1e-06,
            1e-06,
            1e-06,
            1e-06,
            1e-06,
            1e-06,
            1e-06,
            1e-06,
            1e-06,
            1e-06,
            1e-06,
            1e-06,
            1e-06,
            1e-06,
            1e-06,
            1e-06,
            1e-06,
            1e-06,
            1e-06,
            1e-06,
            1e-07,
            1e-07,
            1e-07,
            1e-07,
            1e-07,
            1e-07,
            1e-07,
            1e-07,
            1e-07,
            1e-07,
            1e-07,
            1e-07,
            1e-07,
            1e-07,
            1e-07,
            1e-07,
            1e-07,
            1e-07,
            1e-07,
            1e-07,
            0.001,
            0.001,
            0.001,
            0.001,
            0.001,
            0.001,
            0.001,
            0.001,
            0.001,
            0.001,
            0.001,
            0.001,
            0.001,
            0.001,
            0.001,
            0.001,
            0.001,
            0.001,
            0.001,
            0.001
        ]
    },
    "dQRel": {
        "mean": 0.0185185,
        "stdev": 0.03676726953179322,
        "units": "dQRel",
        "values": [
            0.1,
            0.1,
            0.1,
            0.1,
            0.1,
            0.1,
            0.1,
            0.1,
            0.1,
            0.1,
            0.1,
            0.1,
            0.1,
            0.1,
            0.1,
            0.1,
            0.1,
            0.1,
            0.1,
            0.1,
            0.001,
            0.001,
            0.001,
            0.001,
            0.001,
            0.001,
            0.001,
            0.001,
            0.001,
            0.001,
            0.001,
            0.001,
            0.001,
            0.001,
            0.001,
            0.001,
            0.001,
            0.001,
            0.001,
            0.001,
            0.0001,
            0.0001,
            0.0001,
            0.0001,
            0.0001,
            0.0001,
            0.0001,
            0.0001,
            0.0001,
            0.0001,
            0.0001,
            0.0001,
            0.0001,
            0.0001,
            0.0001,
            0.0001,
            0.0001,
            0.0001,
            0.0001,
            0.0001,
            1e-05,
            1e-05,
            1e-05,
            1e-05,
            1e-05,
            1e-05,
            1e-05,
            1e-05,
            1e-05,
            1e-05,
            1e-05,
            1e-05,
            1e-05,
            1e-05,
            1e-05,
            1e-05,
            1e-05,
            1e-05,
            1e-05,
            1e-05,
            1e-06,
            1e-06,
            1e-06,
            1e-06,
            1e-06,
            1e-06,
            1e-06,
            1e-06,
            1e-06,
            1e-06,
            1e-06,
            1e-06,
            1e-06,
            1e-06,
            1e-06,
            1e-06,
            1e-06,
            1e-06,
            1e-06,
            1e-06,
            0.01,
            0.01,
            0.01,
            0.01,
            0.01,
            0.01,
            0.01,
            0.01,
            0.01,
            0.01,
            0.01,
            0.01,
            0.01,
            0.01,
            0.01,
            0.01,
            0.01,
            0.01,
            0.01,
            0.01
        ]
    },
    "integrationTime": {
        "mean": 29.99963,
        "stdev": 26.299160189612984,
        "units": "seconds",
        "values": [
            11.4879,
            10.8332,
            10.757,
            10.9159,
            11.258,
            11.2788,
            10.8422,
            10.4061,
            11.078,
            10.2145,
            11.3199,
            11.5596,
            11.1285,
            11.3168,
            11.3397,
            11.036,
            11.3196,
            10.7613,
            11.2576,
            10.745,
            14.9115,
            15.7197,
            15.8467,
            15.3431,
            16.2835,
            14.613,
            15.6271,
            15.7686,
            15.5821,
            15.411,
            15.4683,
            15.2756,
            15.4388,
            14.982,
            15.4319,
            15.902,
            15.9165,
            16.1334,
            15.203,
            15.5364,
            19.7455,
            20.2162,
            20.5393,
            19.3991,
            19.9185,
            18.7047,
            19.6989,
            19.2291,
            20.2142,
            19.8065,
            19.0479,
            20.0566,
            19.8469,
            18.9893,
            20.0239,
            18.8428,
            20.0685,
            20.2769,
            19.8961,
            19.635,
            35.5949,
            35.6446,
            35.4617,
            35.3207,
            35.7953,
            35.8472,
            35.5891,
            35.5863,
            35.5729,
            35.6887,
            35.35,
            35.2441,
            36.1292,
            35.5797,
            35.937,
            35.4005,
            35.6762,
            35.4075,
            35.4724,
            35.772,
            85.6485,
            85.2025,
            85.3593,
            85.9636,
            84.9275,
            86.207,
            85.9408,
            85.4862,
            85.8039,
            85.7969,
            85.9124,
            85.4727,
            85.9059,
            87.1274,
            85.6653,
            85.2076,
            85.5977,
            86.1692,
            85.2095,
            84.935,
            12.4667,
            12.2422,
            12.4064,
            12.8149,
            12.4368,
            11.92,
            12.325,
            12.7074,
            12.5086,
            12.5542,
            12.6949,
            12.4478,
            12.7084,
            12.2336,
            12.0512,
            12.0462,
            12.841,
            12.4831,
            12.5585,
            12.4941
        ]
    },
    "integrationTimeAvgStep": {
        "mean": 1.1424116666666666e-05,
        "stdev": 1.0014155288760117e-05,
        "units": "seconds",
        "values": [
            4.37586e-06,
            4.12648e-06,
            4.09745e-06,
            4.15795e-06,
            4.28826e-06,
            4.29621e-06,
            4.12988e-06,
            3.96379e-06,
            4.21971e-06,
            3.89078e-06,
            4.31187e-06,
            4.40316e-06,
            4.23895e-06,
            4.31068e-06,
            4.3194e-06,
            4.20373e-06,
            4.31173e-06,
            4.09906e-06,
            4.28811e-06,
            4.09286e-06,
            5.67895e-06,
            5.98672e-06,
            6.03511e-06,
            5.84331e-06,
            6.20147e-06,
            5.56526e-06,
            5.95148e-06,
            6.00536e-06,
            5.93434e-06,
            5.86918e-06,
            5.89099e-06,
            5.81762e-06,
            5.87976e-06,
            5.70577e-06,
            5.87712e-06,
            6.05618e-06,
            6.0617e-06,
            6.14429e-06,
            5.78997e-06,
            5.91693e-06,
            7.51916e-06,
            7.69841e-06,
            7.82146e-06,
            7.38725e-06,
            7.58504e-06,
            7.12282e-06,
            7.5014e-06,
            7.32249e-06,
            7.69764e-06,
            7.54239e-06,
            7.25349e-06,
            7.63764e-06,
            7.55779e-06,
            7.2312e-06,
            7.62519e-06,
            7.1754e-06,
            7.64214e-06,
            7.72153e-06,
            7.57653e-06,
            7.47709e-06,
            1.35544e-05,
            1.35733e-05,
            1.35037e-05,
            1.345e-05,
            1.36307e-05,
            1.36505e-05,
            1.35522e-05,
            1.35511e-05,
            1.3546e-05,
            1.35901e-05,
            1.34612e-05,
            1.34208e-05,
            1.37579e-05,
            1.35486e-05,
            1.36847e-05,
            1.34804e-05,
            1.35854e-05,
            1.34831e-05,
            1.35078e-05,
            1.36219e-05,
            3.26141e-05,
            3.24443e-05,
            3.2504e-05,
            3.27341e-05,
            3.23396e-05,
            3.28268e-05,
            3.27255e-05,
            3.25523e-05,
            3.26733e-05,
            3.26707e-05,
            3.27146e-05,
            3.25472e-05,
            3.27122e-05,
            3.31773e-05,
            3.26205e-05,
            3.24463e-05,
            3.25948e-05,
            3.28124e-05,
            3.2447e-05,
            3.23424e-05,
            4.74786e-06,
            4.66236e-06,
            4.72488e-06,
            4.88045e-06,
            4.73644e-06,
            4.53964e-06,
            4.69387e-06,
            4.83952e-06,
            4.76379e-06,
            4.78119e-06,
            4.83475e-06,
            4.74066e-06,
            4.8399e-06,
            4.65908e-06,
            4.5896e-06,
            4.58771e-06,
            4.89041e-06,
            4.75409e-06,
            4.78281e-06,
            4.7583e-06
        ]
    },
    "integrationTimeAvgSubstep": {
        "mean": 6.56119525e-07,
        "stdev": 1.7365408181895963e-07,
        "units": "seconds",
        "values": [
            1.00521e-06,
            9.47927e-07,
            9.41257e-07,
            9.55156e-07,
            9.85091e-07,
            9.86916e-07,
            9.48708e-07,
            9.10554e-07,
            9.69343e-07,
            8.93783e-07,
            9.90513e-07,
            1.01149e-06,
            9.73762e-07,
            9.9024e-07,
            9.92242e-07,
            9.65672e-07,
            9.90482e-07,
            9.41628e-07,
            9.85055e-07,
            9.40202e-07,
            6.2412e-07,
            6.57944e-07,
            6.63263e-07,
            6.42183e-07,
            6.81545e-07,
            6.11626e-07,
            6.54071e-07,
            6.59993e-07,
            6.52188e-07,
            6.45026e-07,
            6.47423e-07,
            6.3936e-07,
            6.46189e-07,
            6.27068e-07,
            6.45899e-07,
            6.65578e-07,
            6.66184e-07,
            6.75262e-07,
            6.36322e-07,
            6.50274e-07,
            5.7453e-07,
            5.88226e-07,
            5.97628e-07,
            5.64451e-07,
            5.79564e-07,
            5.44246e-07,
            5.73173e-07,
            5.59503e-07,
            5.88168e-07,
            5.76305e-07,
            5.54231e-07,
            5.83583e-07,
            5.77482e-07,
            5.52527e-07,
            5.82632e-07,
            5.48264e-07,
            5.83927e-07,
            5.89993e-07,
            5.78913e-07,
            5.71316e-07,
            5.0561e-07,
            5.06316e-07,
            5.03718e-07,
            5.01715e-07,
            5.08457e-07,
            5.09194e-07,
            5.05527e-07,
            5.05487e-07,
            5.05297e-07,
            5.06942e-07,
            5.02131e-07,
            5.00626e-07,
            5.132e-07,
            5.05394e-07,
            5.10469e-07,
            5.02848e-07,
            5.06764e-07,
            5.02948e-07,
            5.03869e-07,
            5.08126e-07,
            4.63227e-07,
            4.60815e-07,
            4.61663e-07,
            4.64932e-07,
            4.59328e-07,
            4.66248e-07,
            4.64809e-07,
            4.6235e-07,
            4.64068e-07,
            4.6403e-07,
            4.64655e-07,
            4.62277e-07,
            4.6462e-07,
            4.71226e-07,
            4.63318e-07,
            4.60843e-07,
            4.62953e-07,
            4.66044e-07,
            4.60853e-07,
            4.59369e-07,
            7.79564e-07,
            7.65525e-07,
            7.75791e-07,
            8.01334e-07,
            7.77689e-07,
            7.45375e-07,
            7.70699e-07,
            7.94613e-07,
            7.8218e-07,
            7.85036e-07,
            7.9383e-07,
            7.78382e-07,
            7.94676e-07,
            7.64986e-07,
            7.53579e-07,
            7.53269e-07,
            8.0297e-07,
            7.80587e-07,
            7.85303e-07,
            7.81278e-07
        ]
    },
    "intersections": {
        "mean": 2608861.6666666665,
        "stdev": 284.9187805052412,
        "units": "intersections",
        "values": [
            2608315,
            2608315,
            2608315,
            2608315,
            2608315,
            2608315,
            2608315,
            2608315,
            2608315,
            2608315,
            2608315,
            2608315,
            2608315,
            2608315,
            2608315,
            2608315,
            2608315,
            2608315,
            2608315,
            2608315,
            2608781,
            2608781,
            2608781,
            2608781,
            2608781,
            2608781,
            2608781,
            2608781,
            2608781,
            2608781,
            2608781,
            2608781,
            2608781,
            2608781,
            2608781,
            2608781,
            2608781,
            2608781,
            2608781,
            2608781,
            2609051,
            2609051,
            2609051,
            2609051,
            2609051,
            2609051,
            2609051,
            2609051,
            2609051,
            2609051,
            2609051,
            2609051,
            2609051,
            2609051,
            2609051,
            2609051,
            2609051,
            2609051,
            2609051,
            2609051,
            2609101,
            2609101,
            2609101,
            2609101,
            2609101,
            2609101,
            2609101,
            2609101,
            2609101,
            2609101,
            2609101,
            2609101,
            2609101,
            2609101,
            2609101,
            2609101,
            2609101,
            2609101,
            2609101,
            2609101,
            2609141,
            2609141,
            2609141,
            2609141,
            2609141,
            2609141,
            2609141,
            2609141,
            2609141,
            2609141,
            2609141,
            2609141,
            2609141,
            2609141,
            2609141,
            2609141,
            2609141,
            2609141,
            2609141,
            2609141,
            2608781,
            2608781,
            2608781,
            2608781,
            2608781,
            2608781,
            2608781,
            2608781,
            2608781,
            2608781,
            2608781,
            2608781,
            2608781,
            2608781,
            2608781,
            2608781,
            2608781,
            2608781,
            2608781,
            2608781
        ]
    },
    "numberOfThreads": {
        "mean": 1,
        "stdev": 0.0,
        "units": "threads",
        "values": [
            1,
            1,
            1,
            1,
            1,
            1,
            1,
            1,
            1,
            1,
            1,
            1,
            1,
            1,
            1,
            1,
            1,
            1,
            1,
            1,
            1,
            1,
            1,
            1,
            1,
            1,
            1,
            1,
            1,
            1,
            1,
            1,
            1,
            1,
            1,
            1,
            1,
            1,
            1,
            1,
            1,
            1,
            1,
            1,
            1,
            1,
            1,
            1,
            1,
            1,
            1,
            1,
            1,
            1,
            1,
            1,
            1,
            1,
            1,
            1,
            1,
            1,
            1,
            1,
            1,
            1,
            1,
            1,
            1,
            1,
            1,
            1,
            1,
            1,
            1,
            1,
            1,
            1,
            1,
            1,
            1,
            1,
            1,
            1,
            1,
            1,
            1,
            1,
            1,
            1,
            1,
            1,
            1,
            1,
            1,
            1,
            1,
            1,
            1,
            1,
            1,
            1,
            1,
            1,
            1,
            1,
            1,
            1,
            1,
            1,
            1,
            1,
            1,
            1,
            1,
            1,
            1,
            1,
            1,
            1
        ]
    },
    "numberOfTracks": {
        "mean": 1,
        "stdev": 0.0,
        "units": "tracks",
        "values": [
            1,
            1,
            1,
            1,
            1,
            1,
            1,
            1,
            1,
            1,
            1,
            1,
            1,
            1,
            1,
            1,
            1,
            1,
            1,
            1,
            1,
            1,
            1,
            1,
            1,
            1,
            1,
            1,
            1,
            1,
            1,
            1,
            1,
            1,
            1,
            1,
            1,
            1,
            1,
            1,
            1,
            1,
            1,
            1,
            1,
            1,
            1,
            1,
            1,
            1,
            1,
            1,
            1,
            1,
            1,
            1,
            1,
            1,
            1,
            1,
            1,
            1,
            1,
            1,
            1,
            1,
            1,
            1,
            1,
            1,
            1,
            1,
            1,
            1,
            1,
            1,
            1,
            1,
            1,
            1,
            1,
            1,
            1,
            1,
            1,
            1,
            1,
            1,
            1,
            1,
            1,
            1,
            1,
            1,
            1,
            1,
            1,
            1,
            1,
            1,
            1,
            1,
            1,
            1,
            1,
            1,
            1,
            1,
            1,
            1,
            1,
            1,
            1,
            1,
            1,
            1,
            1,
            1,
            1,
            1
        ]
    },
    "realTime": {
        "mean": 253.15871666666666,
        "stdev": 30.612667062158163,
        "units": "seconds",
        "values": [
            233.57,
            223.437,
            219.531,
            241.35,
            237.091,
            229.289,
            230.635,
            210.481,
            230.821,
            216.76,
            244.656,
            240.397,
            219.443,
            236.238,
            234.514,
            230.702,
            232.138,
            227.264,
            233.997,
            218.132,
            230.808,
            234.708,
            239.277,
            228.276,
            247.268,
            231.361,
            239.428,
            233.859,
            248.285,
            244.795,
            241.352,
            226.592,
            231.483,
            229.165,
            238.526,
            229.032,
            247.615,
            243.951,
            235.674,
            242.004,
            241.251,
            253.551,
            253.308,
            235.827,
            242.786,
            222.909,
            247.092,
            233.161,
            241.07,
            255.053,
            232.947,
            258.262,
            238.053,
            234.622,
            245.506,
            221.767,
            237.574,
            250.747,
            248.012,
            252.775,
            264.412,
            272.641,
            256.259,
            255.589,
            264.007,
            261.732,
            262.739,
            273.969,
            260.308,
            261.308,
            260.23,
            258.374,
            277.93,
            266.926,
            257.183,
            268.492,
            255.585,
            264.206,
            257.667,
            264.9,
            312.459,
            302.427,
            314.616,
            311.239,
            306.044,
            318.852,
            308.513,
            317.949,
            319.503,
            324.24,
            317.869,
            313.871,
            315.436,
            323.947,
            322.943,
            308.674,
            310.838,
            323.919,
            312.345,
            303.789,
            228.449,
            229.401,
            234.415,
            238.656,
            226.558,
            219.576,
            229.329,
            244.448,
            238.168,
            230.138,
            225.03,
            237.253,
            239.458,
            228.616,
            220.834,
            232.019,
            238.104,
            237.795,
            232.016,
            234.675
        ]
    },
    "resetTime": {
        "mean": 6.119032833333334,
        "stdev": 0.27225532621186366,
        "units": "seconds",
        "values": [
            6.09506,
            6.13069,
            5.96658,
            6.6634,
            6.07289,
            6.56516,
            6.19421,
            5.76227,
            6.50291,
            5.96536,
            6.49152,
            6.27351,
            5.95575,
            6.25711,
            6.15829,
            6.06779,
            6.34339,
            6.04028,
            6.3365,
            5.84779,
            5.86162,
            6.16952,
            6.72494,
            6.03105,
            6.32911,
            6.20348,
            6.06945,
            6.19108,
            6.27609,
            6.57853,
            6.25595,
            5.84057,
            5.96537,
            5.63693,
            5.90693,
            5.83725,
            6.36781,
            6.07801,
            6.2504,
            5.99177,
            5.9992,
            6.65808,
            6.2309,
            5.63658,
            6.1234,
            6.10957,
            6.06868,
            5.88075,
            6.06243,
            6.20231,
            5.72978,
            6.68368,
            6.15488,
            5.95976,
            6.03784,
            5.45926,
            5.79661,
            6.60636,
            6.26005,
            6.16531,
            6.40731,
            6.47448,
            5.88321,
            5.77013,
            6.07379,
            6.27078,
            6.07961,
            6.41803,
            5.98978,
            6.00265,
            6.18188,
            5.85018,
            6.76293,
            6.41645,
            5.87056,
            6.40235,
            5.81187,
            6.07251,
            5.92584,
            6.11491,
            6.10593,
            5.74559,
            6.18205,
            6.1684,
            6.14866,
            6.07449,
            6.34284,
            6.21884,
            6.26859,
            6.1999,
            6.57883,
            6.66157,
            6.04842,
            6.10503,
            6.42781,
            6.12535,
            5.8535,
            6.35843,
            5.82606,
            5.86909,
            5.68345,
            5.52712,
            6.18374,
            6.17024,
            5.85619,
            6.18367,
            5.86804,
            6.37351,
            5.81847,
            5.84125,
            5.56982,
            6.10516,
            6.33248,
            5.76968,
            5.72341,
            6.42931,
            6.47578,
            5.83058,
            6.23843,
            6.13323
        ]
    },
    "resetTimeAvg": {
        "mean": 2.3303173333333333e-06,
        "stdev": 1.0369077580858923e-07,
        "units": "seconds",
        "values": [
            2.32166e-06,
            2.33524e-06,
            2.27273e-06,
            2.53815e-06,
            2.31322e-06,
            2.50073e-06,
            2.35943e-06,
            2.1949e-06,
            2.47702e-06,
            2.27226e-06,
            2.47268e-06,
            2.38964e-06,
            2.2686e-06,
            2.38339e-06,
            2.34575e-06,
            2.31128e-06,
            2.41626e-06,
            2.3008e-06,
            2.41363e-06,
            2.22748e-06,
            2.23236e-06,
            2.34962e-06,
            2.56114e-06,
            2.29688e-06,
            2.41039e-06,
            2.36255e-06,
            2.31151e-06,
            2.35783e-06,
            2.3902e-06,
            2.50539e-06,
            2.38253e-06,
            2.22434e-06,
            2.27187e-06,
            2.14679e-06,
            2.24961e-06,
            2.22307e-06,
            2.42513e-06,
            2.31477e-06,
            2.38042e-06,
            2.28192e-06,
            2.28452e-06,
            2.53542e-06,
            2.37275e-06,
            2.14643e-06,
            2.33181e-06,
            2.32655e-06,
            2.31098e-06,
            2.23941e-06,
            2.3086e-06,
            2.36186e-06,
            2.18192e-06,
            2.54517e-06,
            2.3438e-06,
            2.2695e-06,
            2.29923e-06,
            2.07891e-06,
            2.20737e-06,
            2.51573e-06,
            2.38385e-06,
            2.34777e-06,
            2.43988e-06,
            2.46546e-06,
            2.2403e-06,
            2.19725e-06,
            2.31288e-06,
            2.38789e-06,
            2.31509e-06,
            2.44396e-06,
            2.28089e-06,
            2.28579e-06,
            2.35404e-06,
            2.22773e-06,
            2.5753e-06,
            2.44336e-06,
            2.23549e-06,
            2.43799e-06,
            2.21314e-06,
            2.31239e-06,
            2.25654e-06,
            2.32854e-06,
            2.32508e-06,
            2.18787e-06,
            2.35407e-06,
            2.34887e-06,
            2.34135e-06,
            2.31311e-06,
            2.41529e-06,
            2.36808e-06,
            2.38702e-06,
            2.36086e-06,
            2.50516e-06,
            2.53666e-06,
            2.30318e-06,
            2.32474e-06,
            2.44765e-06,
            2.33248e-06,
            2.22896e-06,
            2.42123e-06,
            2.21851e-06,
            2.23489e-06,
            2.1645e-06,
            2.10496e-06,
            2.35503e-06,
            2.34989e-06,
            2.23029e-06,
            2.355e-06,
            2.2348e-06,
            2.4273e-06,
            2.21592e-06,
            2.2246e-06,
            2.12122e-06,
            2.32511e-06,
            2.41168e-06,
            2.19734e-06,
            2.17972e-06,
            2.44856e-06,
            2.46625e-06,
            2.22053e-06,
            2.37586e-06,
            2.3358e-06
        ]
    },
    "substepAveragePerStep": {
        "mean": 21.640751666666667,
        "stdev": 23.103359839780165,
        "units": "substeps",
        "values": [
            4.35317,
            4.35317,
            4.35317,
            4.35317,
            4.35317,
            4.35317,
            4.35317,
            4.35317,
            4.35317,
            4.35317,
            4.35317,
            4.35317,
            4.35317,
            4.35317,
            4.35317,
            4.35317,
            4.35317,
            4.35317,
            4.35317,
            4.35317,
            9.09913,
            9.09913,
            9.09913,
            9.09913,
            9.09913,
            9.09913,
            9.09913,
            9.09913,
            9.09913,
            9.09913,
            9.09913,
            9.09913,
            9.09913,
            9.09913,
            9.09913,
            9.09913,
            9.09913,
            9.09913,
            9.09913,
            9.09913,
            13.0875,
            13.0875,
            13.0875,
            13.0875,
            13.0875,
            13.0875,
            13.0875,
            13.0875,
            13.0875,
            13.0875,
            13.0875,
            13.0875,
            13.0875,
            13.0875,
            13.0875,
            13.0875,
            13.0875,
            13.0875,
            13.0875,
            13.0875,
            26.808,
            26.808,
            26.808,
            26.808,
            26.808,
            26.808,
            26.808,
            26.808,
            26.808,
            26.808,
            26.808,
            26.808,
            26.808,
            26.808,
            26.808,
            26.808,
            26.808,
            26.808,
            26.808,
            26.808,
            70.4063,
            70.4063,
            70.4063,
            70.4063,
            70.4063,
            70.4063,
            70.4063,
            70.4063,
            70.4063,
            70.4063,
            70.4063,
            70.4063,
            70.4063,
            70.4063,
            70.4063,
            70.4063,
            70.4063,
            70.4063,
            70.4063,
            70.4063,
            6.09041,
            6.09041,
            6.09041,
            6.09041,
            6.09041,
            6.09041,
            6.09041,
            6.09041,
            6.09041,
            6.09041,
            6.09041,
            6.09041,
            6.09041,
            6.09041,
            6.09041,
            6.09041,
            6.09041,
            6.09041,
            6.09041,
            6.09041
        ]
    },
    "systemTime": {
        "mean": 0.043166666666666666,
        "stdev": 0.028075029526487865,
        "units": "seconds",
        "values": [
            0.02,
            0.03,
            0.03,
            0.03,
            0.02,
            0.02,
            0.03,
            0.03,
            0.02,
            0.03,
            0.02,
            0.03,
            0.03,
            0.02,
            0.03,
            0.02,
            0.02,
            0.03,
            0.03,
            0.02,
            0.02,
            0.02,
            0.04,
            0.02,
            0.02,
            0.04,
            0.03,
            0.03,
            0.02,
            0.03,
            0.03,
            0.02,
            0.02,
            0.02,
            0.02,
            0.03,
            0.02,
            0.03,
            0.03,
            0.03,
            0.04,
            0.03,
            0.03,
            0.03,
            0.03,
            0.04,
            0.02,
            0.03,
            0.04,
            0.03,
            0.04,
            0.04,
            0.03,
            0.04,
            0.03,
            0.03,
            0.02,
            0.04,
            0.04,
            0.03,
            0.05,
            0.04,
            0.06,
            0.06,
            0.05,
            0.04,
            0.05,
            0.05,
            0.04,
            0.05,
            0.05,
            0.05,
            0.04,
            0.06,
            0.03,
            0.04,
            0.06,
            0.05,
            0.05,
            0.04,
            0.08,
            0.13,
            0.1,
            0.1,
            0.1,
            0.08,
            0.1,
            0.09,
            0.1,
            0.09,
            0.09,
            0.1,
            0.1,
            0.11,
            0.1,
            0.08,
            0.08,
            0.11,
            0.13,
            0.13,
            0.03,
            0.03,
            0.02,
            0.03,
            0.02,
            0.01,
            0.03,
            0.03,
            0.03,
            0.02,
            0.03,
            0.03,
            0.03,
            0.02,
            0.03,
            0.03,
            0.03,
            0.03,
            0.02,
            0.03
        ]
    },
    "totalSteps": {
        "mean": 2625837.3333333335,
        "stdev": 282.24649020402893,
        "units": "steps",
        "values": [
            2625297,
            2625297,
            2625297,
            2625297,
            2625297,
            2625297,
            2625297,
            2625297,
            2625297,
            2625297,
            2625297,
            2625297,
            2625297,
            2625297,
            2625297,
            2625297,
            2625297,
            2625297,
            2625297,
            2625297,
            2625755,
            2625755,
            2625755,
            2625755,
            2625755,
            2625755,
            2625755,
            2625755,
            2625755,
            2625755,
            2625755,
            2625755,
            2625755,
            2625755,
            2625755,
            2625755,
            2625755,
            2625755,
            2625755,
            2625755,
            2626025,
            2626025,
            2626025,
            2626025,
            2626025,
            2626025,
            2626025,
            2626025,
            2626025,
            2626025,
            2626025,
            2626025,
            2626025,
            2626025,
            2626025,
            2626025,
            2626025,
            2626025,
            2626025,
            2626025,
            2626075,
            2626075,
            2626075,
            2626075,
            2626075,
            2626075,
            2626075,
            2626075,
            2626075,
            2626075,
            2626075,
            2626075,
            2626075,
            2626075,
            2626075,
            2626075,
            2626075,
            2626075,
            2626075,
            2626075,
            2626115,
            2626115,
            2626115,
            2626115,
            2626115,
            2626115,
            2626115,
            2626115,
            2626115,
            2626115,
            2626115,
            2626115,
            2626115,
            2626115,
            2626115,
            2626115,
            2626115,
            2626115,
            2626115,
            2626115,
            2625757,
            2625757,
            2625757,
            2625757,
            2625757,
            2625757,
            2625757,
            2625757,
            2625757,
            2625757,
            2625757,
            2625757,
            2625757,
            2625757,
            2625757,
            2625757,
            2625757,
            2625757,
            2625757,
            2625757
        ]
    },
    "totalSubsteps": {
        "mean": 56829244.333333336,
        "stdev": 60673127.17937843,
        "units": "substeps",
        "values": [
            11428353,
            11428353,
            11428353,
            11428353,
            11428353,
            11428353,
            11428353,
            11428353,
            11428353,
            11428353,
            11428353,
            11428353,
            11428353,
            11428353,
            11428353,
            11428353,
            11428353,
            11428353,
            11428353,
            11428353,
            23892084,
            23892084,
            23892084,
            23892084,
            23892084,
            23892084,
            23892084,
            23892084,
            23892084,
            23892084,
            23892084,
            23892084,
            23892084,
            23892084,
            23892084,
            23892084,
            23892084,
            23892084,
            23892084,
            23892084,
            34368087,
            34368087,
            34368087,
            34368087,
            34368087,
            34368087,
            34368087,
            34368087,
            34368087,
            34368087,
            34368087,
            34368087,
            34368087,
            34368087,
            34368087,
            34368087,
            34368087,
            34368087,
            34368087,
            34368087,
            70399941,
            70399941,
            70399941,
            70399941,
            70399941,
            70399941,
            70399941,
            70399941,
            70399941,
            70399941,
            70399941,
            70399941,
            70399941,
            70399941,
            70399941,
            70399941,
            70399941,
            70399941,
            70399941,
            70399941,
            184895076,
            184895076,
            184895076,
            184895076,
            184895076,
            184895076,
            184895076,
            184895076,
            184895076,
            184895076,
            184895076,
            184895076,
            184895076,
            184895076,
            184895076,
            184895076,
            184895076,
            184895076,
            184895076,
            184895076,
            15991925,
            15991925,
            15991925,
            15991925,
            15991925,
            15991925,
            15991925,
            15991925,
            15991925,
            15991925,
            15991925,
            15991925,
            15991925,
            15991925,
            15991925,
            15991925,
            15991925,
            15991925,
            15991925,
            15991925
        ]
    },
    "track_1_stepCount": {
        "mean": 290,
        "stdev": 0.0,
        "units": "steps",
        "values": [
            290,
            290,
            290,
            290,
            290,
            290,
            290,
            290,
            290,
            290,
            290,
            290,
            290,
            290,
            290,
            290,
            290,
            290,
            290,
            290,
            290,
            290,
            290,
            290,
            290,
            290,
            290,
            290,
            290,
            290,
            290,
            290,
            290,
            290,
            290,
            290,
            290,
            290,
            290,
            290,
            290,
            290,
            290,
            290,
            290,
            290,
            290,
            290,
            290,
            290,
            290,
            290,
            290,
            290,
            290,
            290,
            290,
            290,
            290,
            290,
            290,
            290,
            290,
            290,
            290,
            290,
            290,
            290,
            290,
            290,
            290,
            290,
            290,
            290,
            290,
            290,
            290,
            290,
            290,
            290,
            290,
            290,
            290,
            290,
            290,
            290,
            290,
            290,
            290,
            290,
            290,
            290,
            290,
            290,
            290,
            290,
            290,
            290,
            290,
            290,
            290,
            290,
            290,
            290,
            290,
            290,
            290,
            290,
            290,
            290,
            290,
            290,
            290,
            290,
            290,
            290,
            290,
            290,
            290,
            290
        ]
    },
    "track_1_substepCount": {
        "mean": 3668.5,
        "stdev": 2820.0743628076025,
        "units": "substeps",
        "values": [
            1499,
            1499,
            1499,
            1499,
            1499,
            1499,
            1499,
            1499,
            1499,
            1499,
            1499,
            1499,
            1499,
            1499,
            1499,
            1499,
            1499,
            1499,
            1499,
            1499,
            2323,
            2323,
            2323,
            2323,
            2323,
            2323,
            2323,
            2323,
            2323,
            2323,
            2323,
            2323,
            2323,
            2323,
            2323,
            2323,
            2323,
            2323,
            2323,
            2323,
            2709,
            2709,
            2709,
            2709,
            2709,
            2709,
            2709,
            2709,
            2709,
            2709,
            2709,
            2709,
            2709,
            2709,
            2709,
            2709,
            2709,
            2709,
            2709,
            2709,
            4347,
            4347,
            4347,
            4347,
            4347,
            4347,
            4347,
            4347,
            4347,
            4347,
            4347,
            4347,
            4347,
            4347,
            4347,
            4347,
            4347,
            4347,
            4347,
            4347,
            9580,
            9580,
            9580,
            9580,
            9580,
            9580,
            9580,
            9580,
            9580,
            9580,
            9580,
            9580,
            9580,
            9580,
            9580,
            9580,
            9580,
            9580,
            9580,
            9580,
            1553,
            1553,
            1553,
            1553,
            1553,
            1553,
            1553,
            1553,
            1553,
            1553,
            1553,
            1553,
            1553,
            1553,
            1553,
            1553,
            1553,
            1553,
            1553,
            1553
        ]
    },
    "userTime": {
        "mean": 253.12516666666667,
        "stdev": 30.586571035392005,
        "units": "seconds",
        "values": [
            233.56,
            223.42,
            219.51,
            241.33,
            237.08,
            229.28,
            230.61,
            210.45,
            230.8,
            216.75,
            244.64,
            240.38,
            219.42,
            236.23,
            234.5,
            230.69,
            232.13,
            227.24,
            233.98,
            218.12,
            230.8,
            234.69,
            239.25,
            228.26,
            247.25,
            231.33,
            239.41,
            233.84,
            248.27,
            244.78,
            241.34,
            226.58,
            231.48,
            229.16,
            238.51,
            229.01,
            247.6,
            243.94,
            235.65,
            241.99,
            241.23,
            253.52,
            253.29,
            235.81,
            242.75,
            222.89,
            247.08,
            233.15,
            241.05,
            255.03,
            232.93,
            258.23,
            238.03,
            234.6,
            245.49,
            221.75,
            237.56,
            250.73,
            247.98,
            252.76,
            264.38,
            272.61,
            256.21,
            255.54,
            263.96,
            261.7,
            262.71,
            273.93,
            260.27,
            261.27,
            260.2,
            258.34,
            277.9,
            266.87,
            257.16,
            268.46,
            255.54,
            264.16,
            257.63,
            264.86,
            312.39,
            302.3,
            314.53,
            311.15,
            305.95,
            318.78,
            308.43,
            317.86,
            319.4,
            324.16,
            317.79,
            313.77,
            315.34,
            323.85,
            322.84,
            308.6,
            310.77,
            323.83,
            312.22,
            303.67,
            228.43,
            229.38,
            234.4,
            238.64,
            226.54,
            219.55,
            229.3,
            244.43,
            238.15,
            230.13,
            225.02,
            237.24,
            239.43,
            228.6,
            220.82,
            232.0,
            238.08,
            237.78,
            232.0,
            234.65
        ]
    },
    "varVX_dQMinChanges": {
        "mean": 93449.66666666667,
        "stdev": 105600.84776631097,
        "units": "changes",
        "values": [
            21487.0,
            21487.0,
            21487.0,
            21487.0,
            21487.0,
            21487.0,
            21487.0,
            21487.0,
            21487.0,
            21487.0,
            21487.0,
            21487.0,
            21487.0,
            21487.0,
            21487.0,
            21487.0,
            21487.0,
            21487.0,
            21487.0,
            21487.0,
            35104.0,
            35104.0,
            35104.0,
            35104.0,
            35104.0,
            35104.0,
            35104.0,
            35104.0,
            35104.0,
            35104.0,
            35104.0,
            35104.0,
            35104.0,
            35104.0,
            35104.0,
            35104.0,
            35104.0,
            35104.0,
            35104.0,
            35104.0,
            52382.0,
            52382.0,
            52382.0,
            52382.0,
            52382.0,
            52382.0,
            52382.0,
            52382.0,
            52382.0,
            52382.0,
            52382.0,
            52382.0,
            52382.0,
            52382.0,
            52382.0,
            52382.0,
            52382.0,
            52382.0,
            52382.0,
            52382.0,
            108748.0,
            108748.0,
            108748.0,
            108748.0,
            108748.0,
            108748.0,
            108748.0,
            108748.0,
            108748.0,
            108748.0,
            108748.0,
            108748.0,
            108748.0,
            108748.0,
            108748.0,
            108748.0,
            108748.0,
            108748.0,
            108748.0,
            108748.0,
            319252.0,
            319252.0,
            319252.0,
            319252.0,
            319252.0,
            319252.0,
            319252.0,
            319252.0,
            319252.0,
            319252.0,
            319252.0,
            319252.0,
            319252.0,
            319252.0,
            319252.0,
            319252.0,
            319252.0,
            319252.0,
            319252.0,
            319252.0,
            23725.0,
            23725.0,
            23725.0,
            23725.0,
            23725.0,
            23725.0,
            23725.0,
            23725.0,
            23725.0,
            23725.0,
            23725.0,
            23725.0,
            23725.0,
            23725.0,
            23725.0,
            23725.0,
            23725.0,
            23725.0,
            23725.0,
            23725.0
        ]
    },
    "varVX_dQRelChanges": {
        "mean": 19131321.833333332,
        "stdev": 24859825.1786038,
        "units": "changes",
        "values": [
            1526284.0,
            1526284.0,
            1526284.0,
            1526284.0,
            1526284.0,
            1526284.0,
            1526284.0,
            1526284.0,
            1526284.0,
            1526284.0,
            1526284.0,
            1526284.0,
            1526284.0,
            1526284.0,
            1526284.0,
            1526284.0,
            1526284.0,
            1526284.0,
            1526284.0,
            1526284.0,
            5220378.0,
            5220378.0,
            5220378.0,
            5220378.0,
            5220378.0,
            5220378.0,
            5220378.0,
            5220378.0,
            5220378.0,
            5220378.0,
            5220378.0,
            5220378.0,
            5220378.0,
            5220378.0,
            5220378.0,
            5220378.0,
            5220378.0,
            5220378.0,
            5220378.0,
            5220378.0,
            9335032.0,
            9335032.0,
            9335032.0,
            9335032.0,
            9335032.0,
            9335032.0,
            9335032.0,
            9335032.0,
            9335032.0,
            9335032.0,
            9335032.0,
            9335032.0,
            9335032.0,
            9335032.0,
            9335032.0,
            9335032.0,
            9335032.0,
            9335032.0,
            9335032.0,
            9335032.0,
            24242615.0,
            24242615.0,
            24242615.0,
            24242615.0,
            24242615.0,
            24242615.0,
            24242615.0,
            24242615.0,
            24242615.0,
            24242615.0,
            24242615.0,
            24242615.0,
            24242615.0,
            24242615.0,
            24242615.0,
            24242615.0,
            24242615.0,
            24242615.0,
            24242615.0,
            24242615.0,
            71846585.0,
            71846585.0,
            71846585.0,
            71846585.0,
            71846585.0,
            71846585.0,
            71846585.0,
            71846585.0,
            71846585.0,
            71846585.0,
            71846585.0,
            71846585.0,
            71846585.0,
            71846585.0,
            71846585.0,
            71846585.0,
            71846585.0,
            71846585.0,
            71846585.0,
            71846585.0,
            2617037.0,
            2617037.0,
            2617037.0,
            2617037.0,
            2617037.0,
            2617037.0,
            2617037.0,
            2617037.0,
            2617037.0,
            2617037.0,
            2617037.0,
            2617037.0,
            2617037.0,
            2617037.0,
            2617037.0,
            2617037.0,
            2617037.0,
            2617037.0,
            2617037.0,
            2617037.0
        ]
    },
    "varVX_maxError": {
        "mean": 80.44945666666666,
        "stdev": 148.2384780822206,
        "units": "mm?",
        "values": [
            408.579,
            408.579,
            408.579,
            408.579,
            408.579,
            408.579,
            408.579,
            408.579,
            408.579,
            408.579,
            408.579,
            408.579,
            408.579,
            408.579,
            408.579,
            408.579,
            408.579,
            408.579,
            408.579,
            408.579,
            17.2351,
            17.2351,
            17.2351,
            17.2351,
            17.2351,
            17.2351,
            17.2351,
            17.2351,
            17.2351,
            17.2351,
            17.2351,
            17.2351,
            17.2351,
            17.2351,
            17.2351,
            17.2351,
            17.2351,
            17.2351,
            17.2351,
            17.2351,
            5.33621,
            5.33621,
            5.33621,
            5.33621,
            5.33621,
            5.33621,
            5.33621,
            5.33621,
            5.33621,
            5.33621,
            5.33621,
            5.33621,
            5.33621,
            5.33621,
            5.33621,
            5.33621,
            5.33621,
            5.33621,
            5.33621,
            5.33621,
            1.22037,
            1.22037,
            1.22037,
            1.22037,
            1.22037,
            1.22037,
            1.22037,
            1.22037,
            1.22037,
            1.22037,
            1.22037,
            1.22037,
            1.22037,
            1.22037,
            1.22037,
            1.22037,
            1.22037,
            1.22037,
            1.22037,
            1.22037,
            2.23196,
            2.23196,
            2.23196,
            2.23196,
            2.23196,
            2.23196,
            2.23196,
            2.23196,
            2.23196,
            2.23196,
            2.23196,
            2.23196,
            2.23196,
            2.23196,
            2.23196,
            2.23196,
            2.23196,
            2.23196,
            2.23196,
            2.23196,
            48.0941,
            48.0941,
            48.0941,
            48.0941,
            48.0941,
            48.0941,
            48.0941,
            48.0941,
            48.0941,
            48.0941,
            48.0941,
            48.0941,
            48.0941,
            48.0941,
            48.0941,
            48.0941,
            48.0941,
            48.0941,
            48.0941,
            48.0941
        ]
    },
    "varVY_dQMinChanges": {
        "mean": 93449.66666666667,
        "stdev": 105600.84776631097,
        "units": "changes",
        "values": [
            21487.0,
            21487.0,
            21487.0,
            21487.0,
            21487.0,
            21487.0,
            21487.0,
            21487.0,
            21487.0,
            21487.0,
            21487.0,
            21487.0,
            21487.0,
            21487.0,
            21487.0,
            21487.0,
            21487.0,
            21487.0,
            21487.0,
            21487.0,
            35104.0,
            35104.0,
            35104.0,
            35104.0,
            35104.0,
            35104.0,
            35104.0,
            35104.0,
            35104.0,
            35104.0,
            35104.0,
            35104.0,
            35104.0,
            35104.0,
            35104.0,
            35104.0,
            35104.0,
            35104.0,
            35104.0,
            35104.0,
            52382.0,
            52382.0,
            52382.0,
            52382.0,
            52382.0,
            52382.0,
            52382.0,
            52382.0,
            52382.0,
            52382.0,
            52382.0,
            52382.0,
            52382.0,
            52382.0,
            52382.0,
            52382.0,
            52382.0,
            52382.0,
            52382.0,
            52382.0,
            108748.0,
            108748.0,
            108748.0,
            108748.0,
            108748.0,
            108748.0,
            108748.0,
            108748.0,
            108748.0,
            108748.0,
            108748.0,
            108748.0,
            108748.0,
            108748.0,
            108748.0,
            108748.0,
            108748.0,
            108748.0,
            108748.0,
            108748.0,
            319252.0,
            319252.0,
            319252.0,
            319252.0,
            319252.0,
            319252.0,
            319252.0,
            319252.0,
            319252.0,
            319252.0,
            319252.0,
            319252.0,
            319252.0,
            319252.0,
            319252.0,
            319252.0,
            319252.0,
            319252.0,
            319252.0,
            319252.0,
            23725.0,
            23725.0,
            23725.0,
            23725.0,
            23725.0,
            23725.0,
            23725.0,
            23725.0,
            23725.0,
            23725.0,
            23725.0,
            23725.0,
            23725.0,
            23725.0,
            23725.0,
            23725.0,
            23725.0,
            23725.0,
            23725.0,
            23725.0
        ]
    },
    "varVY_dQRelChanges": {
        "mean": 19131321.833333332,
        "stdev": 24859825.1786038,
        "units": "changes",
        "values": [
            1526284.0,
            1526284.0,
            1526284.0,
            1526284.0,
            1526284.0,
            1526284.0,
            1526284.0,
            1526284.0,
            1526284.0,
            1526284.0,
            1526284.0,
            1526284.0,
            1526284.0,
            1526284.0,
            1526284.0,
            1526284.0,
            1526284.0,
            1526284.0,
            1526284.0,
            1526284.0,
            5220378.0,
            5220378.0,
            5220378.0,
            5220378.0,
            5220378.0,
            5220378.0,
            5220378.0,
            5220378.0,
            5220378.0,
            5220378.0,
            5220378.0,
            5220378.0,
            5220378.0,
            5220378.0,
            5220378.0,
            5220378.0,
            5220378.0,
            5220378.0,
            5220378.0,
            5220378.0,
            9335032.0,
            9335032.0,
            9335032.0,
            9335032.0,
            9335032.0,
            9335032.0,
            9335032.0,
            9335032.0,
            9335032.0,
            9335032.0,
            9335032.0,
            9335032.0,
            9335032.0,
            9335032.0,
            9335032.0,
            9335032.0,
            9335032.0,
            9335032.0,
            9335032.0,
            9335032.0,
            24242615.0,
            24242615.0,
            24242615.0,
            24242615.0,
            24242615.0,
            24242615.0,
            24242615.0,
            24242615.0,
            24242615.0,
            24242615.0,
            24242615.0,
            24242615.0,
            24242615.0,
            24242615.0,
            24242615.0,
            24242615.0,
            24242615.0,
            24242615.0,
            24242615.0,
            24242615.0,
            71846585.0,
            71846585.0,
            71846585.0,
            71846585.0,
            71846585.0,
            71846585.0,
            71846585.0,
            71846585.0,
            71846585.0,
            71846585.0,
            71846585.0,
            71846585.0,
            71846585.0,
            71846585.0,
            71846585.0,
            71846585.0,
            71846585.0,
            71846585.0,
            71846585.0,
            71846585.0,
            2617037.0,
            2617037.0,
            2617037.0,
            2617037.0,
            2617037.0,
            2617037.0,
            2617037.0,
            2617037.0,
            2617037.0,
            2617037.0,
            2617037.0,
            2617037.0,
            2617037.0,
            2617037.0,
            2617037.0,
            2617037.0,
            2617037.0,
            2617037.0,
            2617037.0,
            2617037.0
        ]
    },
    "varVY_maxError": {
        "mean": 80.44945666666666,
        "stdev": 148.2384780822206,
        "units": "mm?",
        "values": [
            408.579,
            408.579,
            408.579,
            408.579,
            408.579,
            408.579,
            408.579,
            408.579,
            408.579,
            408.579,
            408.579,
            408.579,
            408.579,
            408.579,
            408.579,
            408.579,
            408.579,
            408.579,
            408.579,
            408.579,
            17.2351,
            17.2351,
            17.2351,
            17.2351,
            17.2351,
            17.2351,
            17.2351,
            17.2351,
            17.2351,
            17.2351,
            17.2351,
            17.2351,
            17.2351,
            17.2351,
            17.2351,
            17.2351,
            17.2351,
            17.2351,
            17.2351,
            17.2351,
            5.33621,
            5.33621,
            5.33621,
            5.33621,
            5.33621,
            5.33621,
            5.33621,
            5.33621,
            5.33621,
            5.33621,
            5.33621,
            5.33621,
            5.33621,
            5.33621,
            5.33621,
            5.33621,
            5.33621,
            5.33621,
            5.33621,
            5.33621,
            1.22037,
            1.22037,
            1.22037,
            1.22037,
            1.22037,
            1.22037,
            1.22037,
            1.22037,
            1.22037,
            1.22037,
            1.22037,
            1.22037,
            1.22037,
            1.22037,
            1.22037,
            1.22037,
            1.22037,
            1.22037,
            1.22037,
            1.22037,
            2.23196,
            2.23196,
            2.23196,
            2.23196,
            2.23196,
            2.23196,
            2.23196,
            2.23196,
            2.23196,
            2.23196,
            2.23196,
            2.23196,
            2.23196,
            2.23196,
            2.23196,
            2.23196,
            2.23196,
            2.23196,
            2.23196,
            2.23196,
            48.0941,
            48.0941,
            48.0941,
            48.0941,
            48.0941,
            48.0941,
            48.0941,
            48.0941,
            48.0941,
            48.0941,
            48.0941,
            48.0941,
            48.0941,
            48.0941,
            48.0941,
            48.0941,
            48.0941,
            48.0941,
            48.0941,
            48.0941
        ]
    },
    "varVZ_dQMinChanges": {
        "mean": 93449.66666666667,
        "stdev": 105600.84776631097,
        "units": "changes",
        "values": [
            21487.0,
            21487.0,
            21487.0,
            21487.0,
            21487.0,
            21487.0,
            21487.0,
            21487.0,
            21487.0,
            21487.0,
            21487.0,
            21487.0,
            21487.0,
            21487.0,
            21487.0,
            21487.0,
            21487.0,
            21487.0,
            21487.0,
            21487.0,
            35104.0,
            35104.0,
            35104.0,
            35104.0,
            35104.0,
            35104.0,
            35104.0,
            35104.0,
            35104.0,
            35104.0,
            35104.0,
            35104.0,
            35104.0,
            35104.0,
            35104.0,
            35104.0,
            35104.0,
            35104.0,
            35104.0,
            35104.0,
            52382.0,
            52382.0,
            52382.0,
            52382.0,
            52382.0,
            52382.0,
            52382.0,
            52382.0,
            52382.0,
            52382.0,
            52382.0,
            52382.0,
            52382.0,
            52382.0,
            52382.0,
            52382.0,
            52382.0,
            52382.0,
            52382.0,
            52382.0,
            108748.0,
            108748.0,
            108748.0,
            108748.0,
            108748.0,
            108748.0,
            108748.0,
            108748.0,
            108748.0,
            108748.0,
            108748.0,
            108748.0,
            108748.0,
            108748.0,
            108748.0,
            108748.0,
            108748.0,
            108748.0,
            108748.0,
            108748.0,
            319252.0,
            319252.0,
            319252.0,
            319252.0,
            319252.0,
            319252.0,
            319252.0,
            319252.0,
            319252.0,
            319252.0,
            319252.0,
            319252.0,
            319252.0,
            319252.0,
            319252.0,
            319252.0,
            319252.0,
            319252.0,
            319252.0,
            319252.0,
            23725.0,
            23725.0,
            23725.0,
            23725.0,
            23725.0,
            23725.0,
            23725.0,
            23725.0,
            23725.0,
            23725.0,
            23725.0,
            23725.0,
            23725.0,
            23725.0,
            23725.0,
            23725.0,
            23725.0,
            23725.0,
            23725.0,
            23725.0
        ]
    },
    "varVZ_dQRelChanges": {
        "mean": 19131321.833333332,
        "stdev": 24859825.1786038,
        "units": "changes",
        "values": [
            1526284.0,
            1526284.0,
            1526284.0,
            1526284.0,
            1526284.0,
            1526284.0,
            1526284.0,
            1526284.0,
            1526284.0,
            1526284.0,
            1526284.0,
            1526284.0,
            1526284.0,
            1526284.0,
            1526284.0,
            1526284.0,
            1526284.0,
            1526284.0,
            1526284.0,
            1526284.0,
            5220378.0,
            5220378.0,
            5220378.0,
            5220378.0,
            5220378.0,
            5220378.0,
            5220378.0,
            5220378.0,
            5220378.0,
            5220378.0,
            5220378.0,
            5220378.0,
            5220378.0,
            5220378.0,
            5220378.0,
            5220378.0,
            5220378.0,
            5220378.0,
            5220378.0,
            5220378.0,
            9335032.0,
            9335032.0,
            9335032.0,
            9335032.0,
            9335032.0,
            9335032.0,
            9335032.0,
            9335032.0,
            9335032.0,
            9335032.0,
            9335032.0,
            9335032.0,
            9335032.0,
            9335032.0,
            9335032.0,
            9335032.0,
            9335032.0,
            9335032.0,
            9335032.0,
            9335032.0,
            24242615.0,
            24242615.0,
            24242615.0,
            24242615.0,
            24242615.0,
            24242615.0,
            24242615.0,
            24242615.0,
            24242615.0,
            24242615.0,
            24242615.0,
            24242615.0,
            24242615.0,
            24242615.0,
            24242615.0,
            24242615.0,
            24242615.0,
            24242615.0,
            24242615.0,
            24242615.0,
            71846585.0,
            71846585.0,
            71846585.0,
            71846585.0,
            71846585.0,
            71846585.0,
            71846585.0,
            71846585.0,
            71846585.0,
            71846585.0,
            71846585.0,
            71846585.0,
            71846585.0,
            71846585.0,
            71846585.0,
            71846585.0,
            71846585.0,
            71846585.0,
            71846585.0,
            71846585.0,
            2617037.0,
            2617037.0,
            2617037.0,
            2617037.0,
            2617037.0,
            2617037.0,
            2617037.0,
            2617037.0,
            2617037.0,
            2617037.0,
            2617037.0,
            2617037.0,
            2617037.0,
            2617037.0,
            2617037.0,
            2617037.0,
            2617037.0,
            2617037.0,
            2617037.0,
            2617037.0
        ]
    },
    "varVZ_maxError": {
        "mean": 80.44945666666666,
        "stdev": 148.2384780822206,
        "units": "mm?",
        "values": [
            408.579,
            408.579,
            408.579,
            408.579,
            408.579,
            408.579,
            408.579,
            408.579,
            408.579,
            408.579,
            408.579,
            408.579,
            408.579,
            408.579,
            408.579,
            408.579,
            408.579,
            408.579,
            408.579,
            408.579,
            17.2351,
            17.2351,
            17.2351,
            17.2351,
            17.2351,
            17.2351,
            17.2351,
            17.2351,
            17.2351,
            17.2351,
            17.2351,
            17.2351,
            17.2351,
            17.2351,
            17.2351,
            17.2351,
            17.2351,
            17.2351,
            17.2351,
            17.2351,
            5.33621,
            5.33621,
            5.33621,
            5.33621,
            5.33621,
            5.33621,
            5.33621,
            5.33621,
            5.33621,
            5.33621,
            5.33621,
            5.33621,
            5.33621,
            5.33621,
            5.33621,
            5.33621,
            5.33621,
            5.33621,
            5.33621,
            5.33621,
            1.22037,
            1.22037,
            1.22037,
            1.22037,
            1.22037,
            1.22037,
            1.22037,
            1.22037,
            1.22037,
            1.22037,
            1.22037,
            1.22037,
            1.22037,
            1.22037,
            1.22037,
            1.22037,
            1.22037,
            1.22037,
            1.22037,
            1.22037,
            2.23196,
            2.23196,
            2.23196,
            2.23196,
            2.23196,
            2.23196,
            2.23196,
            2.23196,
            2.23196,
            2.23196,
            2.23196,
            2.23196,
            2.23196,
            2.23196,
            2.23196,
            2.23196,
            2.23196,
            2.23196,
            2.23196,
            2.23196,
            48.0941,
            48.0941,
            48.0941,
            48.0941,
            48.0941,
            48.0941,
            48.0941,
            48.0941,
            48.0941,
            48.0941,
            48.0941,
            48.0941,
            48.0941,
            48.0941,
            48.0941,
            48.0941,
            48.0941,
            48.0941,
            48.0941,
            48.0941
        ]
    },
    "varX_dQMinChanges": {
        "mean": 93449.66666666667,
        "stdev": 105600.84776631097,
        "units": "changes",
        "values": [
            21487.0,
            21487.0,
            21487.0,
            21487.0,
            21487.0,
            21487.0,
            21487.0,
            21487.0,
            21487.0,
            21487.0,
            21487.0,
            21487.0,
            21487.0,
            21487.0,
            21487.0,
            21487.0,
            21487.0,
            21487.0,
            21487.0,
            21487.0,
            35104.0,
            35104.0,
            35104.0,
            35104.0,
            35104.0,
            35104.0,
            35104.0,
            35104.0,
            35104.0,
            35104.0,
            35104.0,
            35104.0,
            35104.0,
            35104.0,
            35104.0,
            35104.0,
            35104.0,
            35104.0,
            35104.0,
            35104.0,
            52382.0,
            52382.0,
            52382.0,
            52382.0,
            52382.0,
            52382.0,
            52382.0,
            52382.0,
            52382.0,
            52382.0,
            52382.0,
            52382.0,
            52382.0,
            52382.0,
            52382.0,
            52382.0,
            52382.0,
            52382.0,
            52382.0,
            52382.0,
            108748.0,
            108748.0,
            108748.0,
            108748.0,
            108748.0,
            108748.0,
            108748.0,
            108748.0,
            108748.0,
            108748.0,
            108748.0,
            108748.0,
            108748.0,
            108748.0,
            108748.0,
            108748.0,
            108748.0,
            108748.0,
            108748.0,
            108748.0,
            319252.0,
            319252.0,
            319252.0,
            319252.0,
            319252.0,
            319252.0,
            319252.0,
            319252.0,
            319252.0,
            319252.0,
            319252.0,
            319252.0,
            319252.0,
            319252.0,
            319252.0,
            319252.0,
            319252.0,
            319252.0,
            319252.0,
            319252.0,
            23725.0,
            23725.0,
            23725.0,
            23725.0,
            23725.0,
            23725.0,
            23725.0,
            23725.0,
            23725.0,
            23725.0,
            23725.0,
            23725.0,
            23725.0,
            23725.0,
            23725.0,
            23725.0,
            23725.0,
            23725.0,
            23725.0,
            23725.0
        ]
    },
    "varX_dQRelChanges": {
        "mean": 19131321.833333332,
        "stdev": 24859825.1786038,
        "units": "changes",
        "values": [
            1526284.0,
            1526284.0,
            1526284.0,
            1526284.0,
            1526284.0,
            1526284.0,
            1526284.0,
            1526284.0,
            1526284.0,
            1526284.0,
            1526284.0,
            1526284.0,
            1526284.0,
            1526284.0,
            1526284.0,
            1526284.0,
            1526284.0,
            1526284.0,
            1526284.0,
            1526284.0,
            5220378.0,
            5220378.0,
            5220378.0,
            5220378.0,
            5220378.0,
            5220378.0,
            5220378.0,
            5220378.0,
            5220378.0,
            5220378.0,
            5220378.0,
            5220378.0,
            5220378.0,
            5220378.0,
            5220378.0,
            5220378.0,
            5220378.0,
            5220378.0,
            5220378.0,
            5220378.0,
            9335032.0,
            9335032.0,
            9335032.0,
            9335032.0,
            9335032.0,
            9335032.0,
            9335032.0,
            9335032.0,
            9335032.0,
            9335032.0,
            9335032.0,
            9335032.0,
            9335032.0,
            9335032.0,
            9335032.0,
            9335032.0,
            9335032.0,
            9335032.0,
            9335032.0,
            9335032.0,
            24242615.0,
            24242615.0,
            24242615.0,
            24242615.0,
            24242615.0,
            24242615.0,
            24242615.0,
            24242615.0,
            24242615.0,
            24242615.0,
            24242615.0,
            24242615.0,
            24242615.0,
            24242615.0,
            24242615.0,
            24242615.0,
            24242615.0,
            24242615.0,
            24242615.0,
            24242615.0,
            71846585.0,
            71846585.0,
            71846585.0,
            71846585.0,
            71846585.0,
            71846585.0,
            71846585.0,
            71846585.0,
            71846585.0,
            71846585.0,
            71846585.0,
            71846585.0,
            71846585.0,
            71846585.0,
            71846585.0,
            71846585.0,
            71846585.0,
            71846585.0,
            71846585.0,
            71846585.0,
            2617037.0,
            2617037.0,
            2617037.0,
            2617037.0,
            2617037.0,
            2617037.0,
            2617037.0,
            2617037.0,
            2617037.0,
            2617037.0,
            2617037.0,
            2617037.0,
            2617037.0,
            2617037.0,
            2617037.0,
            2617037.0,
            2617037.0,
            2617037.0,
            2617037.0,
            2617037.0
        ]
    },
    "varX_maxError": {
        "mean": 80.44945666666666,
        "stdev": 148.2384780822206,
        "units": "mm?",
        "values": [
            408.579,
            408.579,
            408.579,
            408.579,
            408.579,
            408.579,
            408.579,
            408.579,
            408.579,
            408.579,
            408.579,
            408.579,
            408.579,
            408.579,
            408.579,
            408.579,
            408.579,
            408.579,
            408.579,
            408.579,
            17.2351,
            17.2351,
            17.2351,
            17.2351,
            17.2351,
            17.2351,
            17.2351,
            17.2351,
            17.2351,
            17.2351,
            17.2351,
            17.2351,
            17.2351,
            17.2351,
            17.2351,
            17.2351,
            17.2351,
            17.2351,
            17.2351,
            17.2351,
            5.33621,
            5.33621,
            5.33621,
            5.33621,
            5.33621,
            5.33621,
            5.33621,
            5.33621,
            5.33621,
            5.33621,
            5.33621,
            5.33621,
            5.33621,
            5.33621,
            5.33621,
            5.33621,
            5.33621,
            5.33621,
            5.33621,
            5.33621,
            1.22037,
            1.22037,
            1.22037,
            1.22037,
            1.22037,
            1.22037,
            1.22037,
            1.22037,
            1.22037,
            1.22037,
            1.22037,
            1.22037,
            1.22037,
            1.22037,
            1.22037,
            1.22037,
            1.22037,
            1.22037,
            1.22037,
            1.22037,
            2.23196,
            2.23196,
            2.23196,
            2.23196,
            2.23196,
            2.23196,
            2.23196,
            2.23196,
            2.23196,
            2.23196,
            2.23196,
            2.23196,
            2.23196,
            2.23196,
            2.23196,
            2.23196,
            2.23196,
            2.23196,
            2.23196,
            2.23196,
            48.0941,
            48.0941,
            48.0941,
            48.0941,
            48.0941,
            48.0941,
            48.0941,
            48.0941,
            48.0941,
            48.0941,
            48.0941,
            48.0941,
            48.0941,
            48.0941,
            48.0941,
            48.0941,
            48.0941,
            48.0941,
            48.0941,
            48.0941
        ]
    },
    "varY_dQMinChanges": {
        "mean": 93449.66666666667,
        "stdev": 105600.84776631097,
        "units": "changes",
        "values": [
            21487.0,
            21487.0,
            21487.0,
            21487.0,
            21487.0,
            21487.0,
            21487.0,
            21487.0,
            21487.0,
            21487.0,
            21487.0,
            21487.0,
            21487.0,
            21487.0,
            21487.0,
            21487.0,
            21487.0,
            21487.0,
            21487.0,
            21487.0,
            35104.0,
            35104.0,
            35104.0,
            35104.0,
            35104.0,
            35104.0,
            35104.0,
            35104.0,
            35104.0,
            35104.0,
            35104.0,
            35104.0,
            35104.0,
            35104.0,
            35104.0,
            35104.0,
            35104.0,
            35104.0,
            35104.0,
            35104.0,
            52382.0,
            52382.0,
            52382.0,
            52382.0,
            52382.0,
            52382.0,
            52382.0,
            52382.0,
            52382.0,
            52382.0,
            52382.0,
            52382.0,
            52382.0,
            52382.0,
            52382.0,
            52382.0,
            52382.0,
            52382.0,
            52382.0,
            52382.0,
            108748.0,
            108748.0,
            108748.0,
            108748.0,
            108748.0,
            108748.0,
            108748.0,
            108748.0,
            108748.0,
            108748.0,
            108748.0,
            108748.0,
            108748.0,
            108748.0,
            108748.0,
            108748.0,
            108748.0,
            108748.0,
            108748.0,
            108748.0,
            319252.0,
            319252.0,
            319252.0,
            319252.0,
            319252.0,
            319252.0,
            319252.0,
            319252.0,
            319252.0,
            319252.0,
            319252.0,
            319252.0,
            319252.0,
            319252.0,
            319252.0,
            319252.0,
            319252.0,
            319252.0,
            319252.0,
            319252.0,
            23725.0,
            23725.0,
            23725.0,
            23725.0,
            23725.0,
            23725.0,
            23725.0,
            23725.0,
            23725.0,
            23725.0,
            23725.0,
            23725.0,
            23725.0,
            23725.0,
            23725.0,
            23725.0,
            23725.0,
            23725.0,
            23725.0,
            23725.0
        ]
    },
    "varY_dQRelChanges": {
        "mean": 19131321.833333332,
        "stdev": 24859825.1786038,
        "units": "changes",
        "values": [
            1526284.0,
            1526284.0,
            1526284.0,
            1526284.0,
            1526284.0,
            1526284.0,
            1526284.0,
            1526284.0,
            1526284.0,
            1526284.0,
            1526284.0,
            1526284.0,
            1526284.0,
            1526284.0,
            1526284.0,
            1526284.0,
            1526284.0,
            1526284.0,
            1526284.0,
            1526284.0,
            5220378.0,
            5220378.0,
            5220378.0,
            5220378.0,
            5220378.0,
            5220378.0,
            5220378.0,
            5220378.0,
            5220378.0,
            5220378.0,
            5220378.0,
            5220378.0,
            5220378.0,
            5220378.0,
            5220378.0,
            5220378.0,
            5220378.0,
            5220378.0,
            5220378.0,
            5220378.0,
            9335032.0,
            9335032.0,
            9335032.0,
            9335032.0,
            9335032.0,
            9335032.0,
            9335032.0,
            9335032.0,
            9335032.0,
            9335032.0,
            9335032.0,
            9335032.0,
            9335032.0,
            9335032.0,
            9335032.0,
            9335032.0,
            9335032.0,
            9335032.0,
            9335032.0,
            9335032.0,
            24242615.0,
            24242615.0,
            24242615.0,
            24242615.0,
            24242615.0,
            24242615.0,
            24242615.0,
            24242615.0,
            24242615.0,
            24242615.0,
            24242615.0,
            24242615.0,
            24242615.0,
            24242615.0,
            24242615.0,
            24242615.0,
            24242615.0,
            24242615.0,
            24242615.0,
            24242615.0,
            71846585.0,
            71846585.0,
            71846585.0,
            71846585.0,
            71846585.0,
            71846585.0,
            71846585.0,
            71846585.0,
            71846585.0,
            71846585.0,
            71846585.0,
            71846585.0,
            71846585.0,
            71846585.0,
            71846585.0,
            71846585.0,
            71846585.0,
            71846585.0,
            71846585.0,
            71846585.0,
            2617037.0,
            2617037.0,
            2617037.0,
            2617037.0,
            2617037.0,
            2617037.0,
            2617037.0,
            2617037.0,
            2617037.0,
            2617037.0,
            2617037.0,
            2617037.0,
            2617037.0,
            2617037.0,
            2617037.0,
            2617037.0,
            2617037.0,
            2617037.0,
            2617037.0,
            2617037.0
        ]
    },
    "varY_maxError": {
        "mean": 80.44945666666666,
        "stdev": 148.2384780822206,
        "units": "mm?",
        "values": [
            408.579,
            408.579,
            408.579,
            408.579,
            408.579,
            408.579,
            408.579,
            408.579,
            408.579,
            408.579,
            408.579,
            408.579,
            408.579,
            408.579,
            408.579,
            408.579,
            408.579,
            408.579,
            408.579,
            408.579,
            17.2351,
            17.2351,
            17.2351,
            17.2351,
            17.2351,
            17.2351,
            17.2351,
            17.2351,
            17.2351,
            17.2351,
            17.2351,
            17.2351,
            17.2351,
            17.2351,
            17.2351,
            17.2351,
            17.2351,
            17.2351,
            17.2351,
            17.2351,
            5.33621,
            5.33621,
            5.33621,
            5.33621,
            5.33621,
            5.33621,
            5.33621,
            5.33621,
            5.33621,
            5.33621,
            5.33621,
            5.33621,
            5.33621,
            5.33621,
            5.33621,
            5.33621,
            5.33621,
            5.33621,
            5.33621,
            5.33621,
            1.22037,
            1.22037,
            1.22037,
            1.22037,
            1.22037,
            1.22037,
            1.22037,
            1.22037,
            1.22037,
            1.22037,
            1.22037,
            1.22037,
            1.22037,
            1.22037,
            1.22037,
            1.22037,
            1.22037,
            1.22037,
            1.22037,
            1.22037,
            2.23196,
            2.23196,
            2.23196,
            2.23196,
            2.23196,
            2.23196,
            2.23196,
            2.23196,
            2.23196,
            2.23196,
            2.23196,
            2.23196,
            2.23196,
            2.23196,
            2.23196,
            2.23196,
            2.23196,
            2.23196,
            2.23196,
            2.23196,
            48.0941,
            48.0941,
            48.0941,
            48.0941,
            48.0941,
            48.0941,
            48.0941,
            48.0941,
            48.0941,
            48.0941,
            48.0941,
            48.0941,
            48.0941,
            48.0941,
            48.0941,
            48.0941,
            48.0941,
            48.0941,
            48.0941,
            48.0941
        ]
    },
    "varZ_dQMinChanges": {
        "mean": 93449.66666666667,
        "stdev": 105600.84776631097,
        "units": "changes",
        "values": [
            21487.0,
            21487.0,
            21487.0,
            21487.0,
            21487.0,
            21487.0,
            21487.0,
            21487.0,
            21487.0,
            21487.0,
            21487.0,
            21487.0,
            21487.0,
            21487.0,
            21487.0,
            21487.0,
            21487.0,
            21487.0,
            21487.0,
            21487.0,
            35104.0,
            35104.0,
            35104.0,
            35104.0,
            35104.0,
            35104.0,
            35104.0,
            35104.0,
            35104.0,
            35104.0,
            35104.0,
            35104.0,
            35104.0,
            35104.0,
            35104.0,
            35104.0,
            35104.0,
            35104.0,
            35104.0,
            35104.0,
            52382.0,
            52382.0,
            52382.0,
            52382.0,
            52382.0,
            52382.0,
            52382.0,
            52382.0,
            52382.0,
            52382.0,
            52382.0,
            52382.0,
            52382.0,
            52382.0,
            52382.0,
            52382.0,
            52382.0,
            52382.0,
            52382.0,
            52382.0,
            108748.0,
            108748.0,
            108748.0,
            108748.0,
            108748.0,
            108748.0,
            108748.0,
            108748.0,
            108748.0,
            108748.0,
            108748.0,
            108748.0,
            108748.0,
            108748.0,
            108748.0,
            108748.0,
            108748.0,
            108748.0,
            108748.0,
            108748.0,
            319252.0,
            319252.0,
            319252.0,
            319252.0,
            319252.0,
            319252.0,
            319252.0,
            319252.0,
            319252.0,
            319252.0,
            319252.0,
            319252.0,
            319252.0,
            319252.0,
            319252.0,
            319252.0,
            319252.0,
            319252.0,
            319252.0,
            319252.0,
            23725.0,
            23725.0,
            23725.0,
            23725.0,
            23725.0,
            23725.0,
            23725.0,
            23725.0,
            23725.0,
            23725.0,
            23725.0,
            23725.0,
            23725.0,
            23725.0,
            23725.0,
            23725.0,
            23725.0,
            23725.0,
            23725.0,
            23725.0
        ]
    },
    "varZ_dQRelChanges": {
        "mean": 19131321.833333332,
        "stdev": 24859825.1786038,
        "units": "changes",
        "values": [
            1526284.0,
            1526284.0,
            1526284.0,
            1526284.0,
            1526284.0,
            1526284.0,
            1526284.0,
            1526284.0,
            1526284.0,
            1526284.0,
            1526284.0,
            1526284.0,
            1526284.0,
            1526284.0,
            1526284.0,
            1526284.0,
            1526284.0,
            1526284.0,
            1526284.0,
            1526284.0,
            5220378.0,
            5220378.0,
            5220378.0,
            5220378.0,
            5220378.0,
            5220378.0,
            5220378.0,
            5220378.0,
            5220378.0,
            5220378.0,
            5220378.0,
            5220378.0,
            5220378.0,
            5220378.0,
            5220378.0,
            5220378.0,
            5220378.0,
            5220378.0,
            5220378.0,
            5220378.0,
            9335032.0,
            9335032.0,
            9335032.0,
            9335032.0,
            9335032.0,
            9335032.0,
            9335032.0,
            9335032.0,
            9335032.0,
            9335032.0,
            9335032.0,
            9335032.0,
            9335032.0,
            9335032.0,
            9335032.0,
            9335032.0,
            9335032.0,
            9335032.0,
            9335032.0,
            9335032.0,
            24242615.0,
            24242615.0,
            24242615.0,
            24242615.0,
            24242615.0,
            24242615.0,
            24242615.0,
            24242615.0,
            24242615.0,
            24242615.0,
            24242615.0,
            24242615.0,
            24242615.0,
            24242615.0,
            24242615.0,
            24242615.0,
            24242615.0,
            24242615.0,
            24242615.0,
            24242615.0,
            71846585.0,
            71846585.0,
            71846585.0,
            71846585.0,
            71846585.0,
            71846585.0,
            71846585.0,
            71846585.0,
            71846585.0,
            71846585.0,
            71846585.0,
            71846585.0,
            71846585.0,
            71846585.0,
            71846585.0,
            71846585.0,
            71846585.0,
            71846585.0,
            71846585.0,
            71846585.0,
            2617037.0,
            2617037.0,
            2617037.0,
            2617037.0,
            2617037.0,
            2617037.0,
            2617037.0,
            2617037.0,
            2617037.0,
            2617037.0,
            2617037.0,
            2617037.0,
            2617037.0,
            2617037.0,
            2617037.0,
            2617037.0,
            2617037.0,
            2617037.0,
            2617037.0,
            2617037.0
        ]
    },
    "varZ_maxError": {
        "mean": 80.44945666666666,
        "stdev": 148.2384780822206,
        "units": "mm?",
        "values": [
            408.579,
            408.579,
            408.579,
            408.579,
            408.579,
            408.579,
            408.579,
            408.579,
            408.579,
            408.579,
            408.579,
            408.579,
            408.579,
            408.579,
            408.579,
            408.579,
            408.579,
            408.579,
            408.579,
            408.579,
            17.2351,
            17.2351,
            17.2351,
            17.2351,
            17.2351,
            17.2351,
            17.2351,
            17.2351,
            17.2351,
            17.2351,
            17.2351,
            17.2351,
            17.2351,
            17.2351,
            17.2351,
            17.2351,
            17.2351,
            17.2351,
            17.2351,
            17.2351,
            5.33621,
            5.33621,
            5.33621,
            5.33621,
            5.33621,
            5.33621,
            5.33621,
            5.33621,
            5.33621,
            5.33621,
            5.33621,
            5.33621,
            5.33621,
            5.33621,
            5.33621,
            5.33621,
            5.33621,
            5.33621,
            5.33621,
            5.33621,
            1.22037,
            1.22037,
            1.22037,
            1.22037,
            1.22037,
            1.22037,
            1.22037,
            1.22037,
            1.22037,
            1.22037,
            1.22037,
            1.22037,
            1.22037,
            1.22037,
            1.22037,
            1.22037,
            1.22037,
            1.22037,
            1.22037,
            1.22037,
            2.23196,
            2.23196,
            2.23196,
            2.23196,
            2.23196,
            2.23196,
            2.23196,
            2.23196,
            2.23196,
            2.23196,
            2.23196,
            2.23196,
            2.23196,
            2.23196,
            2.23196,
            2.23196,
            2.23196,
            2.23196,
            2.23196,
            2.23196,
            48.0941,
            48.0941,
            48.0941,
            48.0941,
            48.0941,
            48.0941,
            48.0941,
            48.0941,
            48.0941,
            48.0941,
            48.0941,
            48.0941,
            48.0941,
            48.0941,
            48.0941,
            48.0941,
            48.0941,
            48.0941,
            48.0941,
            48.0941
        ]
    }
}