{
    "intersections": {
        "mean": 2609133,
        "stdev": 0.0,
        "units": "intersections",
        "values": [
            2609133,
            2609133,
            2609133,
            2609133,
            2609133,
            2609133,
            2609133,
            2609133,
            2609133,
            2609133,
            2609133,
            2609133,
            2609133,
            2609133,
            2609133,
            2609133,
            2609133,
            2609133,
            2609133,
            2609133
        ]
    },
    "numberOfThreads": {
        "mean": 1,
        "stdev": 0.0,
        "units": "threads",
        "values": [
            1,
            1,
            1,
            1,
            1,
            1,
            1,
            1,
            1,
            1,
            1,
            1,
            1,
            1,
            1,
            1,
            1,
            1,
            1,
            1
        ]
    },
    "realTime": {
        "mean": 155.9609,
        "stdev": 14.998859436988075,
        "units": "seconds",
        "values": [
            141.222,
            152.023,
            154.419,
            146.206,
            149.566,
            160.266,
            159.452,
            213.789,
            152.543,
            148.716,
            144.321,
            159.437,
            148.023,
            151.457,
            158.664,
            160.259,
            147.727,
            155.457,
            149.697,
            165.974
        ]
    },
    "systemTime": {
        "mean": 0.0195,
        "stdev": 0.006048053188292994,
        "units": "seconds",
        "values": [
            0.02,
            0.03,
            0.01,
            0.02,
            0.01,
            0.02,
            0.02,
            0.03,
            0.02,
            0.01,
            0.01,
            0.02,
            0.02,
            0.02,
            0.02,
            0.02,
            0.02,
            0.02,
            0.03,
            0.02
        ]
    },
    "totalSteps": {
        "mean": 2609133,
        "stdev": 0.0,
        "units": "steps",
        "values": [
            2609133,
            2609133,
            2609133,
            2609133,
            2609133,
            2609133,
            2609133,
            2609133,
            2609133,
            2609133,
            2609133,
            2609133,
            2609133,
            2609133,
            2609133,
            2609133,
            2609133,
            2609133,
            2609133,
            2609133
        ]
    },
    "userTime": {
        "mean": 155.9485,
        "stdev": 14.997112099193949,
        "units": "seconds",
        "values": [
            141.21,
            152.0,
            154.41,
            146.19,
            149.56,
            160.25,
            159.44,
            213.77,
            152.53,
            148.7,
            144.31,
            159.42,
            148.02,
            151.45,
            158.65,
            160.25,
            147.72,
            155.45,
            149.68,
            165.96
        ]
    }
}