

          ################################
          !!! G4Backtrace is activated !!!
          ################################


**************************************************************
 Geant4 version Name: geant4-11-00-ref-02 [MT]   (28-February-2022)
  << in Multi-threaded mode >> 
                       Copyright : Geant4 Collaboration
                      References : NIM A 506 (2003), 250-303
                                 : IEEE-TNS 53 (2006), 270-278
                                 : NIM A 835 (2016), 186-225
                             WWW : http://geant4.org/
**************************************************************


***** Table : Nb of materials = 4 *****

 Material:     Lead    density: 10.976 g/cm3   RadL:   5.804 mm   Nucl.Int.Length:  18.870 cm 
                       Imean: 823.000 eV   temperature: 293.15 K  pressure:   1.00 atm

   --->  Element: Pb (Pb)   Z = 82.0   N =   207   A = 207.217 g/mole
         --->  Isotope: Pb204   Z = 82   N = 204   A = 203.97 g/mole   abundance:  1.400 %
         --->  Isotope: Pb206   Z = 82   N = 206   A = 205.97 g/mole   abundance: 24.100 %
         --->  Isotope: Pb207   Z = 82   N = 207   A = 206.98 g/mole   abundance: 22.100 %
         --->  Isotope: Pb208   Z = 82   N = 208   A = 207.98 g/mole   abundance: 52.400 %
          ElmMassFraction: 100.00 %  ElmAbundance 100.00 % 


 Material: Scintillator    density:  1.032 g/cm3   RadL:  42.438 cm   Nucl.Int.Length:  70.602 cm 
                       Imean:  65.944 eV   temperature: 293.15 K  pressure:   1.00 atm

   --->  Element: Carbon (C)   Z =  6.0   N =    12   A = 12.010 g/mole
         --->  Isotope:   C12   Z =  6   N =  12   A =  12.00 g/mole   abundance: 98.930 %
         --->  Isotope:   C13   Z =  6   N =  13   A =  13.00 g/mole   abundance:  1.070 %
          ElmMassFraction:  92.24 %  ElmAbundance  50.00 % 

   --->  Element: Hydrogen (H)   Z =  1.0   N =     1   A =  1.010 g/mole
         --->  Isotope:    H1   Z =  1   N =   1   A =   1.01 g/mole   abundance: 99.989 %
         --->  Isotope:    H2   Z =  1   N =   2   A =   2.01 g/mole   abundance:  0.011 %
          ElmMassFraction:   7.76 %  ElmAbundance  50.00 % 


 Material:      Air    density:  1.290 mg/cm3  RadL: 285.161 m    Nucl.Int.Length: 662.680 m  
                       Imean:  85.703 eV   temperature: 293.15 K  pressure:   1.00 atm

   --->  Element: Nitrogen (N)   Z =  7.0   N =    14   A = 14.010 g/mole
         --->  Isotope:   N14   Z =  7   N =  14   A =  14.00 g/mole   abundance: 99.632 %
         --->  Isotope:   N15   Z =  7   N =  15   A =  15.00 g/mole   abundance:  0.368 %
          ElmMassFraction:  70.00 %  ElmAbundance  72.71 % 

   --->  Element: Oxygen (O)   Z =  8.0   N =    16   A = 16.000 g/mole
         --->  Isotope:   O16   Z =  8   N =  16   A =  15.99 g/mole   abundance: 99.757 %
         --->  Isotope:   O17   Z =  8   N =  17   A =  17.00 g/mole   abundance:  0.038 %
         --->  Isotope:   O18   Z =  8   N =  18   A =  18.00 g/mole   abundance:  0.205 %
          ElmMassFraction:  30.00 %  ElmAbundance  27.29 % 


 Material: Galactic    density:  0.000 mg/cm3  RadL: 204310098.490 pc   Nucl.Int.Length: 113427284.261 pc 
                       Imean:  19.200 eV   temperature:   2.73 K  pressure:   0.00 atm

   --->  Element: H (H)   Z =  1.0   N =     1   A =  1.008 g/mole
         --->  Isotope:    H1   Z =  1   N =   1   A =   1.01 g/mole   abundance: 99.989 %
         --->  Isotope:    H2   Z =  1   N =   2   A =   2.01 g/mole   abundance:  0.011 %
          ElmMassFraction: 100.00 %  ElmAbundance 100.00 % 



QSSMessenger: Selecting stepper QSS2
/run/verbose 2
#
/ams/phys/addPhysics local
/run/setCut 1 km
#
/run/initialize

==========================================================================================
G4TaskRunManager :: Using G4ThreadPool...
==========================================================================================

userDetector->Construct() start.

-------------------------------------------------------------
 ---> The calorimeter is 9 Modules
 ---> A Module is 10 Layers + 1 milled Layer
 ---> A Layer is 1.73 mm  thickness of Lead
 ---> A Layer includes 490 fibers of Scintillator
      ---> diameter : 1.13 mm 
      ---> length   : 66.2175 cm 
      ---> distance : 1.35 mm 
 ---> The milled Layer is 1 mm  thickness of Lead

 ---> Module thickness 1.83 cm 

 ---> Total calor thickness 16.47 cm 
      Tranverse size        66.2175 cm 
-------------------------------------------------------------

world is registered to the default region.
physicsList->Construct() start.
physicsList->CheckParticleList() start.
physicsList->setCut() start.
/run/physicsModified
Start closing geometry.
G4GeometryManager::ReportVoxelStats -- Voxel Statistics

    Total memory consumed for geometry optimisation:   32 kByte
    Total CPU time elapsed for geometry optimisation: 0 seconds

    Voxelisation: top CPU users:
    Percent   Total CPU    System CPU       Memory  Volume
    -------   ----------   ----------     --------  ----------
       0.00         0.00         0.00           31k layer
       0.00         0.00         0.00            1k module
       0.00         0.00         0.00            1k calorimeter

    Voxelisation: top memory users:
    Percent     Memory      Heads    Nodes   Pointers    Total CPU    Volume
    -------   --------     ------   ------   --------   ----------    ----------
      94.74         30k         1      490        980         0.00    layer
       3.16          1k         1       17         20         0.00    module
       2.10          0k         1       10         18         0.00    calorimeter

==============================================================================
--> G4TaskRunManager::ComputeNumberOfTasks() --> 0 tasks with 1 events/task...
==============================================================================


=========================================================================
--> G4TaskRunManager::CreateAndStartWorkers() --> Initializing workers...
=========================================================================

G4WT0 > /run/verbose 2
G4WT0 > /run/setCut 1 km
G4WT0 > /run/initialize 
G4WT0 > /run/physicsModified 
G4WT0 > /control/verbose 2
G4WT0 > /run/verbose 2
G4WT0 > /run/setCut 1 km
G4WT0 > /run/initialize 
G4WT0 > /run/physicsModified 
/globalField/setValue 0.2 0 0 tesla
 G4ChordFinder: stepperDriverId: 5
---- QSStepper<QSS2>* CreateQss2Stepper(G4Mag_EqRhs* ) CALLED
-- Created QSS-2 stepper
-- Using QSS Driver.
#
/ams/gun/setDefault
/gun/particle mu+
/gun/energy 1 GeV
/ams/gun/beam 1 cm
#
/run/printProgress 1000
#
/run/beamOn 10000

Region <DefaultRegionForTheWorld> --  -- appears in <world> world volume
 This region is in the mass world.
 Root logical volume(s) : world 
 Pointers : G4VUserRegionInformation[0], G4UserLimits[0], G4FastSimulationManager[0], G4UserSteppingAction[0]
 Materials : Galactic Lead Scintillator 
 Production cuts :   gamma 1 km      e- 1 km      e+ 1 km  proton 1 km 

Region <DefaultRegionForParallelWorld> --  -- is not associated to any world.
 Root logical volume(s) : 
 Pointers : G4VUserRegionInformation[0], G4UserLimits[0], G4FastSimulationManager[0], G4UserSteppingAction[0]
 Materials : 
 Production cuts :   gamma 1 km      e- 1 km      e+ 1 km  proton 1 km 

========= Table of registered couples ============================

Index : 0     used in the geometry : Yes
 Material : Galactic
 Range cuts        :  gamma  1 km     e-  1 km     e+  1 km  proton 1 km 
 Energy thresholds :  gamma  1 keV    e-  1 keV    e+  1 keV proton 100 GeV
 Region(s) which use this couple : 
    DefaultRegionForTheWorld

Index : 1     used in the geometry : Yes
 Material : Lead
 Range cuts        :  gamma  1 km     e-  1 km     e+  1 km  proton 1 km 
 Energy thresholds :  gamma  9.54993 GeV    e-  9.54993 GeV    e+  9.54993 GeV proton 100 GeV
 Region(s) which use this couple : 
    DefaultRegionForTheWorld

Index : 2     used in the geometry : Yes
 Material : Scintillator
 Range cuts        :  gamma  1 km     e-  1 km     e+  1 km  proton 1 km 
 Energy thresholds :  gamma  9.54993 GeV    e-  9.54993 GeV    e+  9.54993 GeV proton 100 GeV
 Region(s) which use this couple : 
    DefaultRegionForTheWorld

==================================================================

### Run 0 starts.
RawVTKOutput - SetCurrentRunId - runId: 0
ParticleMovingLog - SetCurrentRunId - runId: 0

--------- Ranecu engine status ---------
 Initial seed (index) = 0
 Current couple of seeds = 9876, 54321
----------------------------------------
G4WT0 > /globalField/setValue 0.2 0 0 tesla
G4WT0 >  G4ChordFinder: stepperDriverId: 5
G4WT0 > ---- QSStepper<QSS2>* CreateQss2Stepper(G4Mag_EqRhs* ) CALLED
-- Created QSS-2 stepper
G4WT0 > -- Using QSS Driver.
G4WT0 > /ams/gun/setDefault 
G4WT0 > /gun/particle mu+
G4WT0 > /gun/energy 1 GeV
G4WT0 > /ams/gun/beam 1 cm
G4WT0 > /run/printProgress 1000

============================================================================================
--> G4TaskRunManager::CreateAndStartWorkers() --> Creating 100 tasks with 100 events/task...
============================================================================================

Adding task 0 to task-group...
Adding task 1 to task-group...
Adding task 2 to task-group...
Adding task 3 to task-group...
Adding task 4 to task-group...
Adding task 5 to task-group...
Adding task 6 to task-group...
Adding task 7 to task-group...
Adding task 8 to task-group...
Adding task 9 to task-group...
Adding task 10 to task-group...
Adding task 11 to task-group...
Adding task 12 to task-group...
Adding task 13 to task-group...
Adding task 14 to task-group...
Adding task 15 to task-group...
Adding task 16 to task-group...
Adding task 17 to task-group...
Adding task 18 to task-group...
Adding task 19 to task-group...
Adding task 20 to task-group...
Adding task 21 to task-group...
Adding task 22 to task-group...
Adding task 23 to task-group...
Adding task 24 to task-group...
Adding task 25 to task-group...
Adding task 26 to task-group...
Adding task 27 to task-group...
Adding task 28 to task-group...
Adding task 29 to task-group...
Adding task 30 to task-group...
Adding task 31 to task-group...
Adding task 32 to task-group...
Adding task 33 to task-group...
Adding task 34 to task-group...
Adding task 35 to task-group...
Adding task 36 to task-group...
Adding task 37 to task-group...
Adding task 38 to task-group...
Adding task 39 to task-group...
Adding task 40 to task-group...
Adding task 41 to task-group...
Adding task 42 to task-group...
Adding task 43 to task-group...
Adding task 44 to task-group...
Adding task 45 to task-group...
Adding task 46 to task-group...
Adding task 47 to task-group...
Adding task 48 to task-group...
Adding task 49 to task-group...
Adding task 50 to task-group...
Adding task 51 to task-group...
Adding task 52 to task-group...
Adding task 53 to task-group...
Adding task 54 to task-group...
Adding task 55 to task-group...
Adding task 56 to task-group...
Adding task 57 to task-group...
Adding task 58 to task-group...
Adding task 59 to task-group...
Adding task 60 to task-group...
Adding task 61 to task-group...
Adding task 62 to task-group...
Adding task 63 to task-group...
Adding task 64 to task-group...
Adding task 65 to task-group...
Adding task 66 to task-group...
Adding task 67 to task-group...
Adding task 68 to task-group...
Adding task 69 to task-group...
Adding task 70 to task-group...
Adding task 71 to task-group...
Adding task 72 to task-group...
Adding task 73 to task-group...
Adding task 74 to task-group...
Adding task 75 to task-group...
Adding task 76 to task-group...
Adding task 77 to task-group...
Adding task 78 to task-group...
Adding task 79 to task-group...
Adding task 80 to task-group...
Adding task 81 to task-group...
Adding task 82 to task-group...
Adding task 83 to task-group...
Adding task 84 to task-group...
Adding task 85 to task-group...
Adding task 86 to task-group...
Adding task 87 to task-group...
Adding task 88 to task-group...
Adding task 89 to task-group...
Adding task 90 to task-group...
Adding task 91 to task-group...
Adding task 92 to task-group...
Adding task 93 to task-group...
Adding task 94 to task-group...
Adding task 95 to task-group...
Adding task 96 to task-group...
Adding task 97 to task-group...
Adding task 98 to task-group...
Adding task 99 to task-group...
G4WT0 > ### Run 0 starts on worker thread 0.
G4WT0 > RawVTKOutput - SetCurrentRunId - runId: 0
G4WT0 > ParticleMovingLog - SetCurrentRunId - runId: 0
G4WT0 > --> Event 0 starts with initial seeds (15470735,58711377).
G4WT0 > Setting QSS precision parameters: dQRel = 0.01 - dQMin = 0.001
G4WT0 > --> Event 1000 starts with initial seeds (71728658,19690414).
G4WT0 > --> Event 2000 starts with initial seeds (59292523,12515448).
G4WT0 > --> Event 3000 starts with initial seeds (57770541,22981628).
G4WT0 > --> Event 4000 starts with initial seeds (44982723,4235798).
G4WT0 > --> Event 5000 starts with initial seeds (90368858,11678699).
G4WT0 > --> Event 6000 starts with initial seeds (92754086,12398389).
G4WT0 > --> Event 7000 starts with initial seeds (90074305,33510513).
G4WT0 > --> Event 8000 starts with initial seeds (70735303,48908849).
G4WT0 > --> Event 9000 starts with initial seeds (75762242,76481623).
G4WT0 > [thread 0] Thread-local run terminated.
G4WT0 > [thread 0] Run Summary
G4WT0 > [thread 0]   Number of events processed : 10000
G4WT0 > [thread 0]   User=0.000000s Real=0.000801s Sys=0.000000s [Cpu=0.0%]
 Run terminated.
Run Summary
  Number of events processed : 10000
  User=229.000000s Real=229.002863s Sys=0.020000s [Cpu=100.0%]

-------------------------------------------------------------
 ---> The calorimeter is 9 Modules
 ---> A Module is 10 Layers + 1 milled Layer
 ---> A Layer is 1.73 mm  thickness of Lead
 ---> A Layer includes 490 fibers of Scintillator
      ---> diameter : 1.13 mm 
      ---> length   : 66.2175 cm 
      ---> distance : 1.35 mm 
 ---> The milled Layer is 1 mm  thickness of Lead

 ---> Module thickness 1.83 cm 

 ---> Total calor thickness 16.47 cm 
      Tranverse size        66.2175 cm 
-------------------------------------------------------------

 The run was 10000 mu+ of 1 GeV through the calorimeter
------------------------------------------------------------

             total Energy          (rms/mean)      visible Energy        (rms/mean)

   layer 1: 1.5243 MeV +- 2.349 MeV  (1.5e+02 %)     165.61 keV +-  1.06 MeV  (6.4e+02 %)
   layer 2: 1.5018 MeV +- 2.119 MeV  (1.4e+02 %)     158.94 keV +- 588.3 keV  (3.7e+02 %)
   layer 3: 1.5378 MeV +- 2.353 MeV  (1.5e+02 %)     162.54 keV +- 982.8 keV  (6e+02 %)
   layer 4: 1.5573 MeV +- 2.781 MeV  (1.8e+02 %)     162.29 keV +-   959 keV  (5.9e+02 %)
   layer 5: 1.6066 MeV +- 3.072 MeV  (1.9e+02 %)     157.55 keV +- 572.1 keV  (3.6e+02 %)
   layer 6: 1.5154 MeV +- 1.993 MeV  (1.3e+02 %)     159.69 keV +- 670.9 keV  (4.2e+02 %)
   layer 7: 1.5263 MeV +- 2.145 MeV  (1.4e+02 %)     158.05 keV +- 552.3 keV  (3.5e+02 %)
   layer 8: 1.5494 MeV +- 2.721 MeV  (1.8e+02 %)     155.13 keV +- 565.6 keV  (3.6e+02 %)
   layer 9: 1.4735 MeV +- 1.897 MeV  (1.3e+02 %)     149.01 keV +- 343.7 keV  (2.3e+02 %)
   layer 10: 1.5389 MeV +-   2.5 MeV  (1.6e+02 %)     168.98 keV +- 1.046 MeV  (6.2e+02 %)
   layer 11: 1.4931 MeV +- 1.727 MeV  (1.2e+02 %)     159.43 keV +- 646.3 keV  (4.1e+02 %)
   layer 12: 1.5421 MeV +-  2.72 MeV  (1.8e+02 %)     150.68 keV +- 428.4 keV  (2.8e+02 %)
   layer 13: 1.5298 MeV +- 2.169 MeV  (1.4e+02 %)     160.37 keV +- 519.8 keV  (3.2e+02 %)
   layer 14: 1.5178 MeV +- 2.276 MeV  (1.5e+02 %)     155.48 keV +- 563.7 keV  (3.6e+02 %)
   layer 15: 1.5384 MeV +- 2.357 MeV  (1.5e+02 %)     158.46 keV +- 560.8 keV  (3.5e+02 %)
   layer 16: 1.5407 MeV +- 2.507 MeV  (1.6e+02 %)     157.56 keV +-   540 keV  (3.4e+02 %)
   layer 17: 1.5391 MeV +- 2.347 MeV  (1.5e+02 %)     161.95 keV +- 729.1 keV  (4.5e+02 %)
   layer 18: 1.5365 MeV +- 2.299 MeV  (1.5e+02 %)     152.19 keV +- 790.6 keV  (5.2e+02 %)
   layer 19: 1.5239 MeV +- 2.486 MeV  (1.6e+02 %)      160.2 keV +- 836.6 keV  (5.2e+02 %)
   layer 20: 1.5412 MeV +- 2.664 MeV  (1.7e+02 %)     154.63 keV +- 772.4 keV  (5e+02 %)
   layer 21: 1.5336 MeV +- 2.333 MeV  (1.5e+02 %)     149.48 keV +-   412 keV  (2.8e+02 %)
   layer 22: 1.5327 MeV +-  2.25 MeV  (1.5e+02 %)     157.18 keV +-   605 keV  (3.8e+02 %)
   layer 23: 1.5469 MeV +- 2.508 MeV  (1.6e+02 %)     165.08 keV +- 799.5 keV  (4.8e+02 %)
   layer 24: 1.4913 MeV +- 1.904 MeV  (1.3e+02 %)     163.48 keV +- 852.1 keV  (5.2e+02 %)
   layer 25: 1.5144 MeV +- 2.261 MeV  (1.5e+02 %)     150.54 keV +- 469.5 keV  (3.1e+02 %)
   layer 26: 1.5242 MeV +- 2.192 MeV  (1.4e+02 %)     163.18 keV +- 920.4 keV  (5.6e+02 %)
   layer 27: 1.5272 MeV +-  2.23 MeV  (1.5e+02 %)     155.58 keV +- 969.6 keV  (6.2e+02 %)
   layer 28: 1.5027 MeV +- 1.857 MeV  (1.2e+02 %)     165.49 keV +- 940.7 keV  (5.7e+02 %)
   layer 29: 1.5301 MeV +- 2.345 MeV  (1.5e+02 %)     153.61 keV +- 480.5 keV  (3.1e+02 %)
   layer 30:  1.522 MeV +- 2.232 MeV  (1.5e+02 %)     152.38 keV +- 465.9 keV  (3.1e+02 %)
   layer 31: 1.5371 MeV +- 2.263 MeV  (1.5e+02 %)     159.73 keV +- 499.1 keV  (3.1e+02 %)
   layer 32: 1.5155 MeV +- 2.134 MeV  (1.4e+02 %)     172.18 keV +- 1.027 MeV  (6e+02 %)
   layer 33: 1.5096 MeV +- 1.992 MeV  (1.3e+02 %)     158.56 keV +- 481.3 keV  (3e+02 %)
   layer 34: 1.5197 MeV +- 2.225 MeV  (1.5e+02 %)     155.51 keV +- 516.8 keV  (3.3e+02 %)
   layer 35: 1.5022 MeV +- 2.164 MeV  (1.4e+02 %)     166.44 keV +- 801.6 keV  (4.8e+02 %)
   layer 36: 1.5213 MeV +- 2.043 MeV  (1.3e+02 %)     149.02 keV +- 407.8 keV  (2.7e+02 %)
   layer 37: 1.4975 MeV +- 1.952 MeV  (1.3e+02 %)     162.77 keV +- 894.7 keV  (5.5e+02 %)
   layer 38: 1.5491 MeV +- 2.188 MeV  (1.4e+02 %)      155.4 keV +- 458.9 keV  (3e+02 %)
   layer 39: 1.5064 MeV +- 2.032 MeV  (1.3e+02 %)     155.65 keV +- 937.1 keV  (6e+02 %)
   layer 40: 1.5011 MeV +- 2.218 MeV  (1.5e+02 %)     144.76 keV +- 294.8 keV  (2e+02 %)
   layer 41:  1.517 MeV +- 2.173 MeV  (1.4e+02 %)     160.83 keV +- 683.3 keV  (4.2e+02 %)
   layer 42: 1.5593 MeV +- 2.478 MeV  (1.6e+02 %)      158.1 keV +- 758.7 keV  (4.8e+02 %)
   layer 43: 1.5186 MeV +- 2.234 MeV  (1.5e+02 %)     154.91 keV +- 853.8 keV  (5.5e+02 %)
   layer 44: 1.5256 MeV +- 2.334 MeV  (1.5e+02 %)     155.63 keV +-   631 keV  (4.1e+02 %)
   layer 45: 1.5401 MeV +- 2.532 MeV  (1.6e+02 %)     153.46 keV +- 430.5 keV  (2.8e+02 %)
   layer 46: 1.5191 MeV +- 2.318 MeV  (1.5e+02 %)      153.3 keV +- 455.8 keV  (3e+02 %)
   layer 47: 1.5269 MeV +- 2.449 MeV  (1.6e+02 %)     170.46 keV +-   770 keV  (4.5e+02 %)
   layer 48: 1.5193 MeV +- 1.931 MeV  (1.3e+02 %)     152.72 keV +- 442.4 keV  (2.9e+02 %)
   layer 49:  1.507 MeV +- 1.967 MeV  (1.3e+02 %)     166.59 keV +- 824.5 keV  (4.9e+02 %)
   layer 50: 1.5363 MeV +- 2.444 MeV  (1.6e+02 %)        159 keV +- 769.7 keV  (4.8e+02 %)
   layer 51: 1.5286 MeV +- 2.217 MeV  (1.5e+02 %)     145.36 keV +- 288.9 keV  (2e+02 %)
   layer 52: 1.4931 MeV +- 1.984 MeV  (1.3e+02 %)     163.79 keV +- 808.3 keV  (4.9e+02 %)
   layer 53: 1.5224 MeV +- 2.117 MeV  (1.4e+02 %)     151.24 keV +- 722.1 keV  (4.8e+02 %)
   layer 54: 1.4915 MeV +- 2.154 MeV  (1.4e+02 %)     154.97 keV +- 614.7 keV  (4e+02 %)
   layer 55: 1.5056 MeV +- 2.063 MeV  (1.4e+02 %)     150.85 keV +- 505.5 keV  (3.4e+02 %)
   layer 56: 1.5276 MeV +- 2.234 MeV  (1.5e+02 %)      162.3 keV +- 817.8 keV  (5e+02 %)
   layer 57: 1.5293 MeV +- 2.097 MeV  (1.4e+02 %)     162.64 keV +- 858.3 keV  (5.3e+02 %)
   layer 58: 1.5337 MeV +- 2.511 MeV  (1.6e+02 %)     176.33 keV +- 1.125 MeV  (6.4e+02 %)
   layer 59: 1.5126 MeV +- 2.119 MeV  (1.4e+02 %)     152.03 keV +- 354.3 keV  (2.3e+02 %)
   layer 60: 1.5053 MeV +- 2.045 MeV  (1.4e+02 %)     148.02 keV +- 342.7 keV  (2.3e+02 %)
   layer 61:  1.506 MeV +-  2.16 MeV  (1.4e+02 %)     154.81 keV +- 587.2 keV  (3.8e+02 %)
   layer 62: 1.5046 MeV +- 1.856 MeV  (1.2e+02 %)     155.99 keV +- 415.9 keV  (2.7e+02 %)
   layer 63: 1.5081 MeV +- 2.107 MeV  (1.4e+02 %)     159.77 keV +- 733.9 keV  (4.6e+02 %)
   layer 64: 1.5149 MeV +- 2.277 MeV  (1.5e+02 %)     168.69 keV +- 968.3 keV  (5.7e+02 %)
   layer 65: 1.5238 MeV +- 2.222 MeV  (1.5e+02 %)     162.37 keV +- 935.1 keV  (5.8e+02 %)
   layer 66: 1.5561 MeV +-  2.53 MeV  (1.6e+02 %)     155.11 keV +-   463 keV  (3e+02 %)
   layer 67: 1.5291 MeV +- 2.168 MeV  (1.4e+02 %)     144.76 keV +- 331.3 keV  (2.3e+02 %)
   layer 68: 1.4983 MeV +- 2.119 MeV  (1.4e+02 %)     151.44 keV +- 423.2 keV  (2.8e+02 %)
   layer 69: 1.4982 MeV +- 1.907 MeV  (1.3e+02 %)     154.31 keV +- 642.1 keV  (4.2e+02 %)
   layer 70: 1.5293 MeV +- 2.072 MeV  (1.4e+02 %)     162.86 keV +-   760 keV  (4.7e+02 %)
   layer 71: 1.5276 MeV +- 2.123 MeV  (1.4e+02 %)     169.84 keV +- 1.082 MeV  (6.4e+02 %)
   layer 72: 1.4677 MeV +-  1.58 MeV  (1.1e+02 %)     153.53 keV +- 517.3 keV  (3.4e+02 %)
   layer 73: 1.5336 MeV +-   2.2 MeV  (1.4e+02 %)     163.81 keV +- 770.5 keV  (4.7e+02 %)
   layer 74: 1.5003 MeV +- 1.897 MeV  (1.3e+02 %)     154.76 keV +- 487.1 keV  (3.1e+02 %)
   layer 75: 1.5172 MeV +- 1.936 MeV  (1.3e+02 %)     162.57 keV +- 511.8 keV  (3.1e+02 %)
   layer 76: 1.4789 MeV +- 1.767 MeV  (1.2e+02 %)     154.64 keV +- 663.2 keV  (4.3e+02 %)
   layer 77: 1.5194 MeV +- 2.118 MeV  (1.4e+02 %)     156.81 keV +-   711 keV  (4.5e+02 %)
   layer 78:  1.484 MeV +- 2.072 MeV  (1.4e+02 %)     161.62 keV +- 926.5 keV  (5.7e+02 %)
   layer 79: 1.4879 MeV +- 1.612 MeV  (1.1e+02 %)     157.22 keV +- 644.9 keV  (4.1e+02 %)
   layer 80: 1.4798 MeV +- 2.125 MeV  (1.4e+02 %)     166.88 keV +- 1.121 MeV  (6.7e+02 %)
   layer 81: 1.4919 MeV +- 1.848 MeV  (1.2e+02 %)     164.13 keV +- 803.6 keV  (4.9e+02 %)
   layer 82: 1.5071 MeV +- 2.117 MeV  (1.4e+02 %)     146.16 keV +-   304 keV  (2.1e+02 %)
   layer 83: 1.5388 MeV +- 2.174 MeV  (1.4e+02 %)     164.71 keV +- 657.4 keV  (4e+02 %)
   layer 84: 1.5019 MeV +- 2.029 MeV  (1.4e+02 %)     160.59 keV +-   725 keV  (4.5e+02 %)
   layer 85: 1.5305 MeV +- 2.269 MeV  (1.5e+02 %)     159.32 keV +-   775 keV  (4.9e+02 %)
   layer 86: 1.5113 MeV +- 2.022 MeV  (1.3e+02 %)     158.09 keV +-   481 keV  (3e+02 %)
   layer 87: 1.5198 MeV +- 2.077 MeV  (1.4e+02 %)     158.55 keV +- 687.9 keV  (4.3e+02 %)
   layer 88: 1.5434 MeV +- 2.454 MeV  (1.6e+02 %)     155.76 keV +- 496.5 keV  (3.2e+02 %)
   layer 89: 1.5199 MeV +- 1.884 MeV  (1.2e+02 %)     160.77 keV +- 779.6 keV  (4.8e+02 %)
   layer 90: 1.4717 MeV +- 1.753 MeV  (1.2e+02 %)     148.72 keV +- 246.2 keV  (1.7e+02 %)

   total calor : 149.06 MeV +-  21.2 MeV  ( 14 %)     14.226 MeV +- 6.521 MeV  ( 46 %)
------------------------------------------------------------

   Leakage : 850.94 MeV +-  21.2 MeV
   Eleak/Ebeam =85.1 %  ( forward =85.1 %;   backward =   0 %;   lateral =0.00617 %)

--------- Ranecu engine status ---------
 Initial seed (index) = 0
 Current couple of seeds = 1982454223, 1571101230
----------------------------------------
G4WT0 > Destroying WorkerRunManager (0x7f528c04a840)
G4WT0 > G4 kernel has come to Quit state.
G4WT0 > UserDetectorConstruction deleted.
G4WT0 > UserPhysicsList deleted.
G4WT0 > UserActionInitialization deleted.
G4WT0 > UserWorkerInitialization deleted.
G4WT0 > UserWorkerThreadInitialization deleted.
G4WT0 > UserRunAction deleted.
G4WT0 > UserPrimaryGenerator deleted.
G4WT0 > RunManager is deleting RunManagerKernel.
G4WT0 > G4SDManager deleted.
G4WT0 > EventManager deleted.
G4WT0 > Units table cleared.
G4WT0 > TransportationManager deleted.
G4WT0 > Total navigation history collections cleaned: 7
G4WT0 > ================== Deleting memory pools ===================
G4WT0 > Pool ID '20G4NavigationLevelRep', size : 0.00865 MB
G4WT0 > Pool ID '24G4ReferenceCountedHandleIvE', size : 0.000961 MB
G4WT0 > Pool ID '7G4Event', size : 0.000961 MB
G4WT0 > Pool ID '15G4PrimaryVertex', size : 0.000961 MB
G4WT0 > Pool ID '17G4PrimaryParticle', size : 0.000961 MB
G4WT0 > Pool ID '17G4DynamicParticle', size : 0.000961 MB
G4WT0 > Pool ID '7G4Track', size : 0.000961 MB
G4WT0 > Pool ID '18G4TouchableHistory', size : 0.000961 MB
G4WT0 > Pool ID '15G4CountedObjectIvE', size : 0.000961 MB
G4WT0 > Number of memory pools allocated: 9; of which, static: 0
G4WT0 > Dynamic pools deleted: 9 / Total memory freed: 0.016 MB
G4WT0 > ============================================================
G4WT0 > G4Allocator objects are deleted.
G4WT0 > Thread-local UImanager is to be deleted.
G4WT0 > There should not be any thread-local G4cout/G4cerr hereafter.
RunManager is deleted.
*** RunManager User time: 232
*** RunManager Real time: 232.019
*** RunManager System time: 0.03
Deleting G4ThreadLocalSingletons for type G4GeometryTolerance ...
Deleting G4ThreadLocalSingletons for type G4ProcessTable ...
Deleting G4ThreadLocalSingletons for type G4PhysicsListHelper ...
Deleting G4ThreadLocalSingletons for type G4LossTableManager ...
Deleting G4ThreadLocalSingletons for type G4GenericAnalysisManager ...
Deleting G4ThreadLocalSingletons for type G4GlobalMagFieldMessenger ...
ThreadPool threads: 1
ThreadPool destroyed
G4 kernel has come to Quit state.
UserDetectorConstruction deleted.
UserPhysicsList deleted.
UserActionInitialization deleted.
UserWorkerInitialization deleted.
UserWorkerThreadInitialization deleted.
UserRunAction deleted.
UserPrimaryGenerator deleted.
RunManager is deleting RunManagerKernel.
G4SDManager deleted.
EventManager deleted.
Units table cleared.
G4PropagatorInField - intersections: 2608781
TransportationManager deleted.
Total navigation history collections cleaned: 3
G4RNGHelper object is deleted.
================== Deleting memory pools ===================
Pool ID '20G4NavigationLevelRep', size : 0.00288 MB
Pool ID '24G4ReferenceCountedHandleIvE', size : 0.000961 MB
Pool ID '16G4SmartVoxelNode', size : 0.0308 MB
Pool ID '17G4SmartVoxelProxy', size : 0.0154 MB
Pool ID '15G4CountedObjectIvE', size : 0.000961 MB
Number of memory pools allocated: 5; of which, static: 0
Dynamic pools deleted: 5 / Total memory freed: 0.051 MB
============================================================
G4Allocator objects are deleted.
UImanager deleted.
StateManager deleted.
RunManagerKernel is deleted. Good bye :)
QSS stats:
dQMin: 0.001
dQRel: 0.01
 Total steps: 2625757
 Total substeps: 15991925
 Substeps average per step: 6.09041
 Substeps by track-step:
  Track #1
    Step 1 => 2 substeps
    Step 2 => 2 substeps
    Step 3 => 4 substeps
    Step 4 => 7 substeps
    Step 5 => 4 substeps
    Step 6 => 5 substeps
    Step 7 => 8 substeps
    Step 8 => 5 substeps
    Step 9 => 5 substeps
    Step 10 => 8 substeps
    Step 11 => 5 substeps
    Step 12 => 5 substeps
    Step 13 => 5 substeps
    Step 14 => 8 substeps
    Step 15 => 5 substeps
    Step 16 => 5 substeps
    Step 17 => 4 substeps
    Step 18 => 8 substeps
    Step 19 => 5 substeps
    Step 20 => 5 substeps
    Step 21 => 5 substeps
    Step 22 => 7 substeps
    Step 23 => 5 substeps
    Step 24 => 5 substeps
    Step 25 => 5 substeps
    Step 26 => 5 substeps
    Step 27 => 5 substeps
    Step 28 => 8 substeps
    Step 29 => 5 substeps
    Step 30 => 5 substeps
    Step 31 => 8 substeps
    Step 32 => 5 substeps
    Step 33 => 5 substeps
    Step 34 => 8 substeps
    Step 35 => 5 substeps
    Step 36 => 5 substeps
    Step 37 => 6 substeps
    Step 38 => 5 substeps
    Step 39 => 5 substeps
    Step 40 => 6 substeps
    Step 41 => 5 substeps
    Step 42 => 5 substeps
    Step 43 => 5 substeps
    Step 44 => 5 substeps
    Step 45 => 5 substeps
    Step 46 => 5 substeps
    Step 47 => 5 substeps
    Step 48 => 5 substeps
    Step 49 => 5 substeps
    Step 50 => 5 substeps
    Step 51 => 5 substeps
    Step 52 => 6 substeps
    Step 53 => 5 substeps
    Step 54 => 5 substeps
    Step 55 => 6 substeps
    Step 56 => 5 substeps
    Step 57 => 5 substeps
    Step 58 => 5 substeps
    Step 59 => 4 substeps
    Step 60 => 6 substeps
    Step 61 => 5 substeps
    Step 62 => 5 substeps
    Step 63 => 8 substeps
    Step 64 => 5 substeps
    Step 65 => 5 substeps
    Step 66 => 6 substeps
    Step 67 => 5 substeps
    Step 68 => 5 substeps
    Step 69 => 5 substeps
    Step 70 => 6 substeps
    Step 71 => 5 substeps
    Step 72 => 5 substeps
    Step 73 => 5 substeps
    Step 74 => 6 substeps
    Step 75 => 5 substeps
    Step 76 => 5 substeps
    Step 77 => 8 substeps
    Step 78 => 5 substeps
    Step 79 => 6 substeps
    Step 80 => 8 substeps
    Step 81 => 6 substeps
    Step 82 => 6 substeps
    Step 83 => 8 substeps
    Step 84 => 6 substeps
    Step 85 => 6 substeps
    Step 86 => 6 substeps
    Step 87 => 6 substeps
    Step 88 => 7 substeps
    Step 89 => 6 substeps
    Step 90 => 6 substeps
    Step 91 => 8 substeps
    Step 92 => 4 substeps
    Step 93 => 4 substeps
    Step 94 => 4 substeps
    Step 95 => 8 substeps
    Step 96 => 4 substeps
    Step 97 => 4 substeps
    Step 98 => 4 substeps
    Step 99 => 8 substeps
    Step 100 => 4 substeps
    Step 101 => 4 substeps
    Step 102 => 8 substeps
    Step 103 => 4 substeps
    Step 104 => 4 substeps
    Step 105 => 8 substeps
    Step 106 => 4 substeps
    Step 107 => 4 substeps
    Step 108 => 8 substeps
    Step 109 => 4 substeps
    Step 110 => 4 substeps
    Step 111 => 8 substeps
    Step 112 => 4 substeps
    Step 113 => 4 substeps
    Step 114 => 4 substeps
    Step 115 => 4 substeps
    Step 116 => 8 substeps
    Step 117 => 4 substeps
    Step 118 => 4 substeps
    Step 119 => 8 substeps
    Step 120 => 5 substeps
    Step 121 => 5 substeps
    Step 122 => 8 substeps
    Step 123 => 5 substeps
    Step 124 => 5 substeps
    Step 125 => 4 substeps
    Step 126 => 8 substeps
    Step 127 => 4 substeps
    Step 128 => 4 substeps
    Step 129 => 4 substeps
    Step 130 => 8 substeps
    Step 131 => 4 substeps
    Step 132 => 4 substeps
    Step 133 => 8 substeps
    Step 134 => 4 substeps
    Step 135 => 4 substeps
    Step 136 => 8 substeps
    Step 137 => 4 substeps
    Step 138 => 4 substeps
    Step 139 => 8 substeps
    Step 140 => 4 substeps
    Step 141 => 4 substeps
    Step 142 => 5 substeps
    Step 143 => 4 substeps
    Step 144 => 8 substeps
    Step 145 => 4 substeps
    Step 146 => 5 substeps
    Step 147 => 8 substeps
    Step 148 => 5 substeps
    Step 149 => 4 substeps
    Step 150 => 8 substeps
    Step 151 => 4 substeps
    Step 152 => 5 substeps
    Step 153 => 5 substeps
    Step 154 => 8 substeps
    Step 155 => 5 substeps
    Step 156 => 5 substeps
    Step 157 => 8 substeps
    Step 158 => 5 substeps
    Step 159 => 5 substeps
    Step 160 => 5 substeps
    Step 161 => 8 substeps
    Step 162 => 5 substeps
    Step 163 => 5 substeps
    Step 164 => 8 substeps
    Step 165 => 5 substeps
    Step 166 => 5 substeps
    Step 167 => 5 substeps
    Step 168 => 5 substeps
    Step 169 => 4 substeps
    Step 170 => 8 substeps
    Step 171 => 4 substeps
    Step 172 => 4 substeps
    Step 173 => 8 substeps
    Step 174 => 4 substeps
    Step 175 => 4 substeps
    Step 176 => 8 substeps
    Step 177 => 5 substeps
    Step 178 => 5 substeps
    Step 179 => 8 substeps
    Step 180 => 5 substeps
    Step 181 => 5 substeps
    Step 182 => 8 substeps
    Step 183 => 5 substeps
    Step 184 => 5 substeps
    Step 185 => 8 substeps
    Step 186 => 5 substeps
    Step 187 => 5 substeps
    Step 188 => 4 substeps
    Step 189 => 8 substeps
    Step 190 => 4 substeps
    Step 191 => 4 substeps
    Step 192 => 8 substeps
    Step 193 => 4 substeps
    Step 194 => 5 substeps
    Step 195 => 4 substeps
    Step 196 => 4 substeps
    Step 197 => 4 substeps
    Step 198 => 8 substeps
    Step 199 => 4 substeps
    Step 200 => 4 substeps
    Step 201 => 8 substeps
    Step 202 => 4 substeps
    Step 203 => 5 substeps
    Step 204 => 5 substeps
    Step 205 => 8 substeps
    Step 206 => 5 substeps
    Step 207 => 5 substeps
    Step 208 => 8 substeps
    Step 209 => 4 substeps
    Step 210 => 5 substeps
    Step 211 => 5 substeps
    Step 212 => 8 substeps
    Step 213 => 5 substeps
    Step 214 => 5 substeps
    Step 215 => 8 substeps
    Step 216 => 5 substeps
    Step 217 => 5 substeps
    Step 218 => 5 substeps
    Step 219 => 8 substeps
    Step 220 => 5 substeps
    Step 221 => 5 substeps
    Step 222 => 5 substeps
    Step 223 => 5 substeps
    Step 224 => 5 substeps
    Step 225 => 8 substeps
    Step 226 => 5 substeps
    Step 227 => 5 substeps
    Step 228 => 8 substeps
    Step 229 => 5 substeps
    Step 230 => 5 substeps
    Step 231 => 8 substeps
    Step 232 => 5 substeps
    Step 233 => 5 substeps
    Step 234 => 8 substeps
    Step 235 => 5 substeps
    Step 236 => 5 substeps
    Step 237 => 8 substeps
    Step 238 => 5 substeps
    Step 239 => 5 substeps
    Step 240 => 8 substeps
    Step 241 => 5 substeps
    Step 242 => 5 substeps
    Step 243 => 5 substeps
    Step 244 => 8 substeps
    Step 245 => 5 substeps
    Step 246 => 5 substeps
    Step 247 => 8 substeps
    Step 248 => 5 substeps
    Step 249 => 5 substeps
    Step 250 => 4 substeps
    Step 251 => 4 substeps
    Step 252 => 4 substeps
    Step 253 => 4 substeps
    Step 254 => 4 substeps
    Step 255 => 4 substeps
    Step 256 => 4 substeps
    Step 257 => 8 substeps
    Step 258 => 5 substeps
    Step 259 => 4 substeps
    Step 260 => 8 substeps
    Step 261 => 4 substeps
    Step 262 => 4 substeps
    Step 263 => 8 substeps
    Step 264 => 4 substeps
    Step 265 => 5 substeps
    Step 266 => 4 substeps
    Step 267 => 4 substeps
    Step 268 => 4 substeps
    Step 269 => 4 substeps
    Step 270 => 3 substeps
    Step 271 => 4 substeps
    Step 272 => 4 substeps
    Step 273 => 3 substeps
    Step 274 => 3 substeps
    Step 275 => 6 substeps
    Step 276 => 6 substeps
    Step 277 => 5 substeps
    Step 278 => 3 substeps
    Step 279 => 3 substeps
    Step 280 => 3 substeps
    Step 281 => 4 substeps
    Step 282 => 4 substeps
    Step 283 => 4 substeps
    Step 284 => 4 substeps
    Step 285 => 7 substeps
    Step 286 => 5 substeps
    Step 287 => 5 substeps
    Step 288 => 3 substeps
    Step 289 => 3 substeps
    Step 290 => 3 substeps
 Integration time: 12.0462
 Integration time average (step): 4.58771e-06
 Integration time average (substep): 7.53269e-07
 Reset time: 6.42931
 Reset time average: 2.44856e-06
 Variable x:
  dQRel changes: 2615751
  dQMin changes: 9999
  Max error: 0.9882
 Variable y:
  dQRel changes: 4073093
  dQMin changes: 73307
  Max error: 3450.16
 Variable z:
  dQRel changes: 4071269
  dQMin changes: 74254
  Max error: 2235.1
 Variable vx:
  dQRel changes: 0
  dQMin changes: 0
  Max error: 0
 Variable vy:
  dQRel changes: 2626402
  dQMin changes: 23861
  Max error: 50.8055
 Variable vz:
  dQRel changes: 2617037
  dQMin changes: 23725
  Max error: 48.0941
